[2024-11-18T16:48:53.832+0000] {local_task_job_runner.py:123} INFO - ::group::Pre task execution logs
[2024-11-18T16:48:53.847+0000] {taskinstance.py:2612} INFO - Dependencies all met for dep_context=non-requeueable deps ti=<TaskInstance: Ciril_group.summarize_data manual__2024-11-18T16:48:31.972387+00:00 [queued]>
[2024-11-18T16:48:53.856+0000] {taskinstance.py:2612} INFO - Dependencies all met for dep_context=requeueable deps ti=<TaskInstance: Ciril_group.summarize_data manual__2024-11-18T16:48:31.972387+00:00 [queued]>
[2024-11-18T16:48:53.856+0000] {taskinstance.py:2865} INFO - Starting attempt 1 of 6
[2024-11-18T16:48:53.869+0000] {taskinstance.py:2888} INFO - Executing <Task(DockerOperator): summarize_data> on 2024-11-18 16:48:31.972387+00:00
[2024-11-18T16:48:53.879+0000] {standard_task_runner.py:104} INFO - Running: ['***', 'tasks', 'run', 'Ciril_group', 'summarize_data', 'manual__2024-11-18T16:48:31.972387+00:00', '--job-id', '10', '--raw', '--subdir', 'DAGS_FOLDER/ciril_group_dag.py', '--cfg-path', '/tmp/tmphfdx__h7']
[2024-11-18T16:48:53.880+0000] {logging_mixin.py:190} WARNING - /home/***/.local/lib/python3.12/site-packages/***/task/task_runner/standard_task_runner.py:70 DeprecationWarning: This process (pid=249) is multi-threaded, use of fork() may lead to deadlocks in the child.
[2024-11-18T16:48:53.881+0000] {standard_task_runner.py:105} INFO - Job 10: Subtask summarize_data
[2024-11-18T16:48:53.881+0000] {standard_task_runner.py:72} INFO - Started process 251 to run task
[2024-11-18T16:48:53.926+0000] {task_command.py:467} INFO - Running <TaskInstance: Ciril_group.summarize_data manual__2024-11-18T16:48:31.972387+00:00 [running]> on host 7171e7af8d4a
[2024-11-18T16:48:53.991+0000] {taskinstance.py:3131} INFO - Exporting env vars: AIRFLOW_CTX_DAG_OWNER='Simo' AIRFLOW_CTX_DAG_ID='Ciril_group' AIRFLOW_CTX_TASK_ID='summarize_data' AIRFLOW_CTX_EXECUTION_DATE='2024-11-18T16:48:31.972387+00:00' AIRFLOW_CTX_TRY_NUMBER='1' AIRFLOW_CTX_DAG_RUN_ID='manual__2024-11-18T16:48:31.972387+00:00'
[2024-11-18T16:48:53.991+0000] {taskinstance.py:731} INFO - ::endgroup::
[2024-11-18T16:48:54.032+0000] {docker.py:367} INFO - Starting docker container from image ***_ciril:latest
[2024-11-18T16:49:01.277+0000] {docker.py:438} INFO - 
[2024-11-18T16:49:01.856+0000] {docker.py:438} INFO - /opt/***/summary-output/summary_output.py:17: RemovedIn20Warning: [31mDeprecated API features detected! These feature(s) are not compatible with SQLAlchemy 2.0. [32mTo prevent incompatible upgrades prior to updating applications, ensure requirements files are pinned to "sqlalchemy<2.0". [36mSet environment variable SQLALCHEMY_WARN_20=1 to show all deprecation warnings.  Set environment variable SQLALCHEMY_SILENCE_UBER_WARNING=1 to silence this message.[0m (Background on SQLAlchemy 2.0 at: https://sqlalche.me/e/b8d9)
[2024-11-18T16:49:01.857+0000] {docker.py:438} INFO -   metadata = sqlalchemy.schema.MetaData(engine)
[2024-11-18T16:49:01.857+0000] {docker.py:438} INFO - Connexion à la base de données réussie
[2024-11-18T16:49:01.872+0000] {docker.py:438} INFO - Fichier de résumé créé !
[2024-11-18T16:49:02.565+0000] {taskinstance.py:340} INFO - ::group::Post task execution logs
[2024-11-18T16:49:02.566+0000] {taskinstance.py:352} INFO - Marking task as SUCCESS. dag_id=Ciril_group, task_id=summarize_data, run_id=manual__2024-11-18T16:48:31.972387+00:00, execution_date=20241118T164831, start_date=20241118T164853, end_date=20241118T164902
[2024-11-18T16:49:02.597+0000] {local_task_job_runner.py:266} INFO - Task exited with return code 0
[2024-11-18T16:49:02.611+0000] {taskinstance.py:3900} INFO - 0 downstream tasks scheduled from follow-on schedule check
[2024-11-18T16:49:02.613+0000] {local_task_job_runner.py:245} INFO - ::endgroup::
