[2024-11-18T14:23:18.946+0000] {local_task_job_runner.py:123} INFO - ::group::Pre task execution logs
[2024-11-18T14:23:18.969+0000] {taskinstance.py:2612} INFO - Dependencies all met for dep_context=non-requeueable deps ti=<TaskInstance: Ciril_group.create-db manual__2024-11-18T14:23:18.154239+00:00 [queued]>
[2024-11-18T14:23:18.980+0000] {taskinstance.py:2612} INFO - Dependencies all met for dep_context=requeueable deps ti=<TaskInstance: Ciril_group.create-db manual__2024-11-18T14:23:18.154239+00:00 [queued]>
[2024-11-18T14:23:18.982+0000] {taskinstance.py:2865} INFO - Starting attempt 1 of 6
[2024-11-18T14:23:19.000+0000] {taskinstance.py:2888} INFO - Executing <Task(BashOperator): create-db> on 2024-11-18 14:23:18.154239+00:00
[2024-11-18T14:23:19.012+0000] {standard_task_runner.py:104} INFO - Running: ['***', 'tasks', 'run', 'Ciril_group', 'create-db', 'manual__2024-11-18T14:23:18.154239+00:00', '--job-id', '6', '--raw', '--subdir', 'DAGS_FOLDER/ciril_group_dag.py', '--cfg-path', '/tmp/tmpvwtja39o']
[2024-11-18T14:23:19.017+0000] {standard_task_runner.py:105} INFO - Job 6: Subtask create-db
[2024-11-18T14:23:19.017+0000] {logging_mixin.py:190} WARNING - /home/***/.local/lib/python3.12/site-packages/***/task/task_runner/standard_task_runner.py:70 DeprecationWarning: This process (pid=199) is multi-threaded, use of fork() may lead to deadlocks in the child.
[2024-11-18T14:23:19.018+0000] {standard_task_runner.py:72} INFO - Started process 204 to run task
[2024-11-18T14:23:19.070+0000] {task_command.py:467} INFO - Running <TaskInstance: Ciril_group.create-db manual__2024-11-18T14:23:18.154239+00:00 [running]> on host d991cb8438f3
[2024-11-18T14:23:19.163+0000] {taskinstance.py:3131} INFO - Exporting env vars: AIRFLOW_CTX_DAG_OWNER='Simo' AIRFLOW_CTX_DAG_ID='Ciril_group' AIRFLOW_CTX_TASK_ID='create-db' AIRFLOW_CTX_EXECUTION_DATE='2024-11-18T14:23:18.154239+00:00' AIRFLOW_CTX_TRY_NUMBER='1' AIRFLOW_CTX_DAG_RUN_ID='manual__2024-11-18T14:23:18.154239+00:00'
[2024-11-18T14:23:19.165+0000] {taskinstance.py:731} INFO - ::endgroup::
[2024-11-18T14:23:19.218+0000] {subprocess.py:63} INFO - Tmp dir root location: /tmp
[2024-11-18T14:23:19.219+0000] {subprocess.py:75} INFO - Running command: ['/usr/bin/bash', '-c', '/opt/***/create-ciril-db.sh']
[2024-11-18T14:23:19.233+0000] {subprocess.py:86} INFO - Output:
[2024-11-18T14:23:19.237+0000] {subprocess.py:93} INFO - /opt/***/create-ciril-db.sh: line 23: docker-compose: command not found
[2024-11-18T14:23:19.237+0000] {subprocess.py:93} INFO - Error executing SQL script.
[2024-11-18T14:23:19.238+0000] {subprocess.py:97} INFO - Command exited with return code 0
[2024-11-18T14:23:19.264+0000] {taskinstance.py:340} INFO - ::group::Post task execution logs
[2024-11-18T14:23:19.265+0000] {taskinstance.py:352} INFO - Marking task as SUCCESS. dag_id=Ciril_group, task_id=create-db, run_id=manual__2024-11-18T14:23:18.154239+00:00, execution_date=20241118T142318, start_date=20241118T142318, end_date=20241118T142319
[2024-11-18T14:23:19.314+0000] {local_task_job_runner.py:266} INFO - Task exited with return code 0
[2024-11-18T14:23:19.327+0000] {local_task_job_runner.py:245} INFO - ::endgroup::
