[2024-11-18T15:15:31.750+0000] {local_task_job_runner.py:123} INFO - ::group::Pre task execution logs
[2024-11-18T15:15:31.771+0000] {taskinstance.py:2612} INFO - Dependencies all met for dep_context=non-requeueable deps ti=<TaskInstance: Ciril_group.create-db manual__2024-11-18T15:15:31.226106+00:00 [queued]>
[2024-11-18T15:15:31.784+0000] {taskinstance.py:2612} INFO - Dependencies all met for dep_context=requeueable deps ti=<TaskInstance: Ciril_group.create-db manual__2024-11-18T15:15:31.226106+00:00 [queued]>
[2024-11-18T15:15:31.784+0000] {taskinstance.py:2865} INFO - Starting attempt 1 of 6
[2024-11-18T15:15:31.801+0000] {taskinstance.py:2888} INFO - Executing <Task(BashOperator): create-db> on 2024-11-18 15:15:31.226106+00:00
[2024-11-18T15:15:31.811+0000] {standard_task_runner.py:104} INFO - Running: ['***', 'tasks', 'run', 'Ciril_group', 'create-db', 'manual__2024-11-18T15:15:31.226106+00:00', '--job-id', '5', '--raw', '--subdir', 'DAGS_FOLDER/ciril_group_dag.py', '--cfg-path', '/tmp/tmpv4370ab9']
[2024-11-18T15:15:31.815+0000] {standard_task_runner.py:105} INFO - Job 5: Subtask create-db
[2024-11-18T15:15:31.817+0000] {logging_mixin.py:190} WARNING - /home/***/.local/lib/python3.12/site-packages/***/task/task_runner/standard_task_runner.py:70 DeprecationWarning: This process (pid=198) is multi-threaded, use of fork() may lead to deadlocks in the child.
[2024-11-18T15:15:31.818+0000] {standard_task_runner.py:72} INFO - Started process 202 to run task
[2024-11-18T15:15:31.871+0000] {task_command.py:467} INFO - Running <TaskInstance: Ciril_group.create-db manual__2024-11-18T15:15:31.226106+00:00 [running]> on host 22eaae904c7a
[2024-11-18T15:15:31.968+0000] {taskinstance.py:3131} INFO - Exporting env vars: AIRFLOW_CTX_DAG_OWNER='Simo' AIRFLOW_CTX_DAG_ID='Ciril_group' AIRFLOW_CTX_TASK_ID='create-db' AIRFLOW_CTX_EXECUTION_DATE='2024-11-18T15:15:31.226106+00:00' AIRFLOW_CTX_TRY_NUMBER='1' AIRFLOW_CTX_DAG_RUN_ID='manual__2024-11-18T15:15:31.226106+00:00'
[2024-11-18T15:15:31.970+0000] {taskinstance.py:731} INFO - ::endgroup::
[2024-11-18T15:15:32.033+0000] {subprocess.py:63} INFO - Tmp dir root location: /tmp
[2024-11-18T15:15:32.036+0000] {subprocess.py:75} INFO - Running command: ['/usr/bin/bash', '-c', '/opt/***/create-ciril-db.sh']
[2024-11-18T15:15:32.052+0000] {subprocess.py:86} INFO - Output:
[2024-11-18T15:15:32.085+0000] {subprocess.py:93} INFO - sudo: a terminal is required to read the password; either use the -S option to read from standard input or configure an askpass helper
[2024-11-18T15:15:32.088+0000] {subprocess.py:93} INFO - sudo: a password is required
[2024-11-18T15:15:32.114+0000] {subprocess.py:93} INFO - sudo: a terminal is required to read the password; either use the -S option to read from standard input or configure an askpass helper
[2024-11-18T15:15:32.118+0000] {subprocess.py:93} INFO - sudo: a password is required
[2024-11-18T15:15:32.120+0000] {subprocess.py:93} INFO - Error executing SQL script.
[2024-11-18T15:15:32.122+0000] {subprocess.py:97} INFO - Command exited with return code 0
[2024-11-18T15:15:32.156+0000] {taskinstance.py:340} INFO - ::group::Post task execution logs
[2024-11-18T15:15:32.158+0000] {taskinstance.py:352} INFO - Marking task as SUCCESS. dag_id=Ciril_group, task_id=create-db, run_id=manual__2024-11-18T15:15:31.226106+00:00, execution_date=20241118T151531, start_date=20241118T151531, end_date=20241118T151532
[2024-11-18T15:15:32.195+0000] {local_task_job_runner.py:266} INFO - Task exited with return code 0
[2024-11-18T15:15:32.215+0000] {taskinstance.py:3900} INFO - 0 downstream tasks scheduled from follow-on schedule check
[2024-11-18T15:15:32.219+0000] {local_task_job_runner.py:245} INFO - ::endgroup::
