[2024-11-16T13:52:38.678+0000] {processor.py:186} INFO - Started process (PID=171) to work on /home/airflow/.local/lib/python3.12/site-packages/airflow/example_dags/example_complex.py
[2024-11-16T13:52:38.679+0000] {processor.py:914} INFO - Processing file /home/airflow/.local/lib/python3.12/site-packages/airflow/example_dags/example_complex.py for tasks to queue
[2024-11-16T13:52:38.681+0000] {logging_mixin.py:190} INFO - [2024-11-16T13:52:38.681+0000] {dagbag.py:588} INFO - Filling up the DagBag from /home/airflow/.local/lib/python3.12/site-packages/airflow/example_dags/example_complex.py
[2024-11-16T13:52:38.703+0000] {processor.py:925} INFO - DAG(s) 'example_complex' retrieved from /home/airflow/.local/lib/python3.12/site-packages/airflow/example_dags/example_complex.py
[2024-11-16T13:52:38.926+0000] {logging_mixin.py:190} INFO - [2024-11-16T13:52:38.925+0000] {override.py:1900} INFO - Created Permission View: can read on DAG:example_complex
[2024-11-16T13:52:38.936+0000] {logging_mixin.py:190} INFO - [2024-11-16T13:52:38.935+0000] {override.py:1900} INFO - Created Permission View: can delete on DAG:example_complex
[2024-11-16T13:52:38.942+0000] {logging_mixin.py:190} INFO - [2024-11-16T13:52:38.941+0000] {override.py:1900} INFO - Created Permission View: can edit on DAG:example_complex
[2024-11-16T13:52:38.948+0000] {logging_mixin.py:190} INFO - [2024-11-16T13:52:38.948+0000] {override.py:1900} INFO - Created Permission View: menu access on DAG Run:example_complex
[2024-11-16T13:52:38.954+0000] {logging_mixin.py:190} INFO - [2024-11-16T13:52:38.954+0000] {override.py:1900} INFO - Created Permission View: can read on DAG Run:example_complex
[2024-11-16T13:52:38.960+0000] {logging_mixin.py:190} INFO - [2024-11-16T13:52:38.960+0000] {override.py:1900} INFO - Created Permission View: can create on DAG Run:example_complex
[2024-11-16T13:52:38.967+0000] {logging_mixin.py:190} INFO - [2024-11-16T13:52:38.967+0000] {override.py:1900} INFO - Created Permission View: can delete on DAG Run:example_complex
[2024-11-16T13:52:38.969+0000] {logging_mixin.py:190} INFO - [2024-11-16T13:52:38.968+0000] {dag.py:3239} INFO - Sync 1 DAGs
[2024-11-16T13:52:38.983+0000] {logging_mixin.py:190} INFO - [2024-11-16T13:52:38.983+0000] {dag.py:3262} INFO - Creating ORM DAG for example_complex
[2024-11-16T13:52:38.984+0000] {logging_mixin.py:190} INFO - [2024-11-16T13:52:38.984+0000] {dag.py:4180} INFO - Setting next_dagrun for example_complex to None, run_after=None
[2024-11-16T13:52:39.011+0000] {processor.py:208} INFO - Processing /home/airflow/.local/lib/python3.12/site-packages/airflow/example_dags/example_complex.py took 0.338 seconds
[2024-11-16T13:53:09.245+0000] {processor.py:186} INFO - Started process (PID=457) to work on /home/airflow/.local/lib/python3.12/site-packages/airflow/example_dags/example_complex.py
[2024-11-16T13:53:09.246+0000] {processor.py:914} INFO - Processing file /home/airflow/.local/lib/python3.12/site-packages/airflow/example_dags/example_complex.py for tasks to queue
[2024-11-16T13:53:09.247+0000] {logging_mixin.py:190} INFO - [2024-11-16T13:53:09.247+0000] {dagbag.py:588} INFO - Filling up the DagBag from /home/airflow/.local/lib/python3.12/site-packages/airflow/example_dags/example_complex.py
[2024-11-16T13:53:09.257+0000] {processor.py:925} INFO - DAG(s) 'example_complex' retrieved from /home/airflow/.local/lib/python3.12/site-packages/airflow/example_dags/example_complex.py
[2024-11-16T13:53:09.283+0000] {logging_mixin.py:190} INFO - [2024-11-16T13:53:09.283+0000] {dag.py:3239} INFO - Sync 1 DAGs
[2024-11-16T13:53:09.296+0000] {logging_mixin.py:190} INFO - [2024-11-16T13:53:09.295+0000] {dag.py:4180} INFO - Setting next_dagrun for example_complex to None, run_after=None
[2024-11-16T13:53:09.311+0000] {processor.py:208} INFO - Processing /home/airflow/.local/lib/python3.12/site-packages/airflow/example_dags/example_complex.py took 0.072 seconds
[2024-11-16T13:53:39.471+0000] {processor.py:186} INFO - Started process (PID=743) to work on /home/airflow/.local/lib/python3.12/site-packages/airflow/example_dags/example_complex.py
[2024-11-16T13:53:39.472+0000] {processor.py:914} INFO - Processing file /home/airflow/.local/lib/python3.12/site-packages/airflow/example_dags/example_complex.py for tasks to queue
[2024-11-16T13:53:39.474+0000] {logging_mixin.py:190} INFO - [2024-11-16T13:53:39.473+0000] {dagbag.py:588} INFO - Filling up the DagBag from /home/airflow/.local/lib/python3.12/site-packages/airflow/example_dags/example_complex.py
[2024-11-16T13:53:39.483+0000] {processor.py:925} INFO - DAG(s) 'example_complex' retrieved from /home/airflow/.local/lib/python3.12/site-packages/airflow/example_dags/example_complex.py
[2024-11-16T13:53:39.507+0000] {logging_mixin.py:190} INFO - [2024-11-16T13:53:39.506+0000] {dag.py:3239} INFO - Sync 1 DAGs
[2024-11-16T13:53:39.519+0000] {logging_mixin.py:190} INFO - [2024-11-16T13:53:39.519+0000] {dag.py:4180} INFO - Setting next_dagrun for example_complex to None, run_after=None
[2024-11-16T13:53:39.539+0000] {processor.py:208} INFO - Processing /home/airflow/.local/lib/python3.12/site-packages/airflow/example_dags/example_complex.py took 0.072 seconds
[2024-11-16T13:54:09.583+0000] {processor.py:186} INFO - Started process (PID=1029) to work on /home/airflow/.local/lib/python3.12/site-packages/airflow/example_dags/example_complex.py
[2024-11-16T13:54:09.584+0000] {processor.py:914} INFO - Processing file /home/airflow/.local/lib/python3.12/site-packages/airflow/example_dags/example_complex.py for tasks to queue
[2024-11-16T13:54:09.586+0000] {logging_mixin.py:190} INFO - [2024-11-16T13:54:09.586+0000] {dagbag.py:588} INFO - Filling up the DagBag from /home/airflow/.local/lib/python3.12/site-packages/airflow/example_dags/example_complex.py
[2024-11-16T13:54:09.595+0000] {processor.py:925} INFO - DAG(s) 'example_complex' retrieved from /home/airflow/.local/lib/python3.12/site-packages/airflow/example_dags/example_complex.py
[2024-11-16T13:54:09.621+0000] {logging_mixin.py:190} INFO - [2024-11-16T13:54:09.620+0000] {dag.py:3239} INFO - Sync 1 DAGs
[2024-11-16T13:54:09.633+0000] {logging_mixin.py:190} INFO - [2024-11-16T13:54:09.633+0000] {dag.py:4180} INFO - Setting next_dagrun for example_complex to None, run_after=None
[2024-11-16T13:54:09.649+0000] {processor.py:208} INFO - Processing /home/airflow/.local/lib/python3.12/site-packages/airflow/example_dags/example_complex.py took 0.070 seconds
[2024-11-16T13:54:40.519+0000] {processor.py:186} INFO - Started process (PID=1315) to work on /home/airflow/.local/lib/python3.12/site-packages/airflow/example_dags/example_complex.py
[2024-11-16T13:54:40.520+0000] {processor.py:914} INFO - Processing file /home/airflow/.local/lib/python3.12/site-packages/airflow/example_dags/example_complex.py for tasks to queue
[2024-11-16T13:54:40.521+0000] {logging_mixin.py:190} INFO - [2024-11-16T13:54:40.521+0000] {dagbag.py:588} INFO - Filling up the DagBag from /home/airflow/.local/lib/python3.12/site-packages/airflow/example_dags/example_complex.py
[2024-11-16T13:54:40.531+0000] {processor.py:925} INFO - DAG(s) 'example_complex' retrieved from /home/airflow/.local/lib/python3.12/site-packages/airflow/example_dags/example_complex.py
[2024-11-16T13:54:40.556+0000] {logging_mixin.py:190} INFO - [2024-11-16T13:54:40.556+0000] {dag.py:3239} INFO - Sync 1 DAGs
[2024-11-16T13:54:40.568+0000] {logging_mixin.py:190} INFO - [2024-11-16T13:54:40.568+0000] {dag.py:4180} INFO - Setting next_dagrun for example_complex to None, run_after=None
[2024-11-16T13:54:40.582+0000] {processor.py:208} INFO - Processing /home/airflow/.local/lib/python3.12/site-packages/airflow/example_dags/example_complex.py took 0.068 seconds
[2024-11-16T13:55:10.770+0000] {processor.py:186} INFO - Started process (PID=1601) to work on /home/airflow/.local/lib/python3.12/site-packages/airflow/example_dags/example_complex.py
[2024-11-16T13:55:10.771+0000] {processor.py:914} INFO - Processing file /home/airflow/.local/lib/python3.12/site-packages/airflow/example_dags/example_complex.py for tasks to queue
[2024-11-16T13:55:10.773+0000] {logging_mixin.py:190} INFO - [2024-11-16T13:55:10.773+0000] {dagbag.py:588} INFO - Filling up the DagBag from /home/airflow/.local/lib/python3.12/site-packages/airflow/example_dags/example_complex.py
[2024-11-16T13:55:10.784+0000] {processor.py:925} INFO - DAG(s) 'example_complex' retrieved from /home/airflow/.local/lib/python3.12/site-packages/airflow/example_dags/example_complex.py
[2024-11-16T13:55:10.814+0000] {logging_mixin.py:190} INFO - [2024-11-16T13:55:10.814+0000] {dag.py:3239} INFO - Sync 1 DAGs
[2024-11-16T13:55:10.828+0000] {logging_mixin.py:190} INFO - [2024-11-16T13:55:10.828+0000] {dag.py:4180} INFO - Setting next_dagrun for example_complex to None, run_after=None
[2024-11-16T13:55:10.843+0000] {processor.py:208} INFO - Processing /home/airflow/.local/lib/python3.12/site-packages/airflow/example_dags/example_complex.py took 0.077 seconds
[2024-11-16T13:55:41.711+0000] {processor.py:186} INFO - Started process (PID=1887) to work on /home/airflow/.local/lib/python3.12/site-packages/airflow/example_dags/example_complex.py
[2024-11-16T13:55:41.712+0000] {processor.py:914} INFO - Processing file /home/airflow/.local/lib/python3.12/site-packages/airflow/example_dags/example_complex.py for tasks to queue
[2024-11-16T13:55:41.715+0000] {logging_mixin.py:190} INFO - [2024-11-16T13:55:41.714+0000] {dagbag.py:588} INFO - Filling up the DagBag from /home/airflow/.local/lib/python3.12/site-packages/airflow/example_dags/example_complex.py
[2024-11-16T13:55:41.724+0000] {processor.py:925} INFO - DAG(s) 'example_complex' retrieved from /home/airflow/.local/lib/python3.12/site-packages/airflow/example_dags/example_complex.py
[2024-11-16T13:55:41.751+0000] {logging_mixin.py:190} INFO - [2024-11-16T13:55:41.751+0000] {dag.py:3239} INFO - Sync 1 DAGs
[2024-11-16T13:55:41.765+0000] {logging_mixin.py:190} INFO - [2024-11-16T13:55:41.765+0000] {dag.py:4180} INFO - Setting next_dagrun for example_complex to None, run_after=None
[2024-11-16T13:55:41.784+0000] {processor.py:208} INFO - Processing /home/airflow/.local/lib/python3.12/site-packages/airflow/example_dags/example_complex.py took 0.078 seconds
[2024-11-16T13:56:12.668+0000] {processor.py:186} INFO - Started process (PID=2173) to work on /home/airflow/.local/lib/python3.12/site-packages/airflow/example_dags/example_complex.py
[2024-11-16T13:56:12.669+0000] {processor.py:914} INFO - Processing file /home/airflow/.local/lib/python3.12/site-packages/airflow/example_dags/example_complex.py for tasks to queue
[2024-11-16T13:56:12.672+0000] {logging_mixin.py:190} INFO - [2024-11-16T13:56:12.671+0000] {dagbag.py:588} INFO - Filling up the DagBag from /home/airflow/.local/lib/python3.12/site-packages/airflow/example_dags/example_complex.py
[2024-11-16T13:56:12.685+0000] {processor.py:925} INFO - DAG(s) 'example_complex' retrieved from /home/airflow/.local/lib/python3.12/site-packages/airflow/example_dags/example_complex.py
[2024-11-16T13:56:12.719+0000] {logging_mixin.py:190} INFO - [2024-11-16T13:56:12.719+0000] {dag.py:3239} INFO - Sync 1 DAGs
[2024-11-16T13:56:12.734+0000] {logging_mixin.py:190} INFO - [2024-11-16T13:56:12.734+0000] {dag.py:4180} INFO - Setting next_dagrun for example_complex to None, run_after=None
[2024-11-16T13:56:12.756+0000] {processor.py:208} INFO - Processing /home/airflow/.local/lib/python3.12/site-packages/airflow/example_dags/example_complex.py took 0.095 seconds
[2024-11-16T13:56:42.988+0000] {processor.py:186} INFO - Started process (PID=2459) to work on /home/airflow/.local/lib/python3.12/site-packages/airflow/example_dags/example_complex.py
[2024-11-16T13:56:42.989+0000] {processor.py:914} INFO - Processing file /home/airflow/.local/lib/python3.12/site-packages/airflow/example_dags/example_complex.py for tasks to queue
[2024-11-16T13:56:42.991+0000] {logging_mixin.py:190} INFO - [2024-11-16T13:56:42.991+0000] {dagbag.py:588} INFO - Filling up the DagBag from /home/airflow/.local/lib/python3.12/site-packages/airflow/example_dags/example_complex.py
[2024-11-16T13:56:43.001+0000] {processor.py:925} INFO - DAG(s) 'example_complex' retrieved from /home/airflow/.local/lib/python3.12/site-packages/airflow/example_dags/example_complex.py
[2024-11-16T13:56:43.028+0000] {logging_mixin.py:190} INFO - [2024-11-16T13:56:43.028+0000] {dag.py:3239} INFO - Sync 1 DAGs
[2024-11-16T13:56:43.040+0000] {logging_mixin.py:190} INFO - [2024-11-16T13:56:43.040+0000] {dag.py:4180} INFO - Setting next_dagrun for example_complex to None, run_after=None
[2024-11-16T13:56:43.055+0000] {processor.py:208} INFO - Processing /home/airflow/.local/lib/python3.12/site-packages/airflow/example_dags/example_complex.py took 0.071 seconds
[2024-11-16T13:57:14.062+0000] {processor.py:186} INFO - Started process (PID=2751) to work on /home/airflow/.local/lib/python3.12/site-packages/airflow/example_dags/example_complex.py
[2024-11-16T13:57:14.063+0000] {processor.py:914} INFO - Processing file /home/airflow/.local/lib/python3.12/site-packages/airflow/example_dags/example_complex.py for tasks to queue
[2024-11-16T13:57:14.065+0000] {logging_mixin.py:190} INFO - [2024-11-16T13:57:14.064+0000] {dagbag.py:588} INFO - Filling up the DagBag from /home/airflow/.local/lib/python3.12/site-packages/airflow/example_dags/example_complex.py
[2024-11-16T13:57:14.075+0000] {processor.py:925} INFO - DAG(s) 'example_complex' retrieved from /home/airflow/.local/lib/python3.12/site-packages/airflow/example_dags/example_complex.py
[2024-11-16T13:57:14.102+0000] {logging_mixin.py:190} INFO - [2024-11-16T13:57:14.102+0000] {dag.py:3239} INFO - Sync 1 DAGs
[2024-11-16T13:57:14.116+0000] {logging_mixin.py:190} INFO - [2024-11-16T13:57:14.116+0000] {dag.py:4180} INFO - Setting next_dagrun for example_complex to None, run_after=None
[2024-11-16T13:57:14.133+0000] {processor.py:208} INFO - Processing /home/airflow/.local/lib/python3.12/site-packages/airflow/example_dags/example_complex.py took 0.075 seconds
[2024-11-16T13:57:45.060+0000] {processor.py:186} INFO - Started process (PID=3042) to work on /home/airflow/.local/lib/python3.12/site-packages/airflow/example_dags/example_complex.py
[2024-11-16T13:57:45.061+0000] {processor.py:914} INFO - Processing file /home/airflow/.local/lib/python3.12/site-packages/airflow/example_dags/example_complex.py for tasks to queue
[2024-11-16T13:57:45.063+0000] {logging_mixin.py:190} INFO - [2024-11-16T13:57:45.062+0000] {dagbag.py:588} INFO - Filling up the DagBag from /home/airflow/.local/lib/python3.12/site-packages/airflow/example_dags/example_complex.py
[2024-11-16T13:57:45.073+0000] {processor.py:925} INFO - DAG(s) 'example_complex' retrieved from /home/airflow/.local/lib/python3.12/site-packages/airflow/example_dags/example_complex.py
[2024-11-16T13:57:45.101+0000] {logging_mixin.py:190} INFO - [2024-11-16T13:57:45.100+0000] {dag.py:3239} INFO - Sync 1 DAGs
[2024-11-16T13:57:45.113+0000] {logging_mixin.py:190} INFO - [2024-11-16T13:57:45.112+0000] {dag.py:4180} INFO - Setting next_dagrun for example_complex to None, run_after=None
[2024-11-16T13:57:45.129+0000] {processor.py:208} INFO - Processing /home/airflow/.local/lib/python3.12/site-packages/airflow/example_dags/example_complex.py took 0.074 seconds
[2024-11-16T13:58:16.049+0000] {processor.py:186} INFO - Started process (PID=3333) to work on /home/airflow/.local/lib/python3.12/site-packages/airflow/example_dags/example_complex.py
[2024-11-16T13:58:16.049+0000] {processor.py:914} INFO - Processing file /home/airflow/.local/lib/python3.12/site-packages/airflow/example_dags/example_complex.py for tasks to queue
[2024-11-16T13:58:16.051+0000] {logging_mixin.py:190} INFO - [2024-11-16T13:58:16.051+0000] {dagbag.py:588} INFO - Filling up the DagBag from /home/airflow/.local/lib/python3.12/site-packages/airflow/example_dags/example_complex.py
[2024-11-16T13:58:16.060+0000] {processor.py:925} INFO - DAG(s) 'example_complex' retrieved from /home/airflow/.local/lib/python3.12/site-packages/airflow/example_dags/example_complex.py
[2024-11-16T13:58:16.086+0000] {logging_mixin.py:190} INFO - [2024-11-16T13:58:16.085+0000] {dag.py:3239} INFO - Sync 1 DAGs
[2024-11-16T13:58:16.097+0000] {logging_mixin.py:190} INFO - [2024-11-16T13:58:16.097+0000] {dag.py:4180} INFO - Setting next_dagrun for example_complex to None, run_after=None
[2024-11-16T13:58:16.112+0000] {processor.py:208} INFO - Processing /home/airflow/.local/lib/python3.12/site-packages/airflow/example_dags/example_complex.py took 0.067 seconds
[2024-11-16T13:58:46.946+0000] {processor.py:186} INFO - Started process (PID=3624) to work on /home/airflow/.local/lib/python3.12/site-packages/airflow/example_dags/example_complex.py
[2024-11-16T13:58:46.947+0000] {processor.py:914} INFO - Processing file /home/airflow/.local/lib/python3.12/site-packages/airflow/example_dags/example_complex.py for tasks to queue
[2024-11-16T13:58:46.949+0000] {logging_mixin.py:190} INFO - [2024-11-16T13:58:46.948+0000] {dagbag.py:588} INFO - Filling up the DagBag from /home/airflow/.local/lib/python3.12/site-packages/airflow/example_dags/example_complex.py
[2024-11-16T13:58:46.958+0000] {processor.py:925} INFO - DAG(s) 'example_complex' retrieved from /home/airflow/.local/lib/python3.12/site-packages/airflow/example_dags/example_complex.py
[2024-11-16T13:58:46.985+0000] {logging_mixin.py:190} INFO - [2024-11-16T13:58:46.985+0000] {dag.py:3239} INFO - Sync 1 DAGs
[2024-11-16T13:58:46.997+0000] {logging_mixin.py:190} INFO - [2024-11-16T13:58:46.997+0000] {dag.py:4180} INFO - Setting next_dagrun for example_complex to None, run_after=None
[2024-11-16T13:58:47.012+0000] {processor.py:208} INFO - Processing /home/airflow/.local/lib/python3.12/site-packages/airflow/example_dags/example_complex.py took 0.071 seconds
[2024-11-16T13:59:17.133+0000] {processor.py:186} INFO - Started process (PID=3915) to work on /home/airflow/.local/lib/python3.12/site-packages/airflow/example_dags/example_complex.py
[2024-11-16T13:59:17.135+0000] {processor.py:914} INFO - Processing file /home/airflow/.local/lib/python3.12/site-packages/airflow/example_dags/example_complex.py for tasks to queue
[2024-11-16T13:59:17.136+0000] {logging_mixin.py:190} INFO - [2024-11-16T13:59:17.136+0000] {dagbag.py:588} INFO - Filling up the DagBag from /home/airflow/.local/lib/python3.12/site-packages/airflow/example_dags/example_complex.py
[2024-11-16T13:59:17.146+0000] {processor.py:925} INFO - DAG(s) 'example_complex' retrieved from /home/airflow/.local/lib/python3.12/site-packages/airflow/example_dags/example_complex.py
[2024-11-16T13:59:17.173+0000] {logging_mixin.py:190} INFO - [2024-11-16T13:59:17.173+0000] {dag.py:3239} INFO - Sync 1 DAGs
[2024-11-16T13:59:17.186+0000] {logging_mixin.py:190} INFO - [2024-11-16T13:59:17.186+0000] {dag.py:4180} INFO - Setting next_dagrun for example_complex to None, run_after=None
[2024-11-16T13:59:17.202+0000] {processor.py:208} INFO - Processing /home/airflow/.local/lib/python3.12/site-packages/airflow/example_dags/example_complex.py took 0.074 seconds
[2024-11-16T13:59:47.425+0000] {processor.py:186} INFO - Started process (PID=4206) to work on /home/airflow/.local/lib/python3.12/site-packages/airflow/example_dags/example_complex.py
[2024-11-16T13:59:47.426+0000] {processor.py:914} INFO - Processing file /home/airflow/.local/lib/python3.12/site-packages/airflow/example_dags/example_complex.py for tasks to queue
[2024-11-16T13:59:47.428+0000] {logging_mixin.py:190} INFO - [2024-11-16T13:59:47.428+0000] {dagbag.py:588} INFO - Filling up the DagBag from /home/airflow/.local/lib/python3.12/site-packages/airflow/example_dags/example_complex.py
[2024-11-16T13:59:47.437+0000] {processor.py:925} INFO - DAG(s) 'example_complex' retrieved from /home/airflow/.local/lib/python3.12/site-packages/airflow/example_dags/example_complex.py
[2024-11-16T13:59:47.463+0000] {logging_mixin.py:190} INFO - [2024-11-16T13:59:47.463+0000] {dag.py:3239} INFO - Sync 1 DAGs
[2024-11-16T13:59:47.475+0000] {logging_mixin.py:190} INFO - [2024-11-16T13:59:47.475+0000] {dag.py:4180} INFO - Setting next_dagrun for example_complex to None, run_after=None
[2024-11-16T13:59:47.490+0000] {processor.py:208} INFO - Processing /home/airflow/.local/lib/python3.12/site-packages/airflow/example_dags/example_complex.py took 0.069 seconds
[2024-11-16T14:00:17.682+0000] {processor.py:186} INFO - Started process (PID=4497) to work on /home/airflow/.local/lib/python3.12/site-packages/airflow/example_dags/example_complex.py
[2024-11-16T14:00:17.683+0000] {processor.py:914} INFO - Processing file /home/airflow/.local/lib/python3.12/site-packages/airflow/example_dags/example_complex.py for tasks to queue
[2024-11-16T14:00:17.685+0000] {logging_mixin.py:190} INFO - [2024-11-16T14:00:17.685+0000] {dagbag.py:588} INFO - Filling up the DagBag from /home/airflow/.local/lib/python3.12/site-packages/airflow/example_dags/example_complex.py
[2024-11-16T14:00:17.694+0000] {processor.py:925} INFO - DAG(s) 'example_complex' retrieved from /home/airflow/.local/lib/python3.12/site-packages/airflow/example_dags/example_complex.py
[2024-11-16T14:00:17.719+0000] {logging_mixin.py:190} INFO - [2024-11-16T14:00:17.718+0000] {dag.py:3239} INFO - Sync 1 DAGs
[2024-11-16T14:00:17.731+0000] {logging_mixin.py:190} INFO - [2024-11-16T14:00:17.731+0000] {dag.py:4180} INFO - Setting next_dagrun for example_complex to None, run_after=None
[2024-11-16T14:00:17.747+0000] {processor.py:208} INFO - Processing /home/airflow/.local/lib/python3.12/site-packages/airflow/example_dags/example_complex.py took 0.069 seconds
[2024-11-16T14:00:47.799+0000] {processor.py:186} INFO - Started process (PID=4788) to work on /home/airflow/.local/lib/python3.12/site-packages/airflow/example_dags/example_complex.py
[2024-11-16T14:00:47.800+0000] {processor.py:914} INFO - Processing file /home/airflow/.local/lib/python3.12/site-packages/airflow/example_dags/example_complex.py for tasks to queue
[2024-11-16T14:00:47.801+0000] {logging_mixin.py:190} INFO - [2024-11-16T14:00:47.801+0000] {dagbag.py:588} INFO - Filling up the DagBag from /home/airflow/.local/lib/python3.12/site-packages/airflow/example_dags/example_complex.py
[2024-11-16T14:00:47.811+0000] {processor.py:925} INFO - DAG(s) 'example_complex' retrieved from /home/airflow/.local/lib/python3.12/site-packages/airflow/example_dags/example_complex.py
[2024-11-16T14:00:47.837+0000] {logging_mixin.py:190} INFO - [2024-11-16T14:00:47.836+0000] {dag.py:3239} INFO - Sync 1 DAGs
[2024-11-16T14:00:47.848+0000] {logging_mixin.py:190} INFO - [2024-11-16T14:00:47.848+0000] {dag.py:4180} INFO - Setting next_dagrun for example_complex to None, run_after=None
[2024-11-16T14:00:47.864+0000] {processor.py:208} INFO - Processing /home/airflow/.local/lib/python3.12/site-packages/airflow/example_dags/example_complex.py took 0.070 seconds
[2024-11-16T14:01:18.103+0000] {processor.py:186} INFO - Started process (PID=5079) to work on /home/airflow/.local/lib/python3.12/site-packages/airflow/example_dags/example_complex.py
[2024-11-16T14:01:18.104+0000] {processor.py:914} INFO - Processing file /home/airflow/.local/lib/python3.12/site-packages/airflow/example_dags/example_complex.py for tasks to queue
[2024-11-16T14:01:18.106+0000] {logging_mixin.py:190} INFO - [2024-11-16T14:01:18.106+0000] {dagbag.py:588} INFO - Filling up the DagBag from /home/airflow/.local/lib/python3.12/site-packages/airflow/example_dags/example_complex.py
[2024-11-16T14:01:18.116+0000] {processor.py:925} INFO - DAG(s) 'example_complex' retrieved from /home/airflow/.local/lib/python3.12/site-packages/airflow/example_dags/example_complex.py
[2024-11-16T14:01:18.144+0000] {logging_mixin.py:190} INFO - [2024-11-16T14:01:18.143+0000] {dag.py:3239} INFO - Sync 1 DAGs
[2024-11-16T14:01:18.157+0000] {logging_mixin.py:190} INFO - [2024-11-16T14:01:18.156+0000] {dag.py:4180} INFO - Setting next_dagrun for example_complex to None, run_after=None
[2024-11-16T14:01:18.175+0000] {processor.py:208} INFO - Processing /home/airflow/.local/lib/python3.12/site-packages/airflow/example_dags/example_complex.py took 0.077 seconds
[2024-11-16T14:01:48.415+0000] {processor.py:186} INFO - Started process (PID=5370) to work on /home/airflow/.local/lib/python3.12/site-packages/airflow/example_dags/example_complex.py
[2024-11-16T14:01:48.416+0000] {processor.py:914} INFO - Processing file /home/airflow/.local/lib/python3.12/site-packages/airflow/example_dags/example_complex.py for tasks to queue
[2024-11-16T14:01:48.417+0000] {logging_mixin.py:190} INFO - [2024-11-16T14:01:48.417+0000] {dagbag.py:588} INFO - Filling up the DagBag from /home/airflow/.local/lib/python3.12/site-packages/airflow/example_dags/example_complex.py
[2024-11-16T14:01:48.427+0000] {processor.py:925} INFO - DAG(s) 'example_complex' retrieved from /home/airflow/.local/lib/python3.12/site-packages/airflow/example_dags/example_complex.py
[2024-11-16T14:01:48.452+0000] {logging_mixin.py:190} INFO - [2024-11-16T14:01:48.452+0000] {dag.py:3239} INFO - Sync 1 DAGs
[2024-11-16T14:01:48.464+0000] {logging_mixin.py:190} INFO - [2024-11-16T14:01:48.463+0000] {dag.py:4180} INFO - Setting next_dagrun for example_complex to None, run_after=None
[2024-11-16T14:01:48.479+0000] {processor.py:208} INFO - Processing /home/airflow/.local/lib/python3.12/site-packages/airflow/example_dags/example_complex.py took 0.068 seconds
[2024-11-16T14:02:18.825+0000] {processor.py:186} INFO - Started process (PID=5661) to work on /home/airflow/.local/lib/python3.12/site-packages/airflow/example_dags/example_complex.py
[2024-11-16T14:02:18.826+0000] {processor.py:914} INFO - Processing file /home/airflow/.local/lib/python3.12/site-packages/airflow/example_dags/example_complex.py for tasks to queue
[2024-11-16T14:02:18.828+0000] {logging_mixin.py:190} INFO - [2024-11-16T14:02:18.828+0000] {dagbag.py:588} INFO - Filling up the DagBag from /home/airflow/.local/lib/python3.12/site-packages/airflow/example_dags/example_complex.py
[2024-11-16T14:02:18.838+0000] {processor.py:925} INFO - DAG(s) 'example_complex' retrieved from /home/airflow/.local/lib/python3.12/site-packages/airflow/example_dags/example_complex.py
[2024-11-16T14:02:18.870+0000] {logging_mixin.py:190} INFO - [2024-11-16T14:02:18.870+0000] {dag.py:3239} INFO - Sync 1 DAGs
[2024-11-16T14:02:18.885+0000] {logging_mixin.py:190} INFO - [2024-11-16T14:02:18.885+0000] {dag.py:4180} INFO - Setting next_dagrun for example_complex to None, run_after=None
[2024-11-16T14:02:18.902+0000] {processor.py:208} INFO - Processing /home/airflow/.local/lib/python3.12/site-packages/airflow/example_dags/example_complex.py took 0.081 seconds
[2024-11-16T14:02:48.993+0000] {processor.py:186} INFO - Started process (PID=5957) to work on /home/airflow/.local/lib/python3.12/site-packages/airflow/example_dags/example_complex.py
[2024-11-16T14:02:48.994+0000] {processor.py:914} INFO - Processing file /home/airflow/.local/lib/python3.12/site-packages/airflow/example_dags/example_complex.py for tasks to queue
[2024-11-16T14:02:48.996+0000] {logging_mixin.py:190} INFO - [2024-11-16T14:02:48.995+0000] {dagbag.py:588} INFO - Filling up the DagBag from /home/airflow/.local/lib/python3.12/site-packages/airflow/example_dags/example_complex.py
[2024-11-16T14:02:49.005+0000] {processor.py:925} INFO - DAG(s) 'example_complex' retrieved from /home/airflow/.local/lib/python3.12/site-packages/airflow/example_dags/example_complex.py
[2024-11-16T14:02:49.029+0000] {logging_mixin.py:190} INFO - [2024-11-16T14:02:49.029+0000] {dag.py:3239} INFO - Sync 1 DAGs
[2024-11-16T14:02:49.041+0000] {logging_mixin.py:190} INFO - [2024-11-16T14:02:49.041+0000] {dag.py:4180} INFO - Setting next_dagrun for example_complex to None, run_after=None
[2024-11-16T14:02:49.056+0000] {processor.py:208} INFO - Processing /home/airflow/.local/lib/python3.12/site-packages/airflow/example_dags/example_complex.py took 0.067 seconds
[2024-11-16T14:03:19.237+0000] {processor.py:186} INFO - Started process (PID=6248) to work on /home/airflow/.local/lib/python3.12/site-packages/airflow/example_dags/example_complex.py
[2024-11-16T14:03:19.238+0000] {processor.py:914} INFO - Processing file /home/airflow/.local/lib/python3.12/site-packages/airflow/example_dags/example_complex.py for tasks to queue
[2024-11-16T14:03:19.240+0000] {logging_mixin.py:190} INFO - [2024-11-16T14:03:19.240+0000] {dagbag.py:588} INFO - Filling up the DagBag from /home/airflow/.local/lib/python3.12/site-packages/airflow/example_dags/example_complex.py
[2024-11-16T14:03:19.250+0000] {processor.py:925} INFO - DAG(s) 'example_complex' retrieved from /home/airflow/.local/lib/python3.12/site-packages/airflow/example_dags/example_complex.py
[2024-11-16T14:03:19.276+0000] {logging_mixin.py:190} INFO - [2024-11-16T14:03:19.275+0000] {dag.py:3239} INFO - Sync 1 DAGs
[2024-11-16T14:03:19.291+0000] {logging_mixin.py:190} INFO - [2024-11-16T14:03:19.290+0000] {dag.py:4180} INFO - Setting next_dagrun for example_complex to None, run_after=None
[2024-11-16T14:03:19.308+0000] {processor.py:208} INFO - Processing /home/airflow/.local/lib/python3.12/site-packages/airflow/example_dags/example_complex.py took 0.075 seconds
[2024-11-16T14:03:50.232+0000] {processor.py:186} INFO - Started process (PID=6539) to work on /home/airflow/.local/lib/python3.12/site-packages/airflow/example_dags/example_complex.py
[2024-11-16T14:03:50.233+0000] {processor.py:914} INFO - Processing file /home/airflow/.local/lib/python3.12/site-packages/airflow/example_dags/example_complex.py for tasks to queue
[2024-11-16T14:03:50.235+0000] {logging_mixin.py:190} INFO - [2024-11-16T14:03:50.235+0000] {dagbag.py:588} INFO - Filling up the DagBag from /home/airflow/.local/lib/python3.12/site-packages/airflow/example_dags/example_complex.py
[2024-11-16T14:03:50.245+0000] {processor.py:925} INFO - DAG(s) 'example_complex' retrieved from /home/airflow/.local/lib/python3.12/site-packages/airflow/example_dags/example_complex.py
[2024-11-16T14:03:50.273+0000] {logging_mixin.py:190} INFO - [2024-11-16T14:03:50.273+0000] {dag.py:3239} INFO - Sync 1 DAGs
[2024-11-16T14:03:50.285+0000] {logging_mixin.py:190} INFO - [2024-11-16T14:03:50.285+0000] {dag.py:4180} INFO - Setting next_dagrun for example_complex to None, run_after=None
[2024-11-16T14:03:50.300+0000] {processor.py:208} INFO - Processing /home/airflow/.local/lib/python3.12/site-packages/airflow/example_dags/example_complex.py took 0.074 seconds
[2024-11-16T14:04:21.288+0000] {processor.py:186} INFO - Started process (PID=6830) to work on /home/airflow/.local/lib/python3.12/site-packages/airflow/example_dags/example_complex.py
[2024-11-16T14:04:21.289+0000] {processor.py:914} INFO - Processing file /home/airflow/.local/lib/python3.12/site-packages/airflow/example_dags/example_complex.py for tasks to queue
[2024-11-16T14:04:21.291+0000] {logging_mixin.py:190} INFO - [2024-11-16T14:04:21.291+0000] {dagbag.py:588} INFO - Filling up the DagBag from /home/airflow/.local/lib/python3.12/site-packages/airflow/example_dags/example_complex.py
[2024-11-16T14:04:21.301+0000] {processor.py:925} INFO - DAG(s) 'example_complex' retrieved from /home/airflow/.local/lib/python3.12/site-packages/airflow/example_dags/example_complex.py
[2024-11-16T14:04:21.326+0000] {logging_mixin.py:190} INFO - [2024-11-16T14:04:21.326+0000] {dag.py:3239} INFO - Sync 1 DAGs
[2024-11-16T14:04:21.338+0000] {logging_mixin.py:190} INFO - [2024-11-16T14:04:21.338+0000] {dag.py:4180} INFO - Setting next_dagrun for example_complex to None, run_after=None
[2024-11-16T14:04:21.353+0000] {processor.py:208} INFO - Processing /home/airflow/.local/lib/python3.12/site-packages/airflow/example_dags/example_complex.py took 0.070 seconds
[2024-11-16T14:04:51.570+0000] {processor.py:186} INFO - Started process (PID=7126) to work on /home/airflow/.local/lib/python3.12/site-packages/airflow/example_dags/example_complex.py
[2024-11-16T14:04:51.571+0000] {processor.py:914} INFO - Processing file /home/airflow/.local/lib/python3.12/site-packages/airflow/example_dags/example_complex.py for tasks to queue
[2024-11-16T14:04:51.573+0000] {logging_mixin.py:190} INFO - [2024-11-16T14:04:51.572+0000] {dagbag.py:588} INFO - Filling up the DagBag from /home/airflow/.local/lib/python3.12/site-packages/airflow/example_dags/example_complex.py
[2024-11-16T14:04:51.583+0000] {processor.py:925} INFO - DAG(s) 'example_complex' retrieved from /home/airflow/.local/lib/python3.12/site-packages/airflow/example_dags/example_complex.py
[2024-11-16T14:04:51.608+0000] {logging_mixin.py:190} INFO - [2024-11-16T14:04:51.608+0000] {dag.py:3239} INFO - Sync 1 DAGs
[2024-11-16T14:04:51.622+0000] {logging_mixin.py:190} INFO - [2024-11-16T14:04:51.622+0000] {dag.py:4180} INFO - Setting next_dagrun for example_complex to None, run_after=None
[2024-11-16T14:04:51.638+0000] {processor.py:208} INFO - Processing /home/airflow/.local/lib/python3.12/site-packages/airflow/example_dags/example_complex.py took 0.072 seconds
[2024-11-16T14:05:22.540+0000] {processor.py:186} INFO - Started process (PID=7417) to work on /home/airflow/.local/lib/python3.12/site-packages/airflow/example_dags/example_complex.py
[2024-11-16T14:05:22.541+0000] {processor.py:914} INFO - Processing file /home/airflow/.local/lib/python3.12/site-packages/airflow/example_dags/example_complex.py for tasks to queue
[2024-11-16T14:05:22.543+0000] {logging_mixin.py:190} INFO - [2024-11-16T14:05:22.542+0000] {dagbag.py:588} INFO - Filling up the DagBag from /home/airflow/.local/lib/python3.12/site-packages/airflow/example_dags/example_complex.py
[2024-11-16T14:05:22.552+0000] {processor.py:925} INFO - DAG(s) 'example_complex' retrieved from /home/airflow/.local/lib/python3.12/site-packages/airflow/example_dags/example_complex.py
[2024-11-16T14:05:22.577+0000] {logging_mixin.py:190} INFO - [2024-11-16T14:05:22.577+0000] {dag.py:3239} INFO - Sync 1 DAGs
[2024-11-16T14:05:22.590+0000] {logging_mixin.py:190} INFO - [2024-11-16T14:05:22.590+0000] {dag.py:4180} INFO - Setting next_dagrun for example_complex to None, run_after=None
[2024-11-16T14:05:22.608+0000] {processor.py:208} INFO - Processing /home/airflow/.local/lib/python3.12/site-packages/airflow/example_dags/example_complex.py took 0.072 seconds
[2024-11-16T14:05:52.857+0000] {processor.py:186} INFO - Started process (PID=7708) to work on /home/airflow/.local/lib/python3.12/site-packages/airflow/example_dags/example_complex.py
[2024-11-16T14:05:52.858+0000] {processor.py:914} INFO - Processing file /home/airflow/.local/lib/python3.12/site-packages/airflow/example_dags/example_complex.py for tasks to queue
[2024-11-16T14:05:52.859+0000] {logging_mixin.py:190} INFO - [2024-11-16T14:05:52.859+0000] {dagbag.py:588} INFO - Filling up the DagBag from /home/airflow/.local/lib/python3.12/site-packages/airflow/example_dags/example_complex.py
[2024-11-16T14:05:52.869+0000] {processor.py:925} INFO - DAG(s) 'example_complex' retrieved from /home/airflow/.local/lib/python3.12/site-packages/airflow/example_dags/example_complex.py
[2024-11-16T14:05:52.896+0000] {logging_mixin.py:190} INFO - [2024-11-16T14:05:52.896+0000] {dag.py:3239} INFO - Sync 1 DAGs
[2024-11-16T14:05:52.908+0000] {logging_mixin.py:190} INFO - [2024-11-16T14:05:52.908+0000] {dag.py:4180} INFO - Setting next_dagrun for example_complex to None, run_after=None
[2024-11-16T14:05:52.925+0000] {processor.py:208} INFO - Processing /home/airflow/.local/lib/python3.12/site-packages/airflow/example_dags/example_complex.py took 0.072 seconds
[2024-11-16T14:06:23.101+0000] {processor.py:186} INFO - Started process (PID=7999) to work on /home/airflow/.local/lib/python3.12/site-packages/airflow/example_dags/example_complex.py
[2024-11-16T14:06:23.102+0000] {processor.py:914} INFO - Processing file /home/airflow/.local/lib/python3.12/site-packages/airflow/example_dags/example_complex.py for tasks to queue
[2024-11-16T14:06:23.104+0000] {logging_mixin.py:190} INFO - [2024-11-16T14:06:23.104+0000] {dagbag.py:588} INFO - Filling up the DagBag from /home/airflow/.local/lib/python3.12/site-packages/airflow/example_dags/example_complex.py
[2024-11-16T14:06:23.115+0000] {processor.py:925} INFO - DAG(s) 'example_complex' retrieved from /home/airflow/.local/lib/python3.12/site-packages/airflow/example_dags/example_complex.py
[2024-11-16T14:06:23.141+0000] {logging_mixin.py:190} INFO - [2024-11-16T14:06:23.141+0000] {dag.py:3239} INFO - Sync 1 DAGs
[2024-11-16T14:06:23.153+0000] {logging_mixin.py:190} INFO - [2024-11-16T14:06:23.153+0000] {dag.py:4180} INFO - Setting next_dagrun for example_complex to None, run_after=None
[2024-11-16T14:06:23.169+0000] {processor.py:208} INFO - Processing /home/airflow/.local/lib/python3.12/site-packages/airflow/example_dags/example_complex.py took 0.073 seconds
[2024-11-16T14:06:53.362+0000] {processor.py:186} INFO - Started process (PID=8290) to work on /home/airflow/.local/lib/python3.12/site-packages/airflow/example_dags/example_complex.py
[2024-11-16T14:06:53.363+0000] {processor.py:914} INFO - Processing file /home/airflow/.local/lib/python3.12/site-packages/airflow/example_dags/example_complex.py for tasks to queue
[2024-11-16T14:06:53.365+0000] {logging_mixin.py:190} INFO - [2024-11-16T14:06:53.365+0000] {dagbag.py:588} INFO - Filling up the DagBag from /home/airflow/.local/lib/python3.12/site-packages/airflow/example_dags/example_complex.py
[2024-11-16T14:06:53.375+0000] {processor.py:925} INFO - DAG(s) 'example_complex' retrieved from /home/airflow/.local/lib/python3.12/site-packages/airflow/example_dags/example_complex.py
[2024-11-16T14:06:53.401+0000] {logging_mixin.py:190} INFO - [2024-11-16T14:06:53.401+0000] {dag.py:3239} INFO - Sync 1 DAGs
[2024-11-16T14:06:53.413+0000] {logging_mixin.py:190} INFO - [2024-11-16T14:06:53.413+0000] {dag.py:4180} INFO - Setting next_dagrun for example_complex to None, run_after=None
[2024-11-16T14:06:53.429+0000] {processor.py:208} INFO - Processing /home/airflow/.local/lib/python3.12/site-packages/airflow/example_dags/example_complex.py took 0.071 seconds
[2024-11-16T14:07:23.605+0000] {processor.py:186} INFO - Started process (PID=8581) to work on /home/airflow/.local/lib/python3.12/site-packages/airflow/example_dags/example_complex.py
[2024-11-16T14:07:23.606+0000] {processor.py:914} INFO - Processing file /home/airflow/.local/lib/python3.12/site-packages/airflow/example_dags/example_complex.py for tasks to queue
[2024-11-16T14:07:23.608+0000] {logging_mixin.py:190} INFO - [2024-11-16T14:07:23.608+0000] {dagbag.py:588} INFO - Filling up the DagBag from /home/airflow/.local/lib/python3.12/site-packages/airflow/example_dags/example_complex.py
[2024-11-16T14:07:23.618+0000] {processor.py:925} INFO - DAG(s) 'example_complex' retrieved from /home/airflow/.local/lib/python3.12/site-packages/airflow/example_dags/example_complex.py
[2024-11-16T14:07:23.643+0000] {logging_mixin.py:190} INFO - [2024-11-16T14:07:23.643+0000] {dag.py:3239} INFO - Sync 1 DAGs
[2024-11-16T14:07:23.655+0000] {logging_mixin.py:190} INFO - [2024-11-16T14:07:23.655+0000] {dag.py:4180} INFO - Setting next_dagrun for example_complex to None, run_after=None
[2024-11-16T14:07:23.670+0000] {processor.py:208} INFO - Processing /home/airflow/.local/lib/python3.12/site-packages/airflow/example_dags/example_complex.py took 0.069 seconds
[2024-11-16T14:07:53.766+0000] {processor.py:186} INFO - Started process (PID=8872) to work on /home/airflow/.local/lib/python3.12/site-packages/airflow/example_dags/example_complex.py
[2024-11-16T14:07:53.767+0000] {processor.py:914} INFO - Processing file /home/airflow/.local/lib/python3.12/site-packages/airflow/example_dags/example_complex.py for tasks to queue
[2024-11-16T14:07:53.769+0000] {logging_mixin.py:190} INFO - [2024-11-16T14:07:53.769+0000] {dagbag.py:588} INFO - Filling up the DagBag from /home/airflow/.local/lib/python3.12/site-packages/airflow/example_dags/example_complex.py
[2024-11-16T14:07:53.780+0000] {processor.py:925} INFO - DAG(s) 'example_complex' retrieved from /home/airflow/.local/lib/python3.12/site-packages/airflow/example_dags/example_complex.py
[2024-11-16T14:07:53.808+0000] {logging_mixin.py:190} INFO - [2024-11-16T14:07:53.807+0000] {dag.py:3239} INFO - Sync 1 DAGs
[2024-11-16T14:07:53.821+0000] {logging_mixin.py:190} INFO - [2024-11-16T14:07:53.821+0000] {dag.py:4180} INFO - Setting next_dagrun for example_complex to None, run_after=None
[2024-11-16T14:07:53.838+0000] {processor.py:208} INFO - Processing /home/airflow/.local/lib/python3.12/site-packages/airflow/example_dags/example_complex.py took 0.078 seconds
[2024-11-16T14:08:23.916+0000] {processor.py:186} INFO - Started process (PID=9163) to work on /home/airflow/.local/lib/python3.12/site-packages/airflow/example_dags/example_complex.py
[2024-11-16T14:08:23.917+0000] {processor.py:914} INFO - Processing file /home/airflow/.local/lib/python3.12/site-packages/airflow/example_dags/example_complex.py for tasks to queue
[2024-11-16T14:08:23.919+0000] {logging_mixin.py:190} INFO - [2024-11-16T14:08:23.919+0000] {dagbag.py:588} INFO - Filling up the DagBag from /home/airflow/.local/lib/python3.12/site-packages/airflow/example_dags/example_complex.py
[2024-11-16T14:08:23.929+0000] {processor.py:925} INFO - DAG(s) 'example_complex' retrieved from /home/airflow/.local/lib/python3.12/site-packages/airflow/example_dags/example_complex.py
[2024-11-16T14:08:23.955+0000] {logging_mixin.py:190} INFO - [2024-11-16T14:08:23.955+0000] {dag.py:3239} INFO - Sync 1 DAGs
[2024-11-16T14:08:23.969+0000] {logging_mixin.py:190} INFO - [2024-11-16T14:08:23.969+0000] {dag.py:4180} INFO - Setting next_dagrun for example_complex to None, run_after=None
[2024-11-16T14:08:23.985+0000] {processor.py:208} INFO - Processing /home/airflow/.local/lib/python3.12/site-packages/airflow/example_dags/example_complex.py took 0.073 seconds
[2024-11-16T14:08:54.258+0000] {processor.py:186} INFO - Started process (PID=9454) to work on /home/airflow/.local/lib/python3.12/site-packages/airflow/example_dags/example_complex.py
[2024-11-16T14:08:54.258+0000] {processor.py:914} INFO - Processing file /home/airflow/.local/lib/python3.12/site-packages/airflow/example_dags/example_complex.py for tasks to queue
[2024-11-16T14:08:54.260+0000] {logging_mixin.py:190} INFO - [2024-11-16T14:08:54.260+0000] {dagbag.py:588} INFO - Filling up the DagBag from /home/airflow/.local/lib/python3.12/site-packages/airflow/example_dags/example_complex.py
[2024-11-16T14:08:54.270+0000] {processor.py:925} INFO - DAG(s) 'example_complex' retrieved from /home/airflow/.local/lib/python3.12/site-packages/airflow/example_dags/example_complex.py
[2024-11-16T14:08:54.297+0000] {logging_mixin.py:190} INFO - [2024-11-16T14:08:54.296+0000] {dag.py:3239} INFO - Sync 1 DAGs
[2024-11-16T14:08:54.309+0000] {logging_mixin.py:190} INFO - [2024-11-16T14:08:54.309+0000] {dag.py:4180} INFO - Setting next_dagrun for example_complex to None, run_after=None
[2024-11-16T14:08:54.324+0000] {processor.py:208} INFO - Processing /home/airflow/.local/lib/python3.12/site-packages/airflow/example_dags/example_complex.py took 0.071 seconds
[2024-11-16T14:09:24.406+0000] {processor.py:186} INFO - Started process (PID=9745) to work on /home/airflow/.local/lib/python3.12/site-packages/airflow/example_dags/example_complex.py
[2024-11-16T14:09:24.407+0000] {processor.py:914} INFO - Processing file /home/airflow/.local/lib/python3.12/site-packages/airflow/example_dags/example_complex.py for tasks to queue
[2024-11-16T14:09:24.408+0000] {logging_mixin.py:190} INFO - [2024-11-16T14:09:24.408+0000] {dagbag.py:588} INFO - Filling up the DagBag from /home/airflow/.local/lib/python3.12/site-packages/airflow/example_dags/example_complex.py
[2024-11-16T14:09:24.418+0000] {processor.py:925} INFO - DAG(s) 'example_complex' retrieved from /home/airflow/.local/lib/python3.12/site-packages/airflow/example_dags/example_complex.py
[2024-11-16T14:09:24.445+0000] {logging_mixin.py:190} INFO - [2024-11-16T14:09:24.445+0000] {dag.py:3239} INFO - Sync 1 DAGs
[2024-11-16T14:09:24.457+0000] {logging_mixin.py:190} INFO - [2024-11-16T14:09:24.457+0000] {dag.py:4180} INFO - Setting next_dagrun for example_complex to None, run_after=None
[2024-11-16T14:09:24.472+0000] {processor.py:208} INFO - Processing /home/airflow/.local/lib/python3.12/site-packages/airflow/example_dags/example_complex.py took 0.070 seconds
[2024-11-16T14:09:54.661+0000] {processor.py:186} INFO - Started process (PID=10036) to work on /home/airflow/.local/lib/python3.12/site-packages/airflow/example_dags/example_complex.py
[2024-11-16T14:09:54.662+0000] {processor.py:914} INFO - Processing file /home/airflow/.local/lib/python3.12/site-packages/airflow/example_dags/example_complex.py for tasks to queue
[2024-11-16T14:09:54.663+0000] {logging_mixin.py:190} INFO - [2024-11-16T14:09:54.663+0000] {dagbag.py:588} INFO - Filling up the DagBag from /home/airflow/.local/lib/python3.12/site-packages/airflow/example_dags/example_complex.py
[2024-11-16T14:09:54.673+0000] {processor.py:925} INFO - DAG(s) 'example_complex' retrieved from /home/airflow/.local/lib/python3.12/site-packages/airflow/example_dags/example_complex.py
[2024-11-16T14:09:54.701+0000] {logging_mixin.py:190} INFO - [2024-11-16T14:09:54.701+0000] {dag.py:3239} INFO - Sync 1 DAGs
[2024-11-16T14:09:54.713+0000] {logging_mixin.py:190} INFO - [2024-11-16T14:09:54.713+0000] {dag.py:4180} INFO - Setting next_dagrun for example_complex to None, run_after=None
[2024-11-16T14:09:54.729+0000] {processor.py:208} INFO - Processing /home/airflow/.local/lib/python3.12/site-packages/airflow/example_dags/example_complex.py took 0.073 seconds
[2024-11-16T14:10:24.774+0000] {processor.py:186} INFO - Started process (PID=10327) to work on /home/airflow/.local/lib/python3.12/site-packages/airflow/example_dags/example_complex.py
[2024-11-16T14:10:24.775+0000] {processor.py:914} INFO - Processing file /home/airflow/.local/lib/python3.12/site-packages/airflow/example_dags/example_complex.py for tasks to queue
[2024-11-16T14:10:24.777+0000] {logging_mixin.py:190} INFO - [2024-11-16T14:10:24.777+0000] {dagbag.py:588} INFO - Filling up the DagBag from /home/airflow/.local/lib/python3.12/site-packages/airflow/example_dags/example_complex.py
[2024-11-16T14:10:24.786+0000] {processor.py:925} INFO - DAG(s) 'example_complex' retrieved from /home/airflow/.local/lib/python3.12/site-packages/airflow/example_dags/example_complex.py
[2024-11-16T14:10:24.812+0000] {logging_mixin.py:190} INFO - [2024-11-16T14:10:24.812+0000] {dag.py:3239} INFO - Sync 1 DAGs
[2024-11-16T14:10:24.824+0000] {logging_mixin.py:190} INFO - [2024-11-16T14:10:24.824+0000] {dag.py:4180} INFO - Setting next_dagrun for example_complex to None, run_after=None
[2024-11-16T14:10:24.839+0000] {processor.py:208} INFO - Processing /home/airflow/.local/lib/python3.12/site-packages/airflow/example_dags/example_complex.py took 0.069 seconds
[2024-11-16T14:10:55.047+0000] {processor.py:186} INFO - Started process (PID=10618) to work on /home/airflow/.local/lib/python3.12/site-packages/airflow/example_dags/example_complex.py
[2024-11-16T14:10:55.048+0000] {processor.py:914} INFO - Processing file /home/airflow/.local/lib/python3.12/site-packages/airflow/example_dags/example_complex.py for tasks to queue
[2024-11-16T14:10:55.050+0000] {logging_mixin.py:190} INFO - [2024-11-16T14:10:55.050+0000] {dagbag.py:588} INFO - Filling up the DagBag from /home/airflow/.local/lib/python3.12/site-packages/airflow/example_dags/example_complex.py
[2024-11-16T14:10:55.060+0000] {processor.py:925} INFO - DAG(s) 'example_complex' retrieved from /home/airflow/.local/lib/python3.12/site-packages/airflow/example_dags/example_complex.py
[2024-11-16T14:10:55.086+0000] {logging_mixin.py:190} INFO - [2024-11-16T14:10:55.086+0000] {dag.py:3239} INFO - Sync 1 DAGs
[2024-11-16T14:10:55.098+0000] {logging_mixin.py:190} INFO - [2024-11-16T14:10:55.098+0000] {dag.py:4180} INFO - Setting next_dagrun for example_complex to None, run_after=None
[2024-11-16T14:10:55.113+0000] {processor.py:208} INFO - Processing /home/airflow/.local/lib/python3.12/site-packages/airflow/example_dags/example_complex.py took 0.071 seconds
[2024-11-16T14:11:25.320+0000] {processor.py:186} INFO - Started process (PID=10909) to work on /home/airflow/.local/lib/python3.12/site-packages/airflow/example_dags/example_complex.py
[2024-11-16T14:11:25.321+0000] {processor.py:914} INFO - Processing file /home/airflow/.local/lib/python3.12/site-packages/airflow/example_dags/example_complex.py for tasks to queue
[2024-11-16T14:11:25.322+0000] {logging_mixin.py:190} INFO - [2024-11-16T14:11:25.322+0000] {dagbag.py:588} INFO - Filling up the DagBag from /home/airflow/.local/lib/python3.12/site-packages/airflow/example_dags/example_complex.py
[2024-11-16T14:11:25.332+0000] {processor.py:925} INFO - DAG(s) 'example_complex' retrieved from /home/airflow/.local/lib/python3.12/site-packages/airflow/example_dags/example_complex.py
[2024-11-16T14:11:25.358+0000] {logging_mixin.py:190} INFO - [2024-11-16T14:11:25.358+0000] {dag.py:3239} INFO - Sync 1 DAGs
[2024-11-16T14:11:25.371+0000] {logging_mixin.py:190} INFO - [2024-11-16T14:11:25.370+0000] {dag.py:4180} INFO - Setting next_dagrun for example_complex to None, run_after=None
[2024-11-16T14:11:25.386+0000] {processor.py:208} INFO - Processing /home/airflow/.local/lib/python3.12/site-packages/airflow/example_dags/example_complex.py took 0.070 seconds
[2024-11-16T14:11:55.546+0000] {processor.py:186} INFO - Started process (PID=11200) to work on /home/airflow/.local/lib/python3.12/site-packages/airflow/example_dags/example_complex.py
[2024-11-16T14:11:55.547+0000] {processor.py:914} INFO - Processing file /home/airflow/.local/lib/python3.12/site-packages/airflow/example_dags/example_complex.py for tasks to queue
[2024-11-16T14:11:55.548+0000] {logging_mixin.py:190} INFO - [2024-11-16T14:11:55.548+0000] {dagbag.py:588} INFO - Filling up the DagBag from /home/airflow/.local/lib/python3.12/site-packages/airflow/example_dags/example_complex.py
[2024-11-16T14:11:55.557+0000] {processor.py:925} INFO - DAG(s) 'example_complex' retrieved from /home/airflow/.local/lib/python3.12/site-packages/airflow/example_dags/example_complex.py
[2024-11-16T14:11:55.584+0000] {logging_mixin.py:190} INFO - [2024-11-16T14:11:55.583+0000] {dag.py:3239} INFO - Sync 1 DAGs
[2024-11-16T14:11:55.596+0000] {logging_mixin.py:190} INFO - [2024-11-16T14:11:55.596+0000] {dag.py:4180} INFO - Setting next_dagrun for example_complex to None, run_after=None
[2024-11-16T14:11:55.611+0000] {processor.py:208} INFO - Processing /home/airflow/.local/lib/python3.12/site-packages/airflow/example_dags/example_complex.py took 0.070 seconds
[2024-11-16T14:12:25.658+0000] {processor.py:186} INFO - Started process (PID=11491) to work on /home/airflow/.local/lib/python3.12/site-packages/airflow/example_dags/example_complex.py
[2024-11-16T14:12:25.659+0000] {processor.py:914} INFO - Processing file /home/airflow/.local/lib/python3.12/site-packages/airflow/example_dags/example_complex.py for tasks to queue
[2024-11-16T14:12:25.661+0000] {logging_mixin.py:190} INFO - [2024-11-16T14:12:25.661+0000] {dagbag.py:588} INFO - Filling up the DagBag from /home/airflow/.local/lib/python3.12/site-packages/airflow/example_dags/example_complex.py
[2024-11-16T14:12:25.670+0000] {processor.py:925} INFO - DAG(s) 'example_complex' retrieved from /home/airflow/.local/lib/python3.12/site-packages/airflow/example_dags/example_complex.py
[2024-11-16T14:12:25.696+0000] {logging_mixin.py:190} INFO - [2024-11-16T14:12:25.696+0000] {dag.py:3239} INFO - Sync 1 DAGs
[2024-11-16T14:12:25.709+0000] {logging_mixin.py:190} INFO - [2024-11-16T14:12:25.708+0000] {dag.py:4180} INFO - Setting next_dagrun for example_complex to None, run_after=None
[2024-11-16T14:12:25.723+0000] {processor.py:208} INFO - Processing /home/airflow/.local/lib/python3.12/site-packages/airflow/example_dags/example_complex.py took 0.069 seconds
[2024-11-16T14:12:56.139+0000] {processor.py:186} INFO - Started process (PID=11782) to work on /home/airflow/.local/lib/python3.12/site-packages/airflow/example_dags/example_complex.py
[2024-11-16T14:12:56.139+0000] {processor.py:914} INFO - Processing file /home/airflow/.local/lib/python3.12/site-packages/airflow/example_dags/example_complex.py for tasks to queue
[2024-11-16T14:12:56.141+0000] {logging_mixin.py:190} INFO - [2024-11-16T14:12:56.141+0000] {dagbag.py:588} INFO - Filling up the DagBag from /home/airflow/.local/lib/python3.12/site-packages/airflow/example_dags/example_complex.py
[2024-11-16T14:12:56.151+0000] {processor.py:925} INFO - DAG(s) 'example_complex' retrieved from /home/airflow/.local/lib/python3.12/site-packages/airflow/example_dags/example_complex.py
[2024-11-16T14:12:56.183+0000] {logging_mixin.py:190} INFO - [2024-11-16T14:12:56.182+0000] {dag.py:3239} INFO - Sync 1 DAGs
[2024-11-16T14:12:56.194+0000] {logging_mixin.py:190} INFO - [2024-11-16T14:12:56.194+0000] {dag.py:4180} INFO - Setting next_dagrun for example_complex to None, run_after=None
[2024-11-16T14:12:56.209+0000] {processor.py:208} INFO - Processing /home/airflow/.local/lib/python3.12/site-packages/airflow/example_dags/example_complex.py took 0.075 seconds
[2024-11-16T14:13:26.655+0000] {processor.py:186} INFO - Started process (PID=12073) to work on /home/airflow/.local/lib/python3.12/site-packages/airflow/example_dags/example_complex.py
[2024-11-16T14:13:26.656+0000] {processor.py:914} INFO - Processing file /home/airflow/.local/lib/python3.12/site-packages/airflow/example_dags/example_complex.py for tasks to queue
[2024-11-16T14:13:26.657+0000] {logging_mixin.py:190} INFO - [2024-11-16T14:13:26.657+0000] {dagbag.py:588} INFO - Filling up the DagBag from /home/airflow/.local/lib/python3.12/site-packages/airflow/example_dags/example_complex.py
[2024-11-16T14:13:26.666+0000] {processor.py:925} INFO - DAG(s) 'example_complex' retrieved from /home/airflow/.local/lib/python3.12/site-packages/airflow/example_dags/example_complex.py
[2024-11-16T14:13:26.692+0000] {logging_mixin.py:190} INFO - [2024-11-16T14:13:26.691+0000] {dag.py:3239} INFO - Sync 1 DAGs
[2024-11-16T14:13:26.703+0000] {logging_mixin.py:190} INFO - [2024-11-16T14:13:26.703+0000] {dag.py:4180} INFO - Setting next_dagrun for example_complex to None, run_after=None
[2024-11-16T14:13:26.718+0000] {processor.py:208} INFO - Processing /home/airflow/.local/lib/python3.12/site-packages/airflow/example_dags/example_complex.py took 0.067 seconds
[2024-11-16T14:13:57.659+0000] {processor.py:186} INFO - Started process (PID=12364) to work on /home/airflow/.local/lib/python3.12/site-packages/airflow/example_dags/example_complex.py
[2024-11-16T14:13:57.660+0000] {processor.py:914} INFO - Processing file /home/airflow/.local/lib/python3.12/site-packages/airflow/example_dags/example_complex.py for tasks to queue
[2024-11-16T14:13:57.662+0000] {logging_mixin.py:190} INFO - [2024-11-16T14:13:57.662+0000] {dagbag.py:588} INFO - Filling up the DagBag from /home/airflow/.local/lib/python3.12/site-packages/airflow/example_dags/example_complex.py
[2024-11-16T14:13:57.673+0000] {processor.py:925} INFO - DAG(s) 'example_complex' retrieved from /home/airflow/.local/lib/python3.12/site-packages/airflow/example_dags/example_complex.py
[2024-11-16T14:13:57.704+0000] {logging_mixin.py:190} INFO - [2024-11-16T14:13:57.704+0000] {dag.py:3239} INFO - Sync 1 DAGs
[2024-11-16T14:13:57.717+0000] {logging_mixin.py:190} INFO - [2024-11-16T14:13:57.717+0000] {dag.py:4180} INFO - Setting next_dagrun for example_complex to None, run_after=None
[2024-11-16T14:13:57.734+0000] {processor.py:208} INFO - Processing /home/airflow/.local/lib/python3.12/site-packages/airflow/example_dags/example_complex.py took 0.080 seconds
[2024-11-16T14:14:28.660+0000] {processor.py:186} INFO - Started process (PID=12655) to work on /home/airflow/.local/lib/python3.12/site-packages/airflow/example_dags/example_complex.py
[2024-11-16T14:14:28.661+0000] {processor.py:914} INFO - Processing file /home/airflow/.local/lib/python3.12/site-packages/airflow/example_dags/example_complex.py for tasks to queue
[2024-11-16T14:14:28.662+0000] {logging_mixin.py:190} INFO - [2024-11-16T14:14:28.662+0000] {dagbag.py:588} INFO - Filling up the DagBag from /home/airflow/.local/lib/python3.12/site-packages/airflow/example_dags/example_complex.py
[2024-11-16T14:14:28.672+0000] {processor.py:925} INFO - DAG(s) 'example_complex' retrieved from /home/airflow/.local/lib/python3.12/site-packages/airflow/example_dags/example_complex.py
[2024-11-16T14:14:28.698+0000] {logging_mixin.py:190} INFO - [2024-11-16T14:14:28.697+0000] {dag.py:3239} INFO - Sync 1 DAGs
[2024-11-16T14:14:28.710+0000] {logging_mixin.py:190} INFO - [2024-11-16T14:14:28.709+0000] {dag.py:4180} INFO - Setting next_dagrun for example_complex to None, run_after=None
[2024-11-16T14:14:28.724+0000] {processor.py:208} INFO - Processing /home/airflow/.local/lib/python3.12/site-packages/airflow/example_dags/example_complex.py took 0.069 seconds
[2024-11-16T14:14:58.998+0000] {processor.py:186} INFO - Started process (PID=12946) to work on /home/airflow/.local/lib/python3.12/site-packages/airflow/example_dags/example_complex.py
[2024-11-16T14:14:58.999+0000] {processor.py:914} INFO - Processing file /home/airflow/.local/lib/python3.12/site-packages/airflow/example_dags/example_complex.py for tasks to queue
[2024-11-16T14:14:59.000+0000] {logging_mixin.py:190} INFO - [2024-11-16T14:14:59.000+0000] {dagbag.py:588} INFO - Filling up the DagBag from /home/airflow/.local/lib/python3.12/site-packages/airflow/example_dags/example_complex.py
[2024-11-16T14:14:59.010+0000] {processor.py:925} INFO - DAG(s) 'example_complex' retrieved from /home/airflow/.local/lib/python3.12/site-packages/airflow/example_dags/example_complex.py
[2024-11-16T14:14:59.039+0000] {logging_mixin.py:190} INFO - [2024-11-16T14:14:59.039+0000] {dag.py:3239} INFO - Sync 1 DAGs
[2024-11-16T14:14:59.053+0000] {logging_mixin.py:190} INFO - [2024-11-16T14:14:59.052+0000] {dag.py:4180} INFO - Setting next_dagrun for example_complex to None, run_after=None
[2024-11-16T14:14:59.068+0000] {processor.py:208} INFO - Processing /home/airflow/.local/lib/python3.12/site-packages/airflow/example_dags/example_complex.py took 0.074 seconds
[2024-11-16T14:15:29.590+0000] {processor.py:186} INFO - Started process (PID=13242) to work on /home/airflow/.local/lib/python3.12/site-packages/airflow/example_dags/example_complex.py
[2024-11-16T14:15:29.591+0000] {processor.py:914} INFO - Processing file /home/airflow/.local/lib/python3.12/site-packages/airflow/example_dags/example_complex.py for tasks to queue
[2024-11-16T14:15:29.593+0000] {logging_mixin.py:190} INFO - [2024-11-16T14:15:29.593+0000] {dagbag.py:588} INFO - Filling up the DagBag from /home/airflow/.local/lib/python3.12/site-packages/airflow/example_dags/example_complex.py
[2024-11-16T14:15:29.603+0000] {processor.py:925} INFO - DAG(s) 'example_complex' retrieved from /home/airflow/.local/lib/python3.12/site-packages/airflow/example_dags/example_complex.py
[2024-11-16T14:15:29.630+0000] {logging_mixin.py:190} INFO - [2024-11-16T14:15:29.630+0000] {dag.py:3239} INFO - Sync 1 DAGs
[2024-11-16T14:15:29.642+0000] {logging_mixin.py:190} INFO - [2024-11-16T14:15:29.642+0000] {dag.py:4180} INFO - Setting next_dagrun for example_complex to None, run_after=None
[2024-11-16T14:15:29.657+0000] {processor.py:208} INFO - Processing /home/airflow/.local/lib/python3.12/site-packages/airflow/example_dags/example_complex.py took 0.072 seconds
[2024-11-16T14:15:59.741+0000] {processor.py:186} INFO - Started process (PID=13533) to work on /home/airflow/.local/lib/python3.12/site-packages/airflow/example_dags/example_complex.py
[2024-11-16T14:15:59.742+0000] {processor.py:914} INFO - Processing file /home/airflow/.local/lib/python3.12/site-packages/airflow/example_dags/example_complex.py for tasks to queue
[2024-11-16T14:15:59.744+0000] {logging_mixin.py:190} INFO - [2024-11-16T14:15:59.744+0000] {dagbag.py:588} INFO - Filling up the DagBag from /home/airflow/.local/lib/python3.12/site-packages/airflow/example_dags/example_complex.py
[2024-11-16T14:15:59.755+0000] {processor.py:925} INFO - DAG(s) 'example_complex' retrieved from /home/airflow/.local/lib/python3.12/site-packages/airflow/example_dags/example_complex.py
[2024-11-16T14:15:59.782+0000] {logging_mixin.py:190} INFO - [2024-11-16T14:15:59.782+0000] {dag.py:3239} INFO - Sync 1 DAGs
[2024-11-16T14:15:59.794+0000] {logging_mixin.py:190} INFO - [2024-11-16T14:15:59.794+0000] {dag.py:4180} INFO - Setting next_dagrun for example_complex to None, run_after=None
[2024-11-16T14:15:59.810+0000] {processor.py:208} INFO - Processing /home/airflow/.local/lib/python3.12/site-packages/airflow/example_dags/example_complex.py took 0.073 seconds
[2024-11-16T14:16:30.162+0000] {processor.py:186} INFO - Started process (PID=13824) to work on /home/airflow/.local/lib/python3.12/site-packages/airflow/example_dags/example_complex.py
[2024-11-16T14:16:30.163+0000] {processor.py:914} INFO - Processing file /home/airflow/.local/lib/python3.12/site-packages/airflow/example_dags/example_complex.py for tasks to queue
[2024-11-16T14:16:30.164+0000] {logging_mixin.py:190} INFO - [2024-11-16T14:16:30.164+0000] {dagbag.py:588} INFO - Filling up the DagBag from /home/airflow/.local/lib/python3.12/site-packages/airflow/example_dags/example_complex.py
[2024-11-16T14:16:30.174+0000] {processor.py:925} INFO - DAG(s) 'example_complex' retrieved from /home/airflow/.local/lib/python3.12/site-packages/airflow/example_dags/example_complex.py
[2024-11-16T14:16:30.200+0000] {logging_mixin.py:190} INFO - [2024-11-16T14:16:30.199+0000] {dag.py:3239} INFO - Sync 1 DAGs
[2024-11-16T14:16:30.213+0000] {logging_mixin.py:190} INFO - [2024-11-16T14:16:30.213+0000] {dag.py:4180} INFO - Setting next_dagrun for example_complex to None, run_after=None
[2024-11-16T14:16:30.229+0000] {processor.py:208} INFO - Processing /home/airflow/.local/lib/python3.12/site-packages/airflow/example_dags/example_complex.py took 0.072 seconds
[2024-11-16T14:17:12.192+0000] {processor.py:186} INFO - Started process (PID=173) to work on /home/airflow/.local/lib/python3.12/site-packages/airflow/example_dags/example_complex.py
[2024-11-16T14:17:12.193+0000] {processor.py:914} INFO - Processing file /home/airflow/.local/lib/python3.12/site-packages/airflow/example_dags/example_complex.py for tasks to queue
[2024-11-16T14:17:12.194+0000] {logging_mixin.py:190} INFO - [2024-11-16T14:17:12.194+0000] {dagbag.py:588} INFO - Filling up the DagBag from /home/airflow/.local/lib/python3.12/site-packages/airflow/example_dags/example_complex.py
[2024-11-16T14:17:12.208+0000] {processor.py:925} INFO - DAG(s) 'example_complex' retrieved from /home/airflow/.local/lib/python3.12/site-packages/airflow/example_dags/example_complex.py
[2024-11-16T14:17:12.246+0000] {logging_mixin.py:190} INFO - [2024-11-16T14:17:12.246+0000] {dag.py:3239} INFO - Sync 1 DAGs
[2024-11-16T14:17:12.265+0000] {logging_mixin.py:190} INFO - [2024-11-16T14:17:12.264+0000] {dag.py:4180} INFO - Setting next_dagrun for example_complex to None, run_after=None
[2024-11-16T14:17:12.292+0000] {processor.py:208} INFO - Processing /home/airflow/.local/lib/python3.12/site-packages/airflow/example_dags/example_complex.py took 0.105 seconds
[2024-11-16T14:17:42.393+0000] {processor.py:186} INFO - Started process (PID=464) to work on /home/airflow/.local/lib/python3.12/site-packages/airflow/example_dags/example_complex.py
[2024-11-16T14:17:42.394+0000] {processor.py:914} INFO - Processing file /home/airflow/.local/lib/python3.12/site-packages/airflow/example_dags/example_complex.py for tasks to queue
[2024-11-16T14:17:42.395+0000] {logging_mixin.py:190} INFO - [2024-11-16T14:17:42.395+0000] {dagbag.py:588} INFO - Filling up the DagBag from /home/airflow/.local/lib/python3.12/site-packages/airflow/example_dags/example_complex.py
[2024-11-16T14:17:42.404+0000] {processor.py:925} INFO - DAG(s) 'example_complex' retrieved from /home/airflow/.local/lib/python3.12/site-packages/airflow/example_dags/example_complex.py
[2024-11-16T14:17:42.430+0000] {logging_mixin.py:190} INFO - [2024-11-16T14:17:42.430+0000] {dag.py:3239} INFO - Sync 1 DAGs
[2024-11-16T14:17:42.444+0000] {logging_mixin.py:190} INFO - [2024-11-16T14:17:42.443+0000] {dag.py:4180} INFO - Setting next_dagrun for example_complex to None, run_after=None
[2024-11-16T14:17:42.460+0000] {processor.py:208} INFO - Processing /home/airflow/.local/lib/python3.12/site-packages/airflow/example_dags/example_complex.py took 0.071 seconds
[2024-11-16T14:18:12.734+0000] {processor.py:186} INFO - Started process (PID=755) to work on /home/airflow/.local/lib/python3.12/site-packages/airflow/example_dags/example_complex.py
[2024-11-16T14:18:12.734+0000] {processor.py:914} INFO - Processing file /home/airflow/.local/lib/python3.12/site-packages/airflow/example_dags/example_complex.py for tasks to queue
[2024-11-16T14:18:12.737+0000] {logging_mixin.py:190} INFO - [2024-11-16T14:18:12.736+0000] {dagbag.py:588} INFO - Filling up the DagBag from /home/airflow/.local/lib/python3.12/site-packages/airflow/example_dags/example_complex.py
[2024-11-16T14:18:12.747+0000] {processor.py:925} INFO - DAG(s) 'example_complex' retrieved from /home/airflow/.local/lib/python3.12/site-packages/airflow/example_dags/example_complex.py
[2024-11-16T14:18:12.774+0000] {logging_mixin.py:190} INFO - [2024-11-16T14:18:12.774+0000] {dag.py:3239} INFO - Sync 1 DAGs
[2024-11-16T14:18:12.787+0000] {logging_mixin.py:190} INFO - [2024-11-16T14:18:12.787+0000] {dag.py:4180} INFO - Setting next_dagrun for example_complex to None, run_after=None
[2024-11-16T14:18:12.802+0000] {processor.py:208} INFO - Processing /home/airflow/.local/lib/python3.12/site-packages/airflow/example_dags/example_complex.py took 0.073 seconds
[2024-11-16T14:18:43.438+0000] {processor.py:186} INFO - Started process (PID=1046) to work on /home/airflow/.local/lib/python3.12/site-packages/airflow/example_dags/example_complex.py
[2024-11-16T14:18:43.439+0000] {processor.py:914} INFO - Processing file /home/airflow/.local/lib/python3.12/site-packages/airflow/example_dags/example_complex.py for tasks to queue
[2024-11-16T14:18:43.441+0000] {logging_mixin.py:190} INFO - [2024-11-16T14:18:43.441+0000] {dagbag.py:588} INFO - Filling up the DagBag from /home/airflow/.local/lib/python3.12/site-packages/airflow/example_dags/example_complex.py
[2024-11-16T14:18:43.452+0000] {processor.py:925} INFO - DAG(s) 'example_complex' retrieved from /home/airflow/.local/lib/python3.12/site-packages/airflow/example_dags/example_complex.py
[2024-11-16T14:18:43.479+0000] {logging_mixin.py:190} INFO - [2024-11-16T14:18:43.479+0000] {dag.py:3239} INFO - Sync 1 DAGs
[2024-11-16T14:18:43.493+0000] {logging_mixin.py:190} INFO - [2024-11-16T14:18:43.493+0000] {dag.py:4180} INFO - Setting next_dagrun for example_complex to None, run_after=None
[2024-11-16T14:18:43.508+0000] {processor.py:208} INFO - Processing /home/airflow/.local/lib/python3.12/site-packages/airflow/example_dags/example_complex.py took 0.076 seconds
[2024-11-16T14:19:13.756+0000] {processor.py:186} INFO - Started process (PID=1337) to work on /home/airflow/.local/lib/python3.12/site-packages/airflow/example_dags/example_complex.py
[2024-11-16T14:19:13.756+0000] {processor.py:914} INFO - Processing file /home/airflow/.local/lib/python3.12/site-packages/airflow/example_dags/example_complex.py for tasks to queue
[2024-11-16T14:19:13.758+0000] {logging_mixin.py:190} INFO - [2024-11-16T14:19:13.758+0000] {dagbag.py:588} INFO - Filling up the DagBag from /home/airflow/.local/lib/python3.12/site-packages/airflow/example_dags/example_complex.py
[2024-11-16T14:19:13.768+0000] {processor.py:925} INFO - DAG(s) 'example_complex' retrieved from /home/airflow/.local/lib/python3.12/site-packages/airflow/example_dags/example_complex.py
[2024-11-16T14:19:13.794+0000] {logging_mixin.py:190} INFO - [2024-11-16T14:19:13.793+0000] {dag.py:3239} INFO - Sync 1 DAGs
[2024-11-16T14:19:13.806+0000] {logging_mixin.py:190} INFO - [2024-11-16T14:19:13.806+0000] {dag.py:4180} INFO - Setting next_dagrun for example_complex to None, run_after=None
[2024-11-16T14:19:13.821+0000] {processor.py:208} INFO - Processing /home/airflow/.local/lib/python3.12/site-packages/airflow/example_dags/example_complex.py took 0.070 seconds
[2024-11-16T14:19:44.066+0000] {processor.py:186} INFO - Started process (PID=1628) to work on /home/airflow/.local/lib/python3.12/site-packages/airflow/example_dags/example_complex.py
[2024-11-16T14:19:44.067+0000] {processor.py:914} INFO - Processing file /home/airflow/.local/lib/python3.12/site-packages/airflow/example_dags/example_complex.py for tasks to queue
[2024-11-16T14:19:44.068+0000] {logging_mixin.py:190} INFO - [2024-11-16T14:19:44.068+0000] {dagbag.py:588} INFO - Filling up the DagBag from /home/airflow/.local/lib/python3.12/site-packages/airflow/example_dags/example_complex.py
[2024-11-16T14:19:44.077+0000] {processor.py:925} INFO - DAG(s) 'example_complex' retrieved from /home/airflow/.local/lib/python3.12/site-packages/airflow/example_dags/example_complex.py
[2024-11-16T14:19:44.104+0000] {logging_mixin.py:190} INFO - [2024-11-16T14:19:44.104+0000] {dag.py:3239} INFO - Sync 1 DAGs
[2024-11-16T14:19:44.117+0000] {logging_mixin.py:190} INFO - [2024-11-16T14:19:44.117+0000] {dag.py:4180} INFO - Setting next_dagrun for example_complex to None, run_after=None
[2024-11-16T14:19:44.132+0000] {processor.py:208} INFO - Processing /home/airflow/.local/lib/python3.12/site-packages/airflow/example_dags/example_complex.py took 0.071 seconds
[2024-11-16T14:20:14.377+0000] {processor.py:186} INFO - Started process (PID=1919) to work on /home/airflow/.local/lib/python3.12/site-packages/airflow/example_dags/example_complex.py
[2024-11-16T14:20:14.377+0000] {processor.py:914} INFO - Processing file /home/airflow/.local/lib/python3.12/site-packages/airflow/example_dags/example_complex.py for tasks to queue
[2024-11-16T14:20:14.379+0000] {logging_mixin.py:190} INFO - [2024-11-16T14:20:14.379+0000] {dagbag.py:588} INFO - Filling up the DagBag from /home/airflow/.local/lib/python3.12/site-packages/airflow/example_dags/example_complex.py
[2024-11-16T14:20:14.389+0000] {processor.py:925} INFO - DAG(s) 'example_complex' retrieved from /home/airflow/.local/lib/python3.12/site-packages/airflow/example_dags/example_complex.py
[2024-11-16T14:20:14.416+0000] {logging_mixin.py:190} INFO - [2024-11-16T14:20:14.416+0000] {dag.py:3239} INFO - Sync 1 DAGs
[2024-11-16T14:20:14.430+0000] {logging_mixin.py:190} INFO - [2024-11-16T14:20:14.430+0000] {dag.py:4180} INFO - Setting next_dagrun for example_complex to None, run_after=None
[2024-11-16T14:20:14.446+0000] {processor.py:208} INFO - Processing /home/airflow/.local/lib/python3.12/site-packages/airflow/example_dags/example_complex.py took 0.075 seconds
[2024-11-16T14:20:44.945+0000] {processor.py:186} INFO - Started process (PID=2210) to work on /home/airflow/.local/lib/python3.12/site-packages/airflow/example_dags/example_complex.py
[2024-11-16T14:20:44.946+0000] {processor.py:914} INFO - Processing file /home/airflow/.local/lib/python3.12/site-packages/airflow/example_dags/example_complex.py for tasks to queue
[2024-11-16T14:20:44.948+0000] {logging_mixin.py:190} INFO - [2024-11-16T14:20:44.948+0000] {dagbag.py:588} INFO - Filling up the DagBag from /home/airflow/.local/lib/python3.12/site-packages/airflow/example_dags/example_complex.py
[2024-11-16T14:20:44.958+0000] {processor.py:925} INFO - DAG(s) 'example_complex' retrieved from /home/airflow/.local/lib/python3.12/site-packages/airflow/example_dags/example_complex.py
[2024-11-16T14:20:44.991+0000] {logging_mixin.py:190} INFO - [2024-11-16T14:20:44.991+0000] {dag.py:3239} INFO - Sync 1 DAGs
[2024-11-16T14:20:45.006+0000] {logging_mixin.py:190} INFO - [2024-11-16T14:20:45.006+0000] {dag.py:4180} INFO - Setting next_dagrun for example_complex to None, run_after=None
[2024-11-16T14:20:45.022+0000] {processor.py:208} INFO - Processing /home/airflow/.local/lib/python3.12/site-packages/airflow/example_dags/example_complex.py took 0.082 seconds
[2024-11-16T14:21:15.207+0000] {processor.py:186} INFO - Started process (PID=173) to work on /home/airflow/.local/lib/python3.12/site-packages/airflow/example_dags/example_complex.py
[2024-11-16T14:21:15.208+0000] {processor.py:914} INFO - Processing file /home/airflow/.local/lib/python3.12/site-packages/airflow/example_dags/example_complex.py for tasks to queue
[2024-11-16T14:21:15.209+0000] {logging_mixin.py:190} INFO - [2024-11-16T14:21:15.209+0000] {dagbag.py:588} INFO - Filling up the DagBag from /home/airflow/.local/lib/python3.12/site-packages/airflow/example_dags/example_complex.py
[2024-11-16T14:21:15.221+0000] {processor.py:925} INFO - DAG(s) 'example_complex' retrieved from /home/airflow/.local/lib/python3.12/site-packages/airflow/example_dags/example_complex.py
[2024-11-16T14:21:15.254+0000] {logging_mixin.py:190} INFO - [2024-11-16T14:21:15.254+0000] {dag.py:3239} INFO - Sync 1 DAGs
[2024-11-16T14:21:15.267+0000] {logging_mixin.py:190} INFO - [2024-11-16T14:21:15.267+0000] {dag.py:4180} INFO - Setting next_dagrun for example_complex to None, run_after=None
[2024-11-16T14:21:15.285+0000] {processor.py:208} INFO - Processing /home/airflow/.local/lib/python3.12/site-packages/airflow/example_dags/example_complex.py took 0.083 seconds
[2024-11-16T14:21:45.973+0000] {processor.py:186} INFO - Started process (PID=464) to work on /home/airflow/.local/lib/python3.12/site-packages/airflow/example_dags/example_complex.py
[2024-11-16T14:21:45.974+0000] {processor.py:914} INFO - Processing file /home/airflow/.local/lib/python3.12/site-packages/airflow/example_dags/example_complex.py for tasks to queue
[2024-11-16T14:21:45.976+0000] {logging_mixin.py:190} INFO - [2024-11-16T14:21:45.976+0000] {dagbag.py:588} INFO - Filling up the DagBag from /home/airflow/.local/lib/python3.12/site-packages/airflow/example_dags/example_complex.py
[2024-11-16T14:21:45.985+0000] {processor.py:925} INFO - DAG(s) 'example_complex' retrieved from /home/airflow/.local/lib/python3.12/site-packages/airflow/example_dags/example_complex.py
[2024-11-16T14:21:46.011+0000] {logging_mixin.py:190} INFO - [2024-11-16T14:21:46.010+0000] {dag.py:3239} INFO - Sync 1 DAGs
[2024-11-16T14:21:46.023+0000] {logging_mixin.py:190} INFO - [2024-11-16T14:21:46.023+0000] {dag.py:4180} INFO - Setting next_dagrun for example_complex to None, run_after=None
[2024-11-16T14:21:46.038+0000] {processor.py:208} INFO - Processing /home/airflow/.local/lib/python3.12/site-packages/airflow/example_dags/example_complex.py took 0.069 seconds
[2024-11-16T14:22:16.525+0000] {processor.py:186} INFO - Started process (PID=755) to work on /home/airflow/.local/lib/python3.12/site-packages/airflow/example_dags/example_complex.py
[2024-11-16T14:22:16.525+0000] {processor.py:914} INFO - Processing file /home/airflow/.local/lib/python3.12/site-packages/airflow/example_dags/example_complex.py for tasks to queue
[2024-11-16T14:22:16.527+0000] {logging_mixin.py:190} INFO - [2024-11-16T14:22:16.527+0000] {dagbag.py:588} INFO - Filling up the DagBag from /home/airflow/.local/lib/python3.12/site-packages/airflow/example_dags/example_complex.py
[2024-11-16T14:22:16.536+0000] {processor.py:925} INFO - DAG(s) 'example_complex' retrieved from /home/airflow/.local/lib/python3.12/site-packages/airflow/example_dags/example_complex.py
[2024-11-16T14:22:16.563+0000] {logging_mixin.py:190} INFO - [2024-11-16T14:22:16.562+0000] {dag.py:3239} INFO - Sync 1 DAGs
[2024-11-16T14:22:16.575+0000] {logging_mixin.py:190} INFO - [2024-11-16T14:22:16.575+0000] {dag.py:4180} INFO - Setting next_dagrun for example_complex to None, run_after=None
[2024-11-16T14:22:16.590+0000] {processor.py:208} INFO - Processing /home/airflow/.local/lib/python3.12/site-packages/airflow/example_dags/example_complex.py took 0.070 seconds
[2024-11-16T14:22:47.260+0000] {processor.py:186} INFO - Started process (PID=1046) to work on /home/airflow/.local/lib/python3.12/site-packages/airflow/example_dags/example_complex.py
[2024-11-16T14:22:47.261+0000] {processor.py:914} INFO - Processing file /home/airflow/.local/lib/python3.12/site-packages/airflow/example_dags/example_complex.py for tasks to queue
[2024-11-16T14:22:47.262+0000] {logging_mixin.py:190} INFO - [2024-11-16T14:22:47.262+0000] {dagbag.py:588} INFO - Filling up the DagBag from /home/airflow/.local/lib/python3.12/site-packages/airflow/example_dags/example_complex.py
[2024-11-16T14:22:47.272+0000] {processor.py:925} INFO - DAG(s) 'example_complex' retrieved from /home/airflow/.local/lib/python3.12/site-packages/airflow/example_dags/example_complex.py
[2024-11-16T14:22:47.298+0000] {logging_mixin.py:190} INFO - [2024-11-16T14:22:47.298+0000] {dag.py:3239} INFO - Sync 1 DAGs
[2024-11-16T14:22:47.311+0000] {logging_mixin.py:190} INFO - [2024-11-16T14:22:47.311+0000] {dag.py:4180} INFO - Setting next_dagrun for example_complex to None, run_after=None
[2024-11-16T14:22:47.327+0000] {processor.py:208} INFO - Processing /home/airflow/.local/lib/python3.12/site-packages/airflow/example_dags/example_complex.py took 0.072 seconds
[2024-11-16T14:23:17.729+0000] {processor.py:186} INFO - Started process (PID=1337) to work on /home/airflow/.local/lib/python3.12/site-packages/airflow/example_dags/example_complex.py
[2024-11-16T14:23:17.730+0000] {processor.py:914} INFO - Processing file /home/airflow/.local/lib/python3.12/site-packages/airflow/example_dags/example_complex.py for tasks to queue
[2024-11-16T14:23:17.732+0000] {logging_mixin.py:190} INFO - [2024-11-16T14:23:17.732+0000] {dagbag.py:588} INFO - Filling up the DagBag from /home/airflow/.local/lib/python3.12/site-packages/airflow/example_dags/example_complex.py
[2024-11-16T14:23:17.742+0000] {processor.py:925} INFO - DAG(s) 'example_complex' retrieved from /home/airflow/.local/lib/python3.12/site-packages/airflow/example_dags/example_complex.py
[2024-11-16T14:23:17.769+0000] {logging_mixin.py:190} INFO - [2024-11-16T14:23:17.769+0000] {dag.py:3239} INFO - Sync 1 DAGs
[2024-11-16T14:23:17.783+0000] {logging_mixin.py:190} INFO - [2024-11-16T14:23:17.783+0000] {dag.py:4180} INFO - Setting next_dagrun for example_complex to None, run_after=None
[2024-11-16T14:23:17.801+0000] {processor.py:208} INFO - Processing /home/airflow/.local/lib/python3.12/site-packages/airflow/example_dags/example_complex.py took 0.076 seconds
[2024-11-16T14:23:48.417+0000] {processor.py:186} INFO - Started process (PID=1628) to work on /home/airflow/.local/lib/python3.12/site-packages/airflow/example_dags/example_complex.py
[2024-11-16T14:23:48.417+0000] {processor.py:914} INFO - Processing file /home/airflow/.local/lib/python3.12/site-packages/airflow/example_dags/example_complex.py for tasks to queue
[2024-11-16T14:23:48.419+0000] {logging_mixin.py:190} INFO - [2024-11-16T14:23:48.419+0000] {dagbag.py:588} INFO - Filling up the DagBag from /home/airflow/.local/lib/python3.12/site-packages/airflow/example_dags/example_complex.py
[2024-11-16T14:23:48.428+0000] {processor.py:925} INFO - DAG(s) 'example_complex' retrieved from /home/airflow/.local/lib/python3.12/site-packages/airflow/example_dags/example_complex.py
[2024-11-16T14:23:48.455+0000] {logging_mixin.py:190} INFO - [2024-11-16T14:23:48.455+0000] {dag.py:3239} INFO - Sync 1 DAGs
[2024-11-16T14:23:48.470+0000] {logging_mixin.py:190} INFO - [2024-11-16T14:23:48.470+0000] {dag.py:4180} INFO - Setting next_dagrun for example_complex to None, run_after=None
[2024-11-16T14:23:48.485+0000] {processor.py:208} INFO - Processing /home/airflow/.local/lib/python3.12/site-packages/airflow/example_dags/example_complex.py took 0.072 seconds
[2024-11-16T14:24:18.904+0000] {processor.py:186} INFO - Started process (PID=1921) to work on /home/airflow/.local/lib/python3.12/site-packages/airflow/example_dags/example_complex.py
[2024-11-16T14:24:18.905+0000] {processor.py:914} INFO - Processing file /home/airflow/.local/lib/python3.12/site-packages/airflow/example_dags/example_complex.py for tasks to queue
[2024-11-16T14:24:18.906+0000] {logging_mixin.py:190} INFO - [2024-11-16T14:24:18.906+0000] {dagbag.py:588} INFO - Filling up the DagBag from /home/airflow/.local/lib/python3.12/site-packages/airflow/example_dags/example_complex.py
[2024-11-16T14:24:18.916+0000] {processor.py:925} INFO - DAG(s) 'example_complex' retrieved from /home/airflow/.local/lib/python3.12/site-packages/airflow/example_dags/example_complex.py
[2024-11-16T14:24:18.948+0000] {logging_mixin.py:190} INFO - [2024-11-16T14:24:18.948+0000] {dag.py:3239} INFO - Sync 1 DAGs
[2024-11-16T14:24:18.960+0000] {logging_mixin.py:190} INFO - [2024-11-16T14:24:18.960+0000] {dag.py:4180} INFO - Setting next_dagrun for example_complex to None, run_after=None
[2024-11-16T14:24:18.977+0000] {processor.py:208} INFO - Processing /home/airflow/.local/lib/python3.12/site-packages/airflow/example_dags/example_complex.py took 0.078 seconds
[2024-11-16T14:24:49.392+0000] {processor.py:186} INFO - Started process (PID=2212) to work on /home/airflow/.local/lib/python3.12/site-packages/airflow/example_dags/example_complex.py
[2024-11-16T14:24:49.394+0000] {processor.py:914} INFO - Processing file /home/airflow/.local/lib/python3.12/site-packages/airflow/example_dags/example_complex.py for tasks to queue
[2024-11-16T14:24:49.396+0000] {logging_mixin.py:190} INFO - [2024-11-16T14:24:49.396+0000] {dagbag.py:588} INFO - Filling up the DagBag from /home/airflow/.local/lib/python3.12/site-packages/airflow/example_dags/example_complex.py
[2024-11-16T14:24:49.406+0000] {processor.py:925} INFO - DAG(s) 'example_complex' retrieved from /home/airflow/.local/lib/python3.12/site-packages/airflow/example_dags/example_complex.py
[2024-11-16T14:24:49.433+0000] {logging_mixin.py:190} INFO - [2024-11-16T14:24:49.433+0000] {dag.py:3239} INFO - Sync 1 DAGs
[2024-11-16T14:24:49.446+0000] {logging_mixin.py:190} INFO - [2024-11-16T14:24:49.446+0000] {dag.py:4180} INFO - Setting next_dagrun for example_complex to None, run_after=None
[2024-11-16T14:24:49.463+0000] {processor.py:208} INFO - Processing /home/airflow/.local/lib/python3.12/site-packages/airflow/example_dags/example_complex.py took 0.076 seconds
[2024-11-16T14:25:20.111+0000] {processor.py:186} INFO - Started process (PID=2503) to work on /home/airflow/.local/lib/python3.12/site-packages/airflow/example_dags/example_complex.py
[2024-11-16T14:25:20.111+0000] {processor.py:914} INFO - Processing file /home/airflow/.local/lib/python3.12/site-packages/airflow/example_dags/example_complex.py for tasks to queue
[2024-11-16T14:25:20.113+0000] {logging_mixin.py:190} INFO - [2024-11-16T14:25:20.113+0000] {dagbag.py:588} INFO - Filling up the DagBag from /home/airflow/.local/lib/python3.12/site-packages/airflow/example_dags/example_complex.py
[2024-11-16T14:25:20.123+0000] {processor.py:925} INFO - DAG(s) 'example_complex' retrieved from /home/airflow/.local/lib/python3.12/site-packages/airflow/example_dags/example_complex.py
[2024-11-16T14:25:20.148+0000] {logging_mixin.py:190} INFO - [2024-11-16T14:25:20.148+0000] {dag.py:3239} INFO - Sync 1 DAGs
[2024-11-16T14:25:20.160+0000] {logging_mixin.py:190} INFO - [2024-11-16T14:25:20.160+0000] {dag.py:4180} INFO - Setting next_dagrun for example_complex to None, run_after=None
[2024-11-16T14:25:20.177+0000] {processor.py:208} INFO - Processing /home/airflow/.local/lib/python3.12/site-packages/airflow/example_dags/example_complex.py took 0.070 seconds
[2024-11-16T14:25:50.542+0000] {processor.py:186} INFO - Started process (PID=2794) to work on /home/airflow/.local/lib/python3.12/site-packages/airflow/example_dags/example_complex.py
[2024-11-16T14:25:50.542+0000] {processor.py:914} INFO - Processing file /home/airflow/.local/lib/python3.12/site-packages/airflow/example_dags/example_complex.py for tasks to queue
[2024-11-16T14:25:50.544+0000] {logging_mixin.py:190} INFO - [2024-11-16T14:25:50.544+0000] {dagbag.py:588} INFO - Filling up the DagBag from /home/airflow/.local/lib/python3.12/site-packages/airflow/example_dags/example_complex.py
[2024-11-16T14:25:50.553+0000] {processor.py:925} INFO - DAG(s) 'example_complex' retrieved from /home/airflow/.local/lib/python3.12/site-packages/airflow/example_dags/example_complex.py
[2024-11-16T14:25:50.578+0000] {logging_mixin.py:190} INFO - [2024-11-16T14:25:50.577+0000] {dag.py:3239} INFO - Sync 1 DAGs
[2024-11-16T14:25:50.589+0000] {logging_mixin.py:190} INFO - [2024-11-16T14:25:50.589+0000] {dag.py:4180} INFO - Setting next_dagrun for example_complex to None, run_after=None
[2024-11-16T14:25:50.603+0000] {processor.py:208} INFO - Processing /home/airflow/.local/lib/python3.12/site-packages/airflow/example_dags/example_complex.py took 0.066 seconds
[2024-11-16T14:26:29.602+0000] {processor.py:186} INFO - Started process (PID=173) to work on /home/airflow/.local/lib/python3.12/site-packages/airflow/example_dags/example_complex.py
[2024-11-16T14:26:29.603+0000] {processor.py:914} INFO - Processing file /home/airflow/.local/lib/python3.12/site-packages/airflow/example_dags/example_complex.py for tasks to queue
[2024-11-16T14:26:29.605+0000] {logging_mixin.py:190} INFO - [2024-11-16T14:26:29.605+0000] {dagbag.py:588} INFO - Filling up the DagBag from /home/airflow/.local/lib/python3.12/site-packages/airflow/example_dags/example_complex.py
[2024-11-16T14:26:29.619+0000] {processor.py:925} INFO - DAG(s) 'example_complex' retrieved from /home/airflow/.local/lib/python3.12/site-packages/airflow/example_dags/example_complex.py
[2024-11-16T14:26:29.653+0000] {logging_mixin.py:190} INFO - [2024-11-16T14:26:29.653+0000] {dag.py:3239} INFO - Sync 1 DAGs
[2024-11-16T14:26:29.668+0000] {logging_mixin.py:190} INFO - [2024-11-16T14:26:29.667+0000] {dag.py:4180} INFO - Setting next_dagrun for example_complex to None, run_after=None
[2024-11-16T14:26:29.687+0000] {processor.py:208} INFO - Processing /home/airflow/.local/lib/python3.12/site-packages/airflow/example_dags/example_complex.py took 0.089 seconds
[2024-11-16T14:27:00.499+0000] {processor.py:186} INFO - Started process (PID=464) to work on /home/airflow/.local/lib/python3.12/site-packages/airflow/example_dags/example_complex.py
[2024-11-16T14:27:00.500+0000] {processor.py:914} INFO - Processing file /home/airflow/.local/lib/python3.12/site-packages/airflow/example_dags/example_complex.py for tasks to queue
[2024-11-16T14:27:00.502+0000] {logging_mixin.py:190} INFO - [2024-11-16T14:27:00.502+0000] {dagbag.py:588} INFO - Filling up the DagBag from /home/airflow/.local/lib/python3.12/site-packages/airflow/example_dags/example_complex.py
[2024-11-16T14:27:00.511+0000] {processor.py:925} INFO - DAG(s) 'example_complex' retrieved from /home/airflow/.local/lib/python3.12/site-packages/airflow/example_dags/example_complex.py
[2024-11-16T14:27:00.540+0000] {logging_mixin.py:190} INFO - [2024-11-16T14:27:00.539+0000] {dag.py:3239} INFO - Sync 1 DAGs
[2024-11-16T14:27:00.552+0000] {logging_mixin.py:190} INFO - [2024-11-16T14:27:00.552+0000] {dag.py:4180} INFO - Setting next_dagrun for example_complex to None, run_after=None
[2024-11-16T14:27:00.568+0000] {processor.py:208} INFO - Processing /home/airflow/.local/lib/python3.12/site-packages/airflow/example_dags/example_complex.py took 0.073 seconds
[2024-11-16T14:27:30.734+0000] {processor.py:186} INFO - Started process (PID=755) to work on /home/airflow/.local/lib/python3.12/site-packages/airflow/example_dags/example_complex.py
[2024-11-16T14:27:30.734+0000] {processor.py:914} INFO - Processing file /home/airflow/.local/lib/python3.12/site-packages/airflow/example_dags/example_complex.py for tasks to queue
[2024-11-16T14:27:30.736+0000] {logging_mixin.py:190} INFO - [2024-11-16T14:27:30.736+0000] {dagbag.py:588} INFO - Filling up the DagBag from /home/airflow/.local/lib/python3.12/site-packages/airflow/example_dags/example_complex.py
[2024-11-16T14:27:30.746+0000] {processor.py:925} INFO - DAG(s) 'example_complex' retrieved from /home/airflow/.local/lib/python3.12/site-packages/airflow/example_dags/example_complex.py
[2024-11-16T14:27:30.774+0000] {logging_mixin.py:190} INFO - [2024-11-16T14:27:30.774+0000] {dag.py:3239} INFO - Sync 1 DAGs
[2024-11-16T14:27:30.793+0000] {logging_mixin.py:190} INFO - [2024-11-16T14:27:30.792+0000] {dag.py:4180} INFO - Setting next_dagrun for example_complex to None, run_after=None
[2024-11-16T14:27:30.809+0000] {processor.py:208} INFO - Processing /home/airflow/.local/lib/python3.12/site-packages/airflow/example_dags/example_complex.py took 0.080 seconds
[2024-11-16T14:28:01.088+0000] {processor.py:186} INFO - Started process (PID=1046) to work on /home/airflow/.local/lib/python3.12/site-packages/airflow/example_dags/example_complex.py
[2024-11-16T14:28:01.089+0000] {processor.py:914} INFO - Processing file /home/airflow/.local/lib/python3.12/site-packages/airflow/example_dags/example_complex.py for tasks to queue
[2024-11-16T14:28:01.090+0000] {logging_mixin.py:190} INFO - [2024-11-16T14:28:01.090+0000] {dagbag.py:588} INFO - Filling up the DagBag from /home/airflow/.local/lib/python3.12/site-packages/airflow/example_dags/example_complex.py
[2024-11-16T14:28:01.099+0000] {processor.py:925} INFO - DAG(s) 'example_complex' retrieved from /home/airflow/.local/lib/python3.12/site-packages/airflow/example_dags/example_complex.py
[2024-11-16T14:28:01.126+0000] {logging_mixin.py:190} INFO - [2024-11-16T14:28:01.125+0000] {dag.py:3239} INFO - Sync 1 DAGs
[2024-11-16T14:28:01.140+0000] {logging_mixin.py:190} INFO - [2024-11-16T14:28:01.140+0000] {dag.py:4180} INFO - Setting next_dagrun for example_complex to None, run_after=None
[2024-11-16T14:28:01.157+0000] {processor.py:208} INFO - Processing /home/airflow/.local/lib/python3.12/site-packages/airflow/example_dags/example_complex.py took 0.073 seconds
[2024-11-16T14:28:31.404+0000] {processor.py:186} INFO - Started process (PID=1337) to work on /home/airflow/.local/lib/python3.12/site-packages/airflow/example_dags/example_complex.py
[2024-11-16T14:28:31.405+0000] {processor.py:914} INFO - Processing file /home/airflow/.local/lib/python3.12/site-packages/airflow/example_dags/example_complex.py for tasks to queue
[2024-11-16T14:28:31.407+0000] {logging_mixin.py:190} INFO - [2024-11-16T14:28:31.407+0000] {dagbag.py:588} INFO - Filling up the DagBag from /home/airflow/.local/lib/python3.12/site-packages/airflow/example_dags/example_complex.py
[2024-11-16T14:28:31.417+0000] {processor.py:925} INFO - DAG(s) 'example_complex' retrieved from /home/airflow/.local/lib/python3.12/site-packages/airflow/example_dags/example_complex.py
[2024-11-16T14:28:31.443+0000] {logging_mixin.py:190} INFO - [2024-11-16T14:28:31.443+0000] {dag.py:3239} INFO - Sync 1 DAGs
[2024-11-16T14:28:31.457+0000] {logging_mixin.py:190} INFO - [2024-11-16T14:28:31.457+0000] {dag.py:4180} INFO - Setting next_dagrun for example_complex to None, run_after=None
[2024-11-16T14:28:31.474+0000] {processor.py:208} INFO - Processing /home/airflow/.local/lib/python3.12/site-packages/airflow/example_dags/example_complex.py took 0.075 seconds
[2024-11-16T14:29:12.152+0000] {processor.py:186} INFO - Started process (PID=173) to work on /home/airflow/.local/lib/python3.12/site-packages/airflow/example_dags/example_complex.py
[2024-11-16T14:29:12.153+0000] {processor.py:914} INFO - Processing file /home/airflow/.local/lib/python3.12/site-packages/airflow/example_dags/example_complex.py for tasks to queue
[2024-11-16T14:29:12.155+0000] {logging_mixin.py:190} INFO - [2024-11-16T14:29:12.154+0000] {dagbag.py:588} INFO - Filling up the DagBag from /home/airflow/.local/lib/python3.12/site-packages/airflow/example_dags/example_complex.py
[2024-11-16T14:29:12.167+0000] {processor.py:925} INFO - DAG(s) 'example_complex' retrieved from /home/airflow/.local/lib/python3.12/site-packages/airflow/example_dags/example_complex.py
[2024-11-16T14:29:12.201+0000] {logging_mixin.py:190} INFO - [2024-11-16T14:29:12.201+0000] {dag.py:3239} INFO - Sync 1 DAGs
[2024-11-16T14:29:12.217+0000] {logging_mixin.py:190} INFO - [2024-11-16T14:29:12.217+0000] {dag.py:4180} INFO - Setting next_dagrun for example_complex to None, run_after=None
[2024-11-16T14:29:12.236+0000] {processor.py:208} INFO - Processing /home/airflow/.local/lib/python3.12/site-packages/airflow/example_dags/example_complex.py took 0.089 seconds
[2024-11-16T14:29:42.946+0000] {processor.py:186} INFO - Started process (PID=464) to work on /home/airflow/.local/lib/python3.12/site-packages/airflow/example_dags/example_complex.py
[2024-11-16T14:29:42.946+0000] {processor.py:914} INFO - Processing file /home/airflow/.local/lib/python3.12/site-packages/airflow/example_dags/example_complex.py for tasks to queue
[2024-11-16T14:29:42.948+0000] {logging_mixin.py:190} INFO - [2024-11-16T14:29:42.948+0000] {dagbag.py:588} INFO - Filling up the DagBag from /home/airflow/.local/lib/python3.12/site-packages/airflow/example_dags/example_complex.py
[2024-11-16T14:29:42.956+0000] {processor.py:925} INFO - DAG(s) 'example_complex' retrieved from /home/airflow/.local/lib/python3.12/site-packages/airflow/example_dags/example_complex.py
[2024-11-16T14:29:42.981+0000] {logging_mixin.py:190} INFO - [2024-11-16T14:29:42.981+0000] {dag.py:3239} INFO - Sync 1 DAGs
[2024-11-16T14:29:42.995+0000] {logging_mixin.py:190} INFO - [2024-11-16T14:29:42.994+0000] {dag.py:4180} INFO - Setting next_dagrun for example_complex to None, run_after=None
[2024-11-16T14:29:43.012+0000] {processor.py:208} INFO - Processing /home/airflow/.local/lib/python3.12/site-packages/airflow/example_dags/example_complex.py took 0.071 seconds
[2024-11-16T14:30:13.559+0000] {processor.py:186} INFO - Started process (PID=755) to work on /home/airflow/.local/lib/python3.12/site-packages/airflow/example_dags/example_complex.py
[2024-11-16T14:30:13.560+0000] {processor.py:914} INFO - Processing file /home/airflow/.local/lib/python3.12/site-packages/airflow/example_dags/example_complex.py for tasks to queue
[2024-11-16T14:30:13.562+0000] {logging_mixin.py:190} INFO - [2024-11-16T14:30:13.561+0000] {dagbag.py:588} INFO - Filling up the DagBag from /home/airflow/.local/lib/python3.12/site-packages/airflow/example_dags/example_complex.py
[2024-11-16T14:30:13.570+0000] {processor.py:925} INFO - DAG(s) 'example_complex' retrieved from /home/airflow/.local/lib/python3.12/site-packages/airflow/example_dags/example_complex.py
[2024-11-16T14:30:13.595+0000] {logging_mixin.py:190} INFO - [2024-11-16T14:30:13.595+0000] {dag.py:3239} INFO - Sync 1 DAGs
[2024-11-16T14:30:13.608+0000] {logging_mixin.py:190} INFO - [2024-11-16T14:30:13.608+0000] {dag.py:4180} INFO - Setting next_dagrun for example_complex to None, run_after=None
[2024-11-16T14:30:13.624+0000] {processor.py:208} INFO - Processing /home/airflow/.local/lib/python3.12/site-packages/airflow/example_dags/example_complex.py took 0.069 seconds
[2024-11-16T14:30:43.895+0000] {processor.py:186} INFO - Started process (PID=1046) to work on /home/airflow/.local/lib/python3.12/site-packages/airflow/example_dags/example_complex.py
[2024-11-16T14:30:43.896+0000] {processor.py:914} INFO - Processing file /home/airflow/.local/lib/python3.12/site-packages/airflow/example_dags/example_complex.py for tasks to queue
[2024-11-16T14:30:43.898+0000] {logging_mixin.py:190} INFO - [2024-11-16T14:30:43.898+0000] {dagbag.py:588} INFO - Filling up the DagBag from /home/airflow/.local/lib/python3.12/site-packages/airflow/example_dags/example_complex.py
[2024-11-16T14:30:43.911+0000] {processor.py:925} INFO - DAG(s) 'example_complex' retrieved from /home/airflow/.local/lib/python3.12/site-packages/airflow/example_dags/example_complex.py
[2024-11-16T14:30:43.940+0000] {logging_mixin.py:190} INFO - [2024-11-16T14:30:43.939+0000] {dag.py:3239} INFO - Sync 1 DAGs
[2024-11-16T14:30:43.955+0000] {logging_mixin.py:190} INFO - [2024-11-16T14:30:43.955+0000] {dag.py:4180} INFO - Setting next_dagrun for example_complex to None, run_after=None
[2024-11-16T14:30:43.975+0000] {processor.py:208} INFO - Processing /home/airflow/.local/lib/python3.12/site-packages/airflow/example_dags/example_complex.py took 0.085 seconds
[2024-11-16T14:31:22.513+0000] {processor.py:186} INFO - Started process (PID=173) to work on /home/airflow/.local/lib/python3.12/site-packages/airflow/example_dags/example_complex.py
[2024-11-16T14:31:22.514+0000] {processor.py:914} INFO - Processing file /home/airflow/.local/lib/python3.12/site-packages/airflow/example_dags/example_complex.py for tasks to queue
[2024-11-16T14:31:22.516+0000] {logging_mixin.py:190} INFO - [2024-11-16T14:31:22.516+0000] {dagbag.py:588} INFO - Filling up the DagBag from /home/airflow/.local/lib/python3.12/site-packages/airflow/example_dags/example_complex.py
[2024-11-16T14:31:22.533+0000] {processor.py:925} INFO - DAG(s) 'example_complex' retrieved from /home/airflow/.local/lib/python3.12/site-packages/airflow/example_dags/example_complex.py
[2024-11-16T14:31:22.575+0000] {logging_mixin.py:190} INFO - [2024-11-16T14:31:22.575+0000] {dag.py:3239} INFO - Sync 1 DAGs
[2024-11-16T14:31:22.590+0000] {logging_mixin.py:190} INFO - [2024-11-16T14:31:22.590+0000] {dag.py:4180} INFO - Setting next_dagrun for example_complex to None, run_after=None
[2024-11-16T14:31:22.615+0000] {processor.py:208} INFO - Processing /home/airflow/.local/lib/python3.12/site-packages/airflow/example_dags/example_complex.py took 0.109 seconds
[2024-11-16T14:31:53.416+0000] {processor.py:186} INFO - Started process (PID=464) to work on /home/airflow/.local/lib/python3.12/site-packages/airflow/example_dags/example_complex.py
[2024-11-16T14:31:53.416+0000] {processor.py:914} INFO - Processing file /home/airflow/.local/lib/python3.12/site-packages/airflow/example_dags/example_complex.py for tasks to queue
[2024-11-16T14:31:53.418+0000] {logging_mixin.py:190} INFO - [2024-11-16T14:31:53.418+0000] {dagbag.py:588} INFO - Filling up the DagBag from /home/airflow/.local/lib/python3.12/site-packages/airflow/example_dags/example_complex.py
[2024-11-16T14:31:53.427+0000] {processor.py:925} INFO - DAG(s) 'example_complex' retrieved from /home/airflow/.local/lib/python3.12/site-packages/airflow/example_dags/example_complex.py
[2024-11-16T14:31:53.455+0000] {logging_mixin.py:190} INFO - [2024-11-16T14:31:53.455+0000] {dag.py:3239} INFO - Sync 1 DAGs
[2024-11-16T14:31:53.470+0000] {logging_mixin.py:190} INFO - [2024-11-16T14:31:53.470+0000] {dag.py:4180} INFO - Setting next_dagrun for example_complex to None, run_after=None
[2024-11-16T14:31:53.485+0000] {processor.py:208} INFO - Processing /home/airflow/.local/lib/python3.12/site-packages/airflow/example_dags/example_complex.py took 0.074 seconds
