[2024-11-16T13:52:50.059+0000] {processor.py:186} INFO - Started process (PID=365) to work on /home/airflow/.local/lib/python3.12/site-packages/airflow/example_dags/tutorial.py
[2024-11-16T13:52:50.061+0000] {processor.py:914} INFO - Processing file /home/airflow/.local/lib/python3.12/site-packages/airflow/example_dags/tutorial.py for tasks to queue
[2024-11-16T13:52:50.071+0000] {logging_mixin.py:190} INFO - [2024-11-16T13:52:50.070+0000] {dagbag.py:588} INFO - Filling up the DagBag from /home/airflow/.local/lib/python3.12/site-packages/airflow/example_dags/tutorial.py
[2024-11-16T13:52:50.089+0000] {processor.py:925} INFO - DAG(s) 'tutorial' retrieved from /home/airflow/.local/lib/python3.12/site-packages/airflow/example_dags/tutorial.py
[2024-11-16T13:52:50.315+0000] {logging_mixin.py:190} INFO - [2024-11-16T13:52:50.314+0000] {override.py:1900} INFO - Created Permission View: can read on DAG:tutorial
[2024-11-16T13:52:50.343+0000] {logging_mixin.py:190} INFO - [2024-11-16T13:52:50.342+0000] {override.py:1900} INFO - Created Permission View: can delete on DAG:tutorial
[2024-11-16T13:52:50.364+0000] {logging_mixin.py:190} INFO - [2024-11-16T13:52:50.363+0000] {override.py:1900} INFO - Created Permission View: can edit on DAG:tutorial
[2024-11-16T13:52:50.381+0000] {logging_mixin.py:190} INFO - [2024-11-16T13:52:50.380+0000] {override.py:1900} INFO - Created Permission View: menu access on DAG Run:tutorial
[2024-11-16T13:52:50.403+0000] {logging_mixin.py:190} INFO - [2024-11-16T13:52:50.402+0000] {override.py:1900} INFO - Created Permission View: can read on DAG Run:tutorial
[2024-11-16T13:52:50.426+0000] {logging_mixin.py:190} INFO - [2024-11-16T13:52:50.425+0000] {override.py:1900} INFO - Created Permission View: can create on DAG Run:tutorial
[2024-11-16T13:52:50.452+0000] {logging_mixin.py:190} INFO - [2024-11-16T13:52:50.450+0000] {override.py:1900} INFO - Created Permission View: can delete on DAG Run:tutorial
[2024-11-16T13:52:50.453+0000] {logging_mixin.py:190} INFO - [2024-11-16T13:52:50.453+0000] {dag.py:3239} INFO - Sync 1 DAGs
[2024-11-16T13:52:50.486+0000] {logging_mixin.py:190} INFO - [2024-11-16T13:52:50.485+0000] {dag.py:3262} INFO - Creating ORM DAG for tutorial
[2024-11-16T13:52:50.500+0000] {logging_mixin.py:190} INFO - [2024-11-16T13:52:50.500+0000] {dag.py:4180} INFO - Setting next_dagrun for tutorial to 2024-11-15 00:00:00+00:00, run_after=2024-11-16 00:00:00+00:00
[2024-11-16T13:52:50.538+0000] {processor.py:208} INFO - Processing /home/airflow/.local/lib/python3.12/site-packages/airflow/example_dags/tutorial.py took 0.486 seconds
[2024-11-16T13:53:21.396+0000] {processor.py:186} INFO - Started process (PID=653) to work on /home/airflow/.local/lib/python3.12/site-packages/airflow/example_dags/tutorial.py
[2024-11-16T13:53:21.397+0000] {processor.py:914} INFO - Processing file /home/airflow/.local/lib/python3.12/site-packages/airflow/example_dags/tutorial.py for tasks to queue
[2024-11-16T13:53:21.398+0000] {logging_mixin.py:190} INFO - [2024-11-16T13:53:21.398+0000] {dagbag.py:588} INFO - Filling up the DagBag from /home/airflow/.local/lib/python3.12/site-packages/airflow/example_dags/tutorial.py
[2024-11-16T13:53:21.405+0000] {processor.py:925} INFO - DAG(s) 'tutorial' retrieved from /home/airflow/.local/lib/python3.12/site-packages/airflow/example_dags/tutorial.py
[2024-11-16T13:53:21.422+0000] {logging_mixin.py:190} INFO - [2024-11-16T13:53:21.422+0000] {dag.py:3239} INFO - Sync 1 DAGs
[2024-11-16T13:53:21.445+0000] {logging_mixin.py:190} INFO - [2024-11-16T13:53:21.444+0000] {dag.py:4180} INFO - Setting next_dagrun for tutorial to 2024-11-15 00:00:00+00:00, run_after=2024-11-16 00:00:00+00:00
[2024-11-16T13:53:21.459+0000] {processor.py:208} INFO - Processing /home/airflow/.local/lib/python3.12/site-packages/airflow/example_dags/tutorial.py took 0.068 seconds
[2024-11-16T13:53:51.539+0000] {processor.py:186} INFO - Started process (PID=939) to work on /home/airflow/.local/lib/python3.12/site-packages/airflow/example_dags/tutorial.py
[2024-11-16T13:53:51.540+0000] {processor.py:914} INFO - Processing file /home/airflow/.local/lib/python3.12/site-packages/airflow/example_dags/tutorial.py for tasks to queue
[2024-11-16T13:53:51.542+0000] {logging_mixin.py:190} INFO - [2024-11-16T13:53:51.541+0000] {dagbag.py:588} INFO - Filling up the DagBag from /home/airflow/.local/lib/python3.12/site-packages/airflow/example_dags/tutorial.py
[2024-11-16T13:53:51.547+0000] {processor.py:925} INFO - DAG(s) 'tutorial' retrieved from /home/airflow/.local/lib/python3.12/site-packages/airflow/example_dags/tutorial.py
[2024-11-16T13:53:51.563+0000] {logging_mixin.py:190} INFO - [2024-11-16T13:53:51.563+0000] {dag.py:3239} INFO - Sync 1 DAGs
[2024-11-16T13:53:51.583+0000] {logging_mixin.py:190} INFO - [2024-11-16T13:53:51.583+0000] {dag.py:4180} INFO - Setting next_dagrun for tutorial to 2024-11-15 00:00:00+00:00, run_after=2024-11-16 00:00:00+00:00
[2024-11-16T13:53:51.598+0000] {processor.py:208} INFO - Processing /home/airflow/.local/lib/python3.12/site-packages/airflow/example_dags/tutorial.py took 0.063 seconds
[2024-11-16T13:54:22.370+0000] {processor.py:186} INFO - Started process (PID=1225) to work on /home/airflow/.local/lib/python3.12/site-packages/airflow/example_dags/tutorial.py
[2024-11-16T13:54:22.371+0000] {processor.py:914} INFO - Processing file /home/airflow/.local/lib/python3.12/site-packages/airflow/example_dags/tutorial.py for tasks to queue
[2024-11-16T13:54:22.372+0000] {logging_mixin.py:190} INFO - [2024-11-16T13:54:22.372+0000] {dagbag.py:588} INFO - Filling up the DagBag from /home/airflow/.local/lib/python3.12/site-packages/airflow/example_dags/tutorial.py
[2024-11-16T13:54:22.378+0000] {processor.py:925} INFO - DAG(s) 'tutorial' retrieved from /home/airflow/.local/lib/python3.12/site-packages/airflow/example_dags/tutorial.py
[2024-11-16T13:54:22.395+0000] {logging_mixin.py:190} INFO - [2024-11-16T13:54:22.395+0000] {dag.py:3239} INFO - Sync 1 DAGs
[2024-11-16T13:54:22.415+0000] {logging_mixin.py:190} INFO - [2024-11-16T13:54:22.415+0000] {dag.py:4180} INFO - Setting next_dagrun for tutorial to 2024-11-15 00:00:00+00:00, run_after=2024-11-16 00:00:00+00:00
[2024-11-16T13:54:22.429+0000] {processor.py:208} INFO - Processing /home/airflow/.local/lib/python3.12/site-packages/airflow/example_dags/tutorial.py took 0.064 seconds
[2024-11-16T13:54:52.567+0000] {processor.py:186} INFO - Started process (PID=1511) to work on /home/airflow/.local/lib/python3.12/site-packages/airflow/example_dags/tutorial.py
[2024-11-16T13:54:52.569+0000] {processor.py:914} INFO - Processing file /home/airflow/.local/lib/python3.12/site-packages/airflow/example_dags/tutorial.py for tasks to queue
[2024-11-16T13:54:52.570+0000] {logging_mixin.py:190} INFO - [2024-11-16T13:54:52.570+0000] {dagbag.py:588} INFO - Filling up the DagBag from /home/airflow/.local/lib/python3.12/site-packages/airflow/example_dags/tutorial.py
[2024-11-16T13:54:52.576+0000] {processor.py:925} INFO - DAG(s) 'tutorial' retrieved from /home/airflow/.local/lib/python3.12/site-packages/airflow/example_dags/tutorial.py
[2024-11-16T13:54:52.591+0000] {logging_mixin.py:190} INFO - [2024-11-16T13:54:52.591+0000] {dag.py:3239} INFO - Sync 1 DAGs
[2024-11-16T13:54:52.611+0000] {logging_mixin.py:190} INFO - [2024-11-16T13:54:52.611+0000] {dag.py:4180} INFO - Setting next_dagrun for tutorial to 2024-11-15 00:00:00+00:00, run_after=2024-11-16 00:00:00+00:00
[2024-11-16T13:54:52.626+0000] {processor.py:208} INFO - Processing /home/airflow/.local/lib/python3.12/site-packages/airflow/example_dags/tutorial.py took 0.063 seconds
[2024-11-16T13:55:22.793+0000] {processor.py:186} INFO - Started process (PID=1797) to work on /home/airflow/.local/lib/python3.12/site-packages/airflow/example_dags/tutorial.py
[2024-11-16T13:55:22.794+0000] {processor.py:914} INFO - Processing file /home/airflow/.local/lib/python3.12/site-packages/airflow/example_dags/tutorial.py for tasks to queue
[2024-11-16T13:55:22.796+0000] {logging_mixin.py:190} INFO - [2024-11-16T13:55:22.796+0000] {dagbag.py:588} INFO - Filling up the DagBag from /home/airflow/.local/lib/python3.12/site-packages/airflow/example_dags/tutorial.py
[2024-11-16T13:55:22.803+0000] {processor.py:925} INFO - DAG(s) 'tutorial' retrieved from /home/airflow/.local/lib/python3.12/site-packages/airflow/example_dags/tutorial.py
[2024-11-16T13:55:22.821+0000] {logging_mixin.py:190} INFO - [2024-11-16T13:55:22.821+0000] {dag.py:3239} INFO - Sync 1 DAGs
[2024-11-16T13:55:22.841+0000] {logging_mixin.py:190} INFO - [2024-11-16T13:55:22.841+0000] {dag.py:4180} INFO - Setting next_dagrun for tutorial to 2024-11-15 00:00:00+00:00, run_after=2024-11-16 00:00:00+00:00
[2024-11-16T13:55:22.856+0000] {processor.py:208} INFO - Processing /home/airflow/.local/lib/python3.12/site-packages/airflow/example_dags/tutorial.py took 0.069 seconds
[2024-11-16T13:55:53.682+0000] {processor.py:186} INFO - Started process (PID=2083) to work on /home/airflow/.local/lib/python3.12/site-packages/airflow/example_dags/tutorial.py
[2024-11-16T13:55:53.683+0000] {processor.py:914} INFO - Processing file /home/airflow/.local/lib/python3.12/site-packages/airflow/example_dags/tutorial.py for tasks to queue
[2024-11-16T13:55:53.685+0000] {logging_mixin.py:190} INFO - [2024-11-16T13:55:53.685+0000] {dagbag.py:588} INFO - Filling up the DagBag from /home/airflow/.local/lib/python3.12/site-packages/airflow/example_dags/tutorial.py
[2024-11-16T13:55:53.691+0000] {processor.py:925} INFO - DAG(s) 'tutorial' retrieved from /home/airflow/.local/lib/python3.12/site-packages/airflow/example_dags/tutorial.py
[2024-11-16T13:55:53.706+0000] {logging_mixin.py:190} INFO - [2024-11-16T13:55:53.706+0000] {dag.py:3239} INFO - Sync 1 DAGs
[2024-11-16T13:55:53.725+0000] {logging_mixin.py:190} INFO - [2024-11-16T13:55:53.724+0000] {dag.py:4180} INFO - Setting next_dagrun for tutorial to 2024-11-15 00:00:00+00:00, run_after=2024-11-16 00:00:00+00:00
[2024-11-16T13:55:53.739+0000] {processor.py:208} INFO - Processing /home/airflow/.local/lib/python3.12/site-packages/airflow/example_dags/tutorial.py took 0.061 seconds
[2024-11-16T13:56:23.898+0000] {processor.py:186} INFO - Started process (PID=2369) to work on /home/airflow/.local/lib/python3.12/site-packages/airflow/example_dags/tutorial.py
[2024-11-16T13:56:23.899+0000] {processor.py:914} INFO - Processing file /home/airflow/.local/lib/python3.12/site-packages/airflow/example_dags/tutorial.py for tasks to queue
[2024-11-16T13:56:23.900+0000] {logging_mixin.py:190} INFO - [2024-11-16T13:56:23.900+0000] {dagbag.py:588} INFO - Filling up the DagBag from /home/airflow/.local/lib/python3.12/site-packages/airflow/example_dags/tutorial.py
[2024-11-16T13:56:23.906+0000] {processor.py:925} INFO - DAG(s) 'tutorial' retrieved from /home/airflow/.local/lib/python3.12/site-packages/airflow/example_dags/tutorial.py
[2024-11-16T13:56:23.921+0000] {logging_mixin.py:190} INFO - [2024-11-16T13:56:23.920+0000] {dag.py:3239} INFO - Sync 1 DAGs
[2024-11-16T13:56:23.939+0000] {logging_mixin.py:190} INFO - [2024-11-16T13:56:23.939+0000] {dag.py:4180} INFO - Setting next_dagrun for tutorial to 2024-11-15 00:00:00+00:00, run_after=2024-11-16 00:00:00+00:00
[2024-11-16T13:56:23.956+0000] {processor.py:208} INFO - Processing /home/airflow/.local/lib/python3.12/site-packages/airflow/example_dags/tutorial.py took 0.063 seconds
[2024-11-16T13:56:54.077+0000] {processor.py:186} INFO - Started process (PID=2655) to work on /home/airflow/.local/lib/python3.12/site-packages/airflow/example_dags/tutorial.py
[2024-11-16T13:56:54.078+0000] {processor.py:914} INFO - Processing file /home/airflow/.local/lib/python3.12/site-packages/airflow/example_dags/tutorial.py for tasks to queue
[2024-11-16T13:56:54.080+0000] {logging_mixin.py:190} INFO - [2024-11-16T13:56:54.080+0000] {dagbag.py:588} INFO - Filling up the DagBag from /home/airflow/.local/lib/python3.12/site-packages/airflow/example_dags/tutorial.py
[2024-11-16T13:56:54.085+0000] {processor.py:925} INFO - DAG(s) 'tutorial' retrieved from /home/airflow/.local/lib/python3.12/site-packages/airflow/example_dags/tutorial.py
[2024-11-16T13:56:54.100+0000] {logging_mixin.py:190} INFO - [2024-11-16T13:56:54.100+0000] {dag.py:3239} INFO - Sync 1 DAGs
[2024-11-16T13:56:54.118+0000] {logging_mixin.py:190} INFO - [2024-11-16T13:56:54.118+0000] {dag.py:4180} INFO - Setting next_dagrun for tutorial to 2024-11-15 00:00:00+00:00, run_after=2024-11-16 00:00:00+00:00
[2024-11-16T13:56:54.132+0000] {processor.py:208} INFO - Processing /home/airflow/.local/lib/python3.12/site-packages/airflow/example_dags/tutorial.py took 0.059 seconds
[2024-11-16T13:57:25.029+0000] {processor.py:186} INFO - Started process (PID=2941) to work on /home/airflow/.local/lib/python3.12/site-packages/airflow/example_dags/tutorial.py
[2024-11-16T13:57:25.030+0000] {processor.py:914} INFO - Processing file /home/airflow/.local/lib/python3.12/site-packages/airflow/example_dags/tutorial.py for tasks to queue
[2024-11-16T13:57:25.031+0000] {logging_mixin.py:190} INFO - [2024-11-16T13:57:25.031+0000] {dagbag.py:588} INFO - Filling up the DagBag from /home/airflow/.local/lib/python3.12/site-packages/airflow/example_dags/tutorial.py
[2024-11-16T13:57:25.037+0000] {processor.py:925} INFO - DAG(s) 'tutorial' retrieved from /home/airflow/.local/lib/python3.12/site-packages/airflow/example_dags/tutorial.py
[2024-11-16T13:57:25.052+0000] {logging_mixin.py:190} INFO - [2024-11-16T13:57:25.052+0000] {dag.py:3239} INFO - Sync 1 DAGs
[2024-11-16T13:57:25.070+0000] {logging_mixin.py:190} INFO - [2024-11-16T13:57:25.070+0000] {dag.py:4180} INFO - Setting next_dagrun for tutorial to 2024-11-15 00:00:00+00:00, run_after=2024-11-16 00:00:00+00:00
[2024-11-16T13:57:25.085+0000] {processor.py:208} INFO - Processing /home/airflow/.local/lib/python3.12/site-packages/airflow/example_dags/tutorial.py took 0.060 seconds
[2024-11-16T13:57:55.938+0000] {processor.py:186} INFO - Started process (PID=3232) to work on /home/airflow/.local/lib/python3.12/site-packages/airflow/example_dags/tutorial.py
[2024-11-16T13:57:55.938+0000] {processor.py:914} INFO - Processing file /home/airflow/.local/lib/python3.12/site-packages/airflow/example_dags/tutorial.py for tasks to queue
[2024-11-16T13:57:55.940+0000] {logging_mixin.py:190} INFO - [2024-11-16T13:57:55.940+0000] {dagbag.py:588} INFO - Filling up the DagBag from /home/airflow/.local/lib/python3.12/site-packages/airflow/example_dags/tutorial.py
[2024-11-16T13:57:55.946+0000] {processor.py:925} INFO - DAG(s) 'tutorial' retrieved from /home/airflow/.local/lib/python3.12/site-packages/airflow/example_dags/tutorial.py
[2024-11-16T13:57:55.961+0000] {logging_mixin.py:190} INFO - [2024-11-16T13:57:55.961+0000] {dag.py:3239} INFO - Sync 1 DAGs
[2024-11-16T13:57:55.979+0000] {logging_mixin.py:190} INFO - [2024-11-16T13:57:55.979+0000] {dag.py:4180} INFO - Setting next_dagrun for tutorial to 2024-11-15 00:00:00+00:00, run_after=2024-11-16 00:00:00+00:00
[2024-11-16T13:57:55.994+0000] {processor.py:208} INFO - Processing /home/airflow/.local/lib/python3.12/site-packages/airflow/example_dags/tutorial.py took 0.060 seconds
[2024-11-16T13:58:26.908+0000] {processor.py:186} INFO - Started process (PID=3523) to work on /home/airflow/.local/lib/python3.12/site-packages/airflow/example_dags/tutorial.py
[2024-11-16T13:58:26.909+0000] {processor.py:914} INFO - Processing file /home/airflow/.local/lib/python3.12/site-packages/airflow/example_dags/tutorial.py for tasks to queue
[2024-11-16T13:58:26.910+0000] {logging_mixin.py:190} INFO - [2024-11-16T13:58:26.910+0000] {dagbag.py:588} INFO - Filling up the DagBag from /home/airflow/.local/lib/python3.12/site-packages/airflow/example_dags/tutorial.py
[2024-11-16T13:58:26.916+0000] {processor.py:925} INFO - DAG(s) 'tutorial' retrieved from /home/airflow/.local/lib/python3.12/site-packages/airflow/example_dags/tutorial.py
[2024-11-16T13:58:26.930+0000] {logging_mixin.py:190} INFO - [2024-11-16T13:58:26.930+0000] {dag.py:3239} INFO - Sync 1 DAGs
[2024-11-16T13:58:26.949+0000] {logging_mixin.py:190} INFO - [2024-11-16T13:58:26.949+0000] {dag.py:4180} INFO - Setting next_dagrun for tutorial to 2024-11-15 00:00:00+00:00, run_after=2024-11-16 00:00:00+00:00
[2024-11-16T13:58:26.963+0000] {processor.py:208} INFO - Processing /home/airflow/.local/lib/python3.12/site-packages/airflow/example_dags/tutorial.py took 0.059 seconds
[2024-11-16T13:58:57.027+0000] {processor.py:186} INFO - Started process (PID=3814) to work on /home/airflow/.local/lib/python3.12/site-packages/airflow/example_dags/tutorial.py
[2024-11-16T13:58:57.027+0000] {processor.py:914} INFO - Processing file /home/airflow/.local/lib/python3.12/site-packages/airflow/example_dags/tutorial.py for tasks to queue
[2024-11-16T13:58:57.029+0000] {logging_mixin.py:190} INFO - [2024-11-16T13:58:57.029+0000] {dagbag.py:588} INFO - Filling up the DagBag from /home/airflow/.local/lib/python3.12/site-packages/airflow/example_dags/tutorial.py
[2024-11-16T13:58:57.035+0000] {processor.py:925} INFO - DAG(s) 'tutorial' retrieved from /home/airflow/.local/lib/python3.12/site-packages/airflow/example_dags/tutorial.py
[2024-11-16T13:58:57.049+0000] {logging_mixin.py:190} INFO - [2024-11-16T13:58:57.049+0000] {dag.py:3239} INFO - Sync 1 DAGs
[2024-11-16T13:58:57.069+0000] {logging_mixin.py:190} INFO - [2024-11-16T13:58:57.068+0000] {dag.py:4180} INFO - Setting next_dagrun for tutorial to 2024-11-15 00:00:00+00:00, run_after=2024-11-16 00:00:00+00:00
[2024-11-16T13:58:57.082+0000] {processor.py:208} INFO - Processing /home/airflow/.local/lib/python3.12/site-packages/airflow/example_dags/tutorial.py took 0.060 seconds
[2024-11-16T13:59:27.204+0000] {processor.py:186} INFO - Started process (PID=4105) to work on /home/airflow/.local/lib/python3.12/site-packages/airflow/example_dags/tutorial.py
[2024-11-16T13:59:27.205+0000] {processor.py:914} INFO - Processing file /home/airflow/.local/lib/python3.12/site-packages/airflow/example_dags/tutorial.py for tasks to queue
[2024-11-16T13:59:27.207+0000] {logging_mixin.py:190} INFO - [2024-11-16T13:59:27.207+0000] {dagbag.py:588} INFO - Filling up the DagBag from /home/airflow/.local/lib/python3.12/site-packages/airflow/example_dags/tutorial.py
[2024-11-16T13:59:27.212+0000] {processor.py:925} INFO - DAG(s) 'tutorial' retrieved from /home/airflow/.local/lib/python3.12/site-packages/airflow/example_dags/tutorial.py
[2024-11-16T13:59:27.227+0000] {logging_mixin.py:190} INFO - [2024-11-16T13:59:27.227+0000] {dag.py:3239} INFO - Sync 1 DAGs
[2024-11-16T13:59:27.246+0000] {logging_mixin.py:190} INFO - [2024-11-16T13:59:27.246+0000] {dag.py:4180} INFO - Setting next_dagrun for tutorial to 2024-11-15 00:00:00+00:00, run_after=2024-11-16 00:00:00+00:00
[2024-11-16T13:59:27.261+0000] {processor.py:208} INFO - Processing /home/airflow/.local/lib/python3.12/site-packages/airflow/example_dags/tutorial.py took 0.061 seconds
[2024-11-16T13:59:57.439+0000] {processor.py:186} INFO - Started process (PID=4396) to work on /home/airflow/.local/lib/python3.12/site-packages/airflow/example_dags/tutorial.py
[2024-11-16T13:59:57.440+0000] {processor.py:914} INFO - Processing file /home/airflow/.local/lib/python3.12/site-packages/airflow/example_dags/tutorial.py for tasks to queue
[2024-11-16T13:59:57.442+0000] {logging_mixin.py:190} INFO - [2024-11-16T13:59:57.442+0000] {dagbag.py:588} INFO - Filling up the DagBag from /home/airflow/.local/lib/python3.12/site-packages/airflow/example_dags/tutorial.py
[2024-11-16T13:59:57.447+0000] {processor.py:925} INFO - DAG(s) 'tutorial' retrieved from /home/airflow/.local/lib/python3.12/site-packages/airflow/example_dags/tutorial.py
[2024-11-16T13:59:57.464+0000] {logging_mixin.py:190} INFO - [2024-11-16T13:59:57.464+0000] {dag.py:3239} INFO - Sync 1 DAGs
[2024-11-16T13:59:57.484+0000] {logging_mixin.py:190} INFO - [2024-11-16T13:59:57.484+0000] {dag.py:4180} INFO - Setting next_dagrun for tutorial to 2024-11-15 00:00:00+00:00, run_after=2024-11-16 00:00:00+00:00
[2024-11-16T13:59:57.499+0000] {processor.py:208} INFO - Processing /home/airflow/.local/lib/python3.12/site-packages/airflow/example_dags/tutorial.py took 0.065 seconds
[2024-11-16T14:00:27.704+0000] {processor.py:186} INFO - Started process (PID=4687) to work on /home/airflow/.local/lib/python3.12/site-packages/airflow/example_dags/tutorial.py
[2024-11-16T14:00:27.705+0000] {processor.py:914} INFO - Processing file /home/airflow/.local/lib/python3.12/site-packages/airflow/example_dags/tutorial.py for tasks to queue
[2024-11-16T14:00:27.707+0000] {logging_mixin.py:190} INFO - [2024-11-16T14:00:27.706+0000] {dagbag.py:588} INFO - Filling up the DagBag from /home/airflow/.local/lib/python3.12/site-packages/airflow/example_dags/tutorial.py
[2024-11-16T14:00:27.712+0000] {processor.py:925} INFO - DAG(s) 'tutorial' retrieved from /home/airflow/.local/lib/python3.12/site-packages/airflow/example_dags/tutorial.py
[2024-11-16T14:00:27.728+0000] {logging_mixin.py:190} INFO - [2024-11-16T14:00:27.727+0000] {dag.py:3239} INFO - Sync 1 DAGs
[2024-11-16T14:00:27.746+0000] {logging_mixin.py:190} INFO - [2024-11-16T14:00:27.746+0000] {dag.py:4180} INFO - Setting next_dagrun for tutorial to 2024-11-15 00:00:00+00:00, run_after=2024-11-16 00:00:00+00:00
[2024-11-16T14:00:27.760+0000] {processor.py:208} INFO - Processing /home/airflow/.local/lib/python3.12/site-packages/airflow/example_dags/tutorial.py took 0.060 seconds
[2024-11-16T14:00:58.067+0000] {processor.py:186} INFO - Started process (PID=4978) to work on /home/airflow/.local/lib/python3.12/site-packages/airflow/example_dags/tutorial.py
[2024-11-16T14:00:58.068+0000] {processor.py:914} INFO - Processing file /home/airflow/.local/lib/python3.12/site-packages/airflow/example_dags/tutorial.py for tasks to queue
[2024-11-16T14:00:58.070+0000] {logging_mixin.py:190} INFO - [2024-11-16T14:00:58.070+0000] {dagbag.py:588} INFO - Filling up the DagBag from /home/airflow/.local/lib/python3.12/site-packages/airflow/example_dags/tutorial.py
[2024-11-16T14:00:58.075+0000] {processor.py:925} INFO - DAG(s) 'tutorial' retrieved from /home/airflow/.local/lib/python3.12/site-packages/airflow/example_dags/tutorial.py
[2024-11-16T14:00:58.090+0000] {logging_mixin.py:190} INFO - [2024-11-16T14:00:58.090+0000] {dag.py:3239} INFO - Sync 1 DAGs
[2024-11-16T14:00:58.109+0000] {logging_mixin.py:190} INFO - [2024-11-16T14:00:58.109+0000] {dag.py:4180} INFO - Setting next_dagrun for tutorial to 2024-11-15 00:00:00+00:00, run_after=2024-11-16 00:00:00+00:00
[2024-11-16T14:00:58.123+0000] {processor.py:208} INFO - Processing /home/airflow/.local/lib/python3.12/site-packages/airflow/example_dags/tutorial.py took 0.060 seconds
[2024-11-16T14:01:28.348+0000] {processor.py:186} INFO - Started process (PID=5269) to work on /home/airflow/.local/lib/python3.12/site-packages/airflow/example_dags/tutorial.py
[2024-11-16T14:01:28.349+0000] {processor.py:914} INFO - Processing file /home/airflow/.local/lib/python3.12/site-packages/airflow/example_dags/tutorial.py for tasks to queue
[2024-11-16T14:01:28.351+0000] {logging_mixin.py:190} INFO - [2024-11-16T14:01:28.351+0000] {dagbag.py:588} INFO - Filling up the DagBag from /home/airflow/.local/lib/python3.12/site-packages/airflow/example_dags/tutorial.py
[2024-11-16T14:01:28.358+0000] {processor.py:925} INFO - DAG(s) 'tutorial' retrieved from /home/airflow/.local/lib/python3.12/site-packages/airflow/example_dags/tutorial.py
[2024-11-16T14:01:28.375+0000] {logging_mixin.py:190} INFO - [2024-11-16T14:01:28.374+0000] {dag.py:3239} INFO - Sync 1 DAGs
[2024-11-16T14:01:28.396+0000] {logging_mixin.py:190} INFO - [2024-11-16T14:01:28.396+0000] {dag.py:4180} INFO - Setting next_dagrun for tutorial to 2024-11-15 00:00:00+00:00, run_after=2024-11-16 00:00:00+00:00
[2024-11-16T14:01:28.412+0000] {processor.py:208} INFO - Processing /home/airflow/.local/lib/python3.12/site-packages/airflow/example_dags/tutorial.py took 0.068 seconds
[2024-11-16T14:01:58.558+0000] {processor.py:186} INFO - Started process (PID=5560) to work on /home/airflow/.local/lib/python3.12/site-packages/airflow/example_dags/tutorial.py
[2024-11-16T14:01:58.559+0000] {processor.py:914} INFO - Processing file /home/airflow/.local/lib/python3.12/site-packages/airflow/example_dags/tutorial.py for tasks to queue
[2024-11-16T14:01:58.561+0000] {logging_mixin.py:190} INFO - [2024-11-16T14:01:58.561+0000] {dagbag.py:588} INFO - Filling up the DagBag from /home/airflow/.local/lib/python3.12/site-packages/airflow/example_dags/tutorial.py
[2024-11-16T14:01:58.567+0000] {processor.py:925} INFO - DAG(s) 'tutorial' retrieved from /home/airflow/.local/lib/python3.12/site-packages/airflow/example_dags/tutorial.py
[2024-11-16T14:01:58.582+0000] {logging_mixin.py:190} INFO - [2024-11-16T14:01:58.582+0000] {dag.py:3239} INFO - Sync 1 DAGs
[2024-11-16T14:01:58.602+0000] {logging_mixin.py:190} INFO - [2024-11-16T14:01:58.601+0000] {dag.py:4180} INFO - Setting next_dagrun for tutorial to 2024-11-15 00:00:00+00:00, run_after=2024-11-16 00:00:00+00:00
[2024-11-16T14:01:58.618+0000] {processor.py:208} INFO - Processing /home/airflow/.local/lib/python3.12/site-packages/airflow/example_dags/tutorial.py took 0.065 seconds
[2024-11-16T14:02:28.959+0000] {processor.py:186} INFO - Started process (PID=5851) to work on /home/airflow/.local/lib/python3.12/site-packages/airflow/example_dags/tutorial.py
[2024-11-16T14:02:28.960+0000] {processor.py:914} INFO - Processing file /home/airflow/.local/lib/python3.12/site-packages/airflow/example_dags/tutorial.py for tasks to queue
[2024-11-16T14:02:28.962+0000] {logging_mixin.py:190} INFO - [2024-11-16T14:02:28.962+0000] {dagbag.py:588} INFO - Filling up the DagBag from /home/airflow/.local/lib/python3.12/site-packages/airflow/example_dags/tutorial.py
[2024-11-16T14:02:28.968+0000] {processor.py:925} INFO - DAG(s) 'tutorial' retrieved from /home/airflow/.local/lib/python3.12/site-packages/airflow/example_dags/tutorial.py
[2024-11-16T14:02:28.983+0000] {logging_mixin.py:190} INFO - [2024-11-16T14:02:28.983+0000] {dag.py:3239} INFO - Sync 1 DAGs
[2024-11-16T14:02:29.001+0000] {logging_mixin.py:190} INFO - [2024-11-16T14:02:29.001+0000] {dag.py:4180} INFO - Setting next_dagrun for tutorial to 2024-11-15 00:00:00+00:00, run_after=2024-11-16 00:00:00+00:00
[2024-11-16T14:02:29.015+0000] {processor.py:208} INFO - Processing /home/airflow/.local/lib/python3.12/site-packages/airflow/example_dags/tutorial.py took 0.061 seconds
[2024-11-16T14:02:59.101+0000] {processor.py:186} INFO - Started process (PID=6147) to work on /home/airflow/.local/lib/python3.12/site-packages/airflow/example_dags/tutorial.py
[2024-11-16T14:02:59.101+0000] {processor.py:914} INFO - Processing file /home/airflow/.local/lib/python3.12/site-packages/airflow/example_dags/tutorial.py for tasks to queue
[2024-11-16T14:02:59.103+0000] {logging_mixin.py:190} INFO - [2024-11-16T14:02:59.103+0000] {dagbag.py:588} INFO - Filling up the DagBag from /home/airflow/.local/lib/python3.12/site-packages/airflow/example_dags/tutorial.py
[2024-11-16T14:02:59.108+0000] {processor.py:925} INFO - DAG(s) 'tutorial' retrieved from /home/airflow/.local/lib/python3.12/site-packages/airflow/example_dags/tutorial.py
[2024-11-16T14:02:59.123+0000] {logging_mixin.py:190} INFO - [2024-11-16T14:02:59.123+0000] {dag.py:3239} INFO - Sync 1 DAGs
[2024-11-16T14:02:59.141+0000] {logging_mixin.py:190} INFO - [2024-11-16T14:02:59.141+0000] {dag.py:4180} INFO - Setting next_dagrun for tutorial to 2024-11-15 00:00:00+00:00, run_after=2024-11-16 00:00:00+00:00
[2024-11-16T14:02:59.155+0000] {processor.py:208} INFO - Processing /home/airflow/.local/lib/python3.12/site-packages/airflow/example_dags/tutorial.py took 0.059 seconds
[2024-11-16T14:03:29.292+0000] {processor.py:186} INFO - Started process (PID=6438) to work on /home/airflow/.local/lib/python3.12/site-packages/airflow/example_dags/tutorial.py
[2024-11-16T14:03:29.293+0000] {processor.py:914} INFO - Processing file /home/airflow/.local/lib/python3.12/site-packages/airflow/example_dags/tutorial.py for tasks to queue
[2024-11-16T14:03:29.295+0000] {logging_mixin.py:190} INFO - [2024-11-16T14:03:29.295+0000] {dagbag.py:588} INFO - Filling up the DagBag from /home/airflow/.local/lib/python3.12/site-packages/airflow/example_dags/tutorial.py
[2024-11-16T14:03:29.300+0000] {processor.py:925} INFO - DAG(s) 'tutorial' retrieved from /home/airflow/.local/lib/python3.12/site-packages/airflow/example_dags/tutorial.py
[2024-11-16T14:03:29.315+0000] {logging_mixin.py:190} INFO - [2024-11-16T14:03:29.315+0000] {dag.py:3239} INFO - Sync 1 DAGs
[2024-11-16T14:03:29.334+0000] {logging_mixin.py:190} INFO - [2024-11-16T14:03:29.334+0000] {dag.py:4180} INFO - Setting next_dagrun for tutorial to 2024-11-15 00:00:00+00:00, run_after=2024-11-16 00:00:00+00:00
[2024-11-16T14:03:29.350+0000] {processor.py:208} INFO - Processing /home/airflow/.local/lib/python3.12/site-packages/airflow/example_dags/tutorial.py took 0.062 seconds
[2024-11-16T14:04:00.223+0000] {processor.py:186} INFO - Started process (PID=6729) to work on /home/airflow/.local/lib/python3.12/site-packages/airflow/example_dags/tutorial.py
[2024-11-16T14:04:00.224+0000] {processor.py:914} INFO - Processing file /home/airflow/.local/lib/python3.12/site-packages/airflow/example_dags/tutorial.py for tasks to queue
[2024-11-16T14:04:00.226+0000] {logging_mixin.py:190} INFO - [2024-11-16T14:04:00.226+0000] {dagbag.py:588} INFO - Filling up the DagBag from /home/airflow/.local/lib/python3.12/site-packages/airflow/example_dags/tutorial.py
[2024-11-16T14:04:00.232+0000] {processor.py:925} INFO - DAG(s) 'tutorial' retrieved from /home/airflow/.local/lib/python3.12/site-packages/airflow/example_dags/tutorial.py
[2024-11-16T14:04:00.247+0000] {logging_mixin.py:190} INFO - [2024-11-16T14:04:00.247+0000] {dag.py:3239} INFO - Sync 1 DAGs
[2024-11-16T14:04:00.267+0000] {logging_mixin.py:190} INFO - [2024-11-16T14:04:00.267+0000] {dag.py:4180} INFO - Setting next_dagrun for tutorial to 2024-11-15 00:00:00+00:00, run_after=2024-11-16 00:00:00+00:00
[2024-11-16T14:04:00.282+0000] {processor.py:208} INFO - Processing /home/airflow/.local/lib/python3.12/site-packages/airflow/example_dags/tutorial.py took 0.063 seconds
[2024-11-16T14:04:30.380+0000] {processor.py:186} INFO - Started process (PID=7018) to work on /home/airflow/.local/lib/python3.12/site-packages/airflow/example_dags/tutorial.py
[2024-11-16T14:04:30.381+0000] {processor.py:914} INFO - Processing file /home/airflow/.local/lib/python3.12/site-packages/airflow/example_dags/tutorial.py for tasks to queue
[2024-11-16T14:04:30.382+0000] {logging_mixin.py:190} INFO - [2024-11-16T14:04:30.382+0000] {dagbag.py:588} INFO - Filling up the DagBag from /home/airflow/.local/lib/python3.12/site-packages/airflow/example_dags/tutorial.py
[2024-11-16T14:04:30.388+0000] {processor.py:925} INFO - DAG(s) 'tutorial' retrieved from /home/airflow/.local/lib/python3.12/site-packages/airflow/example_dags/tutorial.py
[2024-11-16T14:04:30.404+0000] {logging_mixin.py:190} INFO - [2024-11-16T14:04:30.404+0000] {dag.py:3239} INFO - Sync 1 DAGs
[2024-11-16T14:04:30.425+0000] {logging_mixin.py:190} INFO - [2024-11-16T14:04:30.425+0000] {dag.py:4180} INFO - Setting next_dagrun for tutorial to 2024-11-15 00:00:00+00:00, run_after=2024-11-16 00:00:00+00:00
[2024-11-16T14:04:30.440+0000] {processor.py:208} INFO - Processing /home/airflow/.local/lib/python3.12/site-packages/airflow/example_dags/tutorial.py took 0.064 seconds
[2024-11-16T14:05:00.541+0000] {processor.py:186} INFO - Started process (PID=7314) to work on /home/airflow/.local/lib/python3.12/site-packages/airflow/example_dags/tutorial.py
[2024-11-16T14:05:00.542+0000] {processor.py:914} INFO - Processing file /home/airflow/.local/lib/python3.12/site-packages/airflow/example_dags/tutorial.py for tasks to queue
[2024-11-16T14:05:00.544+0000] {logging_mixin.py:190} INFO - [2024-11-16T14:05:00.544+0000] {dagbag.py:588} INFO - Filling up the DagBag from /home/airflow/.local/lib/python3.12/site-packages/airflow/example_dags/tutorial.py
[2024-11-16T14:05:00.549+0000] {processor.py:925} INFO - DAG(s) 'tutorial' retrieved from /home/airflow/.local/lib/python3.12/site-packages/airflow/example_dags/tutorial.py
[2024-11-16T14:05:00.565+0000] {logging_mixin.py:190} INFO - [2024-11-16T14:05:00.565+0000] {dag.py:3239} INFO - Sync 1 DAGs
[2024-11-16T14:05:00.585+0000] {logging_mixin.py:190} INFO - [2024-11-16T14:05:00.584+0000] {dag.py:4180} INFO - Setting next_dagrun for tutorial to 2024-11-15 00:00:00+00:00, run_after=2024-11-16 00:00:00+00:00
[2024-11-16T14:05:00.599+0000] {processor.py:208} INFO - Processing /home/airflow/.local/lib/python3.12/site-packages/airflow/example_dags/tutorial.py took 0.062 seconds
[2024-11-16T14:05:30.772+0000] {processor.py:186} INFO - Started process (PID=7605) to work on /home/airflow/.local/lib/python3.12/site-packages/airflow/example_dags/tutorial.py
[2024-11-16T14:05:30.773+0000] {processor.py:914} INFO - Processing file /home/airflow/.local/lib/python3.12/site-packages/airflow/example_dags/tutorial.py for tasks to queue
[2024-11-16T14:05:30.775+0000] {logging_mixin.py:190} INFO - [2024-11-16T14:05:30.775+0000] {dagbag.py:588} INFO - Filling up the DagBag from /home/airflow/.local/lib/python3.12/site-packages/airflow/example_dags/tutorial.py
[2024-11-16T14:05:30.783+0000] {processor.py:925} INFO - DAG(s) 'tutorial' retrieved from /home/airflow/.local/lib/python3.12/site-packages/airflow/example_dags/tutorial.py
[2024-11-16T14:05:30.801+0000] {logging_mixin.py:190} INFO - [2024-11-16T14:05:30.800+0000] {dag.py:3239} INFO - Sync 1 DAGs
[2024-11-16T14:05:30.825+0000] {logging_mixin.py:190} INFO - [2024-11-16T14:05:30.825+0000] {dag.py:4180} INFO - Setting next_dagrun for tutorial to 2024-11-15 00:00:00+00:00, run_after=2024-11-16 00:00:00+00:00
[2024-11-16T14:05:30.846+0000] {processor.py:208} INFO - Processing /home/airflow/.local/lib/python3.12/site-packages/airflow/example_dags/tutorial.py took 0.080 seconds
[2024-11-16T14:06:01.031+0000] {processor.py:186} INFO - Started process (PID=7896) to work on /home/airflow/.local/lib/python3.12/site-packages/airflow/example_dags/tutorial.py
[2024-11-16T14:06:01.032+0000] {processor.py:914} INFO - Processing file /home/airflow/.local/lib/python3.12/site-packages/airflow/example_dags/tutorial.py for tasks to queue
[2024-11-16T14:06:01.034+0000] {logging_mixin.py:190} INFO - [2024-11-16T14:06:01.033+0000] {dagbag.py:588} INFO - Filling up the DagBag from /home/airflow/.local/lib/python3.12/site-packages/airflow/example_dags/tutorial.py
[2024-11-16T14:06:01.040+0000] {processor.py:925} INFO - DAG(s) 'tutorial' retrieved from /home/airflow/.local/lib/python3.12/site-packages/airflow/example_dags/tutorial.py
[2024-11-16T14:06:01.066+0000] {logging_mixin.py:190} INFO - [2024-11-16T14:06:01.065+0000] {dag.py:3239} INFO - Sync 1 DAGs
[2024-11-16T14:06:01.099+0000] {logging_mixin.py:190} INFO - [2024-11-16T14:06:01.099+0000] {dag.py:4180} INFO - Setting next_dagrun for tutorial to 2024-11-15 00:00:00+00:00, run_after=2024-11-16 00:00:00+00:00
[2024-11-16T14:06:01.118+0000] {processor.py:208} INFO - Processing /home/airflow/.local/lib/python3.12/site-packages/airflow/example_dags/tutorial.py took 0.092 seconds
[2024-11-16T14:06:32.196+0000] {processor.py:186} INFO - Started process (PID=8187) to work on /home/airflow/.local/lib/python3.12/site-packages/airflow/example_dags/tutorial.py
[2024-11-16T14:06:32.197+0000] {processor.py:914} INFO - Processing file /home/airflow/.local/lib/python3.12/site-packages/airflow/example_dags/tutorial.py for tasks to queue
[2024-11-16T14:06:32.200+0000] {logging_mixin.py:190} INFO - [2024-11-16T14:06:32.200+0000] {dagbag.py:588} INFO - Filling up the DagBag from /home/airflow/.local/lib/python3.12/site-packages/airflow/example_dags/tutorial.py
[2024-11-16T14:06:32.208+0000] {processor.py:925} INFO - DAG(s) 'tutorial' retrieved from /home/airflow/.local/lib/python3.12/site-packages/airflow/example_dags/tutorial.py
[2024-11-16T14:06:32.227+0000] {logging_mixin.py:190} INFO - [2024-11-16T14:06:32.227+0000] {dag.py:3239} INFO - Sync 1 DAGs
[2024-11-16T14:06:32.249+0000] {logging_mixin.py:190} INFO - [2024-11-16T14:06:32.249+0000] {dag.py:4180} INFO - Setting next_dagrun for tutorial to 2024-11-15 00:00:00+00:00, run_after=2024-11-16 00:00:00+00:00
[2024-11-16T14:06:32.272+0000] {processor.py:208} INFO - Processing /home/airflow/.local/lib/python3.12/site-packages/airflow/example_dags/tutorial.py took 0.081 seconds
[2024-11-16T14:07:03.320+0000] {processor.py:186} INFO - Started process (PID=8478) to work on /home/airflow/.local/lib/python3.12/site-packages/airflow/example_dags/tutorial.py
[2024-11-16T14:07:03.321+0000] {processor.py:914} INFO - Processing file /home/airflow/.local/lib/python3.12/site-packages/airflow/example_dags/tutorial.py for tasks to queue
[2024-11-16T14:07:03.323+0000] {logging_mixin.py:190} INFO - [2024-11-16T14:07:03.323+0000] {dagbag.py:588} INFO - Filling up the DagBag from /home/airflow/.local/lib/python3.12/site-packages/airflow/example_dags/tutorial.py
[2024-11-16T14:07:03.332+0000] {processor.py:925} INFO - DAG(s) 'tutorial' retrieved from /home/airflow/.local/lib/python3.12/site-packages/airflow/example_dags/tutorial.py
[2024-11-16T14:07:03.350+0000] {logging_mixin.py:190} INFO - [2024-11-16T14:07:03.350+0000] {dag.py:3239} INFO - Sync 1 DAGs
[2024-11-16T14:07:03.371+0000] {logging_mixin.py:190} INFO - [2024-11-16T14:07:03.371+0000] {dag.py:4180} INFO - Setting next_dagrun for tutorial to 2024-11-15 00:00:00+00:00, run_after=2024-11-16 00:00:00+00:00
[2024-11-16T14:07:03.388+0000] {processor.py:208} INFO - Processing /home/airflow/.local/lib/python3.12/site-packages/airflow/example_dags/tutorial.py took 0.073 seconds
[2024-11-16T14:07:33.750+0000] {processor.py:186} INFO - Started process (PID=8771) to work on /home/airflow/.local/lib/python3.12/site-packages/airflow/example_dags/tutorial.py
[2024-11-16T14:07:33.751+0000] {processor.py:914} INFO - Processing file /home/airflow/.local/lib/python3.12/site-packages/airflow/example_dags/tutorial.py for tasks to queue
[2024-11-16T14:07:33.754+0000] {logging_mixin.py:190} INFO - [2024-11-16T14:07:33.754+0000] {dagbag.py:588} INFO - Filling up the DagBag from /home/airflow/.local/lib/python3.12/site-packages/airflow/example_dags/tutorial.py
[2024-11-16T14:07:33.760+0000] {processor.py:925} INFO - DAG(s) 'tutorial' retrieved from /home/airflow/.local/lib/python3.12/site-packages/airflow/example_dags/tutorial.py
[2024-11-16T14:07:33.776+0000] {logging_mixin.py:190} INFO - [2024-11-16T14:07:33.776+0000] {dag.py:3239} INFO - Sync 1 DAGs
[2024-11-16T14:07:33.795+0000] {logging_mixin.py:190} INFO - [2024-11-16T14:07:33.795+0000] {dag.py:4180} INFO - Setting next_dagrun for tutorial to 2024-11-15 00:00:00+00:00, run_after=2024-11-16 00:00:00+00:00
[2024-11-16T14:07:33.810+0000] {processor.py:208} INFO - Processing /home/airflow/.local/lib/python3.12/site-packages/airflow/example_dags/tutorial.py took 0.065 seconds
[2024-11-16T14:08:04.832+0000] {processor.py:186} INFO - Started process (PID=9060) to work on /home/airflow/.local/lib/python3.12/site-packages/airflow/example_dags/tutorial.py
[2024-11-16T14:08:04.833+0000] {processor.py:914} INFO - Processing file /home/airflow/.local/lib/python3.12/site-packages/airflow/example_dags/tutorial.py for tasks to queue
[2024-11-16T14:08:04.835+0000] {logging_mixin.py:190} INFO - [2024-11-16T14:08:04.835+0000] {dagbag.py:588} INFO - Filling up the DagBag from /home/airflow/.local/lib/python3.12/site-packages/airflow/example_dags/tutorial.py
[2024-11-16T14:08:04.843+0000] {processor.py:925} INFO - DAG(s) 'tutorial' retrieved from /home/airflow/.local/lib/python3.12/site-packages/airflow/example_dags/tutorial.py
[2024-11-16T14:08:04.860+0000] {logging_mixin.py:190} INFO - [2024-11-16T14:08:04.860+0000] {dag.py:3239} INFO - Sync 1 DAGs
[2024-11-16T14:08:04.881+0000] {logging_mixin.py:190} INFO - [2024-11-16T14:08:04.881+0000] {dag.py:4180} INFO - Setting next_dagrun for tutorial to 2024-11-15 00:00:00+00:00, run_after=2024-11-16 00:00:00+00:00
[2024-11-16T14:08:04.898+0000] {processor.py:208} INFO - Processing /home/airflow/.local/lib/python3.12/site-packages/airflow/example_dags/tutorial.py took 0.071 seconds
[2024-11-16T14:08:35.073+0000] {processor.py:186} INFO - Started process (PID=9351) to work on /home/airflow/.local/lib/python3.12/site-packages/airflow/example_dags/tutorial.py
[2024-11-16T14:08:35.074+0000] {processor.py:914} INFO - Processing file /home/airflow/.local/lib/python3.12/site-packages/airflow/example_dags/tutorial.py for tasks to queue
[2024-11-16T14:08:35.076+0000] {logging_mixin.py:190} INFO - [2024-11-16T14:08:35.075+0000] {dagbag.py:588} INFO - Filling up the DagBag from /home/airflow/.local/lib/python3.12/site-packages/airflow/example_dags/tutorial.py
[2024-11-16T14:08:35.081+0000] {processor.py:925} INFO - DAG(s) 'tutorial' retrieved from /home/airflow/.local/lib/python3.12/site-packages/airflow/example_dags/tutorial.py
[2024-11-16T14:08:35.096+0000] {logging_mixin.py:190} INFO - [2024-11-16T14:08:35.096+0000] {dag.py:3239} INFO - Sync 1 DAGs
[2024-11-16T14:08:35.115+0000] {logging_mixin.py:190} INFO - [2024-11-16T14:08:35.115+0000] {dag.py:4180} INFO - Setting next_dagrun for tutorial to 2024-11-15 00:00:00+00:00, run_after=2024-11-16 00:00:00+00:00
[2024-11-16T14:08:35.131+0000] {processor.py:208} INFO - Processing /home/airflow/.local/lib/python3.12/site-packages/airflow/example_dags/tutorial.py took 0.062 seconds
[2024-11-16T14:09:06.307+0000] {processor.py:186} INFO - Started process (PID=9644) to work on /home/airflow/.local/lib/python3.12/site-packages/airflow/example_dags/tutorial.py
[2024-11-16T14:09:06.308+0000] {processor.py:914} INFO - Processing file /home/airflow/.local/lib/python3.12/site-packages/airflow/example_dags/tutorial.py for tasks to queue
[2024-11-16T14:09:06.309+0000] {logging_mixin.py:190} INFO - [2024-11-16T14:09:06.309+0000] {dagbag.py:588} INFO - Filling up the DagBag from /home/airflow/.local/lib/python3.12/site-packages/airflow/example_dags/tutorial.py
[2024-11-16T14:09:06.315+0000] {processor.py:925} INFO - DAG(s) 'tutorial' retrieved from /home/airflow/.local/lib/python3.12/site-packages/airflow/example_dags/tutorial.py
[2024-11-16T14:09:06.331+0000] {logging_mixin.py:190} INFO - [2024-11-16T14:09:06.331+0000] {dag.py:3239} INFO - Sync 1 DAGs
[2024-11-16T14:09:06.351+0000] {logging_mixin.py:190} INFO - [2024-11-16T14:09:06.350+0000] {dag.py:4180} INFO - Setting next_dagrun for tutorial to 2024-11-15 00:00:00+00:00, run_after=2024-11-16 00:00:00+00:00
[2024-11-16T14:09:06.364+0000] {processor.py:208} INFO - Processing /home/airflow/.local/lib/python3.12/site-packages/airflow/example_dags/tutorial.py took 0.062 seconds
[2024-11-16T14:09:36.536+0000] {processor.py:186} INFO - Started process (PID=9935) to work on /home/airflow/.local/lib/python3.12/site-packages/airflow/example_dags/tutorial.py
[2024-11-16T14:09:36.537+0000] {processor.py:914} INFO - Processing file /home/airflow/.local/lib/python3.12/site-packages/airflow/example_dags/tutorial.py for tasks to queue
[2024-11-16T14:09:36.538+0000] {logging_mixin.py:190} INFO - [2024-11-16T14:09:36.538+0000] {dagbag.py:588} INFO - Filling up the DagBag from /home/airflow/.local/lib/python3.12/site-packages/airflow/example_dags/tutorial.py
[2024-11-16T14:09:36.544+0000] {processor.py:925} INFO - DAG(s) 'tutorial' retrieved from /home/airflow/.local/lib/python3.12/site-packages/airflow/example_dags/tutorial.py
[2024-11-16T14:09:36.561+0000] {logging_mixin.py:190} INFO - [2024-11-16T14:09:36.560+0000] {dag.py:3239} INFO - Sync 1 DAGs
[2024-11-16T14:09:36.580+0000] {logging_mixin.py:190} INFO - [2024-11-16T14:09:36.580+0000] {dag.py:4180} INFO - Setting next_dagrun for tutorial to 2024-11-15 00:00:00+00:00, run_after=2024-11-16 00:00:00+00:00
[2024-11-16T14:09:36.595+0000] {processor.py:208} INFO - Processing /home/airflow/.local/lib/python3.12/site-packages/airflow/example_dags/tutorial.py took 0.065 seconds
[2024-11-16T14:10:06.717+0000] {processor.py:186} INFO - Started process (PID=10224) to work on /home/airflow/.local/lib/python3.12/site-packages/airflow/example_dags/tutorial.py
[2024-11-16T14:10:06.718+0000] {processor.py:914} INFO - Processing file /home/airflow/.local/lib/python3.12/site-packages/airflow/example_dags/tutorial.py for tasks to queue
[2024-11-16T14:10:06.720+0000] {logging_mixin.py:190} INFO - [2024-11-16T14:10:06.720+0000] {dagbag.py:588} INFO - Filling up the DagBag from /home/airflow/.local/lib/python3.12/site-packages/airflow/example_dags/tutorial.py
[2024-11-16T14:10:06.727+0000] {processor.py:925} INFO - DAG(s) 'tutorial' retrieved from /home/airflow/.local/lib/python3.12/site-packages/airflow/example_dags/tutorial.py
[2024-11-16T14:10:06.743+0000] {logging_mixin.py:190} INFO - [2024-11-16T14:10:06.743+0000] {dag.py:3239} INFO - Sync 1 DAGs
[2024-11-16T14:10:06.763+0000] {logging_mixin.py:190} INFO - [2024-11-16T14:10:06.763+0000] {dag.py:4180} INFO - Setting next_dagrun for tutorial to 2024-11-15 00:00:00+00:00, run_after=2024-11-16 00:00:00+00:00
[2024-11-16T14:10:06.781+0000] {processor.py:208} INFO - Processing /home/airflow/.local/lib/python3.12/site-packages/airflow/example_dags/tutorial.py took 0.068 seconds
[2024-11-16T14:10:37.129+0000] {processor.py:186} INFO - Started process (PID=10515) to work on /home/airflow/.local/lib/python3.12/site-packages/airflow/example_dags/tutorial.py
[2024-11-16T14:10:37.130+0000] {processor.py:914} INFO - Processing file /home/airflow/.local/lib/python3.12/site-packages/airflow/example_dags/tutorial.py for tasks to queue
[2024-11-16T14:10:37.131+0000] {logging_mixin.py:190} INFO - [2024-11-16T14:10:37.131+0000] {dagbag.py:588} INFO - Filling up the DagBag from /home/airflow/.local/lib/python3.12/site-packages/airflow/example_dags/tutorial.py
[2024-11-16T14:10:37.136+0000] {processor.py:925} INFO - DAG(s) 'tutorial' retrieved from /home/airflow/.local/lib/python3.12/site-packages/airflow/example_dags/tutorial.py
[2024-11-16T14:10:37.151+0000] {logging_mixin.py:190} INFO - [2024-11-16T14:10:37.151+0000] {dag.py:3239} INFO - Sync 1 DAGs
[2024-11-16T14:10:37.171+0000] {logging_mixin.py:190} INFO - [2024-11-16T14:10:37.170+0000] {dag.py:4180} INFO - Setting next_dagrun for tutorial to 2024-11-15 00:00:00+00:00, run_after=2024-11-16 00:00:00+00:00
[2024-11-16T14:10:37.186+0000] {processor.py:208} INFO - Processing /home/airflow/.local/lib/python3.12/site-packages/airflow/example_dags/tutorial.py took 0.062 seconds
[2024-11-16T14:11:08.036+0000] {processor.py:186} INFO - Started process (PID=10806) to work on /home/airflow/.local/lib/python3.12/site-packages/airflow/example_dags/tutorial.py
[2024-11-16T14:11:08.037+0000] {processor.py:914} INFO - Processing file /home/airflow/.local/lib/python3.12/site-packages/airflow/example_dags/tutorial.py for tasks to queue
[2024-11-16T14:11:08.039+0000] {logging_mixin.py:190} INFO - [2024-11-16T14:11:08.038+0000] {dagbag.py:588} INFO - Filling up the DagBag from /home/airflow/.local/lib/python3.12/site-packages/airflow/example_dags/tutorial.py
[2024-11-16T14:11:08.044+0000] {processor.py:925} INFO - DAG(s) 'tutorial' retrieved from /home/airflow/.local/lib/python3.12/site-packages/airflow/example_dags/tutorial.py
[2024-11-16T14:11:08.059+0000] {logging_mixin.py:190} INFO - [2024-11-16T14:11:08.059+0000] {dag.py:3239} INFO - Sync 1 DAGs
[2024-11-16T14:11:08.078+0000] {logging_mixin.py:190} INFO - [2024-11-16T14:11:08.078+0000] {dag.py:4180} INFO - Setting next_dagrun for tutorial to 2024-11-15 00:00:00+00:00, run_after=2024-11-16 00:00:00+00:00
[2024-11-16T14:11:08.093+0000] {processor.py:208} INFO - Processing /home/airflow/.local/lib/python3.12/site-packages/airflow/example_dags/tutorial.py took 0.061 seconds
[2024-11-16T14:11:38.415+0000] {processor.py:186} INFO - Started process (PID=11097) to work on /home/airflow/.local/lib/python3.12/site-packages/airflow/example_dags/tutorial.py
[2024-11-16T14:11:38.416+0000] {processor.py:914} INFO - Processing file /home/airflow/.local/lib/python3.12/site-packages/airflow/example_dags/tutorial.py for tasks to queue
[2024-11-16T14:11:38.418+0000] {logging_mixin.py:190} INFO - [2024-11-16T14:11:38.418+0000] {dagbag.py:588} INFO - Filling up the DagBag from /home/airflow/.local/lib/python3.12/site-packages/airflow/example_dags/tutorial.py
[2024-11-16T14:11:38.424+0000] {processor.py:925} INFO - DAG(s) 'tutorial' retrieved from /home/airflow/.local/lib/python3.12/site-packages/airflow/example_dags/tutorial.py
[2024-11-16T14:11:38.441+0000] {logging_mixin.py:190} INFO - [2024-11-16T14:11:38.441+0000] {dag.py:3239} INFO - Sync 1 DAGs
[2024-11-16T14:11:38.462+0000] {logging_mixin.py:190} INFO - [2024-11-16T14:11:38.462+0000] {dag.py:4180} INFO - Setting next_dagrun for tutorial to 2024-11-15 00:00:00+00:00, run_after=2024-11-16 00:00:00+00:00
[2024-11-16T14:11:38.480+0000] {processor.py:208} INFO - Processing /home/airflow/.local/lib/python3.12/site-packages/airflow/example_dags/tutorial.py took 0.070 seconds
[2024-11-16T14:12:08.645+0000] {processor.py:186} INFO - Started process (PID=11388) to work on /home/airflow/.local/lib/python3.12/site-packages/airflow/example_dags/tutorial.py
[2024-11-16T14:12:08.646+0000] {processor.py:914} INFO - Processing file /home/airflow/.local/lib/python3.12/site-packages/airflow/example_dags/tutorial.py for tasks to queue
[2024-11-16T14:12:08.647+0000] {logging_mixin.py:190} INFO - [2024-11-16T14:12:08.647+0000] {dagbag.py:588} INFO - Filling up the DagBag from /home/airflow/.local/lib/python3.12/site-packages/airflow/example_dags/tutorial.py
[2024-11-16T14:12:08.654+0000] {processor.py:925} INFO - DAG(s) 'tutorial' retrieved from /home/airflow/.local/lib/python3.12/site-packages/airflow/example_dags/tutorial.py
[2024-11-16T14:12:08.669+0000] {logging_mixin.py:190} INFO - [2024-11-16T14:12:08.668+0000] {dag.py:3239} INFO - Sync 1 DAGs
[2024-11-16T14:12:08.687+0000] {logging_mixin.py:190} INFO - [2024-11-16T14:12:08.687+0000] {dag.py:4180} INFO - Setting next_dagrun for tutorial to 2024-11-15 00:00:00+00:00, run_after=2024-11-16 00:00:00+00:00
[2024-11-16T14:12:08.702+0000] {processor.py:208} INFO - Processing /home/airflow/.local/lib/python3.12/site-packages/airflow/example_dags/tutorial.py took 0.061 seconds
[2024-11-16T14:12:38.922+0000] {processor.py:186} INFO - Started process (PID=11679) to work on /home/airflow/.local/lib/python3.12/site-packages/airflow/example_dags/tutorial.py
[2024-11-16T14:12:38.922+0000] {processor.py:914} INFO - Processing file /home/airflow/.local/lib/python3.12/site-packages/airflow/example_dags/tutorial.py for tasks to queue
[2024-11-16T14:12:38.924+0000] {logging_mixin.py:190} INFO - [2024-11-16T14:12:38.924+0000] {dagbag.py:588} INFO - Filling up the DagBag from /home/airflow/.local/lib/python3.12/site-packages/airflow/example_dags/tutorial.py
[2024-11-16T14:12:38.929+0000] {processor.py:925} INFO - DAG(s) 'tutorial' retrieved from /home/airflow/.local/lib/python3.12/site-packages/airflow/example_dags/tutorial.py
[2024-11-16T14:12:38.944+0000] {logging_mixin.py:190} INFO - [2024-11-16T14:12:38.943+0000] {dag.py:3239} INFO - Sync 1 DAGs
[2024-11-16T14:12:38.962+0000] {logging_mixin.py:190} INFO - [2024-11-16T14:12:38.962+0000] {dag.py:4180} INFO - Setting next_dagrun for tutorial to 2024-11-15 00:00:00+00:00, run_after=2024-11-16 00:00:00+00:00
[2024-11-16T14:12:38.976+0000] {processor.py:208} INFO - Processing /home/airflow/.local/lib/python3.12/site-packages/airflow/example_dags/tutorial.py took 0.059 seconds
[2024-11-16T14:13:09.088+0000] {processor.py:186} INFO - Started process (PID=11970) to work on /home/airflow/.local/lib/python3.12/site-packages/airflow/example_dags/tutorial.py
[2024-11-16T14:13:09.089+0000] {processor.py:914} INFO - Processing file /home/airflow/.local/lib/python3.12/site-packages/airflow/example_dags/tutorial.py for tasks to queue
[2024-11-16T14:13:09.091+0000] {logging_mixin.py:190} INFO - [2024-11-16T14:13:09.091+0000] {dagbag.py:588} INFO - Filling up the DagBag from /home/airflow/.local/lib/python3.12/site-packages/airflow/example_dags/tutorial.py
[2024-11-16T14:13:09.097+0000] {processor.py:925} INFO - DAG(s) 'tutorial' retrieved from /home/airflow/.local/lib/python3.12/site-packages/airflow/example_dags/tutorial.py
[2024-11-16T14:13:09.114+0000] {logging_mixin.py:190} INFO - [2024-11-16T14:13:09.114+0000] {dag.py:3239} INFO - Sync 1 DAGs
[2024-11-16T14:13:09.134+0000] {logging_mixin.py:190} INFO - [2024-11-16T14:13:09.134+0000] {dag.py:4180} INFO - Setting next_dagrun for tutorial to 2024-11-15 00:00:00+00:00, run_after=2024-11-16 00:00:00+00:00
[2024-11-16T14:13:09.149+0000] {processor.py:208} INFO - Processing /home/airflow/.local/lib/python3.12/site-packages/airflow/example_dags/tutorial.py took 0.065 seconds
[2024-11-16T14:13:39.398+0000] {processor.py:186} INFO - Started process (PID=12256) to work on /home/airflow/.local/lib/python3.12/site-packages/airflow/example_dags/tutorial.py
[2024-11-16T14:13:39.399+0000] {processor.py:914} INFO - Processing file /home/airflow/.local/lib/python3.12/site-packages/airflow/example_dags/tutorial.py for tasks to queue
[2024-11-16T14:13:39.400+0000] {logging_mixin.py:190} INFO - [2024-11-16T14:13:39.400+0000] {dagbag.py:588} INFO - Filling up the DagBag from /home/airflow/.local/lib/python3.12/site-packages/airflow/example_dags/tutorial.py
[2024-11-16T14:13:39.405+0000] {processor.py:925} INFO - DAG(s) 'tutorial' retrieved from /home/airflow/.local/lib/python3.12/site-packages/airflow/example_dags/tutorial.py
[2024-11-16T14:13:39.420+0000] {logging_mixin.py:190} INFO - [2024-11-16T14:13:39.420+0000] {dag.py:3239} INFO - Sync 1 DAGs
[2024-11-16T14:13:39.440+0000] {logging_mixin.py:190} INFO - [2024-11-16T14:13:39.440+0000] {dag.py:4180} INFO - Setting next_dagrun for tutorial to 2024-11-15 00:00:00+00:00, run_after=2024-11-16 00:00:00+00:00
[2024-11-16T14:13:39.455+0000] {processor.py:208} INFO - Processing /home/airflow/.local/lib/python3.12/site-packages/airflow/example_dags/tutorial.py took 0.062 seconds
[2024-11-16T14:14:09.549+0000] {processor.py:186} INFO - Started process (PID=12547) to work on /home/airflow/.local/lib/python3.12/site-packages/airflow/example_dags/tutorial.py
[2024-11-16T14:14:09.550+0000] {processor.py:914} INFO - Processing file /home/airflow/.local/lib/python3.12/site-packages/airflow/example_dags/tutorial.py for tasks to queue
[2024-11-16T14:14:09.551+0000] {logging_mixin.py:190} INFO - [2024-11-16T14:14:09.551+0000] {dagbag.py:588} INFO - Filling up the DagBag from /home/airflow/.local/lib/python3.12/site-packages/airflow/example_dags/tutorial.py
[2024-11-16T14:14:09.557+0000] {processor.py:925} INFO - DAG(s) 'tutorial' retrieved from /home/airflow/.local/lib/python3.12/site-packages/airflow/example_dags/tutorial.py
[2024-11-16T14:14:09.572+0000] {logging_mixin.py:190} INFO - [2024-11-16T14:14:09.572+0000] {dag.py:3239} INFO - Sync 1 DAGs
[2024-11-16T14:14:09.591+0000] {logging_mixin.py:190} INFO - [2024-11-16T14:14:09.590+0000] {dag.py:4180} INFO - Setting next_dagrun for tutorial to 2024-11-15 00:00:00+00:00, run_after=2024-11-16 00:00:00+00:00
[2024-11-16T14:14:09.606+0000] {processor.py:208} INFO - Processing /home/airflow/.local/lib/python3.12/site-packages/airflow/example_dags/tutorial.py took 0.062 seconds
[2024-11-16T14:14:40.659+0000] {processor.py:186} INFO - Started process (PID=12845) to work on /home/airflow/.local/lib/python3.12/site-packages/airflow/example_dags/tutorial.py
[2024-11-16T14:14:40.660+0000] {processor.py:914} INFO - Processing file /home/airflow/.local/lib/python3.12/site-packages/airflow/example_dags/tutorial.py for tasks to queue
[2024-11-16T14:14:40.662+0000] {logging_mixin.py:190} INFO - [2024-11-16T14:14:40.662+0000] {dagbag.py:588} INFO - Filling up the DagBag from /home/airflow/.local/lib/python3.12/site-packages/airflow/example_dags/tutorial.py
[2024-11-16T14:14:40.668+0000] {processor.py:925} INFO - DAG(s) 'tutorial' retrieved from /home/airflow/.local/lib/python3.12/site-packages/airflow/example_dags/tutorial.py
[2024-11-16T14:14:40.684+0000] {logging_mixin.py:190} INFO - [2024-11-16T14:14:40.684+0000] {dag.py:3239} INFO - Sync 1 DAGs
[2024-11-16T14:14:40.704+0000] {logging_mixin.py:190} INFO - [2024-11-16T14:14:40.704+0000] {dag.py:4180} INFO - Setting next_dagrun for tutorial to 2024-11-15 00:00:00+00:00, run_after=2024-11-16 00:00:00+00:00
[2024-11-16T14:14:40.719+0000] {processor.py:208} INFO - Processing /home/airflow/.local/lib/python3.12/site-packages/airflow/example_dags/tutorial.py took 0.066 seconds
[2024-11-16T14:15:11.088+0000] {processor.py:186} INFO - Started process (PID=13139) to work on /home/airflow/.local/lib/python3.12/site-packages/airflow/example_dags/tutorial.py
[2024-11-16T14:15:11.089+0000] {processor.py:914} INFO - Processing file /home/airflow/.local/lib/python3.12/site-packages/airflow/example_dags/tutorial.py for tasks to queue
[2024-11-16T14:15:11.090+0000] {logging_mixin.py:190} INFO - [2024-11-16T14:15:11.090+0000] {dagbag.py:588} INFO - Filling up the DagBag from /home/airflow/.local/lib/python3.12/site-packages/airflow/example_dags/tutorial.py
[2024-11-16T14:15:11.096+0000] {processor.py:925} INFO - DAG(s) 'tutorial' retrieved from /home/airflow/.local/lib/python3.12/site-packages/airflow/example_dags/tutorial.py
[2024-11-16T14:15:11.111+0000] {logging_mixin.py:190} INFO - [2024-11-16T14:15:11.111+0000] {dag.py:3239} INFO - Sync 1 DAGs
[2024-11-16T14:15:11.130+0000] {logging_mixin.py:190} INFO - [2024-11-16T14:15:11.130+0000] {dag.py:4180} INFO - Setting next_dagrun for tutorial to 2024-11-15 00:00:00+00:00, run_after=2024-11-16 00:00:00+00:00
[2024-11-16T14:15:11.144+0000] {processor.py:208} INFO - Processing /home/airflow/.local/lib/python3.12/site-packages/airflow/example_dags/tutorial.py took 0.060 seconds
[2024-11-16T14:15:41.662+0000] {processor.py:186} INFO - Started process (PID=13430) to work on /home/airflow/.local/lib/python3.12/site-packages/airflow/example_dags/tutorial.py
[2024-11-16T14:15:41.663+0000] {processor.py:914} INFO - Processing file /home/airflow/.local/lib/python3.12/site-packages/airflow/example_dags/tutorial.py for tasks to queue
[2024-11-16T14:15:41.665+0000] {logging_mixin.py:190} INFO - [2024-11-16T14:15:41.664+0000] {dagbag.py:588} INFO - Filling up the DagBag from /home/airflow/.local/lib/python3.12/site-packages/airflow/example_dags/tutorial.py
[2024-11-16T14:15:41.671+0000] {processor.py:925} INFO - DAG(s) 'tutorial' retrieved from /home/airflow/.local/lib/python3.12/site-packages/airflow/example_dags/tutorial.py
[2024-11-16T14:15:41.687+0000] {logging_mixin.py:190} INFO - [2024-11-16T14:15:41.687+0000] {dag.py:3239} INFO - Sync 1 DAGs
[2024-11-16T14:15:41.707+0000] {logging_mixin.py:190} INFO - [2024-11-16T14:15:41.707+0000] {dag.py:4180} INFO - Setting next_dagrun for tutorial to 2024-11-15 00:00:00+00:00, run_after=2024-11-16 00:00:00+00:00
[2024-11-16T14:15:41.724+0000] {processor.py:208} INFO - Processing /home/airflow/.local/lib/python3.12/site-packages/airflow/example_dags/tutorial.py took 0.067 seconds
[2024-11-16T14:16:11.918+0000] {processor.py:186} INFO - Started process (PID=13721) to work on /home/airflow/.local/lib/python3.12/site-packages/airflow/example_dags/tutorial.py
[2024-11-16T14:16:11.919+0000] {processor.py:914} INFO - Processing file /home/airflow/.local/lib/python3.12/site-packages/airflow/example_dags/tutorial.py for tasks to queue
[2024-11-16T14:16:11.921+0000] {logging_mixin.py:190} INFO - [2024-11-16T14:16:11.921+0000] {dagbag.py:588} INFO - Filling up the DagBag from /home/airflow/.local/lib/python3.12/site-packages/airflow/example_dags/tutorial.py
[2024-11-16T14:16:11.926+0000] {processor.py:925} INFO - DAG(s) 'tutorial' retrieved from /home/airflow/.local/lib/python3.12/site-packages/airflow/example_dags/tutorial.py
[2024-11-16T14:16:11.941+0000] {logging_mixin.py:190} INFO - [2024-11-16T14:16:11.941+0000] {dag.py:3239} INFO - Sync 1 DAGs
[2024-11-16T14:16:11.962+0000] {logging_mixin.py:190} INFO - [2024-11-16T14:16:11.962+0000] {dag.py:4180} INFO - Setting next_dagrun for tutorial to 2024-11-15 00:00:00+00:00, run_after=2024-11-16 00:00:00+00:00
[2024-11-16T14:16:11.985+0000] {processor.py:208} INFO - Processing /home/airflow/.local/lib/python3.12/site-packages/airflow/example_dags/tutorial.py took 0.071 seconds
[2024-11-16T14:16:42.092+0000] {processor.py:186} INFO - Started process (PID=14007) to work on /home/airflow/.local/lib/python3.12/site-packages/airflow/example_dags/tutorial.py
[2024-11-16T14:16:42.093+0000] {processor.py:914} INFO - Processing file /home/airflow/.local/lib/python3.12/site-packages/airflow/example_dags/tutorial.py for tasks to queue
[2024-11-16T14:16:42.094+0000] {logging_mixin.py:190} INFO - [2024-11-16T14:16:42.094+0000] {dagbag.py:588} INFO - Filling up the DagBag from /home/airflow/.local/lib/python3.12/site-packages/airflow/example_dags/tutorial.py
[2024-11-16T14:16:42.100+0000] {processor.py:925} INFO - DAG(s) 'tutorial' retrieved from /home/airflow/.local/lib/python3.12/site-packages/airflow/example_dags/tutorial.py
[2024-11-16T14:16:42.116+0000] {logging_mixin.py:190} INFO - [2024-11-16T14:16:42.115+0000] {dag.py:3239} INFO - Sync 1 DAGs
[2024-11-16T14:16:42.135+0000] {logging_mixin.py:190} INFO - [2024-11-16T14:16:42.135+0000] {dag.py:4180} INFO - Setting next_dagrun for tutorial to 2024-11-15 00:00:00+00:00, run_after=2024-11-16 00:00:00+00:00
[2024-11-16T14:16:42.150+0000] {processor.py:208} INFO - Processing /home/airflow/.local/lib/python3.12/site-packages/airflow/example_dags/tutorial.py took 0.063 seconds
[2024-11-16T14:17:14.945+0000] {processor.py:186} INFO - Started process (PID=363) to work on /home/airflow/.local/lib/python3.12/site-packages/airflow/example_dags/tutorial.py
[2024-11-16T14:17:14.946+0000] {processor.py:914} INFO - Processing file /home/airflow/.local/lib/python3.12/site-packages/airflow/example_dags/tutorial.py for tasks to queue
[2024-11-16T14:17:14.948+0000] {logging_mixin.py:190} INFO - [2024-11-16T14:17:14.948+0000] {dagbag.py:588} INFO - Filling up the DagBag from /home/airflow/.local/lib/python3.12/site-packages/airflow/example_dags/tutorial.py
[2024-11-16T14:17:14.954+0000] {processor.py:925} INFO - DAG(s) 'tutorial' retrieved from /home/airflow/.local/lib/python3.12/site-packages/airflow/example_dags/tutorial.py
[2024-11-16T14:17:14.969+0000] {logging_mixin.py:190} INFO - [2024-11-16T14:17:14.969+0000] {dag.py:3239} INFO - Sync 1 DAGs
[2024-11-16T14:17:14.990+0000] {logging_mixin.py:190} INFO - [2024-11-16T14:17:14.989+0000] {dag.py:4180} INFO - Setting next_dagrun for tutorial to 2024-11-15 00:00:00+00:00, run_after=2024-11-16 00:00:00+00:00
[2024-11-16T14:17:15.008+0000] {processor.py:208} INFO - Processing /home/airflow/.local/lib/python3.12/site-packages/airflow/example_dags/tutorial.py took 0.067 seconds
[2024-11-16T14:17:45.619+0000] {processor.py:186} INFO - Started process (PID=654) to work on /home/airflow/.local/lib/python3.12/site-packages/airflow/example_dags/tutorial.py
[2024-11-16T14:17:45.620+0000] {processor.py:914} INFO - Processing file /home/airflow/.local/lib/python3.12/site-packages/airflow/example_dags/tutorial.py for tasks to queue
[2024-11-16T14:17:45.622+0000] {logging_mixin.py:190} INFO - [2024-11-16T14:17:45.622+0000] {dagbag.py:588} INFO - Filling up the DagBag from /home/airflow/.local/lib/python3.12/site-packages/airflow/example_dags/tutorial.py
[2024-11-16T14:17:45.628+0000] {processor.py:925} INFO - DAG(s) 'tutorial' retrieved from /home/airflow/.local/lib/python3.12/site-packages/airflow/example_dags/tutorial.py
[2024-11-16T14:17:45.643+0000] {logging_mixin.py:190} INFO - [2024-11-16T14:17:45.643+0000] {dag.py:3239} INFO - Sync 1 DAGs
[2024-11-16T14:17:45.663+0000] {logging_mixin.py:190} INFO - [2024-11-16T14:17:45.663+0000] {dag.py:4180} INFO - Setting next_dagrun for tutorial to 2024-11-15 00:00:00+00:00, run_after=2024-11-16 00:00:00+00:00
[2024-11-16T14:17:45.680+0000] {processor.py:208} INFO - Processing /home/airflow/.local/lib/python3.12/site-packages/airflow/example_dags/tutorial.py took 0.066 seconds
[2024-11-16T14:18:16.270+0000] {processor.py:186} INFO - Started process (PID=945) to work on /home/airflow/.local/lib/python3.12/site-packages/airflow/example_dags/tutorial.py
[2024-11-16T14:18:16.271+0000] {processor.py:914} INFO - Processing file /home/airflow/.local/lib/python3.12/site-packages/airflow/example_dags/tutorial.py for tasks to queue
[2024-11-16T14:18:16.273+0000] {logging_mixin.py:190} INFO - [2024-11-16T14:18:16.273+0000] {dagbag.py:588} INFO - Filling up the DagBag from /home/airflow/.local/lib/python3.12/site-packages/airflow/example_dags/tutorial.py
[2024-11-16T14:18:16.279+0000] {processor.py:925} INFO - DAG(s) 'tutorial' retrieved from /home/airflow/.local/lib/python3.12/site-packages/airflow/example_dags/tutorial.py
[2024-11-16T14:18:16.295+0000] {logging_mixin.py:190} INFO - [2024-11-16T14:18:16.295+0000] {dag.py:3239} INFO - Sync 1 DAGs
[2024-11-16T14:18:16.315+0000] {logging_mixin.py:190} INFO - [2024-11-16T14:18:16.315+0000] {dag.py:4180} INFO - Setting next_dagrun for tutorial to 2024-11-15 00:00:00+00:00, run_after=2024-11-16 00:00:00+00:00
[2024-11-16T14:18:16.332+0000] {processor.py:208} INFO - Processing /home/airflow/.local/lib/python3.12/site-packages/airflow/example_dags/tutorial.py took 0.066 seconds
[2024-11-16T14:18:46.590+0000] {processor.py:186} INFO - Started process (PID=1236) to work on /home/airflow/.local/lib/python3.12/site-packages/airflow/example_dags/tutorial.py
[2024-11-16T14:18:46.591+0000] {processor.py:914} INFO - Processing file /home/airflow/.local/lib/python3.12/site-packages/airflow/example_dags/tutorial.py for tasks to queue
[2024-11-16T14:18:46.593+0000] {logging_mixin.py:190} INFO - [2024-11-16T14:18:46.592+0000] {dagbag.py:588} INFO - Filling up the DagBag from /home/airflow/.local/lib/python3.12/site-packages/airflow/example_dags/tutorial.py
[2024-11-16T14:18:46.599+0000] {processor.py:925} INFO - DAG(s) 'tutorial' retrieved from /home/airflow/.local/lib/python3.12/site-packages/airflow/example_dags/tutorial.py
[2024-11-16T14:18:46.615+0000] {logging_mixin.py:190} INFO - [2024-11-16T14:18:46.615+0000] {dag.py:3239} INFO - Sync 1 DAGs
[2024-11-16T14:18:46.636+0000] {logging_mixin.py:190} INFO - [2024-11-16T14:18:46.636+0000] {dag.py:4180} INFO - Setting next_dagrun for tutorial to 2024-11-15 00:00:00+00:00, run_after=2024-11-16 00:00:00+00:00
[2024-11-16T14:18:46.651+0000] {processor.py:208} INFO - Processing /home/airflow/.local/lib/python3.12/site-packages/airflow/example_dags/tutorial.py took 0.065 seconds
[2024-11-16T14:19:16.881+0000] {processor.py:186} INFO - Started process (PID=1527) to work on /home/airflow/.local/lib/python3.12/site-packages/airflow/example_dags/tutorial.py
[2024-11-16T14:19:16.882+0000] {processor.py:914} INFO - Processing file /home/airflow/.local/lib/python3.12/site-packages/airflow/example_dags/tutorial.py for tasks to queue
[2024-11-16T14:19:16.884+0000] {logging_mixin.py:190} INFO - [2024-11-16T14:19:16.884+0000] {dagbag.py:588} INFO - Filling up the DagBag from /home/airflow/.local/lib/python3.12/site-packages/airflow/example_dags/tutorial.py
[2024-11-16T14:19:16.890+0000] {processor.py:925} INFO - DAG(s) 'tutorial' retrieved from /home/airflow/.local/lib/python3.12/site-packages/airflow/example_dags/tutorial.py
[2024-11-16T14:19:16.906+0000] {logging_mixin.py:190} INFO - [2024-11-16T14:19:16.906+0000] {dag.py:3239} INFO - Sync 1 DAGs
[2024-11-16T14:19:16.926+0000] {logging_mixin.py:190} INFO - [2024-11-16T14:19:16.926+0000] {dag.py:4180} INFO - Setting next_dagrun for tutorial to 2024-11-15 00:00:00+00:00, run_after=2024-11-16 00:00:00+00:00
[2024-11-16T14:19:16.943+0000] {processor.py:208} INFO - Processing /home/airflow/.local/lib/python3.12/site-packages/airflow/example_dags/tutorial.py took 0.066 seconds
[2024-11-16T14:19:47.226+0000] {processor.py:186} INFO - Started process (PID=1818) to work on /home/airflow/.local/lib/python3.12/site-packages/airflow/example_dags/tutorial.py
[2024-11-16T14:19:47.227+0000] {processor.py:914} INFO - Processing file /home/airflow/.local/lib/python3.12/site-packages/airflow/example_dags/tutorial.py for tasks to queue
[2024-11-16T14:19:47.228+0000] {logging_mixin.py:190} INFO - [2024-11-16T14:19:47.228+0000] {dagbag.py:588} INFO - Filling up the DagBag from /home/airflow/.local/lib/python3.12/site-packages/airflow/example_dags/tutorial.py
[2024-11-16T14:19:47.234+0000] {processor.py:925} INFO - DAG(s) 'tutorial' retrieved from /home/airflow/.local/lib/python3.12/site-packages/airflow/example_dags/tutorial.py
[2024-11-16T14:19:47.249+0000] {logging_mixin.py:190} INFO - [2024-11-16T14:19:47.249+0000] {dag.py:3239} INFO - Sync 1 DAGs
[2024-11-16T14:19:47.269+0000] {logging_mixin.py:190} INFO - [2024-11-16T14:19:47.268+0000] {dag.py:4180} INFO - Setting next_dagrun for tutorial to 2024-11-15 00:00:00+00:00, run_after=2024-11-16 00:00:00+00:00
[2024-11-16T14:19:47.285+0000] {processor.py:208} INFO - Processing /home/airflow/.local/lib/python3.12/site-packages/airflow/example_dags/tutorial.py took 0.063 seconds
[2024-11-16T14:20:17.748+0000] {processor.py:186} INFO - Started process (PID=2109) to work on /home/airflow/.local/lib/python3.12/site-packages/airflow/example_dags/tutorial.py
[2024-11-16T14:20:17.749+0000] {processor.py:914} INFO - Processing file /home/airflow/.local/lib/python3.12/site-packages/airflow/example_dags/tutorial.py for tasks to queue
[2024-11-16T14:20:17.751+0000] {logging_mixin.py:190} INFO - [2024-11-16T14:20:17.751+0000] {dagbag.py:588} INFO - Filling up the DagBag from /home/airflow/.local/lib/python3.12/site-packages/airflow/example_dags/tutorial.py
[2024-11-16T14:20:17.758+0000] {processor.py:925} INFO - DAG(s) 'tutorial' retrieved from /home/airflow/.local/lib/python3.12/site-packages/airflow/example_dags/tutorial.py
[2024-11-16T14:20:17.774+0000] {logging_mixin.py:190} INFO - [2024-11-16T14:20:17.774+0000] {dag.py:3239} INFO - Sync 1 DAGs
[2024-11-16T14:20:17.796+0000] {logging_mixin.py:190} INFO - [2024-11-16T14:20:17.796+0000] {dag.py:4180} INFO - Setting next_dagrun for tutorial to 2024-11-15 00:00:00+00:00, run_after=2024-11-16 00:00:00+00:00
[2024-11-16T14:20:17.814+0000] {processor.py:208} INFO - Processing /home/airflow/.local/lib/python3.12/site-packages/airflow/example_dags/tutorial.py took 0.070 seconds
[2024-11-16T14:20:48.397+0000] {processor.py:186} INFO - Started process (PID=2402) to work on /home/airflow/.local/lib/python3.12/site-packages/airflow/example_dags/tutorial.py
[2024-11-16T14:20:48.398+0000] {processor.py:914} INFO - Processing file /home/airflow/.local/lib/python3.12/site-packages/airflow/example_dags/tutorial.py for tasks to queue
[2024-11-16T14:20:48.401+0000] {logging_mixin.py:190} INFO - [2024-11-16T14:20:48.400+0000] {dagbag.py:588} INFO - Filling up the DagBag from /home/airflow/.local/lib/python3.12/site-packages/airflow/example_dags/tutorial.py
[2024-11-16T14:20:48.407+0000] {processor.py:925} INFO - DAG(s) 'tutorial' retrieved from /home/airflow/.local/lib/python3.12/site-packages/airflow/example_dags/tutorial.py
[2024-11-16T14:20:48.424+0000] {logging_mixin.py:190} INFO - [2024-11-16T14:20:48.423+0000] {dag.py:3239} INFO - Sync 1 DAGs
[2024-11-16T14:20:48.443+0000] {logging_mixin.py:190} INFO - [2024-11-16T14:20:48.443+0000] {dag.py:4180} INFO - Setting next_dagrun for tutorial to 2024-11-15 00:00:00+00:00, run_after=2024-11-16 00:00:00+00:00
[2024-11-16T14:20:48.457+0000] {processor.py:208} INFO - Processing /home/airflow/.local/lib/python3.12/site-packages/airflow/example_dags/tutorial.py took 0.064 seconds
[2024-11-16T14:21:17.505+0000] {processor.py:186} INFO - Started process (PID=363) to work on /home/airflow/.local/lib/python3.12/site-packages/airflow/example_dags/tutorial.py
[2024-11-16T14:21:17.506+0000] {processor.py:914} INFO - Processing file /home/airflow/.local/lib/python3.12/site-packages/airflow/example_dags/tutorial.py for tasks to queue
[2024-11-16T14:21:17.508+0000] {logging_mixin.py:190} INFO - [2024-11-16T14:21:17.507+0000] {dagbag.py:588} INFO - Filling up the DagBag from /home/airflow/.local/lib/python3.12/site-packages/airflow/example_dags/tutorial.py
[2024-11-16T14:21:17.516+0000] {processor.py:925} INFO - DAG(s) 'tutorial' retrieved from /home/airflow/.local/lib/python3.12/site-packages/airflow/example_dags/tutorial.py
[2024-11-16T14:21:17.532+0000] {logging_mixin.py:190} INFO - [2024-11-16T14:21:17.531+0000] {dag.py:3239} INFO - Sync 1 DAGs
[2024-11-16T14:21:17.553+0000] {logging_mixin.py:190} INFO - [2024-11-16T14:21:17.553+0000] {dag.py:4180} INFO - Setting next_dagrun for tutorial to 2024-11-15 00:00:00+00:00, run_after=2024-11-16 00:00:00+00:00
[2024-11-16T14:21:17.572+0000] {processor.py:208} INFO - Processing /home/airflow/.local/lib/python3.12/site-packages/airflow/example_dags/tutorial.py took 0.071 seconds
[2024-11-16T14:21:48.130+0000] {processor.py:186} INFO - Started process (PID=654) to work on /home/airflow/.local/lib/python3.12/site-packages/airflow/example_dags/tutorial.py
[2024-11-16T14:21:48.131+0000] {processor.py:914} INFO - Processing file /home/airflow/.local/lib/python3.12/site-packages/airflow/example_dags/tutorial.py for tasks to queue
[2024-11-16T14:21:48.132+0000] {logging_mixin.py:190} INFO - [2024-11-16T14:21:48.132+0000] {dagbag.py:588} INFO - Filling up the DagBag from /home/airflow/.local/lib/python3.12/site-packages/airflow/example_dags/tutorial.py
[2024-11-16T14:21:48.139+0000] {processor.py:925} INFO - DAG(s) 'tutorial' retrieved from /home/airflow/.local/lib/python3.12/site-packages/airflow/example_dags/tutorial.py
[2024-11-16T14:21:48.155+0000] {logging_mixin.py:190} INFO - [2024-11-16T14:21:48.155+0000] {dag.py:3239} INFO - Sync 1 DAGs
[2024-11-16T14:21:48.182+0000] {logging_mixin.py:190} INFO - [2024-11-16T14:21:48.181+0000] {dag.py:4180} INFO - Setting next_dagrun for tutorial to 2024-11-15 00:00:00+00:00, run_after=2024-11-16 00:00:00+00:00
[2024-11-16T14:21:48.198+0000] {processor.py:208} INFO - Processing /home/airflow/.local/lib/python3.12/site-packages/airflow/example_dags/tutorial.py took 0.073 seconds
[2024-11-16T14:22:18.856+0000] {processor.py:186} INFO - Started process (PID=945) to work on /home/airflow/.local/lib/python3.12/site-packages/airflow/example_dags/tutorial.py
[2024-11-16T14:22:18.857+0000] {processor.py:914} INFO - Processing file /home/airflow/.local/lib/python3.12/site-packages/airflow/example_dags/tutorial.py for tasks to queue
[2024-11-16T14:22:18.859+0000] {logging_mixin.py:190} INFO - [2024-11-16T14:22:18.859+0000] {dagbag.py:588} INFO - Filling up the DagBag from /home/airflow/.local/lib/python3.12/site-packages/airflow/example_dags/tutorial.py
[2024-11-16T14:22:18.866+0000] {processor.py:925} INFO - DAG(s) 'tutorial' retrieved from /home/airflow/.local/lib/python3.12/site-packages/airflow/example_dags/tutorial.py
[2024-11-16T14:22:18.885+0000] {logging_mixin.py:190} INFO - [2024-11-16T14:22:18.885+0000] {dag.py:3239} INFO - Sync 1 DAGs
[2024-11-16T14:22:18.910+0000] {logging_mixin.py:190} INFO - [2024-11-16T14:22:18.909+0000] {dag.py:4180} INFO - Setting next_dagrun for tutorial to 2024-11-15 00:00:00+00:00, run_after=2024-11-16 00:00:00+00:00
[2024-11-16T14:22:18.930+0000] {processor.py:208} INFO - Processing /home/airflow/.local/lib/python3.12/site-packages/airflow/example_dags/tutorial.py took 0.080 seconds
[2024-11-16T14:22:49.476+0000] {processor.py:186} INFO - Started process (PID=1238) to work on /home/airflow/.local/lib/python3.12/site-packages/airflow/example_dags/tutorial.py
[2024-11-16T14:22:49.477+0000] {processor.py:914} INFO - Processing file /home/airflow/.local/lib/python3.12/site-packages/airflow/example_dags/tutorial.py for tasks to queue
[2024-11-16T14:22:49.479+0000] {logging_mixin.py:190} INFO - [2024-11-16T14:22:49.478+0000] {dagbag.py:588} INFO - Filling up the DagBag from /home/airflow/.local/lib/python3.12/site-packages/airflow/example_dags/tutorial.py
[2024-11-16T14:22:49.486+0000] {processor.py:925} INFO - DAG(s) 'tutorial' retrieved from /home/airflow/.local/lib/python3.12/site-packages/airflow/example_dags/tutorial.py
[2024-11-16T14:22:49.502+0000] {logging_mixin.py:190} INFO - [2024-11-16T14:22:49.502+0000] {dag.py:3239} INFO - Sync 1 DAGs
[2024-11-16T14:22:49.523+0000] {logging_mixin.py:190} INFO - [2024-11-16T14:22:49.523+0000] {dag.py:4180} INFO - Setting next_dagrun for tutorial to 2024-11-15 00:00:00+00:00, run_after=2024-11-16 00:00:00+00:00
[2024-11-16T14:22:49.538+0000] {processor.py:208} INFO - Processing /home/airflow/.local/lib/python3.12/site-packages/airflow/example_dags/tutorial.py took 0.067 seconds
[2024-11-16T14:23:20.005+0000] {processor.py:186} INFO - Started process (PID=1527) to work on /home/airflow/.local/lib/python3.12/site-packages/airflow/example_dags/tutorial.py
[2024-11-16T14:23:20.006+0000] {processor.py:914} INFO - Processing file /home/airflow/.local/lib/python3.12/site-packages/airflow/example_dags/tutorial.py for tasks to queue
[2024-11-16T14:23:20.008+0000] {logging_mixin.py:190} INFO - [2024-11-16T14:23:20.008+0000] {dagbag.py:588} INFO - Filling up the DagBag from /home/airflow/.local/lib/python3.12/site-packages/airflow/example_dags/tutorial.py
[2024-11-16T14:23:20.013+0000] {processor.py:925} INFO - DAG(s) 'tutorial' retrieved from /home/airflow/.local/lib/python3.12/site-packages/airflow/example_dags/tutorial.py
[2024-11-16T14:23:20.031+0000] {logging_mixin.py:190} INFO - [2024-11-16T14:23:20.030+0000] {dag.py:3239} INFO - Sync 1 DAGs
[2024-11-16T14:23:20.051+0000] {logging_mixin.py:190} INFO - [2024-11-16T14:23:20.050+0000] {dag.py:4180} INFO - Setting next_dagrun for tutorial to 2024-11-15 00:00:00+00:00, run_after=2024-11-16 00:00:00+00:00
[2024-11-16T14:23:20.072+0000] {processor.py:208} INFO - Processing /home/airflow/.local/lib/python3.12/site-packages/airflow/example_dags/tutorial.py took 0.073 seconds
[2024-11-16T14:23:50.620+0000] {processor.py:186} INFO - Started process (PID=1820) to work on /home/airflow/.local/lib/python3.12/site-packages/airflow/example_dags/tutorial.py
[2024-11-16T14:23:50.621+0000] {processor.py:914} INFO - Processing file /home/airflow/.local/lib/python3.12/site-packages/airflow/example_dags/tutorial.py for tasks to queue
[2024-11-16T14:23:50.622+0000] {logging_mixin.py:190} INFO - [2024-11-16T14:23:50.622+0000] {dagbag.py:588} INFO - Filling up the DagBag from /home/airflow/.local/lib/python3.12/site-packages/airflow/example_dags/tutorial.py
[2024-11-16T14:23:50.628+0000] {processor.py:925} INFO - DAG(s) 'tutorial' retrieved from /home/airflow/.local/lib/python3.12/site-packages/airflow/example_dags/tutorial.py
[2024-11-16T14:23:50.644+0000] {logging_mixin.py:190} INFO - [2024-11-16T14:23:50.643+0000] {dag.py:3239} INFO - Sync 1 DAGs
[2024-11-16T14:23:50.664+0000] {logging_mixin.py:190} INFO - [2024-11-16T14:23:50.663+0000] {dag.py:4180} INFO - Setting next_dagrun for tutorial to 2024-11-15 00:00:00+00:00, run_after=2024-11-16 00:00:00+00:00
[2024-11-16T14:23:50.678+0000] {processor.py:208} INFO - Processing /home/airflow/.local/lib/python3.12/site-packages/airflow/example_dags/tutorial.py took 0.062 seconds
[2024-11-16T14:24:21.122+0000] {processor.py:186} INFO - Started process (PID=2109) to work on /home/airflow/.local/lib/python3.12/site-packages/airflow/example_dags/tutorial.py
[2024-11-16T14:24:21.122+0000] {processor.py:914} INFO - Processing file /home/airflow/.local/lib/python3.12/site-packages/airflow/example_dags/tutorial.py for tasks to queue
[2024-11-16T14:24:21.124+0000] {logging_mixin.py:190} INFO - [2024-11-16T14:24:21.124+0000] {dagbag.py:588} INFO - Filling up the DagBag from /home/airflow/.local/lib/python3.12/site-packages/airflow/example_dags/tutorial.py
[2024-11-16T14:24:21.129+0000] {processor.py:925} INFO - DAG(s) 'tutorial' retrieved from /home/airflow/.local/lib/python3.12/site-packages/airflow/example_dags/tutorial.py
[2024-11-16T14:24:21.144+0000] {logging_mixin.py:190} INFO - [2024-11-16T14:24:21.144+0000] {dag.py:3239} INFO - Sync 1 DAGs
[2024-11-16T14:24:21.164+0000] {logging_mixin.py:190} INFO - [2024-11-16T14:24:21.163+0000] {dag.py:4180} INFO - Setting next_dagrun for tutorial to 2024-11-15 00:00:00+00:00, run_after=2024-11-16 00:00:00+00:00
[2024-11-16T14:24:21.181+0000] {processor.py:208} INFO - Processing /home/airflow/.local/lib/python3.12/site-packages/airflow/example_dags/tutorial.py took 0.063 seconds
[2024-11-16T14:24:51.777+0000] {processor.py:186} INFO - Started process (PID=2400) to work on /home/airflow/.local/lib/python3.12/site-packages/airflow/example_dags/tutorial.py
[2024-11-16T14:24:51.778+0000] {processor.py:914} INFO - Processing file /home/airflow/.local/lib/python3.12/site-packages/airflow/example_dags/tutorial.py for tasks to queue
[2024-11-16T14:24:51.781+0000] {logging_mixin.py:190} INFO - [2024-11-16T14:24:51.780+0000] {dagbag.py:588} INFO - Filling up the DagBag from /home/airflow/.local/lib/python3.12/site-packages/airflow/example_dags/tutorial.py
[2024-11-16T14:24:51.789+0000] {processor.py:925} INFO - DAG(s) 'tutorial' retrieved from /home/airflow/.local/lib/python3.12/site-packages/airflow/example_dags/tutorial.py
[2024-11-16T14:24:51.818+0000] {logging_mixin.py:190} INFO - [2024-11-16T14:24:51.817+0000] {dag.py:3239} INFO - Sync 1 DAGs
[2024-11-16T14:24:51.843+0000] {logging_mixin.py:190} INFO - [2024-11-16T14:24:51.843+0000] {dag.py:4180} INFO - Setting next_dagrun for tutorial to 2024-11-15 00:00:00+00:00, run_after=2024-11-16 00:00:00+00:00
[2024-11-16T14:24:51.862+0000] {processor.py:208} INFO - Processing /home/airflow/.local/lib/python3.12/site-packages/airflow/example_dags/tutorial.py took 0.092 seconds
[2024-11-16T14:25:22.200+0000] {processor.py:186} INFO - Started process (PID=2691) to work on /home/airflow/.local/lib/python3.12/site-packages/airflow/example_dags/tutorial.py
[2024-11-16T14:25:22.201+0000] {processor.py:914} INFO - Processing file /home/airflow/.local/lib/python3.12/site-packages/airflow/example_dags/tutorial.py for tasks to queue
[2024-11-16T14:25:22.203+0000] {logging_mixin.py:190} INFO - [2024-11-16T14:25:22.203+0000] {dagbag.py:588} INFO - Filling up the DagBag from /home/airflow/.local/lib/python3.12/site-packages/airflow/example_dags/tutorial.py
[2024-11-16T14:25:22.209+0000] {processor.py:925} INFO - DAG(s) 'tutorial' retrieved from /home/airflow/.local/lib/python3.12/site-packages/airflow/example_dags/tutorial.py
[2024-11-16T14:25:22.225+0000] {logging_mixin.py:190} INFO - [2024-11-16T14:25:22.224+0000] {dag.py:3239} INFO - Sync 1 DAGs
[2024-11-16T14:25:22.244+0000] {logging_mixin.py:190} INFO - [2024-11-16T14:25:22.243+0000] {dag.py:4180} INFO - Setting next_dagrun for tutorial to 2024-11-15 00:00:00+00:00, run_after=2024-11-16 00:00:00+00:00
[2024-11-16T14:25:22.260+0000] {processor.py:208} INFO - Processing /home/airflow/.local/lib/python3.12/site-packages/airflow/example_dags/tutorial.py took 0.064 seconds
[2024-11-16T14:25:52.689+0000] {processor.py:186} INFO - Started process (PID=2982) to work on /home/airflow/.local/lib/python3.12/site-packages/airflow/example_dags/tutorial.py
[2024-11-16T14:25:52.690+0000] {processor.py:914} INFO - Processing file /home/airflow/.local/lib/python3.12/site-packages/airflow/example_dags/tutorial.py for tasks to queue
[2024-11-16T14:25:52.692+0000] {logging_mixin.py:190} INFO - [2024-11-16T14:25:52.692+0000] {dagbag.py:588} INFO - Filling up the DagBag from /home/airflow/.local/lib/python3.12/site-packages/airflow/example_dags/tutorial.py
[2024-11-16T14:25:52.697+0000] {processor.py:925} INFO - DAG(s) 'tutorial' retrieved from /home/airflow/.local/lib/python3.12/site-packages/airflow/example_dags/tutorial.py
[2024-11-16T14:25:52.713+0000] {logging_mixin.py:190} INFO - [2024-11-16T14:25:52.713+0000] {dag.py:3239} INFO - Sync 1 DAGs
[2024-11-16T14:25:52.736+0000] {logging_mixin.py:190} INFO - [2024-11-16T14:25:52.736+0000] {dag.py:4180} INFO - Setting next_dagrun for tutorial to 2024-11-15 00:00:00+00:00, run_after=2024-11-16 00:00:00+00:00
[2024-11-16T14:25:52.751+0000] {processor.py:208} INFO - Processing /home/airflow/.local/lib/python3.12/site-packages/airflow/example_dags/tutorial.py took 0.066 seconds
[2024-11-16T14:26:32.221+0000] {processor.py:186} INFO - Started process (PID=365) to work on /home/airflow/.local/lib/python3.12/site-packages/airflow/example_dags/tutorial.py
[2024-11-16T14:26:32.223+0000] {processor.py:914} INFO - Processing file /home/airflow/.local/lib/python3.12/site-packages/airflow/example_dags/tutorial.py for tasks to queue
[2024-11-16T14:26:32.225+0000] {logging_mixin.py:190} INFO - [2024-11-16T14:26:32.225+0000] {dagbag.py:588} INFO - Filling up the DagBag from /home/airflow/.local/lib/python3.12/site-packages/airflow/example_dags/tutorial.py
[2024-11-16T14:26:32.233+0000] {processor.py:925} INFO - DAG(s) 'tutorial' retrieved from /home/airflow/.local/lib/python3.12/site-packages/airflow/example_dags/tutorial.py
[2024-11-16T14:26:32.250+0000] {logging_mixin.py:190} INFO - [2024-11-16T14:26:32.250+0000] {dag.py:3239} INFO - Sync 1 DAGs
[2024-11-16T14:26:32.271+0000] {logging_mixin.py:190} INFO - [2024-11-16T14:26:32.271+0000] {dag.py:4180} INFO - Setting next_dagrun for tutorial to 2024-11-15 00:00:00+00:00, run_after=2024-11-16 00:00:00+00:00
[2024-11-16T14:26:32.290+0000] {processor.py:208} INFO - Processing /home/airflow/.local/lib/python3.12/site-packages/airflow/example_dags/tutorial.py took 0.074 seconds
[2024-11-16T14:27:02.580+0000] {processor.py:186} INFO - Started process (PID=654) to work on /home/airflow/.local/lib/python3.12/site-packages/airflow/example_dags/tutorial.py
[2024-11-16T14:27:02.581+0000] {processor.py:914} INFO - Processing file /home/airflow/.local/lib/python3.12/site-packages/airflow/example_dags/tutorial.py for tasks to queue
[2024-11-16T14:27:02.582+0000] {logging_mixin.py:190} INFO - [2024-11-16T14:27:02.582+0000] {dagbag.py:588} INFO - Filling up the DagBag from /home/airflow/.local/lib/python3.12/site-packages/airflow/example_dags/tutorial.py
[2024-11-16T14:27:02.588+0000] {processor.py:925} INFO - DAG(s) 'tutorial' retrieved from /home/airflow/.local/lib/python3.12/site-packages/airflow/example_dags/tutorial.py
[2024-11-16T14:27:02.603+0000] {logging_mixin.py:190} INFO - [2024-11-16T14:27:02.603+0000] {dag.py:3239} INFO - Sync 1 DAGs
[2024-11-16T14:27:02.623+0000] {logging_mixin.py:190} INFO - [2024-11-16T14:27:02.623+0000] {dag.py:4180} INFO - Setting next_dagrun for tutorial to 2024-11-15 00:00:00+00:00, run_after=2024-11-16 00:00:00+00:00
[2024-11-16T14:27:02.639+0000] {processor.py:208} INFO - Processing /home/airflow/.local/lib/python3.12/site-packages/airflow/example_dags/tutorial.py took 0.063 seconds
[2024-11-16T14:27:32.873+0000] {processor.py:186} INFO - Started process (PID=945) to work on /home/airflow/.local/lib/python3.12/site-packages/airflow/example_dags/tutorial.py
[2024-11-16T14:27:32.874+0000] {processor.py:914} INFO - Processing file /home/airflow/.local/lib/python3.12/site-packages/airflow/example_dags/tutorial.py for tasks to queue
[2024-11-16T14:27:32.876+0000] {logging_mixin.py:190} INFO - [2024-11-16T14:27:32.876+0000] {dagbag.py:588} INFO - Filling up the DagBag from /home/airflow/.local/lib/python3.12/site-packages/airflow/example_dags/tutorial.py
[2024-11-16T14:27:32.883+0000] {processor.py:925} INFO - DAG(s) 'tutorial' retrieved from /home/airflow/.local/lib/python3.12/site-packages/airflow/example_dags/tutorial.py
[2024-11-16T14:27:32.899+0000] {logging_mixin.py:190} INFO - [2024-11-16T14:27:32.899+0000] {dag.py:3239} INFO - Sync 1 DAGs
[2024-11-16T14:27:32.921+0000] {logging_mixin.py:190} INFO - [2024-11-16T14:27:32.921+0000] {dag.py:4180} INFO - Setting next_dagrun for tutorial to 2024-11-15 00:00:00+00:00, run_after=2024-11-16 00:00:00+00:00
[2024-11-16T14:27:32.940+0000] {processor.py:208} INFO - Processing /home/airflow/.local/lib/python3.12/site-packages/airflow/example_dags/tutorial.py took 0.072 seconds
[2024-11-16T14:28:03.191+0000] {processor.py:186} INFO - Started process (PID=1236) to work on /home/airflow/.local/lib/python3.12/site-packages/airflow/example_dags/tutorial.py
[2024-11-16T14:28:03.192+0000] {processor.py:914} INFO - Processing file /home/airflow/.local/lib/python3.12/site-packages/airflow/example_dags/tutorial.py for tasks to queue
[2024-11-16T14:28:03.194+0000] {logging_mixin.py:190} INFO - [2024-11-16T14:28:03.193+0000] {dagbag.py:588} INFO - Filling up the DagBag from /home/airflow/.local/lib/python3.12/site-packages/airflow/example_dags/tutorial.py
[2024-11-16T14:28:03.200+0000] {processor.py:925} INFO - DAG(s) 'tutorial' retrieved from /home/airflow/.local/lib/python3.12/site-packages/airflow/example_dags/tutorial.py
[2024-11-16T14:28:03.215+0000] {logging_mixin.py:190} INFO - [2024-11-16T14:28:03.215+0000] {dag.py:3239} INFO - Sync 1 DAGs
[2024-11-16T14:28:03.235+0000] {logging_mixin.py:190} INFO - [2024-11-16T14:28:03.235+0000] {dag.py:4180} INFO - Setting next_dagrun for tutorial to 2024-11-15 00:00:00+00:00, run_after=2024-11-16 00:00:00+00:00
[2024-11-16T14:28:03.250+0000] {processor.py:208} INFO - Processing /home/airflow/.local/lib/python3.12/site-packages/airflow/example_dags/tutorial.py took 0.064 seconds
[2024-11-16T14:28:33.688+0000] {processor.py:186} INFO - Started process (PID=1529) to work on /home/airflow/.local/lib/python3.12/site-packages/airflow/example_dags/tutorial.py
[2024-11-16T14:28:33.689+0000] {processor.py:914} INFO - Processing file /home/airflow/.local/lib/python3.12/site-packages/airflow/example_dags/tutorial.py for tasks to queue
[2024-11-16T14:28:33.692+0000] {logging_mixin.py:190} INFO - [2024-11-16T14:28:33.692+0000] {dagbag.py:588} INFO - Filling up the DagBag from /home/airflow/.local/lib/python3.12/site-packages/airflow/example_dags/tutorial.py
[2024-11-16T14:28:33.698+0000] {processor.py:925} INFO - DAG(s) 'tutorial' retrieved from /home/airflow/.local/lib/python3.12/site-packages/airflow/example_dags/tutorial.py
[2024-11-16T14:28:33.717+0000] {logging_mixin.py:190} INFO - [2024-11-16T14:28:33.717+0000] {dag.py:3239} INFO - Sync 1 DAGs
[2024-11-16T14:28:33.739+0000] {logging_mixin.py:190} INFO - [2024-11-16T14:28:33.739+0000] {dag.py:4180} INFO - Setting next_dagrun for tutorial to 2024-11-15 00:00:00+00:00, run_after=2024-11-16 00:00:00+00:00
[2024-11-16T14:28:33.756+0000] {processor.py:208} INFO - Processing /home/airflow/.local/lib/python3.12/site-packages/airflow/example_dags/tutorial.py took 0.072 seconds
[2024-11-16T14:29:14.698+0000] {processor.py:186} INFO - Started process (PID=363) to work on /home/airflow/.local/lib/python3.12/site-packages/airflow/example_dags/tutorial.py
[2024-11-16T14:29:14.698+0000] {processor.py:914} INFO - Processing file /home/airflow/.local/lib/python3.12/site-packages/airflow/example_dags/tutorial.py for tasks to queue
[2024-11-16T14:29:14.700+0000] {logging_mixin.py:190} INFO - [2024-11-16T14:29:14.700+0000] {dagbag.py:588} INFO - Filling up the DagBag from /home/airflow/.local/lib/python3.12/site-packages/airflow/example_dags/tutorial.py
[2024-11-16T14:29:14.706+0000] {processor.py:925} INFO - DAG(s) 'tutorial' retrieved from /home/airflow/.local/lib/python3.12/site-packages/airflow/example_dags/tutorial.py
[2024-11-16T14:29:14.721+0000] {logging_mixin.py:190} INFO - [2024-11-16T14:29:14.721+0000] {dag.py:3239} INFO - Sync 1 DAGs
[2024-11-16T14:29:14.744+0000] {logging_mixin.py:190} INFO - [2024-11-16T14:29:14.744+0000] {dag.py:4180} INFO - Setting next_dagrun for tutorial to 2024-11-15 00:00:00+00:00, run_after=2024-11-16 00:00:00+00:00
[2024-11-16T14:29:14.759+0000] {processor.py:208} INFO - Processing /home/airflow/.local/lib/python3.12/site-packages/airflow/example_dags/tutorial.py took 0.065 seconds
[2024-11-16T14:29:45.236+0000] {processor.py:186} INFO - Started process (PID=654) to work on /home/airflow/.local/lib/python3.12/site-packages/airflow/example_dags/tutorial.py
[2024-11-16T14:29:45.237+0000] {processor.py:914} INFO - Processing file /home/airflow/.local/lib/python3.12/site-packages/airflow/example_dags/tutorial.py for tasks to queue
[2024-11-16T14:29:45.238+0000] {logging_mixin.py:190} INFO - [2024-11-16T14:29:45.238+0000] {dagbag.py:588} INFO - Filling up the DagBag from /home/airflow/.local/lib/python3.12/site-packages/airflow/example_dags/tutorial.py
[2024-11-16T14:29:45.245+0000] {processor.py:925} INFO - DAG(s) 'tutorial' retrieved from /home/airflow/.local/lib/python3.12/site-packages/airflow/example_dags/tutorial.py
[2024-11-16T14:29:45.262+0000] {logging_mixin.py:190} INFO - [2024-11-16T14:29:45.261+0000] {dag.py:3239} INFO - Sync 1 DAGs
[2024-11-16T14:29:45.281+0000] {logging_mixin.py:190} INFO - [2024-11-16T14:29:45.281+0000] {dag.py:4180} INFO - Setting next_dagrun for tutorial to 2024-11-15 00:00:00+00:00, run_after=2024-11-16 00:00:00+00:00
[2024-11-16T14:29:45.298+0000] {processor.py:208} INFO - Processing /home/airflow/.local/lib/python3.12/site-packages/airflow/example_dags/tutorial.py took 0.066 seconds
[2024-11-16T14:30:15.591+0000] {processor.py:186} INFO - Started process (PID=945) to work on /home/airflow/.local/lib/python3.12/site-packages/airflow/example_dags/tutorial.py
[2024-11-16T14:30:15.592+0000] {processor.py:914} INFO - Processing file /home/airflow/.local/lib/python3.12/site-packages/airflow/example_dags/tutorial.py for tasks to queue
[2024-11-16T14:30:15.593+0000] {logging_mixin.py:190} INFO - [2024-11-16T14:30:15.593+0000] {dagbag.py:588} INFO - Filling up the DagBag from /home/airflow/.local/lib/python3.12/site-packages/airflow/example_dags/tutorial.py
[2024-11-16T14:30:15.598+0000] {processor.py:925} INFO - DAG(s) 'tutorial' retrieved from /home/airflow/.local/lib/python3.12/site-packages/airflow/example_dags/tutorial.py
[2024-11-16T14:30:15.613+0000] {logging_mixin.py:190} INFO - [2024-11-16T14:30:15.613+0000] {dag.py:3239} INFO - Sync 1 DAGs
[2024-11-16T14:30:15.632+0000] {logging_mixin.py:190} INFO - [2024-11-16T14:30:15.632+0000] {dag.py:4180} INFO - Setting next_dagrun for tutorial to 2024-11-15 00:00:00+00:00, run_after=2024-11-16 00:00:00+00:00
[2024-11-16T14:30:15.647+0000] {processor.py:208} INFO - Processing /home/airflow/.local/lib/python3.12/site-packages/airflow/example_dags/tutorial.py took 0.060 seconds
[2024-11-16T14:30:46.021+0000] {processor.py:186} INFO - Started process (PID=1236) to work on /home/airflow/.local/lib/python3.12/site-packages/airflow/example_dags/tutorial.py
[2024-11-16T14:30:46.022+0000] {processor.py:914} INFO - Processing file /home/airflow/.local/lib/python3.12/site-packages/airflow/example_dags/tutorial.py for tasks to queue
[2024-11-16T14:30:46.024+0000] {logging_mixin.py:190} INFO - [2024-11-16T14:30:46.023+0000] {dagbag.py:588} INFO - Filling up the DagBag from /home/airflow/.local/lib/python3.12/site-packages/airflow/example_dags/tutorial.py
[2024-11-16T14:30:46.029+0000] {processor.py:925} INFO - DAG(s) 'tutorial' retrieved from /home/airflow/.local/lib/python3.12/site-packages/airflow/example_dags/tutorial.py
[2024-11-16T14:30:46.044+0000] {logging_mixin.py:190} INFO - [2024-11-16T14:30:46.043+0000] {dag.py:3239} INFO - Sync 1 DAGs
[2024-11-16T14:30:46.064+0000] {logging_mixin.py:190} INFO - [2024-11-16T14:30:46.064+0000] {dag.py:4180} INFO - Setting next_dagrun for tutorial to 2024-11-15 00:00:00+00:00, run_after=2024-11-16 00:00:00+00:00
[2024-11-16T14:30:46.079+0000] {processor.py:208} INFO - Processing /home/airflow/.local/lib/python3.12/site-packages/airflow/example_dags/tutorial.py took 0.062 seconds
[2024-11-16T14:31:25.051+0000] {processor.py:186} INFO - Started process (PID=363) to work on /home/airflow/.local/lib/python3.12/site-packages/airflow/example_dags/tutorial.py
[2024-11-16T14:31:25.051+0000] {processor.py:914} INFO - Processing file /home/airflow/.local/lib/python3.12/site-packages/airflow/example_dags/tutorial.py for tasks to queue
[2024-11-16T14:31:25.053+0000] {logging_mixin.py:190} INFO - [2024-11-16T14:31:25.053+0000] {dagbag.py:588} INFO - Filling up the DagBag from /home/airflow/.local/lib/python3.12/site-packages/airflow/example_dags/tutorial.py
[2024-11-16T14:31:25.059+0000] {processor.py:925} INFO - DAG(s) 'tutorial' retrieved from /home/airflow/.local/lib/python3.12/site-packages/airflow/example_dags/tutorial.py
[2024-11-16T14:31:25.074+0000] {logging_mixin.py:190} INFO - [2024-11-16T14:31:25.074+0000] {dag.py:3239} INFO - Sync 1 DAGs
[2024-11-16T14:31:25.094+0000] {logging_mixin.py:190} INFO - [2024-11-16T14:31:25.093+0000] {dag.py:4180} INFO - Setting next_dagrun for tutorial to 2024-11-15 00:00:00+00:00, run_after=2024-11-16 00:00:00+00:00
[2024-11-16T14:31:25.111+0000] {processor.py:208} INFO - Processing /home/airflow/.local/lib/python3.12/site-packages/airflow/example_dags/tutorial.py took 0.065 seconds
[2024-11-16T14:31:55.488+0000] {processor.py:186} INFO - Started process (PID=654) to work on /home/airflow/.local/lib/python3.12/site-packages/airflow/example_dags/tutorial.py
[2024-11-16T14:31:55.489+0000] {processor.py:914} INFO - Processing file /home/airflow/.local/lib/python3.12/site-packages/airflow/example_dags/tutorial.py for tasks to queue
[2024-11-16T14:31:55.491+0000] {logging_mixin.py:190} INFO - [2024-11-16T14:31:55.490+0000] {dagbag.py:588} INFO - Filling up the DagBag from /home/airflow/.local/lib/python3.12/site-packages/airflow/example_dags/tutorial.py
[2024-11-16T14:31:55.496+0000] {processor.py:925} INFO - DAG(s) 'tutorial' retrieved from /home/airflow/.local/lib/python3.12/site-packages/airflow/example_dags/tutorial.py
[2024-11-16T14:31:55.510+0000] {logging_mixin.py:190} INFO - [2024-11-16T14:31:55.510+0000] {dag.py:3239} INFO - Sync 1 DAGs
[2024-11-16T14:31:55.530+0000] {logging_mixin.py:190} INFO - [2024-11-16T14:31:55.530+0000] {dag.py:4180} INFO - Setting next_dagrun for tutorial to 2024-11-15 00:00:00+00:00, run_after=2024-11-16 00:00:00+00:00
[2024-11-16T14:31:55.547+0000] {processor.py:208} INFO - Processing /home/airflow/.local/lib/python3.12/site-packages/airflow/example_dags/tutorial.py took 0.063 seconds
