[2024-11-18T16:27:02.286+0000] {local_task_job_runner.py:123} INFO - ::group::Pre task execution logs
[2024-11-18T16:27:02.302+0000] {taskinstance.py:2612} INFO - Dependencies all met for dep_context=non-requeueable deps ti=<TaskInstance: Ciril_group.load_to_db manual__2024-11-18T16:26:50.691860+00:00 [queued]>
[2024-11-18T16:27:02.310+0000] {taskinstance.py:2612} INFO - Dependencies all met for dep_context=requeueable deps ti=<TaskInstance: Ciril_group.load_to_db manual__2024-11-18T16:26:50.691860+00:00 [queued]>
[2024-11-18T16:27:02.311+0000] {taskinstance.py:2865} INFO - Starting attempt 1 of 6
[2024-11-18T16:27:02.324+0000] {taskinstance.py:2888} INFO - Executing <Task(DockerOperator): load_to_db> on 2024-11-18 16:26:50.691860+00:00
[2024-11-18T16:27:02.331+0000] {standard_task_runner.py:104} INFO - Running: ['***', 'tasks', 'run', 'Ciril_group', 'load_to_db', 'manual__2024-11-18T16:26:50.691860+00:00', '--job-id', '8', '--raw', '--subdir', 'DAGS_FOLDER/ciril_group_dag.py', '--cfg-path', '/tmp/tmpr_ni9ry1']
[2024-11-18T16:27:02.333+0000] {standard_task_runner.py:105} INFO - Job 8: Subtask load_to_db
[2024-11-18T16:27:02.335+0000] {logging_mixin.py:190} WARNING - /home/***/.local/lib/python3.12/site-packages/***/task/task_runner/standard_task_runner.py:70 DeprecationWarning: This process (pid=263) is multi-threaded, use of fork() may lead to deadlocks in the child.
[2024-11-18T16:27:02.336+0000] {standard_task_runner.py:72} INFO - Started process 266 to run task
[2024-11-18T16:27:02.370+0000] {task_command.py:467} INFO - Running <TaskInstance: Ciril_group.load_to_db manual__2024-11-18T16:26:50.691860+00:00 [running]> on host 061dbc9e53b1
[2024-11-18T16:27:02.447+0000] {taskinstance.py:3131} INFO - Exporting env vars: AIRFLOW_CTX_DAG_OWNER='Simo' AIRFLOW_CTX_DAG_ID='Ciril_group' AIRFLOW_CTX_TASK_ID='load_to_db' AIRFLOW_CTX_EXECUTION_DATE='2024-11-18T16:26:50.691860+00:00' AIRFLOW_CTX_TRY_NUMBER='1' AIRFLOW_CTX_DAG_RUN_ID='manual__2024-11-18T16:26:50.691860+00:00'
[2024-11-18T16:27:02.448+0000] {taskinstance.py:731} INFO - ::endgroup::
[2024-11-18T16:27:02.497+0000] {docker.py:367} INFO - Starting docker container from image ***_ciril:latest
[2024-11-18T16:27:10.001+0000] {docker.py:438} INFO - 
[2024-11-18T16:27:10.586+0000] {docker.py:438} INFO - /opt/***/load-csv/load_to_db.py:13: RemovedIn20Warning: [31mDeprecated API features detected! These feature(s) are not compatible with SQLAlchemy 2.0. [32mTo prevent incompatible upgrades prior to updating applications, ensure requirements files are pinned to "sqlalchemy<2.0". [36mSet environment variable SQLALCHEMY_WARN_20=1 to show all deprecation warnings.  Set environment variable SQLALCHEMY_SILENCE_UBER_WARNING=1 to silence this message.[0m (Background on SQLAlchemy 2.0 at: https://sqlalche.me/e/b8d9)
[2024-11-18T16:27:10.587+0000] {docker.py:438} INFO -   metadata = sqlalchemy.schema.MetaData(engine)
[2024-11-18T16:27:10.587+0000] {docker.py:438} INFO - Connexion à la base de données réussie
[2024-11-18T16:27:10.602+0000] {docker.py:438} INFO - Fichier people.csv introuvable.
[2024-11-18T16:27:10.603+0000] {docker.py:438} INFO - Fichier places.csv introuvable.
[2024-11-18T16:27:11.264+0000] {taskinstance.py:340} INFO - ::group::Post task execution logs
[2024-11-18T16:27:11.265+0000] {taskinstance.py:352} INFO - Marking task as SUCCESS. dag_id=Ciril_group, task_id=load_to_db, run_id=manual__2024-11-18T16:26:50.691860+00:00, execution_date=20241118T162650, start_date=20241118T162702, end_date=20241118T162711
[2024-11-18T16:27:11.290+0000] {local_task_job_runner.py:266} INFO - Task exited with return code 0
[2024-11-18T16:27:11.308+0000] {taskinstance.py:3900} INFO - 1 downstream tasks scheduled from follow-on schedule check
[2024-11-18T16:27:11.311+0000] {local_task_job_runner.py:245} INFO - ::endgroup::
