[2024-11-18T15:29:42.307+0000] {local_task_job_runner.py:123} INFO - ::group::Pre task execution logs
[2024-11-18T15:29:42.324+0000] {taskinstance.py:2612} INFO - Dependencies all met for dep_context=non-requeueable deps ti=<TaskInstance: Ciril_group.create-db manual__2024-11-18T15:29:41.170023+00:00 [queued]>
[2024-11-18T15:29:42.332+0000] {taskinstance.py:2612} INFO - Dependencies all met for dep_context=requeueable deps ti=<TaskInstance: Ciril_group.create-db manual__2024-11-18T15:29:41.170023+00:00 [queued]>
[2024-11-18T15:29:42.333+0000] {taskinstance.py:2865} INFO - Starting attempt 1 of 6
[2024-11-18T15:29:42.346+0000] {taskinstance.py:2888} INFO - Executing <Task(BashOperator): create-db> on 2024-11-18 15:29:41.170023+00:00
[2024-11-18T15:29:42.355+0000] {standard_task_runner.py:104} INFO - Running: ['***', 'tasks', 'run', 'Ciril_group', 'create-db', 'manual__2024-11-18T15:29:41.170023+00:00', '--job-id', '4', '--raw', '--subdir', 'DAGS_FOLDER/ciril_group_dag.py', '--cfg-path', '/tmp/tmpo9rnhk8g']
[2024-11-18T15:29:42.359+0000] {standard_task_runner.py:105} INFO - Job 4: Subtask create-db
[2024-11-18T15:29:42.362+0000] {logging_mixin.py:190} WARNING - /home/***/.local/lib/python3.12/site-packages/***/task/task_runner/standard_task_runner.py:70 DeprecationWarning: This process (pid=186) is multi-threaded, use of fork() may lead to deadlocks in the child.
[2024-11-18T15:29:42.363+0000] {standard_task_runner.py:72} INFO - Started process 192 to run task
[2024-11-18T15:29:42.405+0000] {task_command.py:467} INFO - Running <TaskInstance: Ciril_group.create-db manual__2024-11-18T15:29:41.170023+00:00 [running]> on host a9a649333837
[2024-11-18T15:29:42.482+0000] {taskinstance.py:3131} INFO - Exporting env vars: AIRFLOW_CTX_DAG_OWNER='Simo' AIRFLOW_CTX_DAG_ID='Ciril_group' AIRFLOW_CTX_TASK_ID='create-db' AIRFLOW_CTX_EXECUTION_DATE='2024-11-18T15:29:41.170023+00:00' AIRFLOW_CTX_TRY_NUMBER='1' AIRFLOW_CTX_DAG_RUN_ID='manual__2024-11-18T15:29:41.170023+00:00'
[2024-11-18T15:29:42.483+0000] {taskinstance.py:731} INFO - ::endgroup::
[2024-11-18T15:29:42.526+0000] {subprocess.py:63} INFO - Tmp dir root location: /tmp
[2024-11-18T15:29:42.527+0000] {subprocess.py:75} INFO - Running command: ['/usr/bin/bash', '-c', '/opt/***/create-ciril-db.sh']
[2024-11-18T15:29:42.539+0000] {subprocess.py:86} INFO - Output:
[2024-11-18T15:29:42.557+0000] {subprocess.py:93} INFO - sudo: a terminal is required to read the password; either use the -S option to read from standard input or configure an askpass helper
[2024-11-18T15:29:42.558+0000] {subprocess.py:93} INFO - sudo: a password is required
[2024-11-18T15:29:42.572+0000] {subprocess.py:93} INFO - sudo: a terminal is required to read the password; either use the -S option to read from standard input or configure an askpass helper
[2024-11-18T15:29:42.572+0000] {subprocess.py:93} INFO - sudo: a password is required
[2024-11-18T15:29:42.573+0000] {subprocess.py:93} INFO - Error executing SQL script.
[2024-11-18T15:29:42.573+0000] {subprocess.py:97} INFO - Command exited with return code 0
[2024-11-18T15:29:42.600+0000] {taskinstance.py:340} INFO - ::group::Post task execution logs
[2024-11-18T15:29:42.601+0000] {taskinstance.py:352} INFO - Marking task as SUCCESS. dag_id=Ciril_group, task_id=create-db, run_id=manual__2024-11-18T15:29:41.170023+00:00, execution_date=20241118T152941, start_date=20241118T152942, end_date=20241118T152942
[2024-11-18T15:29:42.658+0000] {local_task_job_runner.py:266} INFO - Task exited with return code 0
[2024-11-18T15:29:42.671+0000] {taskinstance.py:3900} INFO - 0 downstream tasks scheduled from follow-on schedule check
[2024-11-18T15:29:42.673+0000] {local_task_job_runner.py:245} INFO - ::endgroup::
