[2024-11-18T16:02:20.518+0000] {local_task_job_runner.py:123} INFO - ::group::Pre task execution logs
[2024-11-18T16:02:20.546+0000] {taskinstance.py:2612} INFO - Dependencies all met for dep_context=non-requeueable deps ti=<TaskInstance: Ciril_group.run-example manual__2024-11-18T16:02:19.228946+00:00 [queued]>
[2024-11-18T16:02:20.559+0000] {taskinstance.py:2612} INFO - Dependencies all met for dep_context=requeueable deps ti=<TaskInstance: Ciril_group.run-example manual__2024-11-18T16:02:19.228946+00:00 [queued]>
[2024-11-18T16:02:20.560+0000] {taskinstance.py:2865} INFO - Starting attempt 1 of 6
[2024-11-18T16:02:20.581+0000] {taskinstance.py:2888} INFO - Executing <Task(DockerOperator): run-example> on 2024-11-18 16:02:19.228946+00:00
[2024-11-18T16:02:20.598+0000] {standard_task_runner.py:104} INFO - Running: ['***', 'tasks', 'run', 'Ciril_group', 'run-example', 'manual__2024-11-18T16:02:19.228946+00:00', '--job-id', '3', '--raw', '--subdir', 'DAGS_FOLDER/ciril_group_dag.py', '--cfg-path', '/tmp/tmpyv1gvf_5']
[2024-11-18T16:02:20.601+0000] {logging_mixin.py:190} WARNING - /home/***/.local/lib/python3.12/site-packages/***/task/task_runner/standard_task_runner.py:70 DeprecationWarning: This process (pid=200) is multi-threaded, use of fork() may lead to deadlocks in the child.
[2024-11-18T16:02:20.603+0000] {standard_task_runner.py:105} INFO - Job 3: Subtask run-example
[2024-11-18T16:02:20.604+0000] {standard_task_runner.py:72} INFO - Started process 203 to run task
[2024-11-18T16:02:20.670+0000] {task_command.py:467} INFO - Running <TaskInstance: Ciril_group.run-example manual__2024-11-18T16:02:19.228946+00:00 [running]> on host 1d5bdcb3fd32
[2024-11-18T16:02:20.767+0000] {taskinstance.py:3131} INFO - Exporting env vars: AIRFLOW_CTX_DAG_OWNER='Simo' AIRFLOW_CTX_DAG_ID='Ciril_group' AIRFLOW_CTX_TASK_ID='run-example' AIRFLOW_CTX_EXECUTION_DATE='2024-11-18T16:02:19.228946+00:00' AIRFLOW_CTX_TRY_NUMBER='1' AIRFLOW_CTX_DAG_RUN_ID='manual__2024-11-18T16:02:19.228946+00:00'
[2024-11-18T16:02:20.768+0000] {taskinstance.py:731} INFO - ::endgroup::
[2024-11-18T16:02:20.883+0000] {docker.py:367} INFO - Starting docker container from image ***_ciril:latest
[2024-11-18T16:02:29.630+0000] {docker.py:438} INFO - 
[2024-11-18T16:02:31.754+0000] {docker.py:438} INFO - Fichier total_births_by_country.json créé
[2024-11-18T16:02:32.725+0000] {taskinstance.py:340} INFO - ::group::Post task execution logs
[2024-11-18T16:02:32.725+0000] {taskinstance.py:352} INFO - Marking task as SUCCESS. dag_id=Ciril_group, task_id=run-example, run_id=manual__2024-11-18T16:02:19.228946+00:00, execution_date=20241118T160219, start_date=20241118T160220, end_date=20241118T160232
[2024-11-18T16:02:32.761+0000] {local_task_job_runner.py:266} INFO - Task exited with return code 0
[2024-11-18T16:02:32.786+0000] {taskinstance.py:3900} INFO - 1 downstream tasks scheduled from follow-on schedule check
[2024-11-18T16:02:32.788+0000] {local_task_job_runner.py:245} INFO - ::endgroup::
