[2024-11-18T13:39:57.772+0000] {local_task_job_runner.py:123} INFO - ::group::Pre task execution logs
[2024-11-18T13:39:57.797+0000] {taskinstance.py:2612} INFO - Dependencies all met for dep_context=non-requeueable deps ti=<TaskInstance: Ciril_group.create-db scheduled__2024-11-17T00:00:00+00:00 [queued]>
[2024-11-18T13:39:57.815+0000] {taskinstance.py:2612} INFO - Dependencies all met for dep_context=requeueable deps ti=<TaskInstance: Ciril_group.create-db scheduled__2024-11-17T00:00:00+00:00 [queued]>
[2024-11-18T13:39:57.824+0000] {taskinstance.py:2865} INFO - Starting attempt 1 of 6
[2024-11-18T13:39:57.850+0000] {taskinstance.py:2888} INFO - Executing <Task(BashOperator): create-db> on 2024-11-17 00:00:00+00:00
[2024-11-18T13:39:57.862+0000] {standard_task_runner.py:104} INFO - Running: ['***', 'tasks', 'run', 'Ciril_group', 'create-db', 'scheduled__2024-11-17T00:00:00+00:00', '--job-id', '6', '--raw', '--subdir', 'DAGS_FOLDER/ciril_group_dag.py', '--cfg-path', '/tmp/tmpsflyqab0']
[2024-11-18T13:39:57.864+0000] {standard_task_runner.py:105} INFO - Job 6: Subtask create-db
[2024-11-18T13:39:57.867+0000] {logging_mixin.py:190} WARNING - /home/***/.local/lib/python3.12/site-packages/***/task/task_runner/standard_task_runner.py:70 DeprecationWarning: This process (pid=206) is multi-threaded, use of fork() may lead to deadlocks in the child.
[2024-11-18T13:39:57.868+0000] {standard_task_runner.py:72} INFO - Started process 211 to run task
[2024-11-18T13:39:57.916+0000] {task_command.py:467} INFO - Running <TaskInstance: Ciril_group.create-db scheduled__2024-11-17T00:00:00+00:00 [running]> on host f01d71a2fe35
[2024-11-18T13:39:58.000+0000] {taskinstance.py:3131} INFO - Exporting env vars: AIRFLOW_CTX_DAG_OWNER='Simo' AIRFLOW_CTX_DAG_ID='Ciril_group' AIRFLOW_CTX_TASK_ID='create-db' AIRFLOW_CTX_EXECUTION_DATE='2024-11-17T00:00:00+00:00' AIRFLOW_CTX_TRY_NUMBER='1' AIRFLOW_CTX_DAG_RUN_ID='scheduled__2024-11-17T00:00:00+00:00'
[2024-11-18T13:39:58.001+0000] {taskinstance.py:731} INFO - ::endgroup::
[2024-11-18T13:39:58.037+0000] {subprocess.py:63} INFO - Tmp dir root location: /tmp
[2024-11-18T13:39:58.038+0000] {subprocess.py:75} INFO - Running command: ['/usr/bin/bash', '-c', '/opt/***/create-ciril-db.sh']
[2024-11-18T13:39:58.048+0000] {subprocess.py:86} INFO - Output:
[2024-11-18T13:39:58.162+0000] {subprocess.py:93} INFO - unknown flag: --no-TTY
[2024-11-18T13:39:58.163+0000] {subprocess.py:93} INFO - See 'docker --help'.
[2024-11-18T13:39:58.164+0000] {subprocess.py:93} INFO - 
[2024-11-18T13:39:58.165+0000] {subprocess.py:93} INFO - Usage:  docker [OPTIONS] COMMAND
[2024-11-18T13:39:58.165+0000] {subprocess.py:93} INFO - 
[2024-11-18T13:39:58.166+0000] {subprocess.py:93} INFO - A self-sufficient runtime for containers
[2024-11-18T13:39:58.166+0000] {subprocess.py:93} INFO - 
[2024-11-18T13:39:58.167+0000] {subprocess.py:93} INFO - Options:
[2024-11-18T13:39:58.167+0000] {subprocess.py:93} INFO -       --config string      Location of client config files (default
[2024-11-18T13:39:58.168+0000] {subprocess.py:93} INFO -                            "/home/***/.docker")
[2024-11-18T13:39:58.169+0000] {subprocess.py:93} INFO -   -c, --context string     Name of the context to use to connect to the
[2024-11-18T13:39:58.169+0000] {subprocess.py:93} INFO -                            daemon (overrides DOCKER_HOST env var and
[2024-11-18T13:39:58.170+0000] {subprocess.py:93} INFO -                            default context set with "docker context use")
[2024-11-18T13:39:58.170+0000] {subprocess.py:93} INFO -   -D, --debug              Enable debug mode
[2024-11-18T13:39:58.171+0000] {subprocess.py:93} INFO -   -H, --host list          Daemon socket(s) to connect to
[2024-11-18T13:39:58.172+0000] {subprocess.py:93} INFO -   -l, --log-level string   Set the logging level
[2024-11-18T13:39:58.173+0000] {subprocess.py:93} INFO -                            ("debug"|"info"|"warn"|"error"|"fatal")
[2024-11-18T13:39:58.174+0000] {subprocess.py:93} INFO -                            (default "info")
[2024-11-18T13:39:58.175+0000] {subprocess.py:93} INFO -       --tls                Use TLS; implied by --tlsverify
[2024-11-18T13:39:58.175+0000] {subprocess.py:93} INFO -       --tlscacert string   Trust certs signed only by this CA (default
[2024-11-18T13:39:58.176+0000] {subprocess.py:93} INFO -                            "/home/***/.docker/ca.pem")
[2024-11-18T13:39:58.177+0000] {subprocess.py:93} INFO -       --tlscert string     Path to TLS certificate file (default
[2024-11-18T13:39:58.178+0000] {subprocess.py:93} INFO -                            "/home/***/.docker/cert.pem")
[2024-11-18T13:39:58.178+0000] {subprocess.py:93} INFO -       --tlskey string      Path to TLS key file (default
[2024-11-18T13:39:58.179+0000] {subprocess.py:93} INFO -                            "/home/***/.docker/key.pem")
[2024-11-18T13:39:58.180+0000] {subprocess.py:93} INFO -       --tlsverify          Use TLS and verify the remote
[2024-11-18T13:39:58.181+0000] {subprocess.py:93} INFO -   -v, --version            Print version information and quit
[2024-11-18T13:39:58.182+0000] {subprocess.py:93} INFO - 
[2024-11-18T13:39:58.182+0000] {subprocess.py:93} INFO - Management Commands:
[2024-11-18T13:39:58.183+0000] {subprocess.py:93} INFO -   builder     Manage builds
[2024-11-18T13:39:58.183+0000] {subprocess.py:93} INFO -   completion  Generate the autocompletion script for the specified shell
[2024-11-18T13:39:58.184+0000] {subprocess.py:93} INFO -   config      Manage Docker configs
[2024-11-18T13:39:58.185+0000] {subprocess.py:93} INFO -   container   Manage containers
[2024-11-18T13:39:58.185+0000] {subprocess.py:93} INFO -   context     Manage contexts
[2024-11-18T13:39:58.186+0000] {subprocess.py:93} INFO -   image       Manage images
[2024-11-18T13:39:58.186+0000] {subprocess.py:93} INFO -   manifest    Manage Docker image manifests and manifest lists
[2024-11-18T13:39:58.187+0000] {subprocess.py:93} INFO -   network     Manage networks
[2024-11-18T13:39:58.188+0000] {subprocess.py:93} INFO -   node        Manage Swarm nodes
[2024-11-18T13:39:58.188+0000] {subprocess.py:93} INFO -   plugin      Manage plugins
[2024-11-18T13:39:58.189+0000] {subprocess.py:93} INFO -   secret      Manage Docker secrets
[2024-11-18T13:39:58.190+0000] {subprocess.py:93} INFO -   service     Manage services
[2024-11-18T13:39:58.190+0000] {subprocess.py:93} INFO -   stack       Manage Docker stacks
[2024-11-18T13:39:58.191+0000] {subprocess.py:93} INFO -   swarm       Manage Swarm
[2024-11-18T13:39:58.191+0000] {subprocess.py:93} INFO -   system      Manage Docker
[2024-11-18T13:39:58.192+0000] {subprocess.py:93} INFO -   trust       Manage trust on Docker images
[2024-11-18T13:39:58.192+0000] {subprocess.py:93} INFO -   volume      Manage volumes
[2024-11-18T13:39:58.192+0000] {subprocess.py:93} INFO - 
[2024-11-18T13:39:58.193+0000] {subprocess.py:93} INFO - Commands:
[2024-11-18T13:39:58.193+0000] {subprocess.py:93} INFO -   attach      Attach local standard input, output, and error streams to a running container
[2024-11-18T13:39:58.194+0000] {subprocess.py:93} INFO -   build       Build an image from a Dockerfile
[2024-11-18T13:39:58.194+0000] {subprocess.py:93} INFO -   commit      Create a new image from a container's changes
[2024-11-18T13:39:58.195+0000] {subprocess.py:93} INFO -   cp          Copy files/folders between a container and the local filesystem
[2024-11-18T13:39:58.195+0000] {subprocess.py:93} INFO -   create      Create a new container
[2024-11-18T13:39:58.196+0000] {subprocess.py:93} INFO -   diff        Inspect changes to files or directories on a container's filesystem
[2024-11-18T13:39:58.196+0000] {subprocess.py:93} INFO -   events      Get real time events from the server
[2024-11-18T13:39:58.197+0000] {subprocess.py:93} INFO -   exec        Run a command in a running container
[2024-11-18T13:39:58.197+0000] {subprocess.py:93} INFO -   export      Export a container's filesystem as a tar archive
[2024-11-18T13:39:58.197+0000] {subprocess.py:93} INFO -   history     Show the history of an image
[2024-11-18T13:39:58.198+0000] {subprocess.py:93} INFO -   images      List images
[2024-11-18T13:39:58.198+0000] {subprocess.py:93} INFO -   import      Import the contents from a tarball to create a filesystem image
[2024-11-18T13:39:58.199+0000] {subprocess.py:93} INFO -   info        Display system-wide information
[2024-11-18T13:39:58.199+0000] {subprocess.py:93} INFO -   inspect     Return low-level information on Docker objects
[2024-11-18T13:39:58.200+0000] {subprocess.py:93} INFO -   kill        Kill one or more running containers
[2024-11-18T13:39:58.200+0000] {subprocess.py:93} INFO -   load        Load an image from a tar archive or STDIN
[2024-11-18T13:39:58.201+0000] {subprocess.py:93} INFO -   login       Log in to a Docker registry
[2024-11-18T13:39:58.201+0000] {subprocess.py:93} INFO -   logout      Log out from a Docker registry
[2024-11-18T13:39:58.202+0000] {subprocess.py:93} INFO -   logs        Fetch the logs of a container
[2024-11-18T13:39:58.202+0000] {subprocess.py:93} INFO -   pause       Pause all processes within one or more containers
[2024-11-18T13:39:58.203+0000] {subprocess.py:93} INFO -   port        List port mappings or a specific mapping for the container
[2024-11-18T13:39:58.203+0000] {subprocess.py:93} INFO -   ps          List containers
[2024-11-18T13:39:58.204+0000] {subprocess.py:93} INFO -   pull        Pull an image or a repository from a registry
[2024-11-18T13:39:58.204+0000] {subprocess.py:93} INFO -   push        Push an image or a repository to a registry
[2024-11-18T13:39:58.205+0000] {subprocess.py:93} INFO -   rename      Rename a container
[2024-11-18T13:39:58.205+0000] {subprocess.py:93} INFO -   restart     Restart one or more containers
[2024-11-18T13:39:58.206+0000] {subprocess.py:93} INFO -   rm          Remove one or more containers
[2024-11-18T13:39:58.207+0000] {subprocess.py:93} INFO -   rmi         Remove one or more images
[2024-11-18T13:39:58.207+0000] {subprocess.py:93} INFO -   run         Run a command in a new container
[2024-11-18T13:39:58.207+0000] {subprocess.py:93} INFO -   save        Save one or more images to a tar archive (streamed to STDOUT by default)
[2024-11-18T13:39:58.208+0000] {subprocess.py:93} INFO -   search      Search the Docker Hub for images
[2024-11-18T13:39:58.208+0000] {subprocess.py:93} INFO -   start       Start one or more stopped containers
[2024-11-18T13:39:58.208+0000] {subprocess.py:93} INFO -   stats       Display a live stream of container(s) resource usage statistics
[2024-11-18T13:39:58.209+0000] {subprocess.py:93} INFO -   stop        Stop one or more running containers
[2024-11-18T13:39:58.209+0000] {subprocess.py:93} INFO -   tag         Create a tag TARGET_IMAGE that refers to SOURCE_IMAGE
[2024-11-18T13:39:58.209+0000] {subprocess.py:93} INFO -   top         Display the running processes of a container
[2024-11-18T13:39:58.210+0000] {subprocess.py:93} INFO -   unpause     Unpause all processes within one or more containers
[2024-11-18T13:39:58.210+0000] {subprocess.py:93} INFO -   update      Update configuration of one or more containers
[2024-11-18T13:39:58.211+0000] {subprocess.py:93} INFO -   version     Show the Docker version information
[2024-11-18T13:39:58.211+0000] {subprocess.py:93} INFO -   wait        Block until one or more containers stop, then print their exit codes
[2024-11-18T13:39:58.212+0000] {subprocess.py:93} INFO - 
[2024-11-18T13:39:58.212+0000] {subprocess.py:93} INFO - Run 'docker COMMAND --help' for more information on a command.
[2024-11-18T13:39:58.212+0000] {subprocess.py:93} INFO - 
[2024-11-18T13:39:58.213+0000] {subprocess.py:93} INFO - To get more help with docker, check out our guides at https://docs.docker.com/go/guides/
[2024-11-18T13:39:58.213+0000] {subprocess.py:93} INFO - 
[2024-11-18T13:39:58.214+0000] {subprocess.py:93} INFO - Error executing SQL script.
[2024-11-18T13:39:58.214+0000] {subprocess.py:97} INFO - Command exited with return code 0
[2024-11-18T13:39:58.235+0000] {taskinstance.py:340} INFO - ::group::Post task execution logs
[2024-11-18T13:39:58.236+0000] {taskinstance.py:352} INFO - Marking task as SUCCESS. dag_id=Ciril_group, task_id=create-db, run_id=scheduled__2024-11-17T00:00:00+00:00, execution_date=20241117T000000, start_date=20241118T133957, end_date=20241118T133958
[2024-11-18T13:39:58.284+0000] {local_task_job_runner.py:266} INFO - Task exited with return code 0
[2024-11-18T13:39:58.298+0000] {taskinstance.py:3900} INFO - 0 downstream tasks scheduled from follow-on schedule check
[2024-11-18T13:39:58.299+0000] {local_task_job_runner.py:245} INFO - ::endgroup::
[2024-11-18T14:04:18.676+0000] {local_task_job_runner.py:123} INFO - ::group::Pre task execution logs
[2024-11-18T14:04:18.693+0000] {taskinstance.py:2612} INFO - Dependencies all met for dep_context=non-requeueable deps ti=<TaskInstance: Ciril_group.create-db scheduled__2024-11-17T00:00:00+00:00 [queued]>
[2024-11-18T14:04:18.703+0000] {taskinstance.py:2612} INFO - Dependencies all met for dep_context=requeueable deps ti=<TaskInstance: Ciril_group.create-db scheduled__2024-11-17T00:00:00+00:00 [queued]>
[2024-11-18T14:04:18.704+0000] {taskinstance.py:2865} INFO - Starting attempt 1 of 6
[2024-11-18T14:04:18.718+0000] {taskinstance.py:2888} INFO - Executing <Task(BashOperator): create-db> on 2024-11-17 00:00:00+00:00
[2024-11-18T14:04:18.726+0000] {standard_task_runner.py:104} INFO - Running: ['***', 'tasks', 'run', 'Ciril_group', 'create-db', 'scheduled__2024-11-17T00:00:00+00:00', '--job-id', '3', '--raw', '--subdir', 'DAGS_FOLDER/ciril_group_dag.py', '--cfg-path', '/tmp/tmpgzhtikbh']
[2024-11-18T14:04:18.729+0000] {standard_task_runner.py:105} INFO - Job 3: Subtask create-db
[2024-11-18T14:04:18.731+0000] {logging_mixin.py:190} WARNING - /home/***/.local/lib/python3.12/site-packages/***/task/task_runner/standard_task_runner.py:70 DeprecationWarning: This process (pid=204) is multi-threaded, use of fork() may lead to deadlocks in the child.
[2024-11-18T14:04:18.732+0000] {standard_task_runner.py:72} INFO - Started process 209 to run task
[2024-11-18T14:04:18.779+0000] {task_command.py:467} INFO - Running <TaskInstance: Ciril_group.create-db scheduled__2024-11-17T00:00:00+00:00 [running]> on host bb5b67bc1370
[2024-11-18T14:04:18.856+0000] {taskinstance.py:3131} INFO - Exporting env vars: AIRFLOW_CTX_DAG_OWNER='Simo' AIRFLOW_CTX_DAG_ID='Ciril_group' AIRFLOW_CTX_TASK_ID='create-db' AIRFLOW_CTX_EXECUTION_DATE='2024-11-17T00:00:00+00:00' AIRFLOW_CTX_TRY_NUMBER='1' AIRFLOW_CTX_DAG_RUN_ID='scheduled__2024-11-17T00:00:00+00:00'
[2024-11-18T14:04:18.857+0000] {taskinstance.py:731} INFO - ::endgroup::
[2024-11-18T14:04:18.897+0000] {subprocess.py:63} INFO - Tmp dir root location: /tmp
[2024-11-18T14:04:18.899+0000] {subprocess.py:75} INFO - Running command: ['/usr/bin/bash', '-c', '/opt/***/create-ciril-db.sh']
[2024-11-18T14:04:18.909+0000] {subprocess.py:86} INFO - Output:
[2024-11-18T14:04:18.941+0000] {subprocess.py:93} INFO - unknown flag: --no-TTY
[2024-11-18T14:04:18.942+0000] {subprocess.py:93} INFO - See 'docker --help'.
[2024-11-18T14:04:18.942+0000] {subprocess.py:93} INFO - 
[2024-11-18T14:04:18.943+0000] {subprocess.py:93} INFO - Usage:  docker [OPTIONS] COMMAND
[2024-11-18T14:04:18.944+0000] {subprocess.py:93} INFO - 
[2024-11-18T14:04:18.944+0000] {subprocess.py:93} INFO - A self-sufficient runtime for containers
[2024-11-18T14:04:18.945+0000] {subprocess.py:93} INFO - 
[2024-11-18T14:04:18.945+0000] {subprocess.py:93} INFO - Options:
[2024-11-18T14:04:18.946+0000] {subprocess.py:93} INFO -       --config string      Location of client config files (default
[2024-11-18T14:04:18.946+0000] {subprocess.py:93} INFO -                            "/home/***/.docker")
[2024-11-18T14:04:18.947+0000] {subprocess.py:93} INFO -   -c, --context string     Name of the context to use to connect to the
[2024-11-18T14:04:18.948+0000] {subprocess.py:93} INFO -                            daemon (overrides DOCKER_HOST env var and
[2024-11-18T14:04:18.949+0000] {subprocess.py:93} INFO -                            default context set with "docker context use")
[2024-11-18T14:04:18.949+0000] {subprocess.py:93} INFO -   -D, --debug              Enable debug mode
[2024-11-18T14:04:18.950+0000] {subprocess.py:93} INFO -   -H, --host list          Daemon socket(s) to connect to
[2024-11-18T14:04:18.951+0000] {subprocess.py:93} INFO -   -l, --log-level string   Set the logging level
[2024-11-18T14:04:18.952+0000] {subprocess.py:93} INFO -                            ("debug"|"info"|"warn"|"error"|"fatal")
[2024-11-18T14:04:18.953+0000] {subprocess.py:93} INFO -                            (default "info")
[2024-11-18T14:04:18.953+0000] {subprocess.py:93} INFO -       --tls                Use TLS; implied by --tlsverify
[2024-11-18T14:04:18.954+0000] {subprocess.py:93} INFO -       --tlscacert string   Trust certs signed only by this CA (default
[2024-11-18T14:04:18.954+0000] {subprocess.py:93} INFO -                            "/home/***/.docker/ca.pem")
[2024-11-18T14:04:18.955+0000] {subprocess.py:93} INFO -       --tlscert string     Path to TLS certificate file (default
[2024-11-18T14:04:18.956+0000] {subprocess.py:93} INFO -                            "/home/***/.docker/cert.pem")
[2024-11-18T14:04:18.956+0000] {subprocess.py:93} INFO -       --tlskey string      Path to TLS key file (default
[2024-11-18T14:04:18.957+0000] {subprocess.py:93} INFO -                            "/home/***/.docker/key.pem")
[2024-11-18T14:04:18.957+0000] {subprocess.py:93} INFO -       --tlsverify          Use TLS and verify the remote
[2024-11-18T14:04:18.958+0000] {subprocess.py:93} INFO -   -v, --version            Print version information and quit
[2024-11-18T14:04:18.958+0000] {subprocess.py:93} INFO - 
[2024-11-18T14:04:18.959+0000] {subprocess.py:93} INFO - Management Commands:
[2024-11-18T14:04:18.960+0000] {subprocess.py:93} INFO -   builder     Manage builds
[2024-11-18T14:04:18.960+0000] {subprocess.py:93} INFO -   completion  Generate the autocompletion script for the specified shell
[2024-11-18T14:04:18.961+0000] {subprocess.py:93} INFO -   config      Manage Docker configs
[2024-11-18T14:04:18.961+0000] {subprocess.py:93} INFO -   container   Manage containers
[2024-11-18T14:04:18.962+0000] {subprocess.py:93} INFO -   context     Manage contexts
[2024-11-18T14:04:18.963+0000] {subprocess.py:93} INFO -   image       Manage images
[2024-11-18T14:04:18.963+0000] {subprocess.py:93} INFO -   manifest    Manage Docker image manifests and manifest lists
[2024-11-18T14:04:18.964+0000] {subprocess.py:93} INFO -   network     Manage networks
[2024-11-18T14:04:18.964+0000] {subprocess.py:93} INFO -   node        Manage Swarm nodes
[2024-11-18T14:04:18.965+0000] {subprocess.py:93} INFO -   plugin      Manage plugins
[2024-11-18T14:04:18.965+0000] {subprocess.py:93} INFO -   secret      Manage Docker secrets
[2024-11-18T14:04:18.966+0000] {subprocess.py:93} INFO -   service     Manage services
[2024-11-18T14:04:18.967+0000] {subprocess.py:93} INFO -   stack       Manage Docker stacks
[2024-11-18T14:04:18.967+0000] {subprocess.py:93} INFO -   swarm       Manage Swarm
[2024-11-18T14:04:18.967+0000] {subprocess.py:93} INFO -   system      Manage Docker
[2024-11-18T14:04:18.968+0000] {subprocess.py:93} INFO -   trust       Manage trust on Docker images
[2024-11-18T14:04:18.968+0000] {subprocess.py:93} INFO -   volume      Manage volumes
[2024-11-18T14:04:18.969+0000] {subprocess.py:93} INFO - 
[2024-11-18T14:04:18.969+0000] {subprocess.py:93} INFO - Commands:
[2024-11-18T14:04:18.970+0000] {subprocess.py:93} INFO -   attach      Attach local standard input, output, and error streams to a running container
[2024-11-18T14:04:18.970+0000] {subprocess.py:93} INFO -   build       Build an image from a Dockerfile
[2024-11-18T14:04:18.970+0000] {subprocess.py:93} INFO -   commit      Create a new image from a container's changes
[2024-11-18T14:04:18.971+0000] {subprocess.py:93} INFO -   cp          Copy files/folders between a container and the local filesystem
[2024-11-18T14:04:18.971+0000] {subprocess.py:93} INFO -   create      Create a new container
[2024-11-18T14:04:18.972+0000] {subprocess.py:93} INFO -   diff        Inspect changes to files or directories on a container's filesystem
[2024-11-18T14:04:18.972+0000] {subprocess.py:93} INFO -   events      Get real time events from the server
[2024-11-18T14:04:18.973+0000] {subprocess.py:93} INFO -   exec        Run a command in a running container
[2024-11-18T14:04:18.973+0000] {subprocess.py:93} INFO -   export      Export a container's filesystem as a tar archive
[2024-11-18T14:04:18.973+0000] {subprocess.py:93} INFO -   history     Show the history of an image
[2024-11-18T14:04:18.974+0000] {subprocess.py:93} INFO -   images      List images
[2024-11-18T14:04:18.974+0000] {subprocess.py:93} INFO -   import      Import the contents from a tarball to create a filesystem image
[2024-11-18T14:04:18.975+0000] {subprocess.py:93} INFO -   info        Display system-wide information
[2024-11-18T14:04:18.975+0000] {subprocess.py:93} INFO -   inspect     Return low-level information on Docker objects
[2024-11-18T14:04:18.976+0000] {subprocess.py:93} INFO -   kill        Kill one or more running containers
[2024-11-18T14:04:18.976+0000] {subprocess.py:93} INFO -   load        Load an image from a tar archive or STDIN
[2024-11-18T14:04:18.976+0000] {subprocess.py:93} INFO -   login       Log in to a Docker registry
[2024-11-18T14:04:18.977+0000] {subprocess.py:93} INFO -   logout      Log out from a Docker registry
[2024-11-18T14:04:18.977+0000] {subprocess.py:93} INFO -   logs        Fetch the logs of a container
[2024-11-18T14:04:18.978+0000] {subprocess.py:93} INFO -   pause       Pause all processes within one or more containers
[2024-11-18T14:04:18.978+0000] {subprocess.py:93} INFO -   port        List port mappings or a specific mapping for the container
[2024-11-18T14:04:18.979+0000] {subprocess.py:93} INFO -   ps          List containers
[2024-11-18T14:04:18.979+0000] {subprocess.py:93} INFO -   pull        Pull an image or a repository from a registry
[2024-11-18T14:04:18.980+0000] {subprocess.py:93} INFO -   push        Push an image or a repository to a registry
[2024-11-18T14:04:18.980+0000] {subprocess.py:93} INFO -   rename      Rename a container
[2024-11-18T14:04:18.981+0000] {subprocess.py:93} INFO -   restart     Restart one or more containers
[2024-11-18T14:04:18.981+0000] {subprocess.py:93} INFO -   rm          Remove one or more containers
[2024-11-18T14:04:18.982+0000] {subprocess.py:93} INFO -   rmi         Remove one or more images
[2024-11-18T14:04:18.982+0000] {subprocess.py:93} INFO -   run         Run a command in a new container
[2024-11-18T14:04:18.983+0000] {subprocess.py:93} INFO -   save        Save one or more images to a tar archive (streamed to STDOUT by default)
[2024-11-18T14:04:18.983+0000] {subprocess.py:93} INFO -   search      Search the Docker Hub for images
[2024-11-18T14:04:18.984+0000] {subprocess.py:93} INFO -   start       Start one or more stopped containers
[2024-11-18T14:04:18.984+0000] {subprocess.py:93} INFO -   stats       Display a live stream of container(s) resource usage statistics
[2024-11-18T14:04:18.984+0000] {subprocess.py:93} INFO -   stop        Stop one or more running containers
[2024-11-18T14:04:18.985+0000] {subprocess.py:93} INFO -   tag         Create a tag TARGET_IMAGE that refers to SOURCE_IMAGE
[2024-11-18T14:04:18.985+0000] {subprocess.py:93} INFO -   top         Display the running processes of a container
[2024-11-18T14:04:18.986+0000] {subprocess.py:93} INFO -   unpause     Unpause all processes within one or more containers
[2024-11-18T14:04:18.986+0000] {subprocess.py:93} INFO -   update      Update configuration of one or more containers
[2024-11-18T14:04:18.986+0000] {subprocess.py:93} INFO -   version     Show the Docker version information
[2024-11-18T14:04:18.987+0000] {subprocess.py:93} INFO -   wait        Block until one or more containers stop, then print their exit codes
[2024-11-18T14:04:18.987+0000] {subprocess.py:93} INFO - 
[2024-11-18T14:04:18.988+0000] {subprocess.py:93} INFO - Run 'docker COMMAND --help' for more information on a command.
[2024-11-18T14:04:18.988+0000] {subprocess.py:93} INFO - 
[2024-11-18T14:04:18.988+0000] {subprocess.py:93} INFO - To get more help with docker, check out our guides at https://docs.docker.com/go/guides/
[2024-11-18T14:04:18.989+0000] {subprocess.py:93} INFO - 
[2024-11-18T14:04:18.989+0000] {subprocess.py:93} INFO - Error executing SQL script.
[2024-11-18T14:04:18.990+0000] {subprocess.py:97} INFO - Command exited with return code 0
[2024-11-18T14:04:19.019+0000] {taskinstance.py:340} INFO - ::group::Post task execution logs
[2024-11-18T14:04:19.020+0000] {taskinstance.py:352} INFO - Marking task as SUCCESS. dag_id=Ciril_group, task_id=create-db, run_id=scheduled__2024-11-17T00:00:00+00:00, execution_date=20241117T000000, start_date=20241118T140418, end_date=20241118T140419
[2024-11-18T14:04:19.069+0000] {local_task_job_runner.py:266} INFO - Task exited with return code 0
[2024-11-18T14:04:19.086+0000] {taskinstance.py:3900} INFO - 0 downstream tasks scheduled from follow-on schedule check
[2024-11-18T14:04:19.088+0000] {local_task_job_runner.py:245} INFO - ::endgroup::
[2024-11-18T14:10:23.292+0000] {local_task_job_runner.py:123} INFO - ::group::Pre task execution logs
[2024-11-18T14:10:23.331+0000] {taskinstance.py:2612} INFO - Dependencies all met for dep_context=non-requeueable deps ti=<TaskInstance: Ciril_group.create-db scheduled__2024-11-17T00:00:00+00:00 [queued]>
[2024-11-18T14:10:23.349+0000] {taskinstance.py:2612} INFO - Dependencies all met for dep_context=requeueable deps ti=<TaskInstance: Ciril_group.create-db scheduled__2024-11-17T00:00:00+00:00 [queued]>
[2024-11-18T14:10:23.350+0000] {taskinstance.py:2865} INFO - Starting attempt 1 of 6
[2024-11-18T14:10:23.383+0000] {taskinstance.py:2888} INFO - Executing <Task(BashOperator): create-db> on 2024-11-17 00:00:00+00:00
[2024-11-18T14:10:23.400+0000] {standard_task_runner.py:104} INFO - Running: ['***', 'tasks', 'run', 'Ciril_group', 'create-db', 'scheduled__2024-11-17T00:00:00+00:00', '--job-id', '3', '--raw', '--subdir', 'DAGS_FOLDER/ciril_group_dag.py', '--cfg-path', '/tmp/tmpd8drtyqw']
[2024-11-18T14:10:23.407+0000] {standard_task_runner.py:105} INFO - Job 3: Subtask create-db
[2024-11-18T14:10:23.422+0000] {logging_mixin.py:190} WARNING - /home/***/.local/lib/python3.12/site-packages/***/task/task_runner/standard_task_runner.py:70 DeprecationWarning: This process (pid=199) is multi-threaded, use of fork() may lead to deadlocks in the child.
[2024-11-18T14:10:23.423+0000] {standard_task_runner.py:72} INFO - Started process 203 to run task
[2024-11-18T14:10:23.497+0000] {task_command.py:467} INFO - Running <TaskInstance: Ciril_group.create-db scheduled__2024-11-17T00:00:00+00:00 [running]> on host 3bc8dd966d32
[2024-11-18T14:10:23.640+0000] {taskinstance.py:3131} INFO - Exporting env vars: AIRFLOW_CTX_DAG_OWNER='Simo' AIRFLOW_CTX_DAG_ID='Ciril_group' AIRFLOW_CTX_TASK_ID='create-db' AIRFLOW_CTX_EXECUTION_DATE='2024-11-17T00:00:00+00:00' AIRFLOW_CTX_TRY_NUMBER='1' AIRFLOW_CTX_DAG_RUN_ID='scheduled__2024-11-17T00:00:00+00:00'
[2024-11-18T14:10:23.641+0000] {taskinstance.py:731} INFO - ::endgroup::
[2024-11-18T14:10:23.670+0000] {subprocess.py:63} INFO - Tmp dir root location: /tmp
[2024-11-18T14:10:23.673+0000] {subprocess.py:75} INFO - Running command: ['/usr/bin/bash', '-c', '/opt/***/create-ciril-db.sh']
[2024-11-18T14:10:23.688+0000] {subprocess.py:86} INFO - Output:
[2024-11-18T14:10:23.719+0000] {subprocess.py:93} INFO - unknown flag: --user
[2024-11-18T14:10:23.720+0000] {subprocess.py:93} INFO - See 'docker --help'.
[2024-11-18T14:10:23.721+0000] {subprocess.py:93} INFO - 
[2024-11-18T14:10:23.722+0000] {subprocess.py:93} INFO - Usage:  docker [OPTIONS] COMMAND
[2024-11-18T14:10:23.723+0000] {subprocess.py:93} INFO - 
[2024-11-18T14:10:23.723+0000] {subprocess.py:93} INFO - A self-sufficient runtime for containers
[2024-11-18T14:10:23.724+0000] {subprocess.py:93} INFO - 
[2024-11-18T14:10:23.725+0000] {subprocess.py:93} INFO - Options:
[2024-11-18T14:10:23.725+0000] {subprocess.py:93} INFO -       --config string      Location of client config files (default
[2024-11-18T14:10:23.726+0000] {subprocess.py:93} INFO -                            "/home/***/.docker")
[2024-11-18T14:10:23.727+0000] {subprocess.py:93} INFO -   -c, --context string     Name of the context to use to connect to the
[2024-11-18T14:10:23.728+0000] {subprocess.py:93} INFO -                            daemon (overrides DOCKER_HOST env var and
[2024-11-18T14:10:23.728+0000] {subprocess.py:93} INFO -                            default context set with "docker context use")
[2024-11-18T14:10:23.729+0000] {subprocess.py:93} INFO -   -D, --debug              Enable debug mode
[2024-11-18T14:10:23.729+0000] {subprocess.py:93} INFO -   -H, --host list          Daemon socket(s) to connect to (default )
[2024-11-18T14:10:23.730+0000] {subprocess.py:93} INFO -   -l, --log-level string   Set the logging level
[2024-11-18T14:10:23.730+0000] {subprocess.py:93} INFO -                            ("debug"|"info"|"warn"|"error"|"fatal")
[2024-11-18T14:10:23.731+0000] {subprocess.py:93} INFO -                            (default "info")
[2024-11-18T14:10:23.732+0000] {subprocess.py:93} INFO -       --tls                Use TLS; implied by --tlsverify
[2024-11-18T14:10:23.732+0000] {subprocess.py:93} INFO -       --tlscacert string   Trust certs signed only by this CA (default
[2024-11-18T14:10:23.733+0000] {subprocess.py:93} INFO -                            "/home/***/.docker/ca.pem")
[2024-11-18T14:10:23.733+0000] {subprocess.py:93} INFO -       --tlscert string     Path to TLS certificate file (default
[2024-11-18T14:10:23.734+0000] {subprocess.py:93} INFO -                            "/home/***/.docker/cert.pem")
[2024-11-18T14:10:23.734+0000] {subprocess.py:93} INFO -       --tlskey string      Path to TLS key file (default
[2024-11-18T14:10:23.735+0000] {subprocess.py:93} INFO -                            "/home/***/.docker/key.pem")
[2024-11-18T14:10:23.736+0000] {subprocess.py:93} INFO -       --tlsverify          Use TLS and verify the remote
[2024-11-18T14:10:23.736+0000] {subprocess.py:93} INFO -   -v, --version            Print version information and quit
[2024-11-18T14:10:23.737+0000] {subprocess.py:93} INFO - 
[2024-11-18T14:10:23.737+0000] {subprocess.py:93} INFO - Management Commands:
[2024-11-18T14:10:23.738+0000] {subprocess.py:93} INFO -   builder     Manage builds
[2024-11-18T14:10:23.738+0000] {subprocess.py:93} INFO -   completion  Generate the autocompletion script for the specified shell
[2024-11-18T14:10:23.739+0000] {subprocess.py:93} INFO -   config      Manage Docker configs
[2024-11-18T14:10:23.739+0000] {subprocess.py:93} INFO -   container   Manage containers
[2024-11-18T14:10:23.740+0000] {subprocess.py:93} INFO -   context     Manage contexts
[2024-11-18T14:10:23.740+0000] {subprocess.py:93} INFO -   image       Manage images
[2024-11-18T14:10:23.741+0000] {subprocess.py:93} INFO -   manifest    Manage Docker image manifests and manifest lists
[2024-11-18T14:10:23.741+0000] {subprocess.py:93} INFO -   network     Manage networks
[2024-11-18T14:10:23.742+0000] {subprocess.py:93} INFO -   node        Manage Swarm nodes
[2024-11-18T14:10:23.742+0000] {subprocess.py:93} INFO -   plugin      Manage plugins
[2024-11-18T14:10:23.742+0000] {subprocess.py:93} INFO -   secret      Manage Docker secrets
[2024-11-18T14:10:23.743+0000] {subprocess.py:93} INFO -   service     Manage services
[2024-11-18T14:10:23.743+0000] {subprocess.py:93} INFO -   stack       Manage Docker stacks
[2024-11-18T14:10:23.744+0000] {subprocess.py:93} INFO -   swarm       Manage Swarm
[2024-11-18T14:10:23.744+0000] {subprocess.py:93} INFO -   system      Manage Docker
[2024-11-18T14:10:23.745+0000] {subprocess.py:93} INFO -   trust       Manage trust on Docker images
[2024-11-18T14:10:23.745+0000] {subprocess.py:93} INFO -   volume      Manage volumes
[2024-11-18T14:10:23.746+0000] {subprocess.py:93} INFO - 
[2024-11-18T14:10:23.746+0000] {subprocess.py:93} INFO - Commands:
[2024-11-18T14:10:23.747+0000] {subprocess.py:93} INFO -   attach      Attach local standard input, output, and error streams to a running container
[2024-11-18T14:10:23.747+0000] {subprocess.py:93} INFO -   build       Build an image from a Dockerfile
[2024-11-18T14:10:23.748+0000] {subprocess.py:93} INFO -   commit      Create a new image from a container's changes
[2024-11-18T14:10:23.748+0000] {subprocess.py:93} INFO -   cp          Copy files/folders between a container and the local filesystem
[2024-11-18T14:10:23.749+0000] {subprocess.py:93} INFO -   create      Create a new container
[2024-11-18T14:10:23.749+0000] {subprocess.py:93} INFO -   diff        Inspect changes to files or directories on a container's filesystem
[2024-11-18T14:10:23.750+0000] {subprocess.py:93} INFO -   events      Get real time events from the server
[2024-11-18T14:10:23.750+0000] {subprocess.py:93} INFO -   exec        Run a command in a running container
[2024-11-18T14:10:23.750+0000] {subprocess.py:93} INFO -   export      Export a container's filesystem as a tar archive
[2024-11-18T14:10:23.751+0000] {subprocess.py:93} INFO -   history     Show the history of an image
[2024-11-18T14:10:23.751+0000] {subprocess.py:93} INFO -   images      List images
[2024-11-18T14:10:23.752+0000] {subprocess.py:93} INFO -   import      Import the contents from a tarball to create a filesystem image
[2024-11-18T14:10:23.752+0000] {subprocess.py:93} INFO -   info        Display system-wide information
[2024-11-18T14:10:23.753+0000] {subprocess.py:93} INFO -   inspect     Return low-level information on Docker objects
[2024-11-18T14:10:23.754+0000] {subprocess.py:93} INFO -   kill        Kill one or more running containers
[2024-11-18T14:10:23.754+0000] {subprocess.py:93} INFO -   load        Load an image from a tar archive or STDIN
[2024-11-18T14:10:23.754+0000] {subprocess.py:93} INFO -   login       Log in to a Docker registry
[2024-11-18T14:10:23.755+0000] {subprocess.py:93} INFO -   logout      Log out from a Docker registry
[2024-11-18T14:10:23.755+0000] {subprocess.py:93} INFO -   logs        Fetch the logs of a container
[2024-11-18T14:10:23.756+0000] {subprocess.py:93} INFO -   pause       Pause all processes within one or more containers
[2024-11-18T14:10:23.757+0000] {subprocess.py:93} INFO -   port        List port mappings or a specific mapping for the container
[2024-11-18T14:10:23.757+0000] {subprocess.py:93} INFO -   ps          List containers
[2024-11-18T14:10:23.758+0000] {subprocess.py:93} INFO -   pull        Pull an image or a repository from a registry
[2024-11-18T14:10:23.758+0000] {subprocess.py:93} INFO -   push        Push an image or a repository to a registry
[2024-11-18T14:10:23.759+0000] {subprocess.py:93} INFO -   rename      Rename a container
[2024-11-18T14:10:23.759+0000] {subprocess.py:93} INFO -   restart     Restart one or more containers
[2024-11-18T14:10:23.760+0000] {subprocess.py:93} INFO -   rm          Remove one or more containers
[2024-11-18T14:10:23.760+0000] {subprocess.py:93} INFO -   rmi         Remove one or more images
[2024-11-18T14:10:23.761+0000] {subprocess.py:93} INFO -   run         Run a command in a new container
[2024-11-18T14:10:23.761+0000] {subprocess.py:93} INFO -   save        Save one or more images to a tar archive (streamed to STDOUT by default)
[2024-11-18T14:10:23.762+0000] {subprocess.py:93} INFO -   search      Search the Docker Hub for images
[2024-11-18T14:10:23.762+0000] {subprocess.py:93} INFO -   start       Start one or more stopped containers
[2024-11-18T14:10:23.762+0000] {subprocess.py:93} INFO -   stats       Display a live stream of container(s) resource usage statistics
[2024-11-18T14:10:23.763+0000] {subprocess.py:93} INFO -   stop        Stop one or more running containers
[2024-11-18T14:10:23.763+0000] {subprocess.py:93} INFO -   tag         Create a tag TARGET_IMAGE that refers to SOURCE_IMAGE
[2024-11-18T14:10:23.764+0000] {subprocess.py:93} INFO -   top         Display the running processes of a container
[2024-11-18T14:10:23.764+0000] {subprocess.py:93} INFO -   unpause     Unpause all processes within one or more containers
[2024-11-18T14:10:23.765+0000] {subprocess.py:93} INFO -   update      Update configuration of one or more containers
[2024-11-18T14:10:23.765+0000] {subprocess.py:93} INFO -   version     Show the Docker version information
[2024-11-18T14:10:23.766+0000] {subprocess.py:93} INFO -   wait        Block until one or more containers stop, then print their exit codes
[2024-11-18T14:10:23.766+0000] {subprocess.py:93} INFO - 
[2024-11-18T14:10:23.767+0000] {subprocess.py:93} INFO - Run 'docker COMMAND --help' for more information on a command.
[2024-11-18T14:10:23.767+0000] {subprocess.py:93} INFO - 
[2024-11-18T14:10:23.767+0000] {subprocess.py:93} INFO - To get more help with docker, check out our guides at https://docs.docker.com/go/guides/
[2024-11-18T14:10:23.768+0000] {subprocess.py:93} INFO - 
[2024-11-18T14:10:23.768+0000] {subprocess.py:93} INFO - Error executing SQL script.
[2024-11-18T14:10:23.769+0000] {subprocess.py:97} INFO - Command exited with return code 0
[2024-11-18T14:10:23.799+0000] {taskinstance.py:340} INFO - ::group::Post task execution logs
[2024-11-18T14:10:23.801+0000] {taskinstance.py:352} INFO - Marking task as SUCCESS. dag_id=Ciril_group, task_id=create-db, run_id=scheduled__2024-11-17T00:00:00+00:00, execution_date=20241117T000000, start_date=20241118T141023, end_date=20241118T141023
[2024-11-18T14:10:23.843+0000] {local_task_job_runner.py:266} INFO - Task exited with return code 0
[2024-11-18T14:10:23.861+0000] {taskinstance.py:3900} INFO - 0 downstream tasks scheduled from follow-on schedule check
[2024-11-18T14:10:23.863+0000] {local_task_job_runner.py:245} INFO - ::endgroup::
[2024-11-18T14:16:46.500+0000] {local_task_job_runner.py:123} INFO - ::group::Pre task execution logs
[2024-11-18T14:16:46.517+0000] {taskinstance.py:2612} INFO - Dependencies all met for dep_context=non-requeueable deps ti=<TaskInstance: Ciril_group.create-db scheduled__2024-11-17T00:00:00+00:00 [queued]>
[2024-11-18T14:16:46.526+0000] {taskinstance.py:2612} INFO - Dependencies all met for dep_context=requeueable deps ti=<TaskInstance: Ciril_group.create-db scheduled__2024-11-17T00:00:00+00:00 [queued]>
[2024-11-18T14:16:46.527+0000] {taskinstance.py:2865} INFO - Starting attempt 1 of 6
[2024-11-18T14:16:46.540+0000] {taskinstance.py:2888} INFO - Executing <Task(BashOperator): create-db> on 2024-11-17 00:00:00+00:00
[2024-11-18T14:16:46.552+0000] {logging_mixin.py:190} WARNING - /home/***/.local/lib/python3.12/site-packages/***/task/task_runner/standard_task_runner.py:70 DeprecationWarning: This process (pid=210) is multi-threaded, use of fork() may lead to deadlocks in the child.
[2024-11-18T14:16:46.554+0000] {standard_task_runner.py:72} INFO - Started process 215 to run task
[2024-11-18T14:16:46.555+0000] {standard_task_runner.py:104} INFO - Running: ['***', 'tasks', 'run', 'Ciril_group', 'create-db', 'scheduled__2024-11-17T00:00:00+00:00', '--job-id', '3', '--raw', '--subdir', 'DAGS_FOLDER/ciril_group_dag.py', '--cfg-path', '/tmp/tmpan2td9yk']
[2024-11-18T14:16:46.558+0000] {standard_task_runner.py:105} INFO - Job 3: Subtask create-db
[2024-11-18T14:16:46.600+0000] {task_command.py:467} INFO - Running <TaskInstance: Ciril_group.create-db scheduled__2024-11-17T00:00:00+00:00 [running]> on host 5a78c1ec5b84
[2024-11-18T14:16:46.678+0000] {taskinstance.py:3131} INFO - Exporting env vars: AIRFLOW_CTX_DAG_OWNER='Simo' AIRFLOW_CTX_DAG_ID='Ciril_group' AIRFLOW_CTX_TASK_ID='create-db' AIRFLOW_CTX_EXECUTION_DATE='2024-11-17T00:00:00+00:00' AIRFLOW_CTX_TRY_NUMBER='1' AIRFLOW_CTX_DAG_RUN_ID='scheduled__2024-11-17T00:00:00+00:00'
[2024-11-18T14:16:46.679+0000] {taskinstance.py:731} INFO - ::endgroup::
[2024-11-18T14:16:46.711+0000] {subprocess.py:63} INFO - Tmp dir root location: /tmp
[2024-11-18T14:16:46.713+0000] {subprocess.py:75} INFO - Running command: ['/usr/bin/bash', '-c', '/opt/***/create-ciril-db.sh']
[2024-11-18T14:16:46.724+0000] {subprocess.py:86} INFO - Output:
[2024-11-18T14:16:46.747+0000] {subprocess.py:93} INFO - docker: 'compose' is not a docker command.
[2024-11-18T14:16:46.748+0000] {subprocess.py:93} INFO - See 'docker --help'
[2024-11-18T14:16:46.748+0000] {subprocess.py:93} INFO - Error executing SQL script.
[2024-11-18T14:16:46.749+0000] {subprocess.py:97} INFO - Command exited with return code 0
[2024-11-18T14:16:46.774+0000] {taskinstance.py:340} INFO - ::group::Post task execution logs
[2024-11-18T14:16:46.775+0000] {taskinstance.py:352} INFO - Marking task as SUCCESS. dag_id=Ciril_group, task_id=create-db, run_id=scheduled__2024-11-17T00:00:00+00:00, execution_date=20241117T000000, start_date=20241118T141646, end_date=20241118T141646
[2024-11-18T14:16:46.810+0000] {local_task_job_runner.py:266} INFO - Task exited with return code 0
[2024-11-18T14:16:46.828+0000] {taskinstance.py:3900} INFO - 0 downstream tasks scheduled from follow-on schedule check
[2024-11-18T14:16:46.830+0000] {local_task_job_runner.py:245} INFO - ::endgroup::
[2024-11-18T14:23:18.940+0000] {local_task_job_runner.py:123} INFO - ::group::Pre task execution logs
[2024-11-18T14:23:18.965+0000] {taskinstance.py:2612} INFO - Dependencies all met for dep_context=non-requeueable deps ti=<TaskInstance: Ciril_group.create-db scheduled__2024-11-17T00:00:00+00:00 [queued]>
[2024-11-18T14:23:18.976+0000] {taskinstance.py:2612} INFO - Dependencies all met for dep_context=requeueable deps ti=<TaskInstance: Ciril_group.create-db scheduled__2024-11-17T00:00:00+00:00 [queued]>
[2024-11-18T14:23:18.976+0000] {taskinstance.py:2865} INFO - Starting attempt 1 of 6
[2024-11-18T14:23:18.995+0000] {taskinstance.py:2888} INFO - Executing <Task(BashOperator): create-db> on 2024-11-17 00:00:00+00:00
[2024-11-18T14:23:19.006+0000] {standard_task_runner.py:104} INFO - Running: ['***', 'tasks', 'run', 'Ciril_group', 'create-db', 'scheduled__2024-11-17T00:00:00+00:00', '--job-id', '4', '--raw', '--subdir', 'DAGS_FOLDER/ciril_group_dag.py', '--cfg-path', '/tmp/tmpuedjb4ae']
[2024-11-18T14:23:19.010+0000] {standard_task_runner.py:105} INFO - Job 4: Subtask create-db
[2024-11-18T14:23:19.012+0000] {logging_mixin.py:190} WARNING - /home/***/.local/lib/python3.12/site-packages/***/task/task_runner/standard_task_runner.py:70 DeprecationWarning: This process (pid=200) is multi-threaded, use of fork() may lead to deadlocks in the child.
[2024-11-18T14:23:19.014+0000] {standard_task_runner.py:72} INFO - Started process 201 to run task
[2024-11-18T14:23:19.069+0000] {task_command.py:467} INFO - Running <TaskInstance: Ciril_group.create-db scheduled__2024-11-17T00:00:00+00:00 [running]> on host d991cb8438f3
[2024-11-18T14:23:19.165+0000] {taskinstance.py:3131} INFO - Exporting env vars: AIRFLOW_CTX_DAG_OWNER='Simo' AIRFLOW_CTX_DAG_ID='Ciril_group' AIRFLOW_CTX_TASK_ID='create-db' AIRFLOW_CTX_EXECUTION_DATE='2024-11-17T00:00:00+00:00' AIRFLOW_CTX_TRY_NUMBER='1' AIRFLOW_CTX_DAG_RUN_ID='scheduled__2024-11-17T00:00:00+00:00'
[2024-11-18T14:23:19.167+0000] {taskinstance.py:731} INFO - ::endgroup::
[2024-11-18T14:23:19.217+0000] {subprocess.py:63} INFO - Tmp dir root location: /tmp
[2024-11-18T14:23:19.219+0000] {subprocess.py:75} INFO - Running command: ['/usr/bin/bash', '-c', '/opt/***/create-ciril-db.sh']
[2024-11-18T14:23:19.232+0000] {subprocess.py:86} INFO - Output:
[2024-11-18T14:23:19.237+0000] {subprocess.py:93} INFO - /opt/***/create-ciril-db.sh: line 23: docker-compose: command not found
[2024-11-18T14:23:19.238+0000] {subprocess.py:93} INFO - Error executing SQL script.
[2024-11-18T14:23:19.238+0000] {subprocess.py:97} INFO - Command exited with return code 0
[2024-11-18T14:23:19.264+0000] {taskinstance.py:340} INFO - ::group::Post task execution logs
[2024-11-18T14:23:19.265+0000] {taskinstance.py:352} INFO - Marking task as SUCCESS. dag_id=Ciril_group, task_id=create-db, run_id=scheduled__2024-11-17T00:00:00+00:00, execution_date=20241117T000000, start_date=20241118T142318, end_date=20241118T142319
[2024-11-18T14:23:19.310+0000] {local_task_job_runner.py:266} INFO - Task exited with return code 0
[2024-11-18T14:23:19.336+0000] {taskinstance.py:3900} INFO - 0 downstream tasks scheduled from follow-on schedule check
[2024-11-18T14:23:19.339+0000] {local_task_job_runner.py:245} INFO - ::endgroup::
[2024-11-18T14:28:04.404+0000] {local_task_job_runner.py:123} INFO - ::group::Pre task execution logs
[2024-11-18T14:28:04.423+0000] {taskinstance.py:2612} INFO - Dependencies all met for dep_context=non-requeueable deps ti=<TaskInstance: Ciril_group.create-db scheduled__2024-11-17T00:00:00+00:00 [queued]>
[2024-11-18T14:28:04.434+0000] {taskinstance.py:2612} INFO - Dependencies all met for dep_context=requeueable deps ti=<TaskInstance: Ciril_group.create-db scheduled__2024-11-17T00:00:00+00:00 [queued]>
[2024-11-18T14:28:04.435+0000] {taskinstance.py:2865} INFO - Starting attempt 1 of 6
[2024-11-18T14:28:04.450+0000] {taskinstance.py:2888} INFO - Executing <Task(BashOperator): create-db> on 2024-11-17 00:00:00+00:00
[2024-11-18T14:28:04.459+0000] {standard_task_runner.py:104} INFO - Running: ['***', 'tasks', 'run', 'Ciril_group', 'create-db', 'scheduled__2024-11-17T00:00:00+00:00', '--job-id', '5', '--raw', '--subdir', 'DAGS_FOLDER/ciril_group_dag.py', '--cfg-path', '/tmp/tmpxmu2sq9_']
[2024-11-18T14:28:04.462+0000] {standard_task_runner.py:105} INFO - Job 5: Subtask create-db
[2024-11-18T14:28:04.464+0000] {logging_mixin.py:190} WARNING - /home/***/.local/lib/python3.12/site-packages/***/task/task_runner/standard_task_runner.py:70 DeprecationWarning: This process (pid=199) is multi-threaded, use of fork() may lead to deadlocks in the child.
[2024-11-18T14:28:04.465+0000] {standard_task_runner.py:72} INFO - Started process 201 to run task
[2024-11-18T14:28:04.524+0000] {task_command.py:467} INFO - Running <TaskInstance: Ciril_group.create-db scheduled__2024-11-17T00:00:00+00:00 [running]> on host 5709fa7d27c4
[2024-11-18T14:28:04.623+0000] {taskinstance.py:3131} INFO - Exporting env vars: AIRFLOW_CTX_DAG_OWNER='Simo' AIRFLOW_CTX_DAG_ID='Ciril_group' AIRFLOW_CTX_TASK_ID='create-db' AIRFLOW_CTX_EXECUTION_DATE='2024-11-17T00:00:00+00:00' AIRFLOW_CTX_TRY_NUMBER='1' AIRFLOW_CTX_DAG_RUN_ID='scheduled__2024-11-17T00:00:00+00:00'
[2024-11-18T14:28:04.625+0000] {taskinstance.py:731} INFO - ::endgroup::
[2024-11-18T14:28:04.675+0000] {subprocess.py:63} INFO - Tmp dir root location: /tmp
[2024-11-18T14:28:04.678+0000] {subprocess.py:75} INFO - Running command: ['/usr/bin/bash', '-c', '/opt/***/create-ciril-db.sh']
[2024-11-18T14:28:04.691+0000] {subprocess.py:86} INFO - Output:
[2024-11-18T14:28:04.717+0000] {subprocess.py:93} INFO - permission denied while trying to connect to the Docker daemon socket at unix:///var/run/docker.sock: Put "http://%2Fvar%2Frun%2Fdocker.sock/v1.24/containers/database/archive?noOverwriteDirNonDir=true&path=%2Ftmp": dial unix /var/run/docker.sock: connect: permission denied
[2024-11-18T14:28:04.747+0000] {subprocess.py:93} INFO - permission denied while trying to connect to the Docker daemon socket at unix:///var/run/docker.sock: Get "http://%2Fvar%2Frun%2Fdocker.sock/v1.24/containers/database/json": dial unix /var/run/docker.sock: connect: permission denied
[2024-11-18T14:28:04.750+0000] {subprocess.py:93} INFO - Error executing SQL script.
[2024-11-18T14:28:04.751+0000] {subprocess.py:97} INFO - Command exited with return code 0
[2024-11-18T14:28:04.795+0000] {taskinstance.py:340} INFO - ::group::Post task execution logs
[2024-11-18T14:28:04.796+0000] {taskinstance.py:352} INFO - Marking task as SUCCESS. dag_id=Ciril_group, task_id=create-db, run_id=scheduled__2024-11-17T00:00:00+00:00, execution_date=20241117T000000, start_date=20241118T142804, end_date=20241118T142804
[2024-11-18T14:28:04.842+0000] {local_task_job_runner.py:266} INFO - Task exited with return code 0
[2024-11-18T14:28:04.865+0000] {taskinstance.py:3900} INFO - 0 downstream tasks scheduled from follow-on schedule check
[2024-11-18T14:28:04.868+0000] {local_task_job_runner.py:245} INFO - ::endgroup::
[2024-11-18T14:40:34.933+0000] {local_task_job_runner.py:123} INFO - ::group::Pre task execution logs
[2024-11-18T14:40:34.952+0000] {taskinstance.py:2612} INFO - Dependencies all met for dep_context=non-requeueable deps ti=<TaskInstance: Ciril_group.create-db scheduled__2024-11-17T00:00:00+00:00 [queued]>
[2024-11-18T14:40:34.963+0000] {taskinstance.py:2612} INFO - Dependencies all met for dep_context=requeueable deps ti=<TaskInstance: Ciril_group.create-db scheduled__2024-11-17T00:00:00+00:00 [queued]>
[2024-11-18T14:40:34.964+0000] {taskinstance.py:2865} INFO - Starting attempt 1 of 6
[2024-11-18T14:40:34.981+0000] {taskinstance.py:2888} INFO - Executing <Task(BashOperator): create-db> on 2024-11-17 00:00:00+00:00
[2024-11-18T14:40:34.993+0000] {standard_task_runner.py:104} INFO - Running: ['***', 'tasks', 'run', 'Ciril_group', 'create-db', 'scheduled__2024-11-17T00:00:00+00:00', '--job-id', '4', '--raw', '--subdir', 'DAGS_FOLDER/ciril_group_dag.py', '--cfg-path', '/tmp/tmppxha7ugp']
[2024-11-18T14:40:34.998+0000] {standard_task_runner.py:105} INFO - Job 4: Subtask create-db
[2024-11-18T14:40:35.002+0000] {logging_mixin.py:190} WARNING - /home/***/.local/lib/python3.12/site-packages/***/task/task_runner/standard_task_runner.py:70 DeprecationWarning: This process (pid=198) is multi-threaded, use of fork() may lead to deadlocks in the child.
[2024-11-18T14:40:35.003+0000] {standard_task_runner.py:72} INFO - Started process 203 to run task
[2024-11-18T14:40:35.049+0000] {task_command.py:467} INFO - Running <TaskInstance: Ciril_group.create-db scheduled__2024-11-17T00:00:00+00:00 [running]> on host aa723b0e8432
[2024-11-18T14:40:35.138+0000] {taskinstance.py:3131} INFO - Exporting env vars: AIRFLOW_CTX_DAG_OWNER='Simo' AIRFLOW_CTX_DAG_ID='Ciril_group' AIRFLOW_CTX_TASK_ID='create-db' AIRFLOW_CTX_EXECUTION_DATE='2024-11-17T00:00:00+00:00' AIRFLOW_CTX_TRY_NUMBER='1' AIRFLOW_CTX_DAG_RUN_ID='scheduled__2024-11-17T00:00:00+00:00'
[2024-11-18T14:40:35.139+0000] {taskinstance.py:731} INFO - ::endgroup::
[2024-11-18T14:40:35.174+0000] {subprocess.py:63} INFO - Tmp dir root location: /tmp
[2024-11-18T14:40:35.175+0000] {subprocess.py:75} INFO - Running command: ['/usr/bin/bash', '-c', '/opt/***/create-ciril-db.sh']
[2024-11-18T14:40:35.189+0000] {subprocess.py:86} INFO - Output:
[2024-11-18T14:40:35.235+0000] {subprocess.py:93} INFO - permission denied while trying to connect to the Docker daemon socket at unix:///var/run/docker.sock: Put "http://%2Fvar%2Frun%2Fdocker.sock/v1.24/containers/database/archive?noOverwriteDirNonDir=true&path=%2Ftmp": dial unix /var/run/docker.sock: connect: permission denied
[2024-11-18T14:40:35.260+0000] {subprocess.py:93} INFO - permission denied while trying to connect to the Docker daemon socket at unix:///var/run/docker.sock: Get "http://%2Fvar%2Frun%2Fdocker.sock/v1.24/containers/database/json": dial unix /var/run/docker.sock: connect: permission denied
[2024-11-18T14:40:35.262+0000] {subprocess.py:93} INFO - Error executing SQL script.
[2024-11-18T14:40:35.263+0000] {subprocess.py:97} INFO - Command exited with return code 0
[2024-11-18T14:40:35.286+0000] {taskinstance.py:340} INFO - ::group::Post task execution logs
[2024-11-18T14:40:35.287+0000] {taskinstance.py:352} INFO - Marking task as SUCCESS. dag_id=Ciril_group, task_id=create-db, run_id=scheduled__2024-11-17T00:00:00+00:00, execution_date=20241117T000000, start_date=20241118T144034, end_date=20241118T144035
[2024-11-18T14:40:35.339+0000] {local_task_job_runner.py:266} INFO - Task exited with return code 0
[2024-11-18T14:40:35.354+0000] {taskinstance.py:3900} INFO - 0 downstream tasks scheduled from follow-on schedule check
[2024-11-18T14:40:35.356+0000] {local_task_job_runner.py:245} INFO - ::endgroup::
[2024-11-18T15:15:31.752+0000] {local_task_job_runner.py:123} INFO - ::group::Pre task execution logs
[2024-11-18T15:15:31.770+0000] {taskinstance.py:2612} INFO - Dependencies all met for dep_context=non-requeueable deps ti=<TaskInstance: Ciril_group.create-db scheduled__2024-11-17T00:00:00+00:00 [queued]>
[2024-11-18T15:15:31.783+0000] {taskinstance.py:2612} INFO - Dependencies all met for dep_context=requeueable deps ti=<TaskInstance: Ciril_group.create-db scheduled__2024-11-17T00:00:00+00:00 [queued]>
[2024-11-18T15:15:31.784+0000] {taskinstance.py:2865} INFO - Starting attempt 1 of 6
[2024-11-18T15:15:31.802+0000] {taskinstance.py:2888} INFO - Executing <Task(BashOperator): create-db> on 2024-11-17 00:00:00+00:00
[2024-11-18T15:15:31.813+0000] {standard_task_runner.py:104} INFO - Running: ['***', 'tasks', 'run', 'Ciril_group', 'create-db', 'scheduled__2024-11-17T00:00:00+00:00', '--job-id', '3', '--raw', '--subdir', 'DAGS_FOLDER/ciril_group_dag.py', '--cfg-path', '/tmp/tmp7u_ak4dz']
[2024-11-18T15:15:31.816+0000] {standard_task_runner.py:105} INFO - Job 3: Subtask create-db
[2024-11-18T15:15:31.818+0000] {logging_mixin.py:190} WARNING - /home/***/.local/lib/python3.12/site-packages/***/task/task_runner/standard_task_runner.py:70 DeprecationWarning: This process (pid=200) is multi-threaded, use of fork() may lead to deadlocks in the child.
[2024-11-18T15:15:31.819+0000] {standard_task_runner.py:72} INFO - Started process 201 to run task
[2024-11-18T15:15:31.878+0000] {task_command.py:467} INFO - Running <TaskInstance: Ciril_group.create-db scheduled__2024-11-17T00:00:00+00:00 [running]> on host 22eaae904c7a
[2024-11-18T15:15:31.985+0000] {taskinstance.py:3131} INFO - Exporting env vars: AIRFLOW_CTX_DAG_OWNER='Simo' AIRFLOW_CTX_DAG_ID='Ciril_group' AIRFLOW_CTX_TASK_ID='create-db' AIRFLOW_CTX_EXECUTION_DATE='2024-11-17T00:00:00+00:00' AIRFLOW_CTX_TRY_NUMBER='1' AIRFLOW_CTX_DAG_RUN_ID='scheduled__2024-11-17T00:00:00+00:00'
[2024-11-18T15:15:31.986+0000] {taskinstance.py:731} INFO - ::endgroup::
[2024-11-18T15:15:32.033+0000] {subprocess.py:63} INFO - Tmp dir root location: /tmp
[2024-11-18T15:15:32.034+0000] {subprocess.py:75} INFO - Running command: ['/usr/bin/bash', '-c', '/opt/***/create-ciril-db.sh']
[2024-11-18T15:15:32.053+0000] {subprocess.py:86} INFO - Output:
[2024-11-18T15:15:32.084+0000] {subprocess.py:93} INFO - sudo: a terminal is required to read the password; either use the -S option to read from standard input or configure an askpass helper
[2024-11-18T15:15:32.088+0000] {subprocess.py:93} INFO - sudo: a password is required
[2024-11-18T15:15:32.106+0000] {subprocess.py:93} INFO - sudo: a terminal is required to read the password; either use the -S option to read from standard input or configure an askpass helper
[2024-11-18T15:15:32.116+0000] {subprocess.py:93} INFO - sudo: a password is required
[2024-11-18T15:15:32.119+0000] {subprocess.py:93} INFO - Error executing SQL script.
[2024-11-18T15:15:32.120+0000] {subprocess.py:97} INFO - Command exited with return code 0
[2024-11-18T15:15:32.157+0000] {taskinstance.py:340} INFO - ::group::Post task execution logs
[2024-11-18T15:15:32.159+0000] {taskinstance.py:352} INFO - Marking task as SUCCESS. dag_id=Ciril_group, task_id=create-db, run_id=scheduled__2024-11-17T00:00:00+00:00, execution_date=20241117T000000, start_date=20241118T151531, end_date=20241118T151532
[2024-11-18T15:15:32.196+0000] {local_task_job_runner.py:266} INFO - Task exited with return code 0
[2024-11-18T15:15:32.215+0000] {taskinstance.py:3900} INFO - 0 downstream tasks scheduled from follow-on schedule check
[2024-11-18T15:15:32.218+0000] {local_task_job_runner.py:245} INFO - ::endgroup::
[2024-11-18T15:29:42.308+0000] {local_task_job_runner.py:123} INFO - ::group::Pre task execution logs
[2024-11-18T15:29:42.324+0000] {taskinstance.py:2612} INFO - Dependencies all met for dep_context=non-requeueable deps ti=<TaskInstance: Ciril_group.create-db scheduled__2024-11-17T00:00:00+00:00 [queued]>
[2024-11-18T15:29:42.332+0000] {taskinstance.py:2612} INFO - Dependencies all met for dep_context=requeueable deps ti=<TaskInstance: Ciril_group.create-db scheduled__2024-11-17T00:00:00+00:00 [queued]>
[2024-11-18T15:29:42.333+0000] {taskinstance.py:2865} INFO - Starting attempt 1 of 6
[2024-11-18T15:29:42.347+0000] {taskinstance.py:2888} INFO - Executing <Task(BashOperator): create-db> on 2024-11-17 00:00:00+00:00
[2024-11-18T15:29:42.355+0000] {standard_task_runner.py:104} INFO - Running: ['***', 'tasks', 'run', 'Ciril_group', 'create-db', 'scheduled__2024-11-17T00:00:00+00:00', '--job-id', '3', '--raw', '--subdir', 'DAGS_FOLDER/ciril_group_dag.py', '--cfg-path', '/tmp/tmp64xaibcg']
[2024-11-18T15:29:42.359+0000] {standard_task_runner.py:105} INFO - Job 3: Subtask create-db
[2024-11-18T15:29:42.360+0000] {logging_mixin.py:190} WARNING - /home/***/.local/lib/python3.12/site-packages/***/task/task_runner/standard_task_runner.py:70 DeprecationWarning: This process (pid=188) is multi-threaded, use of fork() may lead to deadlocks in the child.
[2024-11-18T15:29:42.361+0000] {standard_task_runner.py:72} INFO - Started process 193 to run task
[2024-11-18T15:29:42.406+0000] {task_command.py:467} INFO - Running <TaskInstance: Ciril_group.create-db scheduled__2024-11-17T00:00:00+00:00 [running]> on host a9a649333837
[2024-11-18T15:29:42.482+0000] {taskinstance.py:3131} INFO - Exporting env vars: AIRFLOW_CTX_DAG_OWNER='Simo' AIRFLOW_CTX_DAG_ID='Ciril_group' AIRFLOW_CTX_TASK_ID='create-db' AIRFLOW_CTX_EXECUTION_DATE='2024-11-17T00:00:00+00:00' AIRFLOW_CTX_TRY_NUMBER='1' AIRFLOW_CTX_DAG_RUN_ID='scheduled__2024-11-17T00:00:00+00:00'
[2024-11-18T15:29:42.483+0000] {taskinstance.py:731} INFO - ::endgroup::
[2024-11-18T15:29:42.525+0000] {subprocess.py:63} INFO - Tmp dir root location: /tmp
[2024-11-18T15:29:42.527+0000] {subprocess.py:75} INFO - Running command: ['/usr/bin/bash', '-c', '/opt/***/create-ciril-db.sh']
[2024-11-18T15:29:42.539+0000] {subprocess.py:86} INFO - Output:
[2024-11-18T15:29:42.557+0000] {subprocess.py:93} INFO - sudo: a terminal is required to read the password; either use the -S option to read from standard input or configure an askpass helper
[2024-11-18T15:29:42.557+0000] {subprocess.py:93} INFO - sudo: a password is required
[2024-11-18T15:29:42.575+0000] {subprocess.py:93} INFO - sudo: a terminal is required to read the password; either use the -S option to read from standard input or configure an askpass helper
[2024-11-18T15:29:42.575+0000] {subprocess.py:93} INFO - sudo: a password is required
[2024-11-18T15:29:42.576+0000] {subprocess.py:93} INFO - Error executing SQL script.
[2024-11-18T15:29:42.576+0000] {subprocess.py:97} INFO - Command exited with return code 0
[2024-11-18T15:29:42.602+0000] {taskinstance.py:340} INFO - ::group::Post task execution logs
[2024-11-18T15:29:42.603+0000] {taskinstance.py:352} INFO - Marking task as SUCCESS. dag_id=Ciril_group, task_id=create-db, run_id=scheduled__2024-11-17T00:00:00+00:00, execution_date=20241117T000000, start_date=20241118T152942, end_date=20241118T152942
[2024-11-18T15:29:42.657+0000] {local_task_job_runner.py:266} INFO - Task exited with return code 0
[2024-11-18T15:29:42.670+0000] {taskinstance.py:3900} INFO - 0 downstream tasks scheduled from follow-on schedule check
[2024-11-18T15:29:42.672+0000] {local_task_job_runner.py:245} INFO - ::endgroup::
[2024-11-18T15:32:12.174+0000] {local_task_job_runner.py:123} INFO - ::group::Pre task execution logs
[2024-11-18T15:32:12.192+0000] {taskinstance.py:2612} INFO - Dependencies all met for dep_context=non-requeueable deps ti=<TaskInstance: Ciril_group.create-db scheduled__2024-11-17T00:00:00+00:00 [queued]>
[2024-11-18T15:32:12.201+0000] {taskinstance.py:2612} INFO - Dependencies all met for dep_context=requeueable deps ti=<TaskInstance: Ciril_group.create-db scheduled__2024-11-17T00:00:00+00:00 [queued]>
[2024-11-18T15:32:12.201+0000] {taskinstance.py:2865} INFO - Starting attempt 1 of 6
[2024-11-18T15:32:12.217+0000] {taskinstance.py:2888} INFO - Executing <Task(BashOperator): create-db> on 2024-11-17 00:00:00+00:00
[2024-11-18T15:32:12.229+0000] {standard_task_runner.py:104} INFO - Running: ['***', 'tasks', 'run', 'Ciril_group', 'create-db', 'scheduled__2024-11-17T00:00:00+00:00', '--job-id', '6', '--raw', '--subdir', 'DAGS_FOLDER/ciril_group_dag.py', '--cfg-path', '/tmp/tmpit752ces']
[2024-11-18T15:32:12.232+0000] {standard_task_runner.py:105} INFO - Job 6: Subtask create-db
[2024-11-18T15:32:12.232+0000] {logging_mixin.py:190} WARNING - /home/***/.local/lib/python3.12/site-packages/***/task/task_runner/standard_task_runner.py:70 DeprecationWarning: This process (pid=197) is multi-threaded, use of fork() may lead to deadlocks in the child.
[2024-11-18T15:32:12.233+0000] {standard_task_runner.py:72} INFO - Started process 203 to run task
[2024-11-18T15:32:12.281+0000] {task_command.py:467} INFO - Running <TaskInstance: Ciril_group.create-db scheduled__2024-11-17T00:00:00+00:00 [running]> on host 4e6083a2da12
[2024-11-18T15:32:12.353+0000] {taskinstance.py:3131} INFO - Exporting env vars: AIRFLOW_CTX_DAG_OWNER='Simo' AIRFLOW_CTX_DAG_ID='Ciril_group' AIRFLOW_CTX_TASK_ID='create-db' AIRFLOW_CTX_EXECUTION_DATE='2024-11-17T00:00:00+00:00' AIRFLOW_CTX_TRY_NUMBER='1' AIRFLOW_CTX_DAG_RUN_ID='scheduled__2024-11-17T00:00:00+00:00'
[2024-11-18T15:32:12.354+0000] {taskinstance.py:731} INFO - ::endgroup::
[2024-11-18T15:32:12.394+0000] {subprocess.py:63} INFO - Tmp dir root location: /tmp
[2024-11-18T15:32:12.395+0000] {subprocess.py:75} INFO - Running command: ['/usr/bin/bash', '-c', '/opt/***/create-ciril-db.sh']
[2024-11-18T15:32:12.404+0000] {subprocess.py:86} INFO - Output:
[2024-11-18T15:32:12.429+0000] {subprocess.py:93} INFO - permission denied while trying to connect to the Docker daemon socket at unix:///var/run/docker.sock: Put "http://%2Fvar%2Frun%2Fdocker.sock/v1.24/containers/database/archive?noOverwriteDirNonDir=true&path=%2Ftmp": dial unix /var/run/docker.sock: connect: permission denied
[2024-11-18T15:32:12.455+0000] {subprocess.py:93} INFO - permission denied while trying to connect to the Docker daemon socket at unix:///var/run/docker.sock: Get "http://%2Fvar%2Frun%2Fdocker.sock/v1.24/containers/database/json": dial unix /var/run/docker.sock: connect: permission denied
[2024-11-18T15:32:12.460+0000] {subprocess.py:93} INFO - Error executing SQL script.
[2024-11-18T15:32:12.461+0000] {subprocess.py:97} INFO - Command exited with return code 0
[2024-11-18T15:32:12.484+0000] {taskinstance.py:340} INFO - ::group::Post task execution logs
[2024-11-18T15:32:12.485+0000] {taskinstance.py:352} INFO - Marking task as SUCCESS. dag_id=Ciril_group, task_id=create-db, run_id=scheduled__2024-11-17T00:00:00+00:00, execution_date=20241117T000000, start_date=20241118T153212, end_date=20241118T153212
[2024-11-18T15:32:12.529+0000] {local_task_job_runner.py:266} INFO - Task exited with return code 0
[2024-11-18T15:32:12.543+0000] {taskinstance.py:3900} INFO - 0 downstream tasks scheduled from follow-on schedule check
[2024-11-18T15:32:12.545+0000] {local_task_job_runner.py:245} INFO - ::endgroup::
[2024-11-18T15:56:19.844+0000] {local_task_job_runner.py:123} INFO - ::group::Pre task execution logs
[2024-11-18T15:56:19.861+0000] {taskinstance.py:2612} INFO - Dependencies all met for dep_context=non-requeueable deps ti=<TaskInstance: Ciril_group.create-db scheduled__2024-11-17T00:00:00+00:00 [queued]>
[2024-11-18T15:56:19.870+0000] {taskinstance.py:2612} INFO - Dependencies all met for dep_context=requeueable deps ti=<TaskInstance: Ciril_group.create-db scheduled__2024-11-17T00:00:00+00:00 [queued]>
[2024-11-18T15:56:19.871+0000] {taskinstance.py:2865} INFO - Starting attempt 1 of 6
[2024-11-18T15:56:19.884+0000] {taskinstance.py:2888} INFO - Executing <Task(BashOperator): create-db> on 2024-11-17 00:00:00+00:00
[2024-11-18T15:56:19.893+0000] {standard_task_runner.py:104} INFO - Running: ['***', 'tasks', 'run', 'Ciril_group', 'create-db', 'scheduled__2024-11-17T00:00:00+00:00', '--job-id', '5', '--raw', '--subdir', 'DAGS_FOLDER/ciril_group_dag.py', '--cfg-path', '/tmp/tmpmwow9mlr']
[2024-11-18T15:56:19.896+0000] {standard_task_runner.py:105} INFO - Job 5: Subtask create-db
[2024-11-18T15:56:19.897+0000] {logging_mixin.py:190} WARNING - /home/***/.local/lib/python3.12/site-packages/***/task/task_runner/standard_task_runner.py:70 DeprecationWarning: This process (pid=198) is multi-threaded, use of fork() may lead to deadlocks in the child.
[2024-11-18T15:56:19.899+0000] {standard_task_runner.py:72} INFO - Started process 202 to run task
[2024-11-18T15:56:19.944+0000] {task_command.py:467} INFO - Running <TaskInstance: Ciril_group.create-db scheduled__2024-11-17T00:00:00+00:00 [running]> on host a2bc12b8c1cb
[2024-11-18T15:56:20.018+0000] {taskinstance.py:3131} INFO - Exporting env vars: AIRFLOW_CTX_DAG_OWNER='Simo' AIRFLOW_CTX_DAG_ID='Ciril_group' AIRFLOW_CTX_TASK_ID='create-db' AIRFLOW_CTX_EXECUTION_DATE='2024-11-17T00:00:00+00:00' AIRFLOW_CTX_TRY_NUMBER='1' AIRFLOW_CTX_DAG_RUN_ID='scheduled__2024-11-17T00:00:00+00:00'
[2024-11-18T15:56:20.019+0000] {taskinstance.py:731} INFO - ::endgroup::
[2024-11-18T15:56:20.056+0000] {subprocess.py:63} INFO - Tmp dir root location: /tmp
[2024-11-18T15:56:20.057+0000] {subprocess.py:75} INFO - Running command: ['/usr/bin/bash', '-c', '/opt/***/create-ciril-db.sh']
[2024-11-18T15:56:20.068+0000] {subprocess.py:86} INFO - Output:
[2024-11-18T15:56:20.144+0000] {subprocess.py:93} INFO - Error: No such container:path: database:/tmp
[2024-11-18T15:56:20.197+0000] {subprocess.py:93} INFO - Error: No such container: database
[2024-11-18T15:56:20.200+0000] {subprocess.py:93} INFO - Error executing SQL script.
[2024-11-18T15:56:20.201+0000] {subprocess.py:97} INFO - Command exited with return code 0
[2024-11-18T15:56:20.237+0000] {taskinstance.py:340} INFO - ::group::Post task execution logs
[2024-11-18T15:56:20.238+0000] {taskinstance.py:352} INFO - Marking task as SUCCESS. dag_id=Ciril_group, task_id=create-db, run_id=scheduled__2024-11-17T00:00:00+00:00, execution_date=20241117T000000, start_date=20241118T155619, end_date=20241118T155620
[2024-11-18T15:56:20.275+0000] {local_task_job_runner.py:266} INFO - Task exited with return code 0
[2024-11-18T15:56:20.294+0000] {taskinstance.py:3900} INFO - 0 downstream tasks scheduled from follow-on schedule check
[2024-11-18T15:56:20.296+0000] {local_task_job_runner.py:245} INFO - ::endgroup::
[2024-11-18T16:02:20.520+0000] {local_task_job_runner.py:123} INFO - ::group::Pre task execution logs
[2024-11-18T16:02:20.546+0000] {taskinstance.py:2612} INFO - Dependencies all met for dep_context=non-requeueable deps ti=<TaskInstance: Ciril_group.create-db scheduled__2024-11-17T00:00:00+00:00 [queued]>
[2024-11-18T16:02:20.559+0000] {taskinstance.py:2612} INFO - Dependencies all met for dep_context=requeueable deps ti=<TaskInstance: Ciril_group.create-db scheduled__2024-11-17T00:00:00+00:00 [queued]>
[2024-11-18T16:02:20.561+0000] {taskinstance.py:2865} INFO - Starting attempt 1 of 6
[2024-11-18T16:02:20.583+0000] {taskinstance.py:2888} INFO - Executing <Task(BashOperator): create-db> on 2024-11-17 00:00:00+00:00
[2024-11-18T16:02:20.599+0000] {standard_task_runner.py:104} INFO - Running: ['***', 'tasks', 'run', 'Ciril_group', 'create-db', 'scheduled__2024-11-17T00:00:00+00:00', '--job-id', '6', '--raw', '--subdir', 'DAGS_FOLDER/ciril_group_dag.py', '--cfg-path', '/tmp/tmpuw2zit_s']
[2024-11-18T16:02:20.603+0000] {standard_task_runner.py:105} INFO - Job 6: Subtask create-db
[2024-11-18T16:02:20.603+0000] {logging_mixin.py:190} WARNING - /home/***/.local/lib/python3.12/site-packages/***/task/task_runner/standard_task_runner.py:70 DeprecationWarning: This process (pid=198) is multi-threaded, use of fork() may lead to deadlocks in the child.
[2024-11-18T16:02:20.606+0000] {standard_task_runner.py:72} INFO - Started process 201 to run task
[2024-11-18T16:02:20.670+0000] {task_command.py:467} INFO - Running <TaskInstance: Ciril_group.create-db scheduled__2024-11-17T00:00:00+00:00 [running]> on host 1d5bdcb3fd32
[2024-11-18T16:02:20.769+0000] {taskinstance.py:3131} INFO - Exporting env vars: AIRFLOW_CTX_DAG_OWNER='Simo' AIRFLOW_CTX_DAG_ID='Ciril_group' AIRFLOW_CTX_TASK_ID='create-db' AIRFLOW_CTX_EXECUTION_DATE='2024-11-17T00:00:00+00:00' AIRFLOW_CTX_TRY_NUMBER='1' AIRFLOW_CTX_DAG_RUN_ID='scheduled__2024-11-17T00:00:00+00:00'
[2024-11-18T16:02:20.770+0000] {taskinstance.py:731} INFO - ::endgroup::
[2024-11-18T16:02:20.815+0000] {subprocess.py:63} INFO - Tmp dir root location: /tmp
[2024-11-18T16:02:20.816+0000] {subprocess.py:75} INFO - Running command: ['/usr/bin/bash', '-c', '/opt/***/create-ciril-db.sh']
[2024-11-18T16:02:20.836+0000] {subprocess.py:86} INFO - Output:
[2024-11-18T16:02:20.846+0000] {subprocess.py:93} INFO - /opt/***/create-ciril-db.sh: line 23: docker-compose: command not found
[2024-11-18T16:02:20.847+0000] {subprocess.py:93} INFO - Error executing SQL script.
[2024-11-18T16:02:20.849+0000] {subprocess.py:97} INFO - Command exited with return code 0
[2024-11-18T16:02:20.898+0000] {taskinstance.py:340} INFO - ::group::Post task execution logs
[2024-11-18T16:02:20.900+0000] {taskinstance.py:352} INFO - Marking task as SUCCESS. dag_id=Ciril_group, task_id=create-db, run_id=scheduled__2024-11-17T00:00:00+00:00, execution_date=20241117T000000, start_date=20241118T160220, end_date=20241118T160220
[2024-11-18T16:02:20.984+0000] {local_task_job_runner.py:266} INFO - Task exited with return code 0
[2024-11-18T16:02:21.014+0000] {taskinstance.py:3900} INFO - 0 downstream tasks scheduled from follow-on schedule check
[2024-11-18T16:02:21.050+0000] {local_task_job_runner.py:245} INFO - ::endgroup::
[2024-11-18T16:07:59.819+0000] {local_task_job_runner.py:123} INFO - ::group::Pre task execution logs
[2024-11-18T16:07:59.835+0000] {taskinstance.py:2612} INFO - Dependencies all met for dep_context=non-requeueable deps ti=<TaskInstance: Ciril_group.create-db scheduled__2024-11-17T00:00:00+00:00 [queued]>
[2024-11-18T16:07:59.843+0000] {taskinstance.py:2612} INFO - Dependencies all met for dep_context=requeueable deps ti=<TaskInstance: Ciril_group.create-db scheduled__2024-11-17T00:00:00+00:00 [queued]>
[2024-11-18T16:07:59.844+0000] {taskinstance.py:2865} INFO - Starting attempt 1 of 6
[2024-11-18T16:07:59.859+0000] {taskinstance.py:2888} INFO - Executing <Task(BashOperator): create-db> on 2024-11-17 00:00:00+00:00
[2024-11-18T16:07:59.869+0000] {standard_task_runner.py:104} INFO - Running: ['***', 'tasks', 'run', 'Ciril_group', 'create-db', 'scheduled__2024-11-17T00:00:00+00:00', '--job-id', '6', '--raw', '--subdir', 'DAGS_FOLDER/ciril_group_dag.py', '--cfg-path', '/tmp/tmp416dun9b']
[2024-11-18T16:07:59.871+0000] {standard_task_runner.py:105} INFO - Job 6: Subtask create-db
[2024-11-18T16:07:59.874+0000] {logging_mixin.py:190} WARNING - /home/***/.local/lib/python3.12/site-packages/***/task/task_runner/standard_task_runner.py:70 DeprecationWarning: This process (pid=231) is multi-threaded, use of fork() may lead to deadlocks in the child.
[2024-11-18T16:07:59.876+0000] {standard_task_runner.py:72} INFO - Started process 239 to run task
[2024-11-18T16:07:59.914+0000] {task_command.py:467} INFO - Running <TaskInstance: Ciril_group.create-db scheduled__2024-11-17T00:00:00+00:00 [running]> on host 949de22ee74c
[2024-11-18T16:07:59.987+0000] {taskinstance.py:3131} INFO - Exporting env vars: AIRFLOW_CTX_DAG_OWNER='Simo' AIRFLOW_CTX_DAG_ID='Ciril_group' AIRFLOW_CTX_TASK_ID='create-db' AIRFLOW_CTX_EXECUTION_DATE='2024-11-17T00:00:00+00:00' AIRFLOW_CTX_TRY_NUMBER='1' AIRFLOW_CTX_DAG_RUN_ID='scheduled__2024-11-17T00:00:00+00:00'
[2024-11-18T16:07:59.988+0000] {taskinstance.py:731} INFO - ::endgroup::
[2024-11-18T16:08:00.026+0000] {subprocess.py:63} INFO - Tmp dir root location: /tmp
[2024-11-18T16:08:00.028+0000] {subprocess.py:75} INFO - Running command: ['/usr/bin/bash', '-c', '/opt/***/create-ciril-db.sh']
[2024-11-18T16:08:00.040+0000] {subprocess.py:86} INFO - Output:
[2024-11-18T16:08:00.078+0000] {subprocess.py:93} INFO - docker: 'compose' is not a docker command.
[2024-11-18T16:08:00.080+0000] {subprocess.py:93} INFO - See 'docker --help'
[2024-11-18T16:08:00.081+0000] {subprocess.py:93} INFO - Error executing SQL script.
[2024-11-18T16:08:00.082+0000] {subprocess.py:97} INFO - Command exited with return code 0
[2024-11-18T16:08:00.115+0000] {taskinstance.py:340} INFO - ::group::Post task execution logs
[2024-11-18T16:08:00.116+0000] {taskinstance.py:352} INFO - Marking task as SUCCESS. dag_id=Ciril_group, task_id=create-db, run_id=scheduled__2024-11-17T00:00:00+00:00, execution_date=20241117T000000, start_date=20241118T160759, end_date=20241118T160800
[2024-11-18T16:08:00.172+0000] {local_task_job_runner.py:266} INFO - Task exited with return code 0
[2024-11-18T16:08:00.193+0000] {taskinstance.py:3900} INFO - 0 downstream tasks scheduled from follow-on schedule check
[2024-11-18T16:08:00.195+0000] {local_task_job_runner.py:245} INFO - ::endgroup::
[2024-11-18T16:11:54.364+0000] {local_task_job_runner.py:123} INFO - ::group::Pre task execution logs
[2024-11-18T16:11:54.398+0000] {taskinstance.py:2612} INFO - Dependencies all met for dep_context=non-requeueable deps ti=<TaskInstance: Ciril_group.create-db scheduled__2024-11-17T00:00:00+00:00 [queued]>
[2024-11-18T16:11:54.412+0000] {taskinstance.py:2612} INFO - Dependencies all met for dep_context=requeueable deps ti=<TaskInstance: Ciril_group.create-db scheduled__2024-11-17T00:00:00+00:00 [queued]>
[2024-11-18T16:11:54.413+0000] {taskinstance.py:2865} INFO - Starting attempt 1 of 6
[2024-11-18T16:11:54.447+0000] {taskinstance.py:2888} INFO - Executing <Task(BashOperator): create-db> on 2024-11-17 00:00:00+00:00
[2024-11-18T16:11:54.463+0000] {standard_task_runner.py:104} INFO - Running: ['***', 'tasks', 'run', 'Ciril_group', 'create-db', 'scheduled__2024-11-17T00:00:00+00:00', '--job-id', '4', '--raw', '--subdir', 'DAGS_FOLDER/ciril_group_dag.py', '--cfg-path', '/tmp/tmp94zyf8h1']
[2024-11-18T16:11:54.468+0000] {logging_mixin.py:190} WARNING - /home/***/.local/lib/python3.12/site-packages/***/task/task_runner/standard_task_runner.py:70 DeprecationWarning: This process (pid=199) is multi-threaded, use of fork() may lead to deadlocks in the child.
[2024-11-18T16:11:54.467+0000] {standard_task_runner.py:105} INFO - Job 4: Subtask create-db
[2024-11-18T16:11:54.470+0000] {standard_task_runner.py:72} INFO - Started process 204 to run task
[2024-11-18T16:11:54.530+0000] {task_command.py:467} INFO - Running <TaskInstance: Ciril_group.create-db scheduled__2024-11-17T00:00:00+00:00 [running]> on host 4aaa0084fcc4
[2024-11-18T16:11:54.632+0000] {taskinstance.py:3131} INFO - Exporting env vars: AIRFLOW_CTX_DAG_OWNER='Simo' AIRFLOW_CTX_DAG_ID='Ciril_group' AIRFLOW_CTX_TASK_ID='create-db' AIRFLOW_CTX_EXECUTION_DATE='2024-11-17T00:00:00+00:00' AIRFLOW_CTX_TRY_NUMBER='1' AIRFLOW_CTX_DAG_RUN_ID='scheduled__2024-11-17T00:00:00+00:00'
[2024-11-18T16:11:54.634+0000] {taskinstance.py:731} INFO - ::endgroup::
[2024-11-18T16:11:54.681+0000] {subprocess.py:63} INFO - Tmp dir root location: /tmp
[2024-11-18T16:11:54.682+0000] {subprocess.py:75} INFO - Running command: ['/usr/bin/bash', '-c', '/opt/***/create-ciril-db.sh']
[2024-11-18T16:11:54.697+0000] {subprocess.py:86} INFO - Output:
[2024-11-18T16:11:54.763+0000] {subprocess.py:93} INFO - Error: No such container:path: database:/opt/***
[2024-11-18T16:11:54.809+0000] {subprocess.py:93} INFO - Error: No such container: database
[2024-11-18T16:11:54.812+0000] {subprocess.py:93} INFO - Error executing SQL script.
[2024-11-18T16:11:54.813+0000] {subprocess.py:97} INFO - Command exited with return code 0
[2024-11-18T16:11:54.879+0000] {taskinstance.py:340} INFO - ::group::Post task execution logs
[2024-11-18T16:11:54.879+0000] {taskinstance.py:352} INFO - Marking task as SUCCESS. dag_id=Ciril_group, task_id=create-db, run_id=scheduled__2024-11-17T00:00:00+00:00, execution_date=20241117T000000, start_date=20241118T161154, end_date=20241118T161154
[2024-11-18T16:11:54.931+0000] {local_task_job_runner.py:266} INFO - Task exited with return code 0
[2024-11-18T16:11:54.961+0000] {taskinstance.py:3900} INFO - 0 downstream tasks scheduled from follow-on schedule check
[2024-11-18T16:11:54.965+0000] {local_task_job_runner.py:245} INFO - ::endgroup::
[2024-11-18T16:23:01.191+0000] {local_task_job_runner.py:123} INFO - ::group::Pre task execution logs
[2024-11-18T16:23:01.210+0000] {taskinstance.py:2612} INFO - Dependencies all met for dep_context=non-requeueable deps ti=<TaskInstance: Ciril_group.create-db scheduled__2024-11-17T00:00:00+00:00 [queued]>
[2024-11-18T16:23:01.219+0000] {taskinstance.py:2612} INFO - Dependencies all met for dep_context=requeueable deps ti=<TaskInstance: Ciril_group.create-db scheduled__2024-11-17T00:00:00+00:00 [queued]>
[2024-11-18T16:23:01.220+0000] {taskinstance.py:2865} INFO - Starting attempt 1 of 6
[2024-11-18T16:23:01.233+0000] {taskinstance.py:2888} INFO - Executing <Task(BashOperator): create-db> on 2024-11-17 00:00:00+00:00
[2024-11-18T16:23:01.242+0000] {standard_task_runner.py:104} INFO - Running: ['***', 'tasks', 'run', 'Ciril_group', 'create-db', 'scheduled__2024-11-17T00:00:00+00:00', '--job-id', '3', '--raw', '--subdir', 'DAGS_FOLDER/ciril_group_dag.py', '--cfg-path', '/tmp/tmpr3lxy7gp']
[2024-11-18T16:23:01.245+0000] {standard_task_runner.py:105} INFO - Job 3: Subtask create-db
[2024-11-18T16:23:01.249+0000] {logging_mixin.py:190} WARNING - /home/***/.local/lib/python3.12/site-packages/***/task/task_runner/standard_task_runner.py:70 DeprecationWarning: This process (pid=188) is multi-threaded, use of fork() may lead to deadlocks in the child.
[2024-11-18T16:23:01.251+0000] {standard_task_runner.py:72} INFO - Started process 193 to run task
[2024-11-18T16:23:01.291+0000] {task_command.py:467} INFO - Running <TaskInstance: Ciril_group.create-db scheduled__2024-11-17T00:00:00+00:00 [running]> on host 0ae2d7ed9877
[2024-11-18T16:23:01.379+0000] {taskinstance.py:3131} INFO - Exporting env vars: AIRFLOW_CTX_DAG_OWNER='Simo' AIRFLOW_CTX_DAG_ID='Ciril_group' AIRFLOW_CTX_TASK_ID='create-db' AIRFLOW_CTX_EXECUTION_DATE='2024-11-17T00:00:00+00:00' AIRFLOW_CTX_TRY_NUMBER='1' AIRFLOW_CTX_DAG_RUN_ID='scheduled__2024-11-17T00:00:00+00:00'
[2024-11-18T16:23:01.380+0000] {taskinstance.py:731} INFO - ::endgroup::
[2024-11-18T16:23:01.416+0000] {subprocess.py:63} INFO - Tmp dir root location: /tmp
[2024-11-18T16:23:01.417+0000] {subprocess.py:75} INFO - Running command: ['/usr/bin/bash', '-c', '/opt/***/create-ciril-db.sh']
[2024-11-18T16:23:01.429+0000] {subprocess.py:86} INFO - Output:
[2024-11-18T16:23:01.489+0000] {subprocess.py:93} INFO - Error: No such container:path: database:/opt/***
[2024-11-18T16:23:01.533+0000] {subprocess.py:93} INFO - Error: No such container: database
[2024-11-18T16:23:01.535+0000] {subprocess.py:93} INFO - Error executing SQL script.
[2024-11-18T16:23:01.535+0000] {subprocess.py:97} INFO - Command exited with return code 0
[2024-11-18T16:23:01.628+0000] {taskinstance.py:340} INFO - ::group::Post task execution logs
[2024-11-18T16:23:01.629+0000] {taskinstance.py:352} INFO - Marking task as SUCCESS. dag_id=Ciril_group, task_id=create-db, run_id=scheduled__2024-11-17T00:00:00+00:00, execution_date=20241117T000000, start_date=20241118T162301, end_date=20241118T162301
[2024-11-18T16:23:01.667+0000] {local_task_job_runner.py:266} INFO - Task exited with return code 0
[2024-11-18T16:23:01.683+0000] {taskinstance.py:3900} INFO - 0 downstream tasks scheduled from follow-on schedule check
[2024-11-18T16:23:01.883+0000] {local_task_job_runner.py:245} INFO - ::endgroup::
[2024-11-18T16:26:51.427+0000] {local_task_job_runner.py:123} INFO - ::group::Pre task execution logs
[2024-11-18T16:26:51.450+0000] {taskinstance.py:2612} INFO - Dependencies all met for dep_context=non-requeueable deps ti=<TaskInstance: Ciril_group.create-db scheduled__2024-11-17T00:00:00+00:00 [queued]>
[2024-11-18T16:26:51.459+0000] {taskinstance.py:2612} INFO - Dependencies all met for dep_context=requeueable deps ti=<TaskInstance: Ciril_group.create-db scheduled__2024-11-17T00:00:00+00:00 [queued]>
[2024-11-18T16:26:51.460+0000] {taskinstance.py:2865} INFO - Starting attempt 1 of 6
[2024-11-18T16:26:51.478+0000] {taskinstance.py:2888} INFO - Executing <Task(BashOperator): create-db> on 2024-11-17 00:00:00+00:00
[2024-11-18T16:26:51.486+0000] {standard_task_runner.py:104} INFO - Running: ['***', 'tasks', 'run', 'Ciril_group', 'create-db', 'scheduled__2024-11-17T00:00:00+00:00', '--job-id', '4', '--raw', '--subdir', 'DAGS_FOLDER/ciril_group_dag.py', '--cfg-path', '/tmp/tmps83m8jzw']
[2024-11-18T16:26:51.490+0000] {standard_task_runner.py:105} INFO - Job 4: Subtask create-db
[2024-11-18T16:26:51.491+0000] {logging_mixin.py:190} WARNING - /home/***/.local/lib/python3.12/site-packages/***/task/task_runner/standard_task_runner.py:70 DeprecationWarning: This process (pid=202) is multi-threaded, use of fork() may lead to deadlocks in the child.
[2024-11-18T16:26:51.492+0000] {standard_task_runner.py:72} INFO - Started process 213 to run task
[2024-11-18T16:26:51.536+0000] {task_command.py:467} INFO - Running <TaskInstance: Ciril_group.create-db scheduled__2024-11-17T00:00:00+00:00 [running]> on host 061dbc9e53b1
[2024-11-18T16:26:51.610+0000] {taskinstance.py:3131} INFO - Exporting env vars: AIRFLOW_CTX_DAG_OWNER='Simo' AIRFLOW_CTX_DAG_ID='Ciril_group' AIRFLOW_CTX_TASK_ID='create-db' AIRFLOW_CTX_EXECUTION_DATE='2024-11-17T00:00:00+00:00' AIRFLOW_CTX_TRY_NUMBER='1' AIRFLOW_CTX_DAG_RUN_ID='scheduled__2024-11-17T00:00:00+00:00'
[2024-11-18T16:26:51.611+0000] {taskinstance.py:731} INFO - ::endgroup::
[2024-11-18T16:26:51.650+0000] {subprocess.py:63} INFO - Tmp dir root location: /tmp
[2024-11-18T16:26:51.652+0000] {subprocess.py:75} INFO - Running command: ['/usr/bin/bash', '-c', '/opt/***/create-ciril-db.sh']
[2024-11-18T16:26:51.662+0000] {subprocess.py:86} INFO - Output:
[2024-11-18T16:26:51.843+0000] {subprocess.py:93} INFO - mysql: [Warning] Using a password on the command line interface can be insecure.
[2024-11-18T16:26:52.013+0000] {subprocess.py:93} INFO - SQL script executed successfully.
[2024-11-18T16:26:52.015+0000] {subprocess.py:97} INFO - Command exited with return code 0
[2024-11-18T16:26:52.047+0000] {taskinstance.py:340} INFO - ::group::Post task execution logs
[2024-11-18T16:26:52.048+0000] {taskinstance.py:352} INFO - Marking task as SUCCESS. dag_id=Ciril_group, task_id=create-db, run_id=scheduled__2024-11-17T00:00:00+00:00, execution_date=20241117T000000, start_date=20241118T162651, end_date=20241118T162652
[2024-11-18T16:26:52.069+0000] {local_task_job_runner.py:266} INFO - Task exited with return code 0
[2024-11-18T16:26:52.084+0000] {taskinstance.py:3900} INFO - 0 downstream tasks scheduled from follow-on schedule check
[2024-11-18T16:26:52.087+0000] {local_task_job_runner.py:245} INFO - ::endgroup::
[2024-11-18T16:48:32.660+0000] {local_task_job_runner.py:123} INFO - ::group::Pre task execution logs
[2024-11-18T16:48:32.685+0000] {taskinstance.py:2612} INFO - Dependencies all met for dep_context=non-requeueable deps ti=<TaskInstance: Ciril_group.create-db scheduled__2024-11-17T00:00:00+00:00 [queued]>
[2024-11-18T16:48:32.700+0000] {taskinstance.py:2612} INFO - Dependencies all met for dep_context=requeueable deps ti=<TaskInstance: Ciril_group.create-db scheduled__2024-11-17T00:00:00+00:00 [queued]>
[2024-11-18T16:48:32.701+0000] {taskinstance.py:2865} INFO - Starting attempt 1 of 6
[2024-11-18T16:48:32.743+0000] {taskinstance.py:2888} INFO - Executing <Task(BashOperator): create-db> on 2024-11-17 00:00:00+00:00
[2024-11-18T16:48:32.754+0000] {standard_task_runner.py:104} INFO - Running: ['***', 'tasks', 'run', 'Ciril_group', 'create-db', 'scheduled__2024-11-17T00:00:00+00:00', '--job-id', '3', '--raw', '--subdir', 'DAGS_FOLDER/ciril_group_dag.py', '--cfg-path', '/tmp/tmpthbezx02']
[2024-11-18T16:48:32.758+0000] {standard_task_runner.py:105} INFO - Job 3: Subtask create-db
[2024-11-18T16:48:32.760+0000] {logging_mixin.py:190} WARNING - /home/***/.local/lib/python3.12/site-packages/***/task/task_runner/standard_task_runner.py:70 DeprecationWarning: This process (pid=187) is multi-threaded, use of fork() may lead to deadlocks in the child.
[2024-11-18T16:48:32.763+0000] {standard_task_runner.py:72} INFO - Started process 192 to run task
[2024-11-18T16:48:32.816+0000] {task_command.py:467} INFO - Running <TaskInstance: Ciril_group.create-db scheduled__2024-11-17T00:00:00+00:00 [running]> on host 7171e7af8d4a
[2024-11-18T16:48:32.892+0000] {taskinstance.py:3131} INFO - Exporting env vars: AIRFLOW_CTX_DAG_OWNER='Simo' AIRFLOW_CTX_DAG_ID='Ciril_group' AIRFLOW_CTX_TASK_ID='create-db' AIRFLOW_CTX_EXECUTION_DATE='2024-11-17T00:00:00+00:00' AIRFLOW_CTX_TRY_NUMBER='1' AIRFLOW_CTX_DAG_RUN_ID='scheduled__2024-11-17T00:00:00+00:00'
[2024-11-18T16:48:32.893+0000] {taskinstance.py:731} INFO - ::endgroup::
[2024-11-18T16:48:32.922+0000] {subprocess.py:63} INFO - Tmp dir root location: /tmp
[2024-11-18T16:48:32.923+0000] {subprocess.py:75} INFO - Running command: ['/usr/bin/bash', '-c', '/opt/***/create-ciril-db.sh']
[2024-11-18T16:48:32.937+0000] {subprocess.py:86} INFO - Output:
[2024-11-18T16:48:33.129+0000] {subprocess.py:93} INFO - mysql: [Warning] Using a password on the command line interface can be insecure.
[2024-11-18T16:48:33.229+0000] {subprocess.py:93} INFO - ERROR 1050 (42S01) at line 11: Table 'people' already exists
[2024-11-18T16:48:33.243+0000] {subprocess.py:93} INFO - Error executing SQL script.
[2024-11-18T16:48:33.244+0000] {subprocess.py:97} INFO - Command exited with return code 0
[2024-11-18T16:48:33.279+0000] {taskinstance.py:340} INFO - ::group::Post task execution logs
[2024-11-18T16:48:33.280+0000] {taskinstance.py:352} INFO - Marking task as SUCCESS. dag_id=Ciril_group, task_id=create-db, run_id=scheduled__2024-11-17T00:00:00+00:00, execution_date=20241117T000000, start_date=20241118T164832, end_date=20241118T164833
[2024-11-18T16:48:33.341+0000] {local_task_job_runner.py:266} INFO - Task exited with return code 0
[2024-11-18T16:48:33.356+0000] {taskinstance.py:3900} INFO - 0 downstream tasks scheduled from follow-on schedule check
[2024-11-18T16:48:33.358+0000] {local_task_job_runner.py:245} INFO - ::endgroup::
