[2024-11-18T14:00:28.434+0000] {local_task_job_runner.py:123} INFO - ::group::Pre task execution logs
[2024-11-18T14:00:28.452+0000] {taskinstance.py:2612} INFO - Dependencies all met for dep_context=non-requeueable deps ti=<TaskInstance: Ciril_group.create-db manual__2024-11-18T14:00:27.851024+00:00 [queued]>
[2024-11-18T14:00:28.459+0000] {taskinstance.py:2612} INFO - Dependencies all met for dep_context=requeueable deps ti=<TaskInstance: Ciril_group.create-db manual__2024-11-18T14:00:27.851024+00:00 [queued]>
[2024-11-18T14:00:28.460+0000] {taskinstance.py:2865} INFO - Starting attempt 1 of 6
[2024-11-18T14:00:28.474+0000] {taskinstance.py:2888} INFO - Executing <Task(BashOperator): create-db> on 2024-11-18 14:00:27.851024+00:00
[2024-11-18T14:00:28.480+0000] {standard_task_runner.py:104} INFO - Running: ['***', 'tasks', 'run', 'Ciril_group', 'create-db', 'manual__2024-11-18T14:00:27.851024+00:00', '--job-id', '17', '--raw', '--subdir', 'DAGS_FOLDER/ciril_group_dag.py', '--cfg-path', '/tmp/tmp7ltr_sbr']
[2024-11-18T14:00:28.484+0000] {standard_task_runner.py:105} INFO - Job 17: Subtask create-db
[2024-11-18T14:00:28.485+0000] {logging_mixin.py:190} WARNING - /home/***/.local/lib/python3.12/site-packages/***/task/task_runner/standard_task_runner.py:70 DeprecationWarning: This process (pid=736) is multi-threaded, use of fork() may lead to deadlocks in the child.
[2024-11-18T14:00:28.486+0000] {standard_task_runner.py:72} INFO - Started process 737 to run task
[2024-11-18T14:00:28.525+0000] {task_command.py:467} INFO - Running <TaskInstance: Ciril_group.create-db manual__2024-11-18T14:00:27.851024+00:00 [running]> on host f01d71a2fe35
[2024-11-18T14:00:28.591+0000] {taskinstance.py:3131} INFO - Exporting env vars: AIRFLOW_CTX_DAG_OWNER='Simo' AIRFLOW_CTX_DAG_ID='Ciril_group' AIRFLOW_CTX_TASK_ID='create-db' AIRFLOW_CTX_EXECUTION_DATE='2024-11-18T14:00:27.851024+00:00' AIRFLOW_CTX_TRY_NUMBER='1' AIRFLOW_CTX_DAG_RUN_ID='manual__2024-11-18T14:00:27.851024+00:00'
[2024-11-18T14:00:28.592+0000] {taskinstance.py:731} INFO - ::endgroup::
[2024-11-18T14:00:28.606+0000] {subprocess.py:63} INFO - Tmp dir root location: /tmp
[2024-11-18T14:00:28.607+0000] {subprocess.py:75} INFO - Running command: ['/usr/bin/bash', '-c', '/opt/***/create-ciril-db.sh']
[2024-11-18T14:00:28.616+0000] {subprocess.py:86} INFO - Output:
[2024-11-18T14:00:28.637+0000] {subprocess.py:93} INFO - unknown flag: --no-TTY
[2024-11-18T14:00:28.638+0000] {subprocess.py:93} INFO - See 'docker --help'.
[2024-11-18T14:00:28.638+0000] {subprocess.py:93} INFO - 
[2024-11-18T14:00:28.639+0000] {subprocess.py:93} INFO - Usage:  docker [OPTIONS] COMMAND
[2024-11-18T14:00:28.639+0000] {subprocess.py:93} INFO - 
[2024-11-18T14:00:28.639+0000] {subprocess.py:93} INFO - A self-sufficient runtime for containers
[2024-11-18T14:00:28.640+0000] {subprocess.py:93} INFO - 
[2024-11-18T14:00:28.640+0000] {subprocess.py:93} INFO - Options:
[2024-11-18T14:00:28.640+0000] {subprocess.py:93} INFO -       --config string      Location of client config files (default
[2024-11-18T14:00:28.641+0000] {subprocess.py:93} INFO -                            "/home/***/.docker")
[2024-11-18T14:00:28.641+0000] {subprocess.py:93} INFO -   -c, --context string     Name of the context to use to connect to the
[2024-11-18T14:00:28.642+0000] {subprocess.py:93} INFO -                            daemon (overrides DOCKER_HOST env var and
[2024-11-18T14:00:28.642+0000] {subprocess.py:93} INFO -                            default context set with "docker context use")
[2024-11-18T14:00:28.643+0000] {subprocess.py:93} INFO -   -D, --debug              Enable debug mode
[2024-11-18T14:00:28.643+0000] {subprocess.py:93} INFO -   -H, --host list          Daemon socket(s) to connect to
[2024-11-18T14:00:28.643+0000] {subprocess.py:93} INFO -   -l, --log-level string   Set the logging level
[2024-11-18T14:00:28.643+0000] {subprocess.py:93} INFO -                            ("debug"|"info"|"warn"|"error"|"fatal")
[2024-11-18T14:00:28.644+0000] {subprocess.py:93} INFO -                            (default "info")
[2024-11-18T14:00:28.644+0000] {subprocess.py:93} INFO -       --tls                Use TLS; implied by --tlsverify
[2024-11-18T14:00:28.644+0000] {subprocess.py:93} INFO -       --tlscacert string   Trust certs signed only by this CA (default
[2024-11-18T14:00:28.645+0000] {subprocess.py:93} INFO -                            "/home/***/.docker/ca.pem")
[2024-11-18T14:00:28.645+0000] {subprocess.py:93} INFO -       --tlscert string     Path to TLS certificate file (default
[2024-11-18T14:00:28.646+0000] {subprocess.py:93} INFO -                            "/home/***/.docker/cert.pem")
[2024-11-18T14:00:28.646+0000] {subprocess.py:93} INFO -       --tlskey string      Path to TLS key file (default
[2024-11-18T14:00:28.647+0000] {subprocess.py:93} INFO -                            "/home/***/.docker/key.pem")
[2024-11-18T14:00:28.647+0000] {subprocess.py:93} INFO -       --tlsverify          Use TLS and verify the remote
[2024-11-18T14:00:28.647+0000] {subprocess.py:93} INFO -   -v, --version            Print version information and quit
[2024-11-18T14:00:28.648+0000] {subprocess.py:93} INFO - 
[2024-11-18T14:00:28.648+0000] {subprocess.py:93} INFO - Management Commands:
[2024-11-18T14:00:28.648+0000] {subprocess.py:93} INFO -   builder     Manage builds
[2024-11-18T14:00:28.649+0000] {subprocess.py:93} INFO -   completion  Generate the autocompletion script for the specified shell
[2024-11-18T14:00:28.649+0000] {subprocess.py:93} INFO -   config      Manage Docker configs
[2024-11-18T14:00:28.649+0000] {subprocess.py:93} INFO -   container   Manage containers
[2024-11-18T14:00:28.650+0000] {subprocess.py:93} INFO -   context     Manage contexts
[2024-11-18T14:00:28.650+0000] {subprocess.py:93} INFO -   image       Manage images
[2024-11-18T14:00:28.650+0000] {subprocess.py:93} INFO -   manifest    Manage Docker image manifests and manifest lists
[2024-11-18T14:00:28.650+0000] {subprocess.py:93} INFO -   network     Manage networks
[2024-11-18T14:00:28.651+0000] {subprocess.py:93} INFO -   node        Manage Swarm nodes
[2024-11-18T14:00:28.651+0000] {subprocess.py:93} INFO -   plugin      Manage plugins
[2024-11-18T14:00:28.651+0000] {subprocess.py:93} INFO -   secret      Manage Docker secrets
[2024-11-18T14:00:28.652+0000] {subprocess.py:93} INFO -   service     Manage services
[2024-11-18T14:00:28.652+0000] {subprocess.py:93} INFO -   stack       Manage Docker stacks
[2024-11-18T14:00:28.652+0000] {subprocess.py:93} INFO -   swarm       Manage Swarm
[2024-11-18T14:00:28.653+0000] {subprocess.py:93} INFO -   system      Manage Docker
[2024-11-18T14:00:28.653+0000] {subprocess.py:93} INFO -   trust       Manage trust on Docker images
[2024-11-18T14:00:28.653+0000] {subprocess.py:93} INFO -   volume      Manage volumes
[2024-11-18T14:00:28.654+0000] {subprocess.py:93} INFO - 
[2024-11-18T14:00:28.654+0000] {subprocess.py:93} INFO - Commands:
[2024-11-18T14:00:28.654+0000] {subprocess.py:93} INFO -   attach      Attach local standard input, output, and error streams to a running container
[2024-11-18T14:00:28.655+0000] {subprocess.py:93} INFO -   build       Build an image from a Dockerfile
[2024-11-18T14:00:28.655+0000] {subprocess.py:93} INFO -   commit      Create a new image from a container's changes
[2024-11-18T14:00:28.655+0000] {subprocess.py:93} INFO -   cp          Copy files/folders between a container and the local filesystem
[2024-11-18T14:00:28.655+0000] {subprocess.py:93} INFO -   create      Create a new container
[2024-11-18T14:00:28.656+0000] {subprocess.py:93} INFO -   diff        Inspect changes to files or directories on a container's filesystem
[2024-11-18T14:00:28.656+0000] {subprocess.py:93} INFO -   events      Get real time events from the server
[2024-11-18T14:00:28.656+0000] {subprocess.py:93} INFO -   exec        Run a command in a running container
[2024-11-18T14:00:28.657+0000] {subprocess.py:93} INFO -   export      Export a container's filesystem as a tar archive
[2024-11-18T14:00:28.657+0000] {subprocess.py:93} INFO -   history     Show the history of an image
[2024-11-18T14:00:28.657+0000] {subprocess.py:93} INFO -   images      List images
[2024-11-18T14:00:28.658+0000] {subprocess.py:93} INFO -   import      Import the contents from a tarball to create a filesystem image
[2024-11-18T14:00:28.658+0000] {subprocess.py:93} INFO -   info        Display system-wide information
[2024-11-18T14:00:28.658+0000] {subprocess.py:93} INFO -   inspect     Return low-level information on Docker objects
[2024-11-18T14:00:28.658+0000] {subprocess.py:93} INFO -   kill        Kill one or more running containers
[2024-11-18T14:00:28.659+0000] {subprocess.py:93} INFO -   load        Load an image from a tar archive or STDIN
[2024-11-18T14:00:28.659+0000] {subprocess.py:93} INFO -   login       Log in to a Docker registry
[2024-11-18T14:00:28.659+0000] {subprocess.py:93} INFO -   logout      Log out from a Docker registry
[2024-11-18T14:00:28.660+0000] {subprocess.py:93} INFO -   logs        Fetch the logs of a container
[2024-11-18T14:00:28.660+0000] {subprocess.py:93} INFO -   pause       Pause all processes within one or more containers
[2024-11-18T14:00:28.661+0000] {subprocess.py:93} INFO -   port        List port mappings or a specific mapping for the container
[2024-11-18T14:00:28.661+0000] {subprocess.py:93} INFO -   ps          List containers
[2024-11-18T14:00:28.661+0000] {subprocess.py:93} INFO -   pull        Pull an image or a repository from a registry
[2024-11-18T14:00:28.661+0000] {subprocess.py:93} INFO -   push        Push an image or a repository to a registry
[2024-11-18T14:00:28.662+0000] {subprocess.py:93} INFO -   rename      Rename a container
[2024-11-18T14:00:28.662+0000] {subprocess.py:93} INFO -   restart     Restart one or more containers
[2024-11-18T14:00:28.663+0000] {subprocess.py:93} INFO -   rm          Remove one or more containers
[2024-11-18T14:00:28.663+0000] {subprocess.py:93} INFO -   rmi         Remove one or more images
[2024-11-18T14:00:28.664+0000] {subprocess.py:93} INFO -   run         Run a command in a new container
[2024-11-18T14:00:28.664+0000] {subprocess.py:93} INFO -   save        Save one or more images to a tar archive (streamed to STDOUT by default)
[2024-11-18T14:00:28.664+0000] {subprocess.py:93} INFO -   search      Search the Docker Hub for images
[2024-11-18T14:00:28.665+0000] {subprocess.py:93} INFO -   start       Start one or more stopped containers
[2024-11-18T14:00:28.665+0000] {subprocess.py:93} INFO -   stats       Display a live stream of container(s) resource usage statistics
[2024-11-18T14:00:28.666+0000] {subprocess.py:93} INFO -   stop        Stop one or more running containers
[2024-11-18T14:00:28.666+0000] {subprocess.py:93} INFO -   tag         Create a tag TARGET_IMAGE that refers to SOURCE_IMAGE
[2024-11-18T14:00:28.666+0000] {subprocess.py:93} INFO -   top         Display the running processes of a container
[2024-11-18T14:00:28.666+0000] {subprocess.py:93} INFO -   unpause     Unpause all processes within one or more containers
[2024-11-18T14:00:28.667+0000] {subprocess.py:93} INFO -   update      Update configuration of one or more containers
[2024-11-18T14:00:28.667+0000] {subprocess.py:93} INFO -   version     Show the Docker version information
[2024-11-18T14:00:28.667+0000] {subprocess.py:93} INFO -   wait        Block until one or more containers stop, then print their exit codes
[2024-11-18T14:00:28.668+0000] {subprocess.py:93} INFO - 
[2024-11-18T14:00:28.668+0000] {subprocess.py:93} INFO - Run 'docker COMMAND --help' for more information on a command.
[2024-11-18T14:00:28.668+0000] {subprocess.py:93} INFO - 
[2024-11-18T14:00:28.669+0000] {subprocess.py:93} INFO - To get more help with docker, check out our guides at https://docs.docker.com/go/guides/
[2024-11-18T14:00:28.669+0000] {subprocess.py:93} INFO - 
[2024-11-18T14:00:28.669+0000] {subprocess.py:93} INFO - Error executing SQL script.
[2024-11-18T14:00:28.670+0000] {subprocess.py:97} INFO - Command exited with return code 0
[2024-11-18T14:00:28.688+0000] {taskinstance.py:340} INFO - ::group::Post task execution logs
[2024-11-18T14:00:28.688+0000] {taskinstance.py:352} INFO - Marking task as SUCCESS. dag_id=Ciril_group, task_id=create-db, run_id=manual__2024-11-18T14:00:27.851024+00:00, execution_date=20241118T140027, start_date=20241118T140028, end_date=20241118T140028
[2024-11-18T14:00:28.741+0000] {local_task_job_runner.py:266} INFO - Task exited with return code 0
[2024-11-18T14:00:28.754+0000] {taskinstance.py:3900} INFO - 0 downstream tasks scheduled from follow-on schedule check
[2024-11-18T14:00:28.755+0000] {local_task_job_runner.py:245} INFO - ::endgroup::
