[2024-11-18T14:16:46.500+0000] {local_task_job_runner.py:123} INFO - ::group::Pre task execution logs
[2024-11-18T14:16:46.516+0000] {taskinstance.py:2612} INFO - Dependencies all met for dep_context=non-requeueable deps ti=<TaskInstance: Ciril_group.create-db manual__2024-11-18T14:16:45.303665+00:00 [queued]>
[2024-11-18T14:16:46.525+0000] {taskinstance.py:2612} INFO - Dependencies all met for dep_context=requeueable deps ti=<TaskInstance: Ciril_group.create-db manual__2024-11-18T14:16:45.303665+00:00 [queued]>
[2024-11-18T14:16:46.526+0000] {taskinstance.py:2865} INFO - Starting attempt 1 of 6
[2024-11-18T14:16:46.540+0000] {taskinstance.py:2888} INFO - Executing <Task(BashOperator): create-db> on 2024-11-18 14:16:45.303665+00:00
[2024-11-18T14:16:46.551+0000] {standard_task_runner.py:104} INFO - Running: ['***', 'tasks', 'run', 'Ciril_group', 'create-db', 'manual__2024-11-18T14:16:45.303665+00:00', '--job-id', '6', '--raw', '--subdir', 'DAGS_FOLDER/ciril_group_dag.py', '--cfg-path', '/tmp/tmp70399z0d']
[2024-11-18T14:16:46.552+0000] {logging_mixin.py:190} WARNING - /home/***/.local/lib/python3.12/site-packages/***/task/task_runner/standard_task_runner.py:70 DeprecationWarning: This process (pid=208) is multi-threaded, use of fork() may lead to deadlocks in the child.
[2024-11-18T14:16:46.553+0000] {standard_task_runner.py:105} INFO - Job 6: Subtask create-db
[2024-11-18T14:16:46.554+0000] {standard_task_runner.py:72} INFO - Started process 213 to run task
[2024-11-18T14:16:46.596+0000] {task_command.py:467} INFO - Running <TaskInstance: Ciril_group.create-db manual__2024-11-18T14:16:45.303665+00:00 [running]> on host 5a78c1ec5b84
[2024-11-18T14:16:46.676+0000] {taskinstance.py:3131} INFO - Exporting env vars: AIRFLOW_CTX_DAG_OWNER='Simo' AIRFLOW_CTX_DAG_ID='Ciril_group' AIRFLOW_CTX_TASK_ID='create-db' AIRFLOW_CTX_EXECUTION_DATE='2024-11-18T14:16:45.303665+00:00' AIRFLOW_CTX_TRY_NUMBER='1' AIRFLOW_CTX_DAG_RUN_ID='manual__2024-11-18T14:16:45.303665+00:00'
[2024-11-18T14:16:46.677+0000] {taskinstance.py:731} INFO - ::endgroup::
[2024-11-18T14:16:46.711+0000] {subprocess.py:63} INFO - Tmp dir root location: /tmp
[2024-11-18T14:16:46.713+0000] {subprocess.py:75} INFO - Running command: ['/usr/bin/bash', '-c', '/opt/***/create-ciril-db.sh']
[2024-11-18T14:16:46.724+0000] {subprocess.py:86} INFO - Output:
[2024-11-18T14:16:46.746+0000] {subprocess.py:93} INFO - docker: 'compose' is not a docker command.
[2024-11-18T14:16:46.747+0000] {subprocess.py:93} INFO - See 'docker --help'
[2024-11-18T14:16:46.748+0000] {subprocess.py:93} INFO - Error executing SQL script.
[2024-11-18T14:16:46.748+0000] {subprocess.py:97} INFO - Command exited with return code 0
[2024-11-18T14:16:46.774+0000] {taskinstance.py:340} INFO - ::group::Post task execution logs
[2024-11-18T14:16:46.775+0000] {taskinstance.py:352} INFO - Marking task as SUCCESS. dag_id=Ciril_group, task_id=create-db, run_id=manual__2024-11-18T14:16:45.303665+00:00, execution_date=20241118T141645, start_date=20241118T141646, end_date=20241118T141646
[2024-11-18T14:16:46.810+0000] {local_task_job_runner.py:266} INFO - Task exited with return code 0
[2024-11-18T14:16:46.828+0000] {taskinstance.py:3900} INFO - 0 downstream tasks scheduled from follow-on schedule check
[2024-11-18T14:16:46.831+0000] {local_task_job_runner.py:245} INFO - ::endgroup::
