[2024-11-18T16:11:54.365+0000] {local_task_job_runner.py:123} INFO - ::group::Pre task execution logs
[2024-11-18T16:11:54.395+0000] {taskinstance.py:2612} INFO - Dependencies all met for dep_context=non-requeueable deps ti=<TaskInstance: Ciril_group.create-db manual__2024-11-18T16:11:53.565718+00:00 [queued]>
[2024-11-18T16:11:54.410+0000] {taskinstance.py:2612} INFO - Dependencies all met for dep_context=requeueable deps ti=<TaskInstance: Ciril_group.create-db manual__2024-11-18T16:11:53.565718+00:00 [queued]>
[2024-11-18T16:11:54.411+0000] {taskinstance.py:2865} INFO - Starting attempt 1 of 6
[2024-11-18T16:11:54.443+0000] {taskinstance.py:2888} INFO - Executing <Task(BashOperator): create-db> on 2024-11-18 16:11:53.565718+00:00
[2024-11-18T16:11:54.464+0000] {standard_task_runner.py:104} INFO - Running: ['***', 'tasks', 'run', 'Ciril_group', 'create-db', 'manual__2024-11-18T16:11:53.565718+00:00', '--job-id', '3', '--raw', '--subdir', 'DAGS_FOLDER/ciril_group_dag.py', '--cfg-path', '/tmp/tmp9jprcyxw']
[2024-11-18T16:11:54.468+0000] {standard_task_runner.py:105} INFO - Job 3: Subtask create-db
[2024-11-18T16:11:54.468+0000] {logging_mixin.py:190} WARNING - /home/***/.local/lib/python3.12/site-packages/***/task/task_runner/standard_task_runner.py:70 DeprecationWarning: This process (pid=197) is multi-threaded, use of fork() may lead to deadlocks in the child.
[2024-11-18T16:11:54.471+0000] {standard_task_runner.py:72} INFO - Started process 202 to run task
[2024-11-18T16:11:54.528+0000] {task_command.py:467} INFO - Running <TaskInstance: Ciril_group.create-db manual__2024-11-18T16:11:53.565718+00:00 [running]> on host 4aaa0084fcc4
[2024-11-18T16:11:54.638+0000] {taskinstance.py:3131} INFO - Exporting env vars: AIRFLOW_CTX_DAG_OWNER='Simo' AIRFLOW_CTX_DAG_ID='Ciril_group' AIRFLOW_CTX_TASK_ID='create-db' AIRFLOW_CTX_EXECUTION_DATE='2024-11-18T16:11:53.565718+00:00' AIRFLOW_CTX_TRY_NUMBER='1' AIRFLOW_CTX_DAG_RUN_ID='manual__2024-11-18T16:11:53.565718+00:00'
[2024-11-18T16:11:54.639+0000] {taskinstance.py:731} INFO - ::endgroup::
[2024-11-18T16:11:54.681+0000] {subprocess.py:63} INFO - Tmp dir root location: /tmp
[2024-11-18T16:11:54.683+0000] {subprocess.py:75} INFO - Running command: ['/usr/bin/bash', '-c', '/opt/***/create-ciril-db.sh']
[2024-11-18T16:11:54.699+0000] {subprocess.py:86} INFO - Output:
[2024-11-18T16:11:54.774+0000] {subprocess.py:93} INFO - Error: No such container:path: database:/opt/***
[2024-11-18T16:11:54.824+0000] {subprocess.py:93} INFO - Error: No such container: database
[2024-11-18T16:11:54.828+0000] {subprocess.py:93} INFO - Error executing SQL script.
[2024-11-18T16:11:54.829+0000] {subprocess.py:97} INFO - Command exited with return code 0
[2024-11-18T16:11:54.877+0000] {taskinstance.py:340} INFO - ::group::Post task execution logs
[2024-11-18T16:11:54.878+0000] {taskinstance.py:352} INFO - Marking task as SUCCESS. dag_id=Ciril_group, task_id=create-db, run_id=manual__2024-11-18T16:11:53.565718+00:00, execution_date=20241118T161153, start_date=20241118T161154, end_date=20241118T161154
[2024-11-18T16:11:54.930+0000] {local_task_job_runner.py:266} INFO - Task exited with return code 0
[2024-11-18T16:11:54.961+0000] {taskinstance.py:3900} INFO - 0 downstream tasks scheduled from follow-on schedule check
[2024-11-18T16:11:54.966+0000] {local_task_job_runner.py:245} INFO - ::endgroup::
