[2024-11-18T16:37:03.724+0000] {local_task_job_runner.py:123} INFO - ::group::Pre task execution logs
[2024-11-18T16:37:03.738+0000] {taskinstance.py:2612} INFO - Dependencies all met for dep_context=non-requeueable deps ti=<TaskInstance: Ciril_group.create-db manual__2024-11-18T16:37:02.639206+00:00 [queued]>
[2024-11-18T16:37:03.745+0000] {taskinstance.py:2612} INFO - Dependencies all met for dep_context=requeueable deps ti=<TaskInstance: Ciril_group.create-db manual__2024-11-18T16:37:02.639206+00:00 [queued]>
[2024-11-18T16:37:03.746+0000] {taskinstance.py:2865} INFO - Starting attempt 1 of 6
[2024-11-18T16:37:03.758+0000] {taskinstance.py:2888} INFO - Executing <Task(BashOperator): create-db> on 2024-11-18 16:37:02.639206+00:00
[2024-11-18T16:37:03.766+0000] {standard_task_runner.py:104} INFO - Running: ['***', 'tasks', 'run', 'Ciril_group', 'create-db', 'manual__2024-11-18T16:37:02.639206+00:00', '--job-id', '14', '--raw', '--subdir', 'DAGS_FOLDER/ciril_group_dag.py', '--cfg-path', '/tmp/tmpkm8q6ucu']
[2024-11-18T16:37:03.768+0000] {standard_task_runner.py:105} INFO - Job 14: Subtask create-db
[2024-11-18T16:37:03.771+0000] {logging_mixin.py:190} WARNING - /home/***/.local/lib/python3.12/site-packages/***/task/task_runner/standard_task_runner.py:70 DeprecationWarning: This process (pid=191) is multi-threaded, use of fork() may lead to deadlocks in the child.
[2024-11-18T16:37:03.772+0000] {standard_task_runner.py:72} INFO - Started process 193 to run task
[2024-11-18T16:37:03.805+0000] {task_command.py:467} INFO - Running <TaskInstance: Ciril_group.create-db manual__2024-11-18T16:37:02.639206+00:00 [running]> on host 061dbc9e53b1
[2024-11-18T16:37:03.874+0000] {taskinstance.py:3131} INFO - Exporting env vars: AIRFLOW_CTX_DAG_OWNER='Simo' AIRFLOW_CTX_DAG_ID='Ciril_group' AIRFLOW_CTX_TASK_ID='create-db' AIRFLOW_CTX_EXECUTION_DATE='2024-11-18T16:37:02.639206+00:00' AIRFLOW_CTX_TRY_NUMBER='1' AIRFLOW_CTX_DAG_RUN_ID='manual__2024-11-18T16:37:02.639206+00:00'
[2024-11-18T16:37:03.875+0000] {taskinstance.py:731} INFO - ::endgroup::
[2024-11-18T16:37:03.889+0000] {subprocess.py:63} INFO - Tmp dir root location: /tmp
[2024-11-18T16:37:03.891+0000] {subprocess.py:75} INFO - Running command: ['/usr/bin/bash', '-c', '/opt/***/create-ciril-db.sh']
[2024-11-18T16:37:03.902+0000] {subprocess.py:86} INFO - Output:
[2024-11-18T16:37:04.038+0000] {subprocess.py:93} INFO - mysql: [Warning] Using a password on the command line interface can be insecure.
[2024-11-18T16:37:04.217+0000] {subprocess.py:93} INFO - SQL script executed successfully.
[2024-11-18T16:37:04.218+0000] {subprocess.py:97} INFO - Command exited with return code 0
[2024-11-18T16:37:04.241+0000] {taskinstance.py:340} INFO - ::group::Post task execution logs
[2024-11-18T16:37:04.242+0000] {taskinstance.py:352} INFO - Marking task as SUCCESS. dag_id=Ciril_group, task_id=create-db, run_id=manual__2024-11-18T16:37:02.639206+00:00, execution_date=20241118T163702, start_date=20241118T163703, end_date=20241118T163704
[2024-11-18T16:37:04.428+0000] {local_task_job_runner.py:266} INFO - Task exited with return code 0
[2024-11-18T16:37:04.443+0000] {taskinstance.py:3900} INFO - 0 downstream tasks scheduled from follow-on schedule check
[2024-11-18T16:37:04.445+0000] {local_task_job_runner.py:245} INFO - ::endgroup::
