[2024-11-18T16:27:12.457+0000] {local_task_job_runner.py:123} INFO - ::group::Pre task execution logs
[2024-11-18T16:27:12.475+0000] {taskinstance.py:2612} INFO - Dependencies all met for dep_context=non-requeueable deps ti=<TaskInstance: Ciril_group.summarize_data scheduled__2024-11-17T00:00:00+00:00 [queued]>
[2024-11-18T16:27:12.485+0000] {taskinstance.py:2612} INFO - Dependencies all met for dep_context=requeueable deps ti=<TaskInstance: Ciril_group.summarize_data scheduled__2024-11-17T00:00:00+00:00 [queued]>
[2024-11-18T16:27:12.485+0000] {taskinstance.py:2865} INFO - Starting attempt 1 of 6
[2024-11-18T16:27:12.498+0000] {taskinstance.py:2888} INFO - Executing <Task(DockerOperator): summarize_data> on 2024-11-17 00:00:00+00:00
[2024-11-18T16:27:12.507+0000] {standard_task_runner.py:104} INFO - Running: ['***', 'tasks', 'run', 'Ciril_group', 'summarize_data', 'scheduled__2024-11-17T00:00:00+00:00', '--job-id', '10', '--raw', '--subdir', 'DAGS_FOLDER/ciril_group_dag.py', '--cfg-path', '/tmp/tmp10738y79']
[2024-11-18T16:27:12.510+0000] {standard_task_runner.py:105} INFO - Job 10: Subtask summarize_data
[2024-11-18T16:27:12.513+0000] {logging_mixin.py:190} WARNING - /home/***/.local/lib/python3.12/site-packages/***/task/task_runner/standard_task_runner.py:70 DeprecationWarning: This process (pid=269) is multi-threaded, use of fork() may lead to deadlocks in the child.
[2024-11-18T16:27:12.514+0000] {standard_task_runner.py:72} INFO - Started process 272 to run task
[2024-11-18T16:27:12.549+0000] {task_command.py:467} INFO - Running <TaskInstance: Ciril_group.summarize_data scheduled__2024-11-17T00:00:00+00:00 [running]> on host 061dbc9e53b1
[2024-11-18T16:27:12.615+0000] {taskinstance.py:3131} INFO - Exporting env vars: AIRFLOW_CTX_DAG_OWNER='Simo' AIRFLOW_CTX_DAG_ID='Ciril_group' AIRFLOW_CTX_TASK_ID='summarize_data' AIRFLOW_CTX_EXECUTION_DATE='2024-11-17T00:00:00+00:00' AIRFLOW_CTX_TRY_NUMBER='1' AIRFLOW_CTX_DAG_RUN_ID='scheduled__2024-11-17T00:00:00+00:00'
[2024-11-18T16:27:12.616+0000] {taskinstance.py:731} INFO - ::endgroup::
[2024-11-18T16:27:12.661+0000] {docker.py:367} INFO - Starting docker container from image ***_ciril:latest
[2024-11-18T16:27:20.035+0000] {docker.py:438} INFO - 
[2024-11-18T16:27:20.612+0000] {docker.py:438} INFO - /opt/***/summary-output/summary_output.py:17: RemovedIn20Warning: [31mDeprecated API features detected! These feature(s) are not compatible with SQLAlchemy 2.0. [32mTo prevent incompatible upgrades prior to updating applications, ensure requirements files are pinned to "sqlalchemy<2.0". [36mSet environment variable SQLALCHEMY_WARN_20=1 to show all deprecation warnings.  Set environment variable SQLALCHEMY_SILENCE_UBER_WARNING=1 to silence this message.[0m (Background on SQLAlchemy 2.0 at: https://sqlalche.me/e/b8d9)
[2024-11-18T16:27:20.613+0000] {docker.py:438} INFO -   metadata = sqlalchemy.schema.MetaData(engine)
[2024-11-18T16:27:20.613+0000] {docker.py:438} INFO - Connexion à la base de données réussie
[2024-11-18T16:27:20.627+0000] {docker.py:438} INFO - Fichier de résumé créé !
[2024-11-18T16:27:21.071+0000] {taskinstance.py:340} INFO - ::group::Post task execution logs
[2024-11-18T16:27:21.072+0000] {taskinstance.py:352} INFO - Marking task as SUCCESS. dag_id=Ciril_group, task_id=summarize_data, run_id=scheduled__2024-11-17T00:00:00+00:00, execution_date=20241117T000000, start_date=20241118T162712, end_date=20241118T162721
[2024-11-18T16:27:21.109+0000] {local_task_job_runner.py:266} INFO - Task exited with return code 0
[2024-11-18T16:27:21.122+0000] {taskinstance.py:3900} INFO - 0 downstream tasks scheduled from follow-on schedule check
[2024-11-18T16:27:21.124+0000] {local_task_job_runner.py:245} INFO - ::endgroup::
[2024-11-18T16:48:53.830+0000] {local_task_job_runner.py:123} INFO - ::group::Pre task execution logs
[2024-11-18T16:48:53.847+0000] {taskinstance.py:2612} INFO - Dependencies all met for dep_context=non-requeueable deps ti=<TaskInstance: Ciril_group.summarize_data scheduled__2024-11-17T00:00:00+00:00 [queued]>
[2024-11-18T16:48:53.856+0000] {taskinstance.py:2612} INFO - Dependencies all met for dep_context=requeueable deps ti=<TaskInstance: Ciril_group.summarize_data scheduled__2024-11-17T00:00:00+00:00 [queued]>
[2024-11-18T16:48:53.856+0000] {taskinstance.py:2865} INFO - Starting attempt 1 of 6
[2024-11-18T16:48:53.868+0000] {taskinstance.py:2888} INFO - Executing <Task(DockerOperator): summarize_data> on 2024-11-17 00:00:00+00:00
[2024-11-18T16:48:53.877+0000] {standard_task_runner.py:104} INFO - Running: ['***', 'tasks', 'run', 'Ciril_group', 'summarize_data', 'scheduled__2024-11-17T00:00:00+00:00', '--job-id', '9', '--raw', '--subdir', 'DAGS_FOLDER/ciril_group_dag.py', '--cfg-path', '/tmp/tmp4kt9adgr']
[2024-11-18T16:48:53.879+0000] {standard_task_runner.py:105} INFO - Job 9: Subtask summarize_data
[2024-11-18T16:48:53.880+0000] {logging_mixin.py:190} WARNING - /home/***/.local/lib/python3.12/site-packages/***/task/task_runner/standard_task_runner.py:70 DeprecationWarning: This process (pid=248) is multi-threaded, use of fork() may lead to deadlocks in the child.
[2024-11-18T16:48:53.881+0000] {standard_task_runner.py:72} INFO - Started process 250 to run task
[2024-11-18T16:48:53.926+0000] {task_command.py:467} INFO - Running <TaskInstance: Ciril_group.summarize_data scheduled__2024-11-17T00:00:00+00:00 [running]> on host 7171e7af8d4a
[2024-11-18T16:48:53.993+0000] {taskinstance.py:3131} INFO - Exporting env vars: AIRFLOW_CTX_DAG_OWNER='Simo' AIRFLOW_CTX_DAG_ID='Ciril_group' AIRFLOW_CTX_TASK_ID='summarize_data' AIRFLOW_CTX_EXECUTION_DATE='2024-11-17T00:00:00+00:00' AIRFLOW_CTX_TRY_NUMBER='1' AIRFLOW_CTX_DAG_RUN_ID='scheduled__2024-11-17T00:00:00+00:00'
[2024-11-18T16:48:53.993+0000] {taskinstance.py:731} INFO - ::endgroup::
[2024-11-18T16:48:54.034+0000] {docker.py:367} INFO - Starting docker container from image ***_ciril:latest
[2024-11-18T16:49:01.412+0000] {docker.py:438} INFO - 
[2024-11-18T16:49:01.996+0000] {docker.py:438} INFO - /opt/***/summary-output/summary_output.py:17: RemovedIn20Warning: [31mDeprecated API features detected! These feature(s) are not compatible with SQLAlchemy 2.0. [32mTo prevent incompatible upgrades prior to updating applications, ensure requirements files are pinned to "sqlalchemy<2.0". [36mSet environment variable SQLALCHEMY_WARN_20=1 to show all deprecation warnings.  Set environment variable SQLALCHEMY_SILENCE_UBER_WARNING=1 to silence this message.[0m (Background on SQLAlchemy 2.0 at: https://sqlalche.me/e/b8d9)
[2024-11-18T16:49:01.996+0000] {docker.py:438} INFO -   metadata = sqlalchemy.schema.MetaData(engine)
[2024-11-18T16:49:01.997+0000] {docker.py:438} INFO - Connexion à la base de données réussie
[2024-11-18T16:49:02.012+0000] {docker.py:438} INFO - Fichier de résumé créé !
[2024-11-18T16:49:02.578+0000] {taskinstance.py:340} INFO - ::group::Post task execution logs
[2024-11-18T16:49:02.579+0000] {taskinstance.py:352} INFO - Marking task as SUCCESS. dag_id=Ciril_group, task_id=summarize_data, run_id=scheduled__2024-11-17T00:00:00+00:00, execution_date=20241117T000000, start_date=20241118T164853, end_date=20241118T164902
[2024-11-18T16:49:02.636+0000] {local_task_job_runner.py:266} INFO - Task exited with return code 0
[2024-11-18T16:49:02.644+0000] {local_task_job_runner.py:245} INFO - ::endgroup::
