[2024-11-18T15:56:19.849+0000] {local_task_job_runner.py:123} INFO - ::group::Pre task execution logs
[2024-11-18T15:56:19.866+0000] {taskinstance.py:2612} INFO - Dependencies all met for dep_context=non-requeueable deps ti=<TaskInstance: Ciril_group.create-db manual__2024-11-18T15:56:18.744416+00:00 [queued]>
[2024-11-18T15:56:19.874+0000] {taskinstance.py:2612} INFO - Dependencies all met for dep_context=requeueable deps ti=<TaskInstance: Ciril_group.create-db manual__2024-11-18T15:56:18.744416+00:00 [queued]>
[2024-11-18T15:56:19.874+0000] {taskinstance.py:2865} INFO - Starting attempt 1 of 6
[2024-11-18T15:56:19.889+0000] {taskinstance.py:2888} INFO - Executing <Task(BashOperator): create-db> on 2024-11-18 15:56:18.744416+00:00
[2024-11-18T15:56:19.902+0000] {standard_task_runner.py:104} INFO - Running: ['***', 'tasks', 'run', 'Ciril_group', 'create-db', 'manual__2024-11-18T15:56:18.744416+00:00', '--job-id', '6', '--raw', '--subdir', 'DAGS_FOLDER/ciril_group_dag.py', '--cfg-path', '/tmp/tmpgjq8jm16']
[2024-11-18T15:56:19.905+0000] {standard_task_runner.py:105} INFO - Job 6: Subtask create-db
[2024-11-18T15:56:19.906+0000] {logging_mixin.py:190} WARNING - /home/***/.local/lib/python3.12/site-packages/***/task/task_runner/standard_task_runner.py:70 DeprecationWarning: This process (pid=197) is multi-threaded, use of fork() may lead to deadlocks in the child.
[2024-11-18T15:56:19.907+0000] {standard_task_runner.py:72} INFO - Started process 204 to run task
[2024-11-18T15:56:19.951+0000] {task_command.py:467} INFO - Running <TaskInstance: Ciril_group.create-db manual__2024-11-18T15:56:18.744416+00:00 [running]> on host a2bc12b8c1cb
[2024-11-18T15:56:20.024+0000] {taskinstance.py:3131} INFO - Exporting env vars: AIRFLOW_CTX_DAG_OWNER='Simo' AIRFLOW_CTX_DAG_ID='Ciril_group' AIRFLOW_CTX_TASK_ID='create-db' AIRFLOW_CTX_EXECUTION_DATE='2024-11-18T15:56:18.744416+00:00' AIRFLOW_CTX_TRY_NUMBER='1' AIRFLOW_CTX_DAG_RUN_ID='manual__2024-11-18T15:56:18.744416+00:00'
[2024-11-18T15:56:20.025+0000] {taskinstance.py:731} INFO - ::endgroup::
[2024-11-18T15:56:20.055+0000] {subprocess.py:63} INFO - Tmp dir root location: /tmp
[2024-11-18T15:56:20.057+0000] {subprocess.py:75} INFO - Running command: ['/usr/bin/bash', '-c', '/opt/***/create-ciril-db.sh']
[2024-11-18T15:56:20.068+0000] {subprocess.py:86} INFO - Output:
[2024-11-18T15:56:20.142+0000] {subprocess.py:93} INFO - Error: No such container:path: database:/tmp
[2024-11-18T15:56:20.200+0000] {subprocess.py:93} INFO - Error: No such container: database
[2024-11-18T15:56:20.203+0000] {subprocess.py:93} INFO - Error executing SQL script.
[2024-11-18T15:56:20.204+0000] {subprocess.py:97} INFO - Command exited with return code 0
[2024-11-18T15:56:20.239+0000] {taskinstance.py:340} INFO - ::group::Post task execution logs
[2024-11-18T15:56:20.241+0000] {taskinstance.py:352} INFO - Marking task as SUCCESS. dag_id=Ciril_group, task_id=create-db, run_id=manual__2024-11-18T15:56:18.744416+00:00, execution_date=20241118T155618, start_date=20241118T155619, end_date=20241118T155620
[2024-11-18T15:56:20.285+0000] {local_task_job_runner.py:266} INFO - Task exited with return code 0
[2024-11-18T15:56:20.301+0000] {taskinstance.py:3900} INFO - 0 downstream tasks scheduled from follow-on schedule check
[2024-11-18T15:56:20.303+0000] {local_task_job_runner.py:245} INFO - ::endgroup::
