[2024-11-16T22:16:19.323+0000] {local_task_job_runner.py:123} INFO - ::group::Pre task execution logs
[2024-11-16T22:16:19.337+0000] {taskinstance.py:2612} INFO - Dependencies all met for dep_context=non-requeueable deps ti=<TaskInstance: Ciril_group.run-example manual__2024-11-16T22:16:18.164887+00:00 [queued]>
[2024-11-16T22:16:19.344+0000] {taskinstance.py:2612} INFO - Dependencies all met for dep_context=requeueable deps ti=<TaskInstance: Ciril_group.run-example manual__2024-11-16T22:16:18.164887+00:00 [queued]>
[2024-11-16T22:16:19.344+0000] {taskinstance.py:2865} INFO - Starting attempt 1 of 6
[2024-11-16T22:16:19.356+0000] {taskinstance.py:2888} INFO - Executing <Task(DockerOperator): run-example> on 2024-11-16 22:16:18.164887+00:00
[2024-11-16T22:16:19.367+0000] {standard_task_runner.py:104} INFO - Running: ['***', 'tasks', 'run', 'Ciril_group', 'run-example', 'manual__2024-11-16T22:16:18.164887+00:00', '--job-id', '8', '--raw', '--subdir', 'DAGS_FOLDER/ciril_group_dag.py', '--cfg-path', '/tmp/tmp0n9ccqnf']
[2024-11-16T22:16:19.369+0000] {standard_task_runner.py:105} INFO - Job 8: Subtask run-example
[2024-11-16T22:16:19.370+0000] {logging_mixin.py:190} WARNING - /home/***/.local/lib/python3.12/site-packages/***/task/task_runner/standard_task_runner.py:70 DeprecationWarning: This process (pid=185) is multi-threaded, use of fork() may lead to deadlocks in the child.
[2024-11-16T22:16:19.371+0000] {standard_task_runner.py:72} INFO - Started process 188 to run task
[2024-11-16T22:16:19.404+0000] {task_command.py:467} INFO - Running <TaskInstance: Ciril_group.run-example manual__2024-11-16T22:16:18.164887+00:00 [running]> on host 473c7a96b1b4
[2024-11-16T22:16:19.469+0000] {taskinstance.py:3131} INFO - Exporting env vars: AIRFLOW_CTX_DAG_OWNER='Simo' AIRFLOW_CTX_DAG_ID='Ciril_group' AIRFLOW_CTX_TASK_ID='run-example' AIRFLOW_CTX_EXECUTION_DATE='2024-11-16T22:16:18.164887+00:00' AIRFLOW_CTX_TRY_NUMBER='1' AIRFLOW_CTX_DAG_RUN_ID='manual__2024-11-16T22:16:18.164887+00:00'
[2024-11-16T22:16:19.470+0000] {taskinstance.py:731} INFO - ::endgroup::
[2024-11-16T22:16:19.508+0000] {docker.py:367} INFO - Starting docker container from image ***_ciril:latest
[2024-11-16T22:16:26.386+0000] {docker.py:438} INFO - 
[2024-11-16T22:16:28.210+0000] {docker.py:438} INFO - Fichier total_births_by_country.json créé
[2024-11-16T22:16:28.826+0000] {taskinstance.py:340} INFO - ::group::Post task execution logs
[2024-11-16T22:16:28.827+0000] {taskinstance.py:352} INFO - Marking task as SUCCESS. dag_id=Ciril_group, task_id=run-example, run_id=manual__2024-11-16T22:16:18.164887+00:00, execution_date=20241116T221618, start_date=20241116T221619, end_date=20241116T221628
[2024-11-16T22:16:28.881+0000] {local_task_job_runner.py:266} INFO - Task exited with return code 0
[2024-11-16T22:16:28.904+0000] {taskinstance.py:3900} INFO - 1 downstream tasks scheduled from follow-on schedule check
[2024-11-16T22:16:28.906+0000] {local_task_job_runner.py:245} INFO - ::endgroup::
