[2024-11-18T16:48:32.662+0000] {local_task_job_runner.py:123} INFO - ::group::Pre task execution logs
[2024-11-18T16:48:32.685+0000] {taskinstance.py:2612} INFO - Dependencies all met for dep_context=non-requeueable deps ti=<TaskInstance: Ciril_group.create-db manual__2024-11-18T16:48:31.972387+00:00 [queued]>
[2024-11-18T16:48:32.699+0000] {taskinstance.py:2612} INFO - Dependencies all met for dep_context=requeueable deps ti=<TaskInstance: Ciril_group.create-db manual__2024-11-18T16:48:31.972387+00:00 [queued]>
[2024-11-18T16:48:32.700+0000] {taskinstance.py:2865} INFO - Starting attempt 1 of 6
[2024-11-18T16:48:32.727+0000] {taskinstance.py:2888} INFO - Executing <Task(BashOperator): create-db> on 2024-11-18 16:48:31.972387+00:00
[2024-11-18T16:48:32.745+0000] {standard_task_runner.py:104} INFO - Running: ['***', 'tasks', 'run', 'Ciril_group', 'create-db', 'manual__2024-11-18T16:48:31.972387+00:00', '--job-id', '5', '--raw', '--subdir', 'DAGS_FOLDER/ciril_group_dag.py', '--cfg-path', '/tmp/tmpr7aapxon']
[2024-11-18T16:48:32.749+0000] {standard_task_runner.py:105} INFO - Job 5: Subtask create-db
[2024-11-18T16:48:32.755+0000] {logging_mixin.py:190} WARNING - /home/***/.local/lib/python3.12/site-packages/***/task/task_runner/standard_task_runner.py:70 DeprecationWarning: This process (pid=189) is multi-threaded, use of fork() may lead to deadlocks in the child.
[2024-11-18T16:48:32.756+0000] {standard_task_runner.py:72} INFO - Started process 191 to run task
[2024-11-18T16:48:32.806+0000] {task_command.py:467} INFO - Running <TaskInstance: Ciril_group.create-db manual__2024-11-18T16:48:31.972387+00:00 [running]> on host 7171e7af8d4a
[2024-11-18T16:48:32.882+0000] {taskinstance.py:3131} INFO - Exporting env vars: AIRFLOW_CTX_DAG_OWNER='Simo' AIRFLOW_CTX_DAG_ID='Ciril_group' AIRFLOW_CTX_TASK_ID='create-db' AIRFLOW_CTX_EXECUTION_DATE='2024-11-18T16:48:31.972387+00:00' AIRFLOW_CTX_TRY_NUMBER='1' AIRFLOW_CTX_DAG_RUN_ID='manual__2024-11-18T16:48:31.972387+00:00'
[2024-11-18T16:48:32.883+0000] {taskinstance.py:731} INFO - ::endgroup::
[2024-11-18T16:48:32.923+0000] {subprocess.py:63} INFO - Tmp dir root location: /tmp
[2024-11-18T16:48:32.925+0000] {subprocess.py:75} INFO - Running command: ['/usr/bin/bash', '-c', '/opt/***/create-ciril-db.sh']
[2024-11-18T16:48:32.939+0000] {subprocess.py:86} INFO - Output:
[2024-11-18T16:48:33.106+0000] {subprocess.py:93} INFO - mysql: [Warning] Using a password on the command line interface can be insecure.
[2024-11-18T16:48:33.268+0000] {subprocess.py:93} INFO - SQL script executed successfully.
[2024-11-18T16:48:33.269+0000] {subprocess.py:97} INFO - Command exited with return code 0
[2024-11-18T16:48:33.299+0000] {taskinstance.py:340} INFO - ::group::Post task execution logs
[2024-11-18T16:48:33.301+0000] {taskinstance.py:352} INFO - Marking task as SUCCESS. dag_id=Ciril_group, task_id=create-db, run_id=manual__2024-11-18T16:48:31.972387+00:00, execution_date=20241118T164831, start_date=20241118T164832, end_date=20241118T164833
[2024-11-18T16:48:33.336+0000] {local_task_job_runner.py:266} INFO - Task exited with return code 0
[2024-11-18T16:48:33.352+0000] {taskinstance.py:3900} INFO - 0 downstream tasks scheduled from follow-on schedule check
[2024-11-18T16:48:33.354+0000] {local_task_job_runner.py:245} INFO - ::endgroup::
