[2024-11-18T16:26:51.427+0000] {local_task_job_runner.py:123} INFO - ::group::Pre task execution logs
[2024-11-18T16:26:51.449+0000] {taskinstance.py:2612} INFO - Dependencies all met for dep_context=non-requeueable deps ti=<TaskInstance: Ciril_group.run-example manual__2024-11-18T16:26:50.691860+00:00 [queued]>
[2024-11-18T16:26:51.459+0000] {taskinstance.py:2612} INFO - Dependencies all met for dep_context=requeueable deps ti=<TaskInstance: Ciril_group.run-example manual__2024-11-18T16:26:50.691860+00:00 [queued]>
[2024-11-18T16:26:51.459+0000] {taskinstance.py:2865} INFO - Starting attempt 1 of 6
[2024-11-18T16:26:51.477+0000] {taskinstance.py:2888} INFO - Executing <Task(DockerOperator): run-example> on 2024-11-18 16:26:50.691860+00:00
[2024-11-18T16:26:51.486+0000] {standard_task_runner.py:104} INFO - Running: ['***', 'tasks', 'run', 'Ciril_group', 'run-example', 'manual__2024-11-18T16:26:50.691860+00:00', '--job-id', '6', '--raw', '--subdir', 'DAGS_FOLDER/ciril_group_dag.py', '--cfg-path', '/tmp/tmpxe37nkaf']
[2024-11-18T16:26:51.489+0000] {standard_task_runner.py:105} INFO - Job 6: Subtask run-example
[2024-11-18T16:26:51.492+0000] {logging_mixin.py:190} WARNING - /home/***/.local/lib/python3.12/site-packages/***/task/task_runner/standard_task_runner.py:70 DeprecationWarning: This process (pid=205) is multi-threaded, use of fork() may lead to deadlocks in the child.
[2024-11-18T16:26:51.493+0000] {standard_task_runner.py:72} INFO - Started process 212 to run task
[2024-11-18T16:26:51.535+0000] {task_command.py:467} INFO - Running <TaskInstance: Ciril_group.run-example manual__2024-11-18T16:26:50.691860+00:00 [running]> on host 061dbc9e53b1
[2024-11-18T16:26:51.612+0000] {taskinstance.py:3131} INFO - Exporting env vars: AIRFLOW_CTX_DAG_OWNER='Simo' AIRFLOW_CTX_DAG_ID='Ciril_group' AIRFLOW_CTX_TASK_ID='run-example' AIRFLOW_CTX_EXECUTION_DATE='2024-11-18T16:26:50.691860+00:00' AIRFLOW_CTX_TRY_NUMBER='1' AIRFLOW_CTX_DAG_RUN_ID='manual__2024-11-18T16:26:50.691860+00:00'
[2024-11-18T16:26:51.614+0000] {taskinstance.py:731} INFO - ::endgroup::
[2024-11-18T16:26:51.692+0000] {docker.py:367} INFO - Starting docker container from image ***_ciril:latest
[2024-11-18T16:26:59.278+0000] {docker.py:438} INFO - 
[2024-11-18T16:27:01.122+0000] {docker.py:438} INFO - Fichier total_births_by_country.json créé
[2024-11-18T16:27:01.922+0000] {taskinstance.py:340} INFO - ::group::Post task execution logs
[2024-11-18T16:27:01.923+0000] {taskinstance.py:352} INFO - Marking task as SUCCESS. dag_id=Ciril_group, task_id=run-example, run_id=manual__2024-11-18T16:26:50.691860+00:00, execution_date=20241118T162650, start_date=20241118T162651, end_date=20241118T162701
[2024-11-18T16:27:01.962+0000] {local_task_job_runner.py:266} INFO - Task exited with return code 0
[2024-11-18T16:27:01.983+0000] {taskinstance.py:3900} INFO - 1 downstream tasks scheduled from follow-on schedule check
[2024-11-18T16:27:01.985+0000] {local_task_job_runner.py:245} INFO - ::endgroup::
